[5.259s] Invoking command in '/home/cimi/Documents/Workspace/humble/latihan_ws/src/launch_file': PYTHONPATH=/home/cimi/Documents/Workspace/humble/latihan_ws/build/launch_file/prefix_override:/home/cimi/Documents/Workspace/humble/latihan_ws/install/launch_file/lib/python3.8/site-packages:${PYTHONPATH} /usr/bin/python3 setup.py egg_info --egg-base ../../build/launch_file build --build-base /home/cimi/Documents/Workspace/humble/latihan_ws/build/launch_file/build install --record /home/cimi/Documents/Workspace/humble/latihan_ws/build/launch_file/install.log --single-version-externally-managed
[6.067s] running egg_info
[6.068s] creating ../../build/launch_file/launch_file.egg-info
[6.111s] writing ../../build/launch_file/launch_file.egg-info/PKG-INFO
[6.112s] writing dependency_links to ../../build/launch_file/launch_file.egg-info/dependency_links.txt
[6.112s] writing requirements to ../../build/launch_file/launch_file.egg-info/requires.txt
[6.112s] writing top-level names to ../../build/launch_file/launch_file.egg-info/top_level.txt
[6.338s] writing manifest file '../../build/launch_file/launch_file.egg-info/SOURCES.txt'
[6.424s] reading manifest file '../../build/launch_file/launch_file.egg-info/SOURCES.txt'
[6.425s] writing manifest file '../../build/launch_file/launch_file.egg-info/SOURCES.txt'
[6.426s] running build
[6.426s] running build_py
[6.426s] creating /home/cimi/Documents/Workspace/humble/latihan_ws/build/launch_file/build
[6.426s] creating /home/cimi/Documents/Workspace/humble/latihan_ws/build/launch_file/build/lib
[6.426s] creating /home/cimi/Documents/Workspace/humble/latihan_ws/build/launch_file/build/lib/launch_file
[6.427s] copying launch_file/__init__.py -> /home/cimi/Documents/Workspace/humble/latihan_ws/build/launch_file/build/lib/launch_file
[6.427s] running install
[6.427s] /home/cimi/.local/lib/python3.8/site-packages/setuptools/_distutils/cmd.py:66: SetuptoolsDeprecationWarning: setup.py install is deprecated.
[6.427s] !!
[6.427s] 
[6.427s]         ********************************************************************************
[6.428s]         Please avoid running ``setup.py`` directly.
[6.428s]         Instead, use pypa/build, pypa/installer, pypa/build or
[6.428s]         other standards-based tools.
[6.428s] 
[6.428s]         See https://blog.ganssle.io/articles/2021/10/setup-py-deprecated.html for details.
[6.428s]         ********************************************************************************
[6.429s] 
[6.429s] !!
[6.429s]   self.initialize_options()
[6.439s] running install_lib
[6.483s] creating /home/cimi/Documents/Workspace/humble/latihan_ws/install/launch_file/lib/python3.8/site-packages/launch_file
[6.483s] copying /home/cimi/Documents/Workspace/humble/latihan_ws/build/launch_file/build/lib/launch_file/__init__.py -> /home/cimi/Documents/Workspace/humble/latihan_ws/install/launch_file/lib/python3.8/site-packages/launch_file
[6.486s] byte-compiling /home/cimi/Documents/Workspace/humble/latihan_ws/install/launch_file/lib/python3.8/site-packages/launch_file/__init__.py to __init__.cpython-38.pyc
[6.486s] running install_data
[6.533s] creating /home/cimi/Documents/Workspace/humble/latihan_ws/install/launch_file/share/ament_index
[6.534s] creating /home/cimi/Documents/Workspace/humble/latihan_ws/install/launch_file/share/ament_index/resource_index
[6.534s] creating /home/cimi/Documents/Workspace/humble/latihan_ws/install/launch_file/share/ament_index/resource_index/packages
[6.534s] copying resource/launch_file -> /home/cimi/Documents/Workspace/humble/latihan_ws/install/launch_file/share/ament_index/resource_index/packages
[6.534s] copying package.xml -> /home/cimi/Documents/Workspace/humble/latihan_ws/install/launch_file/share/launch_file
[6.534s] running install_egg_info
[6.580s] Copying ../../build/launch_file/launch_file.egg-info to /home/cimi/Documents/Workspace/humble/latihan_ws/install/launch_file/lib/python3.8/site-packages/launch_file-0.0.0-py3.8.egg-info
[6.581s] running install_scripts
[6.774s] writing list of installed files to '/home/cimi/Documents/Workspace/humble/latihan_ws/build/launch_file/install.log'
[6.882s] Invoked command in '/home/cimi/Documents/Workspace/humble/latihan_ws/src/launch_file' returned '0': PYTHONPATH=/home/cimi/Documents/Workspace/humble/latihan_ws/build/launch_file/prefix_override:/home/cimi/Documents/Workspace/humble/latihan_ws/install/launch_file/lib/python3.8/site-packages:${PYTHONPATH} /usr/bin/python3 setup.py egg_info --egg-base ../../build/launch_file build --build-base /home/cimi/Documents/Workspace/humble/latihan_ws/build/launch_file/build install --record /home/cimi/Documents/Workspace/humble/latihan_ws/build/launch_file/install.log --single-version-externally-managed
