[5.378s] Invoking command in '/home/cimi/Documents/Workspace/humble/latihan_ws/src/py_srvcli': PYTHONPATH=/home/cimi/Documents/Workspace/humble/latihan_ws/build/py_srvcli/prefix_override:/home/cimi/Documents/Workspace/humble/latihan_ws/install/py_srvcli/lib/python3.8/site-packages:${PYTHONPATH} /usr/bin/python3 setup.py egg_info --egg-base ../../build/py_srvcli build --build-base /home/cimi/Documents/Workspace/humble/latihan_ws/build/py_srvcli/build install --record /home/cimi/Documents/Workspace/humble/latihan_ws/build/py_srvcli/install.log --single-version-externally-managed
[6.206s] running egg_info
[6.249s] writing ../../build/py_srvcli/py_srvcli.egg-info/PKG-INFO
[6.250s] writing dependency_links to ../../build/py_srvcli/py_srvcli.egg-info/dependency_links.txt
[6.250s] writing entry points to ../../build/py_srvcli/py_srvcli.egg-info/entry_points.txt
[6.250s] writing requirements to ../../build/py_srvcli/py_srvcli.egg-info/requires.txt
[6.251s] writing top-level names to ../../build/py_srvcli/py_srvcli.egg-info/top_level.txt
[6.588s] reading manifest file '../../build/py_srvcli/py_srvcli.egg-info/SOURCES.txt'
[6.590s] writing manifest file '../../build/py_srvcli/py_srvcli.egg-info/SOURCES.txt'
[6.590s] running build
[6.590s] running build_py
[6.590s] running install
[6.591s] /home/cimi/.local/lib/python3.8/site-packages/setuptools/_distutils/cmd.py:66: SetuptoolsDeprecationWarning: setup.py install is deprecated.
[6.591s] !!
[6.591s] 
[6.591s]         ********************************************************************************
[6.591s]         Please avoid running ``setup.py`` directly.
[6.591s]         Instead, use pypa/build, pypa/installer, pypa/build or
[6.592s]         other standards-based tools.
[6.592s] 
[6.592s]         See https://blog.ganssle.io/articles/2021/10/setup-py-deprecated.html for details.
[6.592s]         ********************************************************************************
[6.592s] 
[6.592s] !!
[6.592s]   self.initialize_options()
[6.606s] running install_lib
[6.669s] running install_data
[6.772s] running install_egg_info
[6.812s] removing '/home/cimi/Documents/Workspace/humble/latihan_ws/install/py_srvcli/lib/python3.8/site-packages/py_srvcli-0.0.0-py3.8.egg-info' (and everything under it)
[6.812s] Copying ../../build/py_srvcli/py_srvcli.egg-info to /home/cimi/Documents/Workspace/humble/latihan_ws/install/py_srvcli/lib/python3.8/site-packages/py_srvcli-0.0.0-py3.8.egg-info
[6.813s] running install_scripts
[7.004s] Installing client script to /home/cimi/Documents/Workspace/humble/latihan_ws/install/py_srvcli/lib/py_srvcli
[7.004s] Installing service script to /home/cimi/Documents/Workspace/humble/latihan_ws/install/py_srvcli/lib/py_srvcli
[7.005s] writing list of installed files to '/home/cimi/Documents/Workspace/humble/latihan_ws/build/py_srvcli/install.log'
[7.058s] Invoked command in '/home/cimi/Documents/Workspace/humble/latihan_ws/src/py_srvcli' returned '0': PYTHONPATH=/home/cimi/Documents/Workspace/humble/latihan_ws/build/py_srvcli/prefix_override:/home/cimi/Documents/Workspace/humble/latihan_ws/install/py_srvcli/lib/python3.8/site-packages:${PYTHONPATH} /usr/bin/python3 setup.py egg_info --egg-base ../../build/py_srvcli build --build-base /home/cimi/Documents/Workspace/humble/latihan_ws/build/py_srvcli/build install --record /home/cimi/Documents/Workspace/humble/latihan_ws/build/py_srvcli/install.log --single-version-externally-managed
