running egg_info
writing ../../build/pubsub_python/pubsub_python.egg-info/PKG-INFO
writing dependency_links to ../../build/pubsub_python/pubsub_python.egg-info/dependency_links.txt
writing entry points to ../../build/pubsub_python/pubsub_python.egg-info/entry_points.txt
writing requirements to ../../build/pubsub_python/pubsub_python.egg-info/requires.txt
writing top-level names to ../../build/pubsub_python/pubsub_python.egg-info/top_level.txt
reading manifest file '../../build/pubsub_python/pubsub_python.egg-info/SOURCES.txt'
writing manifest file '../../build/pubsub_python/pubsub_python.egg-info/SOURCES.txt'
running build
running build_py
running install
running install_lib
running install_data
running install_egg_info
removing '/home/cimi/Documents/Workspace/humble/latihan_ws/install/pubsub_python/lib/python3.8/site-packages/pubsub_python-0.0.0-py3.8.egg-info' (and everything under it)
Copying ../../build/pubsub_python/pubsub_python.egg-info to /home/cimi/Documents/Workspace/humble/latihan_ws/install/pubsub_python/lib/python3.8/site-packages/pubsub_python-0.0.0-py3.8.egg-info
running install_scripts
Installing listener script to /home/cimi/Documents/Workspace/humble/latihan_ws/install/pubsub_python/lib/pubsub_python
Installing talker script to /home/cimi/Documents/Workspace/humble/latihan_ws/install/pubsub_python/lib/pubsub_python
writing list of installed files to '/home/cimi/Documents/Workspace/humble/latihan_ws/build/pubsub_python/install.log'
