[5.383s] Invoking command in '/home/cimi/Documents/Workspace/humble/latihan_ws/src/pubsub_python': PYTHONPATH=/home/cimi/Documents/Workspace/humble/latihan_ws/build/pubsub_python/prefix_override:/home/cimi/Documents/Workspace/humble/latihan_ws/install/pubsub_python/lib/python3.8/site-packages:${PYTHONPATH} /usr/bin/python3 setup.py egg_info --egg-base ../../build/pubsub_python build --build-base /home/cimi/Documents/Workspace/humble/latihan_ws/build/pubsub_python/build install --record /home/cimi/Documents/Workspace/humble/latihan_ws/build/pubsub_python/install.log --single-version-externally-managed
[6.167s] running egg_info
[6.213s] writing ../../build/pubsub_python/pubsub_python.egg-info/PKG-INFO
[6.214s] writing dependency_links to ../../build/pubsub_python/pubsub_python.egg-info/dependency_links.txt
[6.214s] writing entry points to ../../build/pubsub_python/pubsub_python.egg-info/entry_points.txt
[6.214s] writing requirements to ../../build/pubsub_python/pubsub_python.egg-info/requires.txt
[6.215s] writing top-level names to ../../build/pubsub_python/pubsub_python.egg-info/top_level.txt
[6.523s] reading manifest file '../../build/pubsub_python/pubsub_python.egg-info/SOURCES.txt'
[6.524s] writing manifest file '../../build/pubsub_python/pubsub_python.egg-info/SOURCES.txt'
[6.525s] running build
[6.525s] running build_py
[6.525s] running install
[6.526s] /home/cimi/.local/lib/python3.8/site-packages/setuptools/_distutils/cmd.py:66: SetuptoolsDeprecationWarning: setup.py install is deprecated.
[6.526s] !!
[6.526s] 
[6.526s]         ********************************************************************************
[6.526s]         Please avoid running ``setup.py`` directly.
[6.527s]         Instead, use pypa/build, pypa/installer, pypa/build or
[6.527s]         other standards-based tools.
[6.527s] 
[6.527s]         See https://blog.ganssle.io/articles/2021/10/setup-py-deprecated.html for details.
[6.527s]         ********************************************************************************
[6.528s] 
[6.528s] !!
[6.528s]   self.initialize_options()
[6.538s] running install_lib
[6.585s] running install_data
[6.642s] running install_egg_info
[6.691s] removing '/home/cimi/Documents/Workspace/humble/latihan_ws/install/pubsub_python/lib/python3.8/site-packages/pubsub_python-0.0.0-py3.8.egg-info' (and everything under it)
[6.692s] Copying ../../build/pubsub_python/pubsub_python.egg-info to /home/cimi/Documents/Workspace/humble/latihan_ws/install/pubsub_python/lib/python3.8/site-packages/pubsub_python-0.0.0-py3.8.egg-info
[6.693s] running install_scripts
[6.947s] Installing listener script to /home/cimi/Documents/Workspace/humble/latihan_ws/install/pubsub_python/lib/pubsub_python
[6.947s] Installing talker script to /home/cimi/Documents/Workspace/humble/latihan_ws/install/pubsub_python/lib/pubsub_python
[6.948s] writing list of installed files to '/home/cimi/Documents/Workspace/humble/latihan_ws/build/pubsub_python/install.log'
[7.021s] Invoked command in '/home/cimi/Documents/Workspace/humble/latihan_ws/src/pubsub_python' returned '0': PYTHONPATH=/home/cimi/Documents/Workspace/humble/latihan_ws/build/pubsub_python/prefix_override:/home/cimi/Documents/Workspace/humble/latihan_ws/install/pubsub_python/lib/python3.8/site-packages:${PYTHONPATH} /usr/bin/python3 setup.py egg_info --egg-base ../../build/pubsub_python build --build-base /home/cimi/Documents/Workspace/humble/latihan_ws/build/pubsub_python/build install --record /home/cimi/Documents/Workspace/humble/latihan_ws/build/pubsub_python/install.log --single-version-externally-managed
