[0.477s] [34mcolcon[0m [1;30mDEBUG[0m [32mCommand line arguments: ['/usr/bin/colcon', 'build'][0m
[0.477s] [34mcolcon[0m [1;30mDEBUG[0m [32mParsed command line arguments: Namespace(allow_overriding=[], ament_cmake_args=None, base_paths=['.'], build_base='build', catkin_cmake_args=None, catkin_skip_building_tests=False, cmake_args=None, cmake_clean_cache=False, cmake_clean_first=False, cmake_force_configure=False, cmake_target=None, cmake_target_skip_unavailable=False, continue_on_error=False, event_handlers=None, executor='parallel', ignore_user_meta=False, install_base='install', log_base=None, log_level=None, main=<bound method BuildVerb.main of <colcon_core.verb.build.BuildVerb object at 0x7f386d0cac70>>, merge_install=False, metas=['./colcon.meta'], packages_above=None, packages_above_and_dependencies=None, packages_above_depth=None, packages_end=None, packages_ignore=None, packages_ignore_regex=None, packages_select=None, packages_select_build_failed=False, packages_select_by_dep=None, packages_select_regex=None, packages_select_test_failures=False, packages_skip=None, packages_skip_build_finished=False, packages_skip_by_dep=None, packages_skip_regex=None, packages_skip_test_passed=False, packages_skip_up_to=None, packages_start=None, packages_up_to=None, packages_up_to_regex=None, parallel_workers=8, paths=None, symlink_install=False, test_result_base=None, verb_extension=<colcon_core.verb.build.BuildVerb object at 0x7f386d0cac70>, verb_name='build', verb_parser=<colcon_defaults.argument_parser.defaults.DefaultArgumentsDecorator object at 0x7f386cfef3a0>)[0m
[0.558s] [34mcolcon.colcon_core.package_discovery[0m [1;30mLevel 1[0m discover_packages(colcon_meta) check parameters
[0.558s] [34mcolcon.colcon_core.package_discovery[0m [1;30mLevel 1[0m discover_packages(recursive) check parameters
[0.558s] [34mcolcon.colcon_core.package_discovery[0m [1;30mLevel 1[0m discover_packages(ignore) check parameters
[0.558s] [34mcolcon.colcon_core.package_discovery[0m [1;30mLevel 1[0m discover_packages(path) check parameters
[0.558s] [34mcolcon.colcon_core.package_discovery[0m [1;30mLevel 1[0m discover_packages(colcon_meta) discover
[0.558s] [34mcolcon.colcon_core.package_discovery[0m [1;30mLevel 1[0m discover_packages(recursive) discover
[0.558s] [34mcolcon.colcon_core.package_discovery[0m [1;30mINFO[0m Crawling recursively for packages in '/home/cimi/Documents/Workspace/humble/latihan_ws'
[0.558s] [34mcolcon.colcon_core.package_identification[0m [1;30mLevel 1[0m _identify(.) by extensions ['ignore', 'ignore_ament_install']
[0.558s] [34mcolcon.colcon_core.package_identification[0m [1;30mLevel 1[0m _identify(.) by extension 'ignore'
[0.558s] [34mcolcon.colcon_core.package_identification[0m [1;30mLevel 1[0m _identify(.) by extension 'ignore_ament_install'
[0.559s] [34mcolcon.colcon_core.package_identification[0m [1;30mLevel 1[0m _identify(.) by extensions ['colcon_pkg']
[0.559s] [34mcolcon.colcon_core.package_identification[0m [1;30mLevel 1[0m _identify(.) by extension 'colcon_pkg'
[0.559s] [34mcolcon.colcon_core.package_identification[0m [1;30mLevel 1[0m _identify(.) by extensions ['colcon_meta']
[0.559s] [34mcolcon.colcon_core.package_identification[0m [1;30mLevel 1[0m _identify(.) by extension 'colcon_meta'
[0.559s] [34mcolcon.colcon_core.package_identification[0m [1;30mLevel 1[0m _identify(.) by extensions ['ros']
[0.559s] [34mcolcon.colcon_core.package_identification[0m [1;30mLevel 1[0m _identify(.) by extension 'ros'
[0.574s] [34mcolcon.colcon_core.package_identification[0m [1;30mLevel 1[0m _identify(.) by extensions ['cmake', 'python']
[0.574s] [34mcolcon.colcon_core.package_identification[0m [1;30mLevel 1[0m _identify(.) by extension 'cmake'
[0.574s] [34mcolcon.colcon_core.package_identification[0m [1;30mLevel 1[0m _identify(.) by extension 'python'
[0.574s] [34mcolcon.colcon_core.package_identification[0m [1;30mLevel 1[0m _identify(.) by extensions ['python_setup_py']
[0.574s] [34mcolcon.colcon_core.package_identification[0m [1;30mLevel 1[0m _identify(.) by extension 'python_setup_py'
[0.574s] [34mcolcon.colcon_core.package_identification[0m [1;30mLevel 1[0m _identify(build) by extensions ['ignore', 'ignore_ament_install']
[0.574s] [34mcolcon.colcon_core.package_identification[0m [1;30mLevel 1[0m _identify(build) by extension 'ignore'
[0.574s] [34mcolcon.colcon_core.package_identification[0m [1;30mLevel 1[0m _identify(build) ignored
[0.574s] [34mcolcon.colcon_core.package_identification[0m [1;30mLevel 1[0m _identify(install) by extensions ['ignore', 'ignore_ament_install']
[0.575s] [34mcolcon.colcon_core.package_identification[0m [1;30mLevel 1[0m _identify(install) by extension 'ignore'
[0.575s] [34mcolcon.colcon_core.package_identification[0m [1;30mLevel 1[0m _identify(install) ignored
[0.575s] [34mcolcon.colcon_core.package_identification[0m [1;30mLevel 1[0m _identify(log) by extensions ['ignore', 'ignore_ament_install']
[0.575s] [34mcolcon.colcon_core.package_identification[0m [1;30mLevel 1[0m _identify(log) by extension 'ignore'
[0.575s] [34mcolcon.colcon_core.package_identification[0m [1;30mLevel 1[0m _identify(log) ignored
[0.575s] [34mcolcon.colcon_core.package_identification[0m [1;30mLevel 1[0m _identify(src) by extensions ['ignore', 'ignore_ament_install']
[0.575s] [34mcolcon.colcon_core.package_identification[0m [1;30mLevel 1[0m _identify(src) by extension 'ignore'
[0.575s] [34mcolcon.colcon_core.package_identification[0m [1;30mLevel 1[0m _identify(src) by extension 'ignore_ament_install'
[0.575s] [34mcolcon.colcon_core.package_identification[0m [1;30mLevel 1[0m _identify(src) by extensions ['colcon_pkg']
[0.575s] [34mcolcon.colcon_core.package_identification[0m [1;30mLevel 1[0m _identify(src) by extension 'colcon_pkg'
[0.575s] [34mcolcon.colcon_core.package_identification[0m [1;30mLevel 1[0m _identify(src) by extensions ['colcon_meta']
[0.575s] [34mcolcon.colcon_core.package_identification[0m [1;30mLevel 1[0m _identify(src) by extension 'colcon_meta'
[0.575s] [34mcolcon.colcon_core.package_identification[0m [1;30mLevel 1[0m _identify(src) by extensions ['ros']
[0.575s] [34mcolcon.colcon_core.package_identification[0m [1;30mLevel 1[0m _identify(src) by extension 'ros'
[0.575s] [34mcolcon.colcon_core.package_identification[0m [1;30mLevel 1[0m _identify(src) by extensions ['cmake', 'python']
[0.575s] [34mcolcon.colcon_core.package_identification[0m [1;30mLevel 1[0m _identify(src) by extension 'cmake'
[0.575s] [34mcolcon.colcon_core.package_identification[0m [1;30mLevel 1[0m _identify(src) by extension 'python'
[0.575s] [34mcolcon.colcon_core.package_identification[0m [1;30mLevel 1[0m _identify(src) by extensions ['python_setup_py']
[0.575s] [34mcolcon.colcon_core.package_identification[0m [1;30mLevel 1[0m _identify(src) by extension 'python_setup_py'
[0.575s] [34mcolcon.colcon_core.package_identification[0m [1;30mLevel 1[0m _identify(src/pubsub_cpp) by extensions ['ignore', 'ignore_ament_install']
[0.576s] [34mcolcon.colcon_core.package_identification[0m [1;30mLevel 1[0m _identify(src/pubsub_cpp) by extension 'ignore'
[0.576s] [34mcolcon.colcon_core.package_identification[0m [1;30mLevel 1[0m _identify(src/pubsub_cpp) by extension 'ignore_ament_install'
[0.576s] [34mcolcon.colcon_core.package_identification[0m [1;30mLevel 1[0m _identify(src/pubsub_cpp) by extensions ['colcon_pkg']
[0.576s] [34mcolcon.colcon_core.package_identification[0m [1;30mLevel 1[0m _identify(src/pubsub_cpp) by extension 'colcon_pkg'
[0.576s] [34mcolcon.colcon_core.package_identification[0m [1;30mLevel 1[0m _identify(src/pubsub_cpp) by extensions ['colcon_meta']
[0.576s] [34mcolcon.colcon_core.package_identification[0m [1;30mLevel 1[0m _identify(src/pubsub_cpp) by extension 'colcon_meta'
[0.576s] [34mcolcon.colcon_core.package_identification[0m [1;30mLevel 1[0m _identify(src/pubsub_cpp) by extensions ['ros']
[0.576s] [34mcolcon.colcon_core.package_identification[0m [1;30mLevel 1[0m _identify(src/pubsub_cpp) by extension 'ros'
[0.578s] [34mcolcon.colcon_core.package_identification[0m [1;30mDEBUG[0m [32mPackage 'src/pubsub_cpp' with type 'ros.ament_cmake' and name 'pubsub_cpp'[0m
[0.578s] [34mcolcon.colcon_core.package_identification[0m [1;30mLevel 1[0m _identify(src/pubsub_python) by extensions ['ignore', 'ignore_ament_install']
[0.578s] [34mcolcon.colcon_core.package_identification[0m [1;30mLevel 1[0m _identify(src/pubsub_python) by extension 'ignore'
[0.579s] [34mcolcon.colcon_core.package_identification[0m [1;30mLevel 1[0m _identify(src/pubsub_python) by extension 'ignore_ament_install'
[0.579s] [34mcolcon.colcon_core.package_identification[0m [1;30mLevel 1[0m _identify(src/pubsub_python) by extensions ['colcon_pkg']
[0.579s] [34mcolcon.colcon_core.package_identification[0m [1;30mLevel 1[0m _identify(src/pubsub_python) by extension 'colcon_pkg'
[0.579s] [34mcolcon.colcon_core.package_identification[0m [1;30mLevel 1[0m _identify(src/pubsub_python) by extensions ['colcon_meta']
[0.579s] [34mcolcon.colcon_core.package_identification[0m [1;30mLevel 1[0m _identify(src/pubsub_python) by extension 'colcon_meta'
[0.579s] [34mcolcon.colcon_core.package_identification[0m [1;30mLevel 1[0m _identify(src/pubsub_python) by extensions ['ros']
[0.580s] [34mcolcon.colcon_core.package_identification[0m [1;30mLevel 1[0m _identify(src/pubsub_python) by extension 'ros'
[0.582s] [34mcolcon.colcon_core.package_identification[0m [1;30mDEBUG[0m [32mPackage 'src/pubsub_python' with type 'ros.ament_python' and name 'pubsub_python'[0m
[0.582s] [34mcolcon.colcon_core.package_identification[0m [1;30mLevel 1[0m _identify(src/sercli_cpp) by extensions ['ignore', 'ignore_ament_install']
[0.582s] [34mcolcon.colcon_core.package_identification[0m [1;30mLevel 1[0m _identify(src/sercli_cpp) by extension 'ignore'
[0.582s] [34mcolcon.colcon_core.package_identification[0m [1;30mLevel 1[0m _identify(src/sercli_cpp) by extension 'ignore_ament_install'
[0.583s] [34mcolcon.colcon_core.package_identification[0m [1;30mLevel 1[0m _identify(src/sercli_cpp) by extensions ['colcon_pkg']
[0.583s] [34mcolcon.colcon_core.package_identification[0m [1;30mLevel 1[0m _identify(src/sercli_cpp) by extension 'colcon_pkg'
[0.583s] [34mcolcon.colcon_core.package_identification[0m [1;30mLevel 1[0m _identify(src/sercli_cpp) by extensions ['colcon_meta']
[0.583s] [34mcolcon.colcon_core.package_identification[0m [1;30mLevel 1[0m _identify(src/sercli_cpp) by extension 'colcon_meta'
[0.583s] [34mcolcon.colcon_core.package_identification[0m [1;30mLevel 1[0m _identify(src/sercli_cpp) by extensions ['ros']
[0.583s] [34mcolcon.colcon_core.package_identification[0m [1;30mLevel 1[0m _identify(src/sercli_cpp) by extension 'ros'
[0.585s] [34mcolcon.colcon_core.package_identification[0m [1;30mDEBUG[0m [32mPackage 'src/sercli_cpp' with type 'ros.ament_cmake' and name 'sercli_cpp'[0m
[0.585s] [34mcolcon.colcon_core.package_identification[0m [1;30mLevel 1[0m _identify(src/sercli_python) by extensions ['ignore', 'ignore_ament_install']
[0.585s] [34mcolcon.colcon_core.package_identification[0m [1;30mLevel 1[0m _identify(src/sercli_python) by extension 'ignore'
[0.585s] [34mcolcon.colcon_core.package_identification[0m [1;30mLevel 1[0m _identify(src/sercli_python) by extension 'ignore_ament_install'
[0.586s] [34mcolcon.colcon_core.package_identification[0m [1;30mLevel 1[0m _identify(src/sercli_python) by extensions ['colcon_pkg']
[0.586s] [34mcolcon.colcon_core.package_identification[0m [1;30mLevel 1[0m _identify(src/sercli_python) by extension 'colcon_pkg'
[0.586s] [34mcolcon.colcon_core.package_identification[0m [1;30mLevel 1[0m _identify(src/sercli_python) by extensions ['colcon_meta']
[0.586s] [34mcolcon.colcon_core.package_identification[0m [1;30mLevel 1[0m _identify(src/sercli_python) by extension 'colcon_meta'
[0.586s] [34mcolcon.colcon_core.package_identification[0m [1;30mLevel 1[0m _identify(src/sercli_python) by extensions ['ros']
[0.586s] [34mcolcon.colcon_core.package_identification[0m [1;30mLevel 1[0m _identify(src/sercli_python) by extension 'ros'
[0.587s] [34mcolcon.colcon_core.package_identification[0m [1;30mDEBUG[0m [32mFailed to parse potential ROS package manifest in'src/sercli_python': Error(s) in package 'src/sercli_python/package.xml':
The manifest contains invalid XML:
mismatched tag: line 11, column 23[0m
[0.587s] [34mcolcon.colcon_core.package_identification[0m [1;30mLevel 1[0m _identify(src/sercli_python) by extensions ['cmake', 'python']
[0.587s] [34mcolcon.colcon_core.package_identification[0m [1;30mLevel 1[0m _identify(src/sercli_python) by extension 'cmake'
[0.587s] [34mcolcon.colcon_core.package_identification[0m [1;30mLevel 1[0m _identify(src/sercli_python) by extension 'python'
[0.587s] [34mcolcon.colcon_core.package_identification[0m [1;30mDEBUG[0m [32mPython package in 'src/sercli_python' passes arguments to the setup() function which requires a different identification extension than 'python'[0m
[0.587s] [34mcolcon.colcon_core.package_identification[0m [1;30mLevel 1[0m _identify(src/sercli_python) by extensions ['python_setup_py']
[0.587s] [34mcolcon.colcon_core.package_identification[0m [1;30mLevel 1[0m _identify(src/sercli_python) by extension 'python_setup_py'
[1.057s] [34mcolcon.colcon_core.package_identification[0m [1;30mDEBUG[0m [32mPackage 'src/sercli_python' with type 'python' and name 'sercli_python'[0m
[1.059s] [34mcolcon.colcon_core.package_identification[0m [1;30mLevel 1[0m _identify(src/servicecli_python) by extensions ['ignore', 'ignore_ament_install']
[1.059s] [34mcolcon.colcon_core.package_identification[0m [1;30mLevel 1[0m _identify(src/servicecli_python) by extension 'ignore'
[1.059s] [34mcolcon.colcon_core.package_identification[0m [1;30mLevel 1[0m _identify(src/servicecli_python) by extension 'ignore_ament_install'
[1.060s] [34mcolcon.colcon_core.package_identification[0m [1;30mLevel 1[0m _identify(src/servicecli_python) by extensions ['colcon_pkg']
[1.060s] [34mcolcon.colcon_core.package_identification[0m [1;30mLevel 1[0m _identify(src/servicecli_python) by extension 'colcon_pkg'
[1.060s] [34mcolcon.colcon_core.package_identification[0m [1;30mLevel 1[0m _identify(src/servicecli_python) by extensions ['colcon_meta']
[1.060s] [34mcolcon.colcon_core.package_identification[0m [1;30mLevel 1[0m _identify(src/servicecli_python) by extension 'colcon_meta'
[1.060s] [34mcolcon.colcon_core.package_identification[0m [1;30mLevel 1[0m _identify(src/servicecli_python) by extensions ['ros']
[1.060s] [34mcolcon.colcon_core.package_identification[0m [1;30mLevel 1[0m _identify(src/servicecli_python) by extension 'ros'
[1.062s] [34mcolcon.colcon_core.package_identification[0m [1;30mDEBUG[0m [32mFailed to parse potential ROS package manifest in'src/servicecli_python': Error(s) in package 'src/servicecli_python/package.xml':
The manifest contains invalid XML:
mismatched tag: line 11, column 23[0m
[1.062s] [34mcolcon.colcon_core.package_identification[0m [1;30mLevel 1[0m _identify(src/servicecli_python) by extensions ['cmake', 'python']
[1.062s] [34mcolcon.colcon_core.package_identification[0m [1;30mLevel 1[0m _identify(src/servicecli_python) by extension 'cmake'
[1.062s] [34mcolcon.colcon_core.package_identification[0m [1;30mLevel 1[0m _identify(src/servicecli_python) by extension 'python'
[1.063s] [34mcolcon.colcon_core.package_identification[0m [1;30mDEBUG[0m [32mPython package in 'src/servicecli_python' passes arguments to the setup() function which requires a different identification extension than 'python'[0m
[1.063s] [34mcolcon.colcon_core.package_identification[0m [1;30mLevel 1[0m _identify(src/servicecli_python) by extensions ['python_setup_py']
[1.063s] [34mcolcon.colcon_core.package_identification[0m [1;30mLevel 1[0m _identify(src/servicecli_python) by extension 'python_setup_py'
[1.537s] [34mcolcon.colcon_core.package_identification[0m [1;30mDEBUG[0m [32mPackage 'src/servicecli_python' with type 'python' and name 'servicecli_python'[0m
[1.538s] [34mcolcon.colcon_core.package_discovery[0m [1;30mLevel 1[0m discover_packages(recursive) using defaults
[1.538s] [34mcolcon.colcon_core.package_discovery[0m [1;30mLevel 1[0m discover_packages(ignore) discover
[1.538s] [34mcolcon.colcon_core.package_discovery[0m [1;30mLevel 1[0m discover_packages(ignore) using defaults
[1.538s] [34mcolcon.colcon_core.package_discovery[0m [1;30mLevel 1[0m discover_packages(path) discover
[1.538s] [34mcolcon.colcon_core.package_discovery[0m [1;30mLevel 1[0m discover_packages(path) using defaults
[1.586s] [34mcolcon.colcon_core.package_discovery[0m [1;30mLevel 1[0m discover_packages(prefix_path) check parameters
[1.586s] [34mcolcon.colcon_core.package_discovery[0m [1;30mLevel 1[0m discover_packages(prefix_path) discover
[1.601s] [34mcolcon.colcon_installed_package_information.package_discovery[0m [1;30mDEBUG[0m [32mFound 4 installed packages in /home/cimi/Documents/Workspace/humble/latihan_ws/install[0m
[1.610s] [34mcolcon.colcon_installed_package_information.package_discovery[0m [1;30mDEBUG[0m [32mFound 344 installed packages in /home/cimi/ros2_humble/install[0m
[1.612s] [34mcolcon.colcon_core.package_discovery[0m [1;30mLevel 1[0m discover_packages(prefix_path) using defaults
[1.924s] [34mcolcon.colcon_core.verb[0m [1;30mLevel 5[0m set package 'pubsub_cpp' build argument 'cmake_args' from command line to 'None'
[1.924s] [34mcolcon.colcon_core.verb[0m [1;30mLevel 5[0m set package 'pubsub_cpp' build argument 'cmake_target' from command line to 'None'
[1.924s] [34mcolcon.colcon_core.verb[0m [1;30mLevel 5[0m set package 'pubsub_cpp' build argument 'cmake_target_skip_unavailable' from command line to 'False'
[1.925s] [34mcolcon.colcon_core.verb[0m [1;30mLevel 5[0m set package 'pubsub_cpp' build argument 'cmake_clean_cache' from command line to 'False'
[1.925s] [34mcolcon.colcon_core.verb[0m [1;30mLevel 5[0m set package 'pubsub_cpp' build argument 'cmake_clean_first' from command line to 'False'
[1.925s] [34mcolcon.colcon_core.verb[0m [1;30mLevel 5[0m set package 'pubsub_cpp' build argument 'cmake_force_configure' from command line to 'False'
[1.925s] [34mcolcon.colcon_core.verb[0m [1;30mLevel 5[0m set package 'pubsub_cpp' build argument 'ament_cmake_args' from command line to 'None'
[1.925s] [34mcolcon.colcon_core.verb[0m [1;30mLevel 5[0m set package 'pubsub_cpp' build argument 'catkin_cmake_args' from command line to 'None'
[1.925s] [34mcolcon.colcon_core.verb[0m [1;30mLevel 5[0m set package 'pubsub_cpp' build argument 'catkin_skip_building_tests' from command line to 'False'
[1.926s] [34mcolcon.colcon_core.verb[0m [1;30mDEBUG[0m [32mBuilding package 'pubsub_cpp' with the following arguments: {'ament_cmake_args': None, 'build_base': '/home/cimi/Documents/Workspace/humble/latihan_ws/build/pubsub_cpp', 'catkin_cmake_args': None, 'catkin_skip_building_tests': False, 'cmake_args': None, 'cmake_clean_cache': False, 'cmake_clean_first': False, 'cmake_force_configure': False, 'cmake_target': None, 'cmake_target_skip_unavailable': False, 'install_base': '/home/cimi/Documents/Workspace/humble/latihan_ws/install/pubsub_cpp', 'merge_install': False, 'path': '/home/cimi/Documents/Workspace/humble/latihan_ws/src/pubsub_cpp', 'symlink_install': False, 'test_result_base': None}[0m
[1.933s] [34mcolcon.colcon_core.verb[0m [1;30mLevel 5[0m set package 'pubsub_python' build argument 'cmake_args' from command line to 'None'
[1.933s] [34mcolcon.colcon_core.verb[0m [1;30mLevel 5[0m set package 'pubsub_python' build argument 'cmake_target' from command line to 'None'
[1.933s] [34mcolcon.colcon_core.verb[0m [1;30mLevel 5[0m set package 'pubsub_python' build argument 'cmake_target_skip_unavailable' from command line to 'False'
[1.934s] [34mcolcon.colcon_core.verb[0m [1;30mLevel 5[0m set package 'pubsub_python' build argument 'cmake_clean_cache' from command line to 'False'
[1.934s] [34mcolcon.colcon_core.verb[0m [1;30mLevel 5[0m set package 'pubsub_python' build argument 'cmake_clean_first' from command line to 'False'
[1.934s] [34mcolcon.colcon_core.verb[0m [1;30mLevel 5[0m set package 'pubsub_python' build argument 'cmake_force_configure' from command line to 'False'
[1.934s] [34mcolcon.colcon_core.verb[0m [1;30mLevel 5[0m set package 'pubsub_python' build argument 'ament_cmake_args' from command line to 'None'
[1.934s] [34mcolcon.colcon_core.verb[0m [1;30mLevel 5[0m set package 'pubsub_python' build argument 'catkin_cmake_args' from command line to 'None'
[1.934s] [34mcolcon.colcon_core.verb[0m [1;30mLevel 5[0m set package 'pubsub_python' build argument 'catkin_skip_building_tests' from command line to 'False'
[1.934s] [34mcolcon.colcon_core.verb[0m [1;30mDEBUG[0m [32mBuilding package 'pubsub_python' with the following arguments: {'ament_cmake_args': None, 'build_base': '/home/cimi/Documents/Workspace/humble/latihan_ws/build/pubsub_python', 'catkin_cmake_args': None, 'catkin_skip_building_tests': False, 'cmake_args': None, 'cmake_clean_cache': False, 'cmake_clean_first': False, 'cmake_force_configure': False, 'cmake_target': None, 'cmake_target_skip_unavailable': False, 'install_base': '/home/cimi/Documents/Workspace/humble/latihan_ws/install/pubsub_python', 'merge_install': False, 'path': '/home/cimi/Documents/Workspace/humble/latihan_ws/src/pubsub_python', 'symlink_install': False, 'test_result_base': None}[0m
[1.940s] [34mcolcon.colcon_core.verb[0m [1;30mLevel 5[0m set package 'sercli_cpp' build argument 'cmake_args' from command line to 'None'
[1.940s] [34mcolcon.colcon_core.verb[0m [1;30mLevel 5[0m set package 'sercli_cpp' build argument 'cmake_target' from command line to 'None'
[1.940s] [34mcolcon.colcon_core.verb[0m [1;30mLevel 5[0m set package 'sercli_cpp' build argument 'cmake_target_skip_unavailable' from command line to 'False'
[1.940s] [34mcolcon.colcon_core.verb[0m [1;30mLevel 5[0m set package 'sercli_cpp' build argument 'cmake_clean_cache' from command line to 'False'
[1.940s] [34mcolcon.colcon_core.verb[0m [1;30mLevel 5[0m set package 'sercli_cpp' build argument 'cmake_clean_first' from command line to 'False'
[1.941s] [34mcolcon.colcon_core.verb[0m [1;30mLevel 5[0m set package 'sercli_cpp' build argument 'cmake_force_configure' from command line to 'False'
[1.941s] [34mcolcon.colcon_core.verb[0m [1;30mLevel 5[0m set package 'sercli_cpp' build argument 'ament_cmake_args' from command line to 'None'
[1.941s] [34mcolcon.colcon_core.verb[0m [1;30mLevel 5[0m set package 'sercli_cpp' build argument 'catkin_cmake_args' from command line to 'None'
[1.941s] [34mcolcon.colcon_core.verb[0m [1;30mLevel 5[0m set package 'sercli_cpp' build argument 'catkin_skip_building_tests' from command line to 'False'
[1.941s] [34mcolcon.colcon_core.verb[0m [1;30mDEBUG[0m [32mBuilding package 'sercli_cpp' with the following arguments: {'ament_cmake_args': None, 'build_base': '/home/cimi/Documents/Workspace/humble/latihan_ws/build/sercli_cpp', 'catkin_cmake_args': None, 'catkin_skip_building_tests': False, 'cmake_args': None, 'cmake_clean_cache': False, 'cmake_clean_first': False, 'cmake_force_configure': False, 'cmake_target': None, 'cmake_target_skip_unavailable': False, 'install_base': '/home/cimi/Documents/Workspace/humble/latihan_ws/install/sercli_cpp', 'merge_install': False, 'path': '/home/cimi/Documents/Workspace/humble/latihan_ws/src/sercli_cpp', 'symlink_install': False, 'test_result_base': None}[0m
[1.945s] [34mcolcon.colcon_core.verb[0m [1;30mLevel 5[0m set package 'sercli_python' build argument 'cmake_args' from command line to 'None'
[1.945s] [34mcolcon.colcon_core.verb[0m [1;30mLevel 5[0m set package 'sercli_python' build argument 'cmake_target' from command line to 'None'
[1.945s] [34mcolcon.colcon_core.verb[0m [1;30mLevel 5[0m set package 'sercli_python' build argument 'cmake_target_skip_unavailable' from command line to 'False'
[1.945s] [34mcolcon.colcon_core.verb[0m [1;30mLevel 5[0m set package 'sercli_python' build argument 'cmake_clean_cache' from command line to 'False'
[1.945s] [34mcolcon.colcon_core.verb[0m [1;30mLevel 5[0m set package 'sercli_python' build argument 'cmake_clean_first' from command line to 'False'
[1.946s] [34mcolcon.colcon_core.verb[0m [1;30mLevel 5[0m set package 'sercli_python' build argument 'cmake_force_configure' from command line to 'False'
[1.946s] [34mcolcon.colcon_core.verb[0m [1;30mLevel 5[0m set package 'sercli_python' build argument 'ament_cmake_args' from command line to 'None'
[1.946s] [34mcolcon.colcon_core.verb[0m [1;30mLevel 5[0m set package 'sercli_python' build argument 'catkin_cmake_args' from command line to 'None'
[1.946s] [34mcolcon.colcon_core.verb[0m [1;30mLevel 5[0m set package 'sercli_python' build argument 'catkin_skip_building_tests' from command line to 'False'
[1.946s] [34mcolcon.colcon_core.verb[0m [1;30mDEBUG[0m [32mBuilding package 'sercli_python' with the following arguments: {'ament_cmake_args': None, 'build_base': '/home/cimi/Documents/Workspace/humble/latihan_ws/build/sercli_python', 'catkin_cmake_args': None, 'catkin_skip_building_tests': False, 'cmake_args': None, 'cmake_clean_cache': False, 'cmake_clean_first': False, 'cmake_force_configure': False, 'cmake_target': None, 'cmake_target_skip_unavailable': False, 'install_base': '/home/cimi/Documents/Workspace/humble/latihan_ws/install/sercli_python', 'merge_install': False, 'path': '/home/cimi/Documents/Workspace/humble/latihan_ws/src/sercli_python', 'symlink_install': False, 'test_result_base': None}[0m
[1.949s] [34mcolcon.colcon_core.verb[0m [1;30mLevel 5[0m set package 'servicecli_python' build argument 'cmake_args' from command line to 'None'
[1.949s] [34mcolcon.colcon_core.verb[0m [1;30mLevel 5[0m set package 'servicecli_python' build argument 'cmake_target' from command line to 'None'
[1.949s] [34mcolcon.colcon_core.verb[0m [1;30mLevel 5[0m set package 'servicecli_python' build argument 'cmake_target_skip_unavailable' from command line to 'False'
[1.950s] [34mcolcon.colcon_core.verb[0m [1;30mLevel 5[0m set package 'servicecli_python' build argument 'cmake_clean_cache' from command line to 'False'
[1.950s] [34mcolcon.colcon_core.verb[0m [1;30mLevel 5[0m set package 'servicecli_python' build argument 'cmake_clean_first' from command line to 'False'
[1.950s] [34mcolcon.colcon_core.verb[0m [1;30mLevel 5[0m set package 'servicecli_python' build argument 'cmake_force_configure' from command line to 'False'
[1.950s] [34mcolcon.colcon_core.verb[0m [1;30mLevel 5[0m set package 'servicecli_python' build argument 'ament_cmake_args' from command line to 'None'
[1.950s] [34mcolcon.colcon_core.verb[0m [1;30mLevel 5[0m set package 'servicecli_python' build argument 'catkin_cmake_args' from command line to 'None'
[1.950s] [34mcolcon.colcon_core.verb[0m [1;30mLevel 5[0m set package 'servicecli_python' build argument 'catkin_skip_building_tests' from command line to 'False'
[1.950s] [34mcolcon.colcon_core.verb[0m [1;30mDEBUG[0m [32mBuilding package 'servicecli_python' with the following arguments: {'ament_cmake_args': None, 'build_base': '/home/cimi/Documents/Workspace/humble/latihan_ws/build/servicecli_python', 'catkin_cmake_args': None, 'catkin_skip_building_tests': False, 'cmake_args': None, 'cmake_clean_cache': False, 'cmake_clean_first': False, 'cmake_force_configure': False, 'cmake_target': None, 'cmake_target_skip_unavailable': False, 'install_base': '/home/cimi/Documents/Workspace/humble/latihan_ws/install/servicecli_python', 'merge_install': False, 'path': '/home/cimi/Documents/Workspace/humble/latihan_ws/src/servicecli_python', 'symlink_install': False, 'test_result_base': None}[0m
[1.953s] [34mcolcon.colcon_core.executor[0m [1;30mINFO[0m Executing jobs using 'parallel' executor
[1.963s] [34mcolcon.colcon_parallel_executor.executor.parallel[0m [1;30mDEBUG[0m [32mrun_until_complete[0m
[1.964s] [34mcolcon.colcon_ros.task.ament_cmake.build[0m [1;30mINFO[0m Building ROS package in '/home/cimi/Documents/Workspace/humble/latihan_ws/src/pubsub_cpp' with build type 'ament_cmake'
[1.964s] [34mcolcon.colcon_cmake.task.cmake.build[0m [1;30mINFO[0m Building CMake package in '/home/cimi/Documents/Workspace/humble/latihan_ws/src/pubsub_cpp'
[1.972s] [34mcolcon.colcon_core.plugin_system[0m [1;30mINFO[0m Skipping extension 'colcon_core.shell.bat': Not used on non-Windows systems
[1.972s] [34mcolcon.colcon_core.shell[0m [1;30mINFO[0m Skip shell extension 'powershell' for command environment: Not usable outside of PowerShell
[1.972s] [34mcolcon.colcon_core.shell[0m [1;30mDEBUG[0m [32mSkip shell extension 'dsv' for command environment[0m
[1.999s] [34mcolcon.colcon_ros.task.ament_python.build[0m [1;30mINFO[0m Building ROS package in '/home/cimi/Documents/Workspace/humble/latihan_ws/src/pubsub_python' with build type 'ament_python'
[1.999s] [34mcolcon.colcon_core.shell[0m [1;30mLevel 1[0m create_environment_hook('pubsub_python', 'ament_prefix_path')
[2.004s] [34mcolcon.colcon_core.shell[0m [1;30mINFO[0m Creating environment hook '/home/cimi/Documents/Workspace/humble/latihan_ws/install/pubsub_python/share/pubsub_python/hook/ament_prefix_path.ps1'
[2.005s] [34mcolcon.colcon_core.shell[0m [1;30mINFO[0m Creating environment descriptor '/home/cimi/Documents/Workspace/humble/latihan_ws/install/pubsub_python/share/pubsub_python/hook/ament_prefix_path.dsv'
[2.006s] [34mcolcon.colcon_core.shell[0m [1;30mINFO[0m Creating environment hook '/home/cimi/Documents/Workspace/humble/latihan_ws/install/pubsub_python/share/pubsub_python/hook/ament_prefix_path.sh'
[2.010s] [34mcolcon.colcon_core.shell[0m [1;30mINFO[0m Skip shell extension 'powershell' for command environment: Not usable outside of PowerShell
[2.010s] [34mcolcon.colcon_core.shell[0m [1;30mDEBUG[0m [32mSkip shell extension 'dsv' for command environment[0m
[2.048s] [34mcolcon.colcon_ros.task.ament_cmake.build[0m [1;30mINFO[0m Building ROS package in '/home/cimi/Documents/Workspace/humble/latihan_ws/src/sercli_cpp' with build type 'ament_cmake'
[2.048s] [34mcolcon.colcon_cmake.task.cmake.build[0m [1;30mINFO[0m Building CMake package in '/home/cimi/Documents/Workspace/humble/latihan_ws/src/sercli_cpp'
[2.053s] [34mcolcon.colcon_core.shell[0m [1;30mINFO[0m Skip shell extension 'powershell' for command environment: Not usable outside of PowerShell
[2.053s] [34mcolcon.colcon_core.shell[0m [1;30mDEBUG[0m [32mSkip shell extension 'dsv' for command environment[0m
[2.085s] [34mcolcon.colcon_core.task.python.build[0m [1;30mINFO[0m Building Python package in '/home/cimi/Documents/Workspace/humble/latihan_ws/src/sercli_python'
[2.091s] [34mcolcon.colcon_core.shell[0m [1;30mINFO[0m Skip shell extension 'powershell' for command environment: Not usable outside of PowerShell
[2.091s] [34mcolcon.colcon_core.shell[0m [1;30mDEBUG[0m [32mSkip shell extension 'dsv' for command environment[0m
[2.339s] [34mcolcon.colcon_core.task.python.build[0m [1;30mINFO[0m Building Python package in '/home/cimi/Documents/Workspace/humble/latihan_ws/src/servicecli_python'
[2.389s] [34mcolcon.colcon_core.shell[0m [1;30mINFO[0m Skip shell extension 'powershell' for command environment: Not usable outside of PowerShell
[2.389s] [34mcolcon.colcon_core.shell[0m [1;30mDEBUG[0m [32mSkip shell extension 'dsv' for command environment[0m
[3.030s] [34mcolcon.colcon_core.event_handler.log_command[0m [1;30mDEBUG[0m [32mInvoking command in '/home/cimi/Documents/Workspace/humble/latihan_ws/build/pubsub_cpp': CMAKE_PREFIX_PATH=${CMAKE_PREFIX_PATH}:/home/cimi/Documents/Workspace/humble/latihan_ws/install/pubsub_python:/home/cimi/ros2_humble/install/rqt_bag_plugins:/home/cimi/ros2_humble/install/rqt_bag:/home/cimi/ros2_humble/install/ros2bag:/home/cimi/ros2_humble/install/tracetools_test:/home/cimi/ros2_humble/install/tracetools_launch:/home/cimi/ros2_humble/install/topic_monitor:/home/cimi/ros2_humble/install/tf2_tools:/home/cimi/ros2_humble/install/examples_tf2_py:/home/cimi/ros2_humble/install/tf2_ros_py:/home/cimi/ros2_humble/install/sros2:/home/cimi/ros2_humble/install/rqt_topic:/home/cimi/ros2_humble/install/rqt_srv:/home/cimi/ros2_humble/install/rqt_shell:/home/cimi/ros2_humble/install/rqt_service_caller:/home/cimi/ros2_humble/install/rqt_reconfigure:/home/cimi/ros2_humble/install/rqt_py_console:/home/cimi/ros2_humble/install/rqt_publisher:/home/cimi/ros2_humble/install/rqt_plot:/home/cimi/ros2_humble/install/rqt_action:/home/cimi/ros2_humble/install/rqt_msg:/home/cimi/ros2_humble/install/rqt_console:/home/cimi/ros2_humble/install/rqt:/home/cimi/ros2_humble/install/rqt_graph:/home/cimi/ros2_humble/install/rqt_gui_py:/home/cimi/ros2_humble/install/rqt_gui:/home/cimi/ros2_humble/install/ros2trace:/home/cimi/ros2_humble/install/ros2topic:/home/cimi/ros2_humble/install/ros2test:/home/cimi/ros2_humble/install/ros2component:/home/cimi/ros2_humble/install/ros2param:/home/cimi/ros2_humble/install/ros2lifecycle:/home/cimi/ros2_humble/install/ros2service:/home/cimi/ros2_humble/install/ros2run:/home/cimi/ros2_humble/install/ros2launch:/home/cimi/ros2_humble/install/ros2pkg:/home/cimi/ros2_humble/install/ros2node:/home/cimi/ros2_humble/install/ros2multicast:/home/cimi/ros2_humble/install/ros2interface:/home/cimi/ros2_humble/install/ros2doctor:/home/cimi/ros2_humble/install/ros2action:/home/cimi/ros2_humble/install/ros2cli:/home/cimi/ros2_humble/install/quality_of_service_demo_py:/home/cimi/ros2_humble/install/lifecycle_py:/home/cimi/ros2_humble/install/launch_testing_ros:/home/cimi/ros2_humble/install/launch_ros:/home/cimi/ros2_humble/install/examples_rclpy_pointcloud_publisher:/home/cimi/ros2_humble/install/examples_rclpy_minimal_subscriber:/home/cimi/ros2_humble/install/examples_rclpy_minimal_service:/home/cimi/ros2_humble/install/examples_rclpy_minimal_publisher:/home/cimi/ros2_humble/install/examples_rclpy_minimal_client:/home/cimi/ros2_humble/install/examples_rclpy_minimal_action_server:/home/cimi/ros2_humble/install/examples_rclpy_minimal_action_client:/home/cimi/ros2_humble/install/examples_rclpy_guard_conditions:/home/cimi/ros2_humble/install/examples_rclpy_executors:/home/cimi/ros2_humble/install/demo_nodes_py:/home/cimi/ros2_humble/install/action_tutorials_py:/home/cimi/ros2_humble/install/ament_uncrustify:/home/cimi/ros2_humble/install/tracetools_trace:/home/cimi/ros2_humble/install/tracetools_read:/home/cimi/ros2_humble/install/test_tracetools_launch:/home/cimi/ros2_humble/install/test_launch_ros:/home/cimi/ros2_humble/install/sensor_msgs_py:/home/cimi/ros2_humble/install/rpyutils:/home/cimi/ros2_humble/install/rosidl_runtime_py:/home/cimi/ros2_humble/install/rosidl_cli:/home/cimi/ros2_humble/install/launch_pytest:/home/cimi/ros2_humble/install/launch_testing:/home/cimi/ros2_humble/install/launch_yaml:/home/cimi/ros2_humble/install/launch_xml:/home/cimi/ros2_humble/install/launch:/home/cimi/ros2_humble/install/osrf_pycommon:/home/cimi/ros2_humble/install/launch_testing_examples:/home/cimi/ros2_humble/install/domain_coordinator:/home/cimi/ros2_humble/install/ament_xmllint:/home/cimi/ros2_humble/install/ament_pyflakes:/home/cimi/ros2_humble/install/ament_pycodestyle:/home/cimi/ros2_humble/install/ament_pep257:/home/cimi/ros2_humble/install/ament_pclint:/home/cimi/ros2_humble/install/ament_package:/home/cimi/ros2_humble/install/ament_mypy:/home/cimi/ros2_humble/install/ament_lint_cmake:/home/cimi/ros2_humble/install/ament_flake8:/home/cimi/ros2_humble/install/ament_copyright:/home/cimi/ros2_humble/install/ament_lint:/home/cimi/ros2_humble/install/ament_index_python:/home/cimi/ros2_humble/install/ament_cpplint:/home/cimi/ros2_humble/install/ament_cppcheck:/home/cimi/ros2_humble/install/ament_clang_tidy:/home/cimi/ros2_humble/install/ament_clang_format /usr/bin/cmake --build /home/cimi/Documents/Workspace/humble/latihan_ws/build/pubsub_cpp -- -j8 -l8[0m
[7.140s] [34mcolcon.colcon_core.task.python.build[0m [1;30mINFO[0m Building Python package in '/home/cimi/Documents/Workspace/humble/latihan_ws/src/pubsub_python'
[7.144s] [34mcolcon.colcon_core.shell[0m [1;30mINFO[0m Skip shell extension 'powershell' for command environment: Not usable outside of PowerShell
[7.144s] [34mcolcon.colcon_core.shell[0m [1;30mDEBUG[0m [32mSkip shell extension 'dsv' for command environment[0m
[7.233s] [34mcolcon.colcon_core.event_handler.log_command[0m [1;30mDEBUG[0m [32mInvoking command in '/home/cimi/Documents/Workspace/humble/latihan_ws/build/sercli_cpp': CMAKE_PREFIX_PATH=${CMAKE_PREFIX_PATH}:/home/cimi/Documents/Workspace/humble/latihan_ws/install/pubsub_python:/home/cimi/ros2_humble/install/rqt_bag_plugins:/home/cimi/ros2_humble/install/rqt_bag:/home/cimi/ros2_humble/install/ros2bag:/home/cimi/ros2_humble/install/tracetools_test:/home/cimi/ros2_humble/install/tracetools_launch:/home/cimi/ros2_humble/install/topic_monitor:/home/cimi/ros2_humble/install/tf2_tools:/home/cimi/ros2_humble/install/examples_tf2_py:/home/cimi/ros2_humble/install/tf2_ros_py:/home/cimi/ros2_humble/install/sros2:/home/cimi/ros2_humble/install/rqt_topic:/home/cimi/ros2_humble/install/rqt_srv:/home/cimi/ros2_humble/install/rqt_shell:/home/cimi/ros2_humble/install/rqt_service_caller:/home/cimi/ros2_humble/install/rqt_reconfigure:/home/cimi/ros2_humble/install/rqt_py_console:/home/cimi/ros2_humble/install/rqt_publisher:/home/cimi/ros2_humble/install/rqt_plot:/home/cimi/ros2_humble/install/rqt_action:/home/cimi/ros2_humble/install/rqt_msg:/home/cimi/ros2_humble/install/rqt_console:/home/cimi/ros2_humble/install/rqt:/home/cimi/ros2_humble/install/rqt_graph:/home/cimi/ros2_humble/install/rqt_gui_py:/home/cimi/ros2_humble/install/rqt_gui:/home/cimi/ros2_humble/install/ros2trace:/home/cimi/ros2_humble/install/ros2topic:/home/cimi/ros2_humble/install/ros2test:/home/cimi/ros2_humble/install/ros2component:/home/cimi/ros2_humble/install/ros2param:/home/cimi/ros2_humble/install/ros2lifecycle:/home/cimi/ros2_humble/install/ros2service:/home/cimi/ros2_humble/install/ros2run:/home/cimi/ros2_humble/install/ros2launch:/home/cimi/ros2_humble/install/ros2pkg:/home/cimi/ros2_humble/install/ros2node:/home/cimi/ros2_humble/install/ros2multicast:/home/cimi/ros2_humble/install/ros2interface:/home/cimi/ros2_humble/install/ros2doctor:/home/cimi/ros2_humble/install/ros2action:/home/cimi/ros2_humble/install/ros2cli:/home/cimi/ros2_humble/install/quality_of_service_demo_py:/home/cimi/ros2_humble/install/lifecycle_py:/home/cimi/ros2_humble/install/launch_testing_ros:/home/cimi/ros2_humble/install/launch_ros:/home/cimi/ros2_humble/install/examples_rclpy_pointcloud_publisher:/home/cimi/ros2_humble/install/examples_rclpy_minimal_subscriber:/home/cimi/ros2_humble/install/examples_rclpy_minimal_service:/home/cimi/ros2_humble/install/examples_rclpy_minimal_publisher:/home/cimi/ros2_humble/install/examples_rclpy_minimal_client:/home/cimi/ros2_humble/install/examples_rclpy_minimal_action_server:/home/cimi/ros2_humble/install/examples_rclpy_minimal_action_client:/home/cimi/ros2_humble/install/examples_rclpy_guard_conditions:/home/cimi/ros2_humble/install/examples_rclpy_executors:/home/cimi/ros2_humble/install/demo_nodes_py:/home/cimi/ros2_humble/install/action_tutorials_py:/home/cimi/ros2_humble/install/ament_uncrustify:/home/cimi/ros2_humble/install/tracetools_trace:/home/cimi/ros2_humble/install/tracetools_read:/home/cimi/ros2_humble/install/test_tracetools_launch:/home/cimi/ros2_humble/install/test_launch_ros:/home/cimi/ros2_humble/install/sensor_msgs_py:/home/cimi/ros2_humble/install/rpyutils:/home/cimi/ros2_humble/install/rosidl_runtime_py:/home/cimi/ros2_humble/install/rosidl_cli:/home/cimi/ros2_humble/install/launch_pytest:/home/cimi/ros2_humble/install/launch_testing:/home/cimi/ros2_humble/install/launch_yaml:/home/cimi/ros2_humble/install/launch_xml:/home/cimi/ros2_humble/install/launch:/home/cimi/ros2_humble/install/osrf_pycommon:/home/cimi/ros2_humble/install/launch_testing_examples:/home/cimi/ros2_humble/install/domain_coordinator:/home/cimi/ros2_humble/install/ament_xmllint:/home/cimi/ros2_humble/install/ament_pyflakes:/home/cimi/ros2_humble/install/ament_pycodestyle:/home/cimi/ros2_humble/install/ament_pep257:/home/cimi/ros2_humble/install/ament_pclint:/home/cimi/ros2_humble/install/ament_package:/home/cimi/ros2_humble/install/ament_mypy:/home/cimi/ros2_humble/install/ament_lint_cmake:/home/cimi/ros2_humble/install/ament_flake8:/home/cimi/ros2_humble/install/ament_copyright:/home/cimi/ros2_humble/install/ament_lint:/home/cimi/ros2_humble/install/ament_index_python:/home/cimi/ros2_humble/install/ament_cpplint:/home/cimi/ros2_humble/install/ament_cppcheck:/home/cimi/ros2_humble/install/ament_clang_tidy:/home/cimi/ros2_humble/install/ament_clang_format /usr/bin/cmake --build /home/cimi/Documents/Workspace/humble/latihan_ws/build/sercli_cpp -- -j8 -l8[0m
[7.780s] [34mcolcon.colcon_core.event_handler.log_command[0m [1;30mDEBUG[0m [32mInvoked command in '/home/cimi/Documents/Workspace/humble/latihan_ws/build/pubsub_cpp' returned '0': CMAKE_PREFIX_PATH=${CMAKE_PREFIX_PATH}:/home/cimi/Documents/Workspace/humble/latihan_ws/install/pubsub_python:/home/cimi/ros2_humble/install/rqt_bag_plugins:/home/cimi/ros2_humble/install/rqt_bag:/home/cimi/ros2_humble/install/ros2bag:/home/cimi/ros2_humble/install/tracetools_test:/home/cimi/ros2_humble/install/tracetools_launch:/home/cimi/ros2_humble/install/topic_monitor:/home/cimi/ros2_humble/install/tf2_tools:/home/cimi/ros2_humble/install/examples_tf2_py:/home/cimi/ros2_humble/install/tf2_ros_py:/home/cimi/ros2_humble/install/sros2:/home/cimi/ros2_humble/install/rqt_topic:/home/cimi/ros2_humble/install/rqt_srv:/home/cimi/ros2_humble/install/rqt_shell:/home/cimi/ros2_humble/install/rqt_service_caller:/home/cimi/ros2_humble/install/rqt_reconfigure:/home/cimi/ros2_humble/install/rqt_py_console:/home/cimi/ros2_humble/install/rqt_publisher:/home/cimi/ros2_humble/install/rqt_plot:/home/cimi/ros2_humble/install/rqt_action:/home/cimi/ros2_humble/install/rqt_msg:/home/cimi/ros2_humble/install/rqt_console:/home/cimi/ros2_humble/install/rqt:/home/cimi/ros2_humble/install/rqt_graph:/home/cimi/ros2_humble/install/rqt_gui_py:/home/cimi/ros2_humble/install/rqt_gui:/home/cimi/ros2_humble/install/ros2trace:/home/cimi/ros2_humble/install/ros2topic:/home/cimi/ros2_humble/install/ros2test:/home/cimi/ros2_humble/install/ros2component:/home/cimi/ros2_humble/install/ros2param:/home/cimi/ros2_humble/install/ros2lifecycle:/home/cimi/ros2_humble/install/ros2service:/home/cimi/ros2_humble/install/ros2run:/home/cimi/ros2_humble/install/ros2launch:/home/cimi/ros2_humble/install/ros2pkg:/home/cimi/ros2_humble/install/ros2node:/home/cimi/ros2_humble/install/ros2multicast:/home/cimi/ros2_humble/install/ros2interface:/home/cimi/ros2_humble/install/ros2doctor:/home/cimi/ros2_humble/install/ros2action:/home/cimi/ros2_humble/install/ros2cli:/home/cimi/ros2_humble/install/quality_of_service_demo_py:/home/cimi/ros2_humble/install/lifecycle_py:/home/cimi/ros2_humble/install/launch_testing_ros:/home/cimi/ros2_humble/install/launch_ros:/home/cimi/ros2_humble/install/examples_rclpy_pointcloud_publisher:/home/cimi/ros2_humble/install/examples_rclpy_minimal_subscriber:/home/cimi/ros2_humble/install/examples_rclpy_minimal_service:/home/cimi/ros2_humble/install/examples_rclpy_minimal_publisher:/home/cimi/ros2_humble/install/examples_rclpy_minimal_client:/home/cimi/ros2_humble/install/examples_rclpy_minimal_action_server:/home/cimi/ros2_humble/install/examples_rclpy_minimal_action_client:/home/cimi/ros2_humble/install/examples_rclpy_guard_conditions:/home/cimi/ros2_humble/install/examples_rclpy_executors:/home/cimi/ros2_humble/install/demo_nodes_py:/home/cimi/ros2_humble/install/action_tutorials_py:/home/cimi/ros2_humble/install/ament_uncrustify:/home/cimi/ros2_humble/install/tracetools_trace:/home/cimi/ros2_humble/install/tracetools_read:/home/cimi/ros2_humble/install/test_tracetools_launch:/home/cimi/ros2_humble/install/test_launch_ros:/home/cimi/ros2_humble/install/sensor_msgs_py:/home/cimi/ros2_humble/install/rpyutils:/home/cimi/ros2_humble/install/rosidl_runtime_py:/home/cimi/ros2_humble/install/rosidl_cli:/home/cimi/ros2_humble/install/launch_pytest:/home/cimi/ros2_humble/install/launch_testing:/home/cimi/ros2_humble/install/launch_yaml:/home/cimi/ros2_humble/install/launch_xml:/home/cimi/ros2_humble/install/launch:/home/cimi/ros2_humble/install/osrf_pycommon:/home/cimi/ros2_humble/install/launch_testing_examples:/home/cimi/ros2_humble/install/domain_coordinator:/home/cimi/ros2_humble/install/ament_xmllint:/home/cimi/ros2_humble/install/ament_pyflakes:/home/cimi/ros2_humble/install/ament_pycodestyle:/home/cimi/ros2_humble/install/ament_pep257:/home/cimi/ros2_humble/install/ament_pclint:/home/cimi/ros2_humble/install/ament_package:/home/cimi/ros2_humble/install/ament_mypy:/home/cimi/ros2_humble/install/ament_lint_cmake:/home/cimi/ros2_humble/install/ament_flake8:/home/cimi/ros2_humble/install/ament_copyright:/home/cimi/ros2_humble/install/ament_lint:/home/cimi/ros2_humble/install/ament_index_python:/home/cimi/ros2_humble/install/ament_cpplint:/home/cimi/ros2_humble/install/ament_cppcheck:/home/cimi/ros2_humble/install/ament_clang_tidy:/home/cimi/ros2_humble/install/ament_clang_format /usr/bin/cmake --build /home/cimi/Documents/Workspace/humble/latihan_ws/build/pubsub_cpp -- -j8 -l8[0m
[8.465s] [34mcolcon.colcon_core.event_handler.log_command[0m [1;30mDEBUG[0m [32mInvoking command in '/home/cimi/Documents/Workspace/humble/latihan_ws/build/pubsub_cpp': CMAKE_PREFIX_PATH=${CMAKE_PREFIX_PATH}:/home/cimi/Documents/Workspace/humble/latihan_ws/install/pubsub_python:/home/cimi/ros2_humble/install/rqt_bag_plugins:/home/cimi/ros2_humble/install/rqt_bag:/home/cimi/ros2_humble/install/ros2bag:/home/cimi/ros2_humble/install/tracetools_test:/home/cimi/ros2_humble/install/tracetools_launch:/home/cimi/ros2_humble/install/topic_monitor:/home/cimi/ros2_humble/install/tf2_tools:/home/cimi/ros2_humble/install/examples_tf2_py:/home/cimi/ros2_humble/install/tf2_ros_py:/home/cimi/ros2_humble/install/sros2:/home/cimi/ros2_humble/install/rqt_topic:/home/cimi/ros2_humble/install/rqt_srv:/home/cimi/ros2_humble/install/rqt_shell:/home/cimi/ros2_humble/install/rqt_service_caller:/home/cimi/ros2_humble/install/rqt_reconfigure:/home/cimi/ros2_humble/install/rqt_py_console:/home/cimi/ros2_humble/install/rqt_publisher:/home/cimi/ros2_humble/install/rqt_plot:/home/cimi/ros2_humble/install/rqt_action:/home/cimi/ros2_humble/install/rqt_msg:/home/cimi/ros2_humble/install/rqt_console:/home/cimi/ros2_humble/install/rqt:/home/cimi/ros2_humble/install/rqt_graph:/home/cimi/ros2_humble/install/rqt_gui_py:/home/cimi/ros2_humble/install/rqt_gui:/home/cimi/ros2_humble/install/ros2trace:/home/cimi/ros2_humble/install/ros2topic:/home/cimi/ros2_humble/install/ros2test:/home/cimi/ros2_humble/install/ros2component:/home/cimi/ros2_humble/install/ros2param:/home/cimi/ros2_humble/install/ros2lifecycle:/home/cimi/ros2_humble/install/ros2service:/home/cimi/ros2_humble/install/ros2run:/home/cimi/ros2_humble/install/ros2launch:/home/cimi/ros2_humble/install/ros2pkg:/home/cimi/ros2_humble/install/ros2node:/home/cimi/ros2_humble/install/ros2multicast:/home/cimi/ros2_humble/install/ros2interface:/home/cimi/ros2_humble/install/ros2doctor:/home/cimi/ros2_humble/install/ros2action:/home/cimi/ros2_humble/install/ros2cli:/home/cimi/ros2_humble/install/quality_of_service_demo_py:/home/cimi/ros2_humble/install/lifecycle_py:/home/cimi/ros2_humble/install/launch_testing_ros:/home/cimi/ros2_humble/install/launch_ros:/home/cimi/ros2_humble/install/examples_rclpy_pointcloud_publisher:/home/cimi/ros2_humble/install/examples_rclpy_minimal_subscriber:/home/cimi/ros2_humble/install/examples_rclpy_minimal_service:/home/cimi/ros2_humble/install/examples_rclpy_minimal_publisher:/home/cimi/ros2_humble/install/examples_rclpy_minimal_client:/home/cimi/ros2_humble/install/examples_rclpy_minimal_action_server:/home/cimi/ros2_humble/install/examples_rclpy_minimal_action_client:/home/cimi/ros2_humble/install/examples_rclpy_guard_conditions:/home/cimi/ros2_humble/install/examples_rclpy_executors:/home/cimi/ros2_humble/install/demo_nodes_py:/home/cimi/ros2_humble/install/action_tutorials_py:/home/cimi/ros2_humble/install/ament_uncrustify:/home/cimi/ros2_humble/install/tracetools_trace:/home/cimi/ros2_humble/install/tracetools_read:/home/cimi/ros2_humble/install/test_tracetools_launch:/home/cimi/ros2_humble/install/test_launch_ros:/home/cimi/ros2_humble/install/sensor_msgs_py:/home/cimi/ros2_humble/install/rpyutils:/home/cimi/ros2_humble/install/rosidl_runtime_py:/home/cimi/ros2_humble/install/rosidl_cli:/home/cimi/ros2_humble/install/launch_pytest:/home/cimi/ros2_humble/install/launch_testing:/home/cimi/ros2_humble/install/launch_yaml:/home/cimi/ros2_humble/install/launch_xml:/home/cimi/ros2_humble/install/launch:/home/cimi/ros2_humble/install/osrf_pycommon:/home/cimi/ros2_humble/install/launch_testing_examples:/home/cimi/ros2_humble/install/domain_coordinator:/home/cimi/ros2_humble/install/ament_xmllint:/home/cimi/ros2_humble/install/ament_pyflakes:/home/cimi/ros2_humble/install/ament_pycodestyle:/home/cimi/ros2_humble/install/ament_pep257:/home/cimi/ros2_humble/install/ament_pclint:/home/cimi/ros2_humble/install/ament_package:/home/cimi/ros2_humble/install/ament_mypy:/home/cimi/ros2_humble/install/ament_lint_cmake:/home/cimi/ros2_humble/install/ament_flake8:/home/cimi/ros2_humble/install/ament_copyright:/home/cimi/ros2_humble/install/ament_lint:/home/cimi/ros2_humble/install/ament_index_python:/home/cimi/ros2_humble/install/ament_cpplint:/home/cimi/ros2_humble/install/ament_cppcheck:/home/cimi/ros2_humble/install/ament_clang_tidy:/home/cimi/ros2_humble/install/ament_clang_format /usr/bin/cmake --install /home/cimi/Documents/Workspace/humble/latihan_ws/build/pubsub_cpp[0m
[8.468s] [34mcolcon.colcon_core.event_handler.log_command[0m [1;30mDEBUG[0m [32mInvoked command in '/home/cimi/Documents/Workspace/humble/latihan_ws/build/sercli_cpp' returned '0': CMAKE_PREFIX_PATH=${CMAKE_PREFIX_PATH}:/home/cimi/Documents/Workspace/humble/latihan_ws/install/pubsub_python:/home/cimi/ros2_humble/install/rqt_bag_plugins:/home/cimi/ros2_humble/install/rqt_bag:/home/cimi/ros2_humble/install/ros2bag:/home/cimi/ros2_humble/install/tracetools_test:/home/cimi/ros2_humble/install/tracetools_launch:/home/cimi/ros2_humble/install/topic_monitor:/home/cimi/ros2_humble/install/tf2_tools:/home/cimi/ros2_humble/install/examples_tf2_py:/home/cimi/ros2_humble/install/tf2_ros_py:/home/cimi/ros2_humble/install/sros2:/home/cimi/ros2_humble/install/rqt_topic:/home/cimi/ros2_humble/install/rqt_srv:/home/cimi/ros2_humble/install/rqt_shell:/home/cimi/ros2_humble/install/rqt_service_caller:/home/cimi/ros2_humble/install/rqt_reconfigure:/home/cimi/ros2_humble/install/rqt_py_console:/home/cimi/ros2_humble/install/rqt_publisher:/home/cimi/ros2_humble/install/rqt_plot:/home/cimi/ros2_humble/install/rqt_action:/home/cimi/ros2_humble/install/rqt_msg:/home/cimi/ros2_humble/install/rqt_console:/home/cimi/ros2_humble/install/rqt:/home/cimi/ros2_humble/install/rqt_graph:/home/cimi/ros2_humble/install/rqt_gui_py:/home/cimi/ros2_humble/install/rqt_gui:/home/cimi/ros2_humble/install/ros2trace:/home/cimi/ros2_humble/install/ros2topic:/home/cimi/ros2_humble/install/ros2test:/home/cimi/ros2_humble/install/ros2component:/home/cimi/ros2_humble/install/ros2param:/home/cimi/ros2_humble/install/ros2lifecycle:/home/cimi/ros2_humble/install/ros2service:/home/cimi/ros2_humble/install/ros2run:/home/cimi/ros2_humble/install/ros2launch:/home/cimi/ros2_humble/install/ros2pkg:/home/cimi/ros2_humble/install/ros2node:/home/cimi/ros2_humble/install/ros2multicast:/home/cimi/ros2_humble/install/ros2interface:/home/cimi/ros2_humble/install/ros2doctor:/home/cimi/ros2_humble/install/ros2action:/home/cimi/ros2_humble/install/ros2cli:/home/cimi/ros2_humble/install/quality_of_service_demo_py:/home/cimi/ros2_humble/install/lifecycle_py:/home/cimi/ros2_humble/install/launch_testing_ros:/home/cimi/ros2_humble/install/launch_ros:/home/cimi/ros2_humble/install/examples_rclpy_pointcloud_publisher:/home/cimi/ros2_humble/install/examples_rclpy_minimal_subscriber:/home/cimi/ros2_humble/install/examples_rclpy_minimal_service:/home/cimi/ros2_humble/install/examples_rclpy_minimal_publisher:/home/cimi/ros2_humble/install/examples_rclpy_minimal_client:/home/cimi/ros2_humble/install/examples_rclpy_minimal_action_server:/home/cimi/ros2_humble/install/examples_rclpy_minimal_action_client:/home/cimi/ros2_humble/install/examples_rclpy_guard_conditions:/home/cimi/ros2_humble/install/examples_rclpy_executors:/home/cimi/ros2_humble/install/demo_nodes_py:/home/cimi/ros2_humble/install/action_tutorials_py:/home/cimi/ros2_humble/install/ament_uncrustify:/home/cimi/ros2_humble/install/tracetools_trace:/home/cimi/ros2_humble/install/tracetools_read:/home/cimi/ros2_humble/install/test_tracetools_launch:/home/cimi/ros2_humble/install/test_launch_ros:/home/cimi/ros2_humble/install/sensor_msgs_py:/home/cimi/ros2_humble/install/rpyutils:/home/cimi/ros2_humble/install/rosidl_runtime_py:/home/cimi/ros2_humble/install/rosidl_cli:/home/cimi/ros2_humble/install/launch_pytest:/home/cimi/ros2_humble/install/launch_testing:/home/cimi/ros2_humble/install/launch_yaml:/home/cimi/ros2_humble/install/launch_xml:/home/cimi/ros2_humble/install/launch:/home/cimi/ros2_humble/install/osrf_pycommon:/home/cimi/ros2_humble/install/launch_testing_examples:/home/cimi/ros2_humble/install/domain_coordinator:/home/cimi/ros2_humble/install/ament_xmllint:/home/cimi/ros2_humble/install/ament_pyflakes:/home/cimi/ros2_humble/install/ament_pycodestyle:/home/cimi/ros2_humble/install/ament_pep257:/home/cimi/ros2_humble/install/ament_pclint:/home/cimi/ros2_humble/install/ament_package:/home/cimi/ros2_humble/install/ament_mypy:/home/cimi/ros2_humble/install/ament_lint_cmake:/home/cimi/ros2_humble/install/ament_flake8:/home/cimi/ros2_humble/install/ament_copyright:/home/cimi/ros2_humble/install/ament_lint:/home/cimi/ros2_humble/install/ament_index_python:/home/cimi/ros2_humble/install/ament_cpplint:/home/cimi/ros2_humble/install/ament_cppcheck:/home/cimi/ros2_humble/install/ament_clang_tidy:/home/cimi/ros2_humble/install/ament_clang_format /usr/bin/cmake --build /home/cimi/Documents/Workspace/humble/latihan_ws/build/sercli_cpp -- -j8 -l8[0m
[8.517s] [34mcolcon.colcon_core.environment[0m [1;30mLevel 1[0m create_environment_scripts_only(pubsub_cpp)
[8.521s] [34mcolcon.colcon_core.event_handler.log_command[0m [1;30mDEBUG[0m [32mInvoked command in '/home/cimi/Documents/Workspace/humble/latihan_ws/build/pubsub_cpp' returned '0': CMAKE_PREFIX_PATH=${CMAKE_PREFIX_PATH}:/home/cimi/Documents/Workspace/humble/latihan_ws/install/pubsub_python:/home/cimi/ros2_humble/install/rqt_bag_plugins:/home/cimi/ros2_humble/install/rqt_bag:/home/cimi/ros2_humble/install/ros2bag:/home/cimi/ros2_humble/install/tracetools_test:/home/cimi/ros2_humble/install/tracetools_launch:/home/cimi/ros2_humble/install/topic_monitor:/home/cimi/ros2_humble/install/tf2_tools:/home/cimi/ros2_humble/install/examples_tf2_py:/home/cimi/ros2_humble/install/tf2_ros_py:/home/cimi/ros2_humble/install/sros2:/home/cimi/ros2_humble/install/rqt_topic:/home/cimi/ros2_humble/install/rqt_srv:/home/cimi/ros2_humble/install/rqt_shell:/home/cimi/ros2_humble/install/rqt_service_caller:/home/cimi/ros2_humble/install/rqt_reconfigure:/home/cimi/ros2_humble/install/rqt_py_console:/home/cimi/ros2_humble/install/rqt_publisher:/home/cimi/ros2_humble/install/rqt_plot:/home/cimi/ros2_humble/install/rqt_action:/home/cimi/ros2_humble/install/rqt_msg:/home/cimi/ros2_humble/install/rqt_console:/home/cimi/ros2_humble/install/rqt:/home/cimi/ros2_humble/install/rqt_graph:/home/cimi/ros2_humble/install/rqt_gui_py:/home/cimi/ros2_humble/install/rqt_gui:/home/cimi/ros2_humble/install/ros2trace:/home/cimi/ros2_humble/install/ros2topic:/home/cimi/ros2_humble/install/ros2test:/home/cimi/ros2_humble/install/ros2component:/home/cimi/ros2_humble/install/ros2param:/home/cimi/ros2_humble/install/ros2lifecycle:/home/cimi/ros2_humble/install/ros2service:/home/cimi/ros2_humble/install/ros2run:/home/cimi/ros2_humble/install/ros2launch:/home/cimi/ros2_humble/install/ros2pkg:/home/cimi/ros2_humble/install/ros2node:/home/cimi/ros2_humble/install/ros2multicast:/home/cimi/ros2_humble/install/ros2interface:/home/cimi/ros2_humble/install/ros2doctor:/home/cimi/ros2_humble/install/ros2action:/home/cimi/ros2_humble/install/ros2cli:/home/cimi/ros2_humble/install/quality_of_service_demo_py:/home/cimi/ros2_humble/install/lifecycle_py:/home/cimi/ros2_humble/install/launch_testing_ros:/home/cimi/ros2_humble/install/launch_ros:/home/cimi/ros2_humble/install/examples_rclpy_pointcloud_publisher:/home/cimi/ros2_humble/install/examples_rclpy_minimal_subscriber:/home/cimi/ros2_humble/install/examples_rclpy_minimal_service:/home/cimi/ros2_humble/install/examples_rclpy_minimal_publisher:/home/cimi/ros2_humble/install/examples_rclpy_minimal_client:/home/cimi/ros2_humble/install/examples_rclpy_minimal_action_server:/home/cimi/ros2_humble/install/examples_rclpy_minimal_action_client:/home/cimi/ros2_humble/install/examples_rclpy_guard_conditions:/home/cimi/ros2_humble/install/examples_rclpy_executors:/home/cimi/ros2_humble/install/demo_nodes_py:/home/cimi/ros2_humble/install/action_tutorials_py:/home/cimi/ros2_humble/install/ament_uncrustify:/home/cimi/ros2_humble/install/tracetools_trace:/home/cimi/ros2_humble/install/tracetools_read:/home/cimi/ros2_humble/install/test_tracetools_launch:/home/cimi/ros2_humble/install/test_launch_ros:/home/cimi/ros2_humble/install/sensor_msgs_py:/home/cimi/ros2_humble/install/rpyutils:/home/cimi/ros2_humble/install/rosidl_runtime_py:/home/cimi/ros2_humble/install/rosidl_cli:/home/cimi/ros2_humble/install/launch_pytest:/home/cimi/ros2_humble/install/launch_testing:/home/cimi/ros2_humble/install/launch_yaml:/home/cimi/ros2_humble/install/launch_xml:/home/cimi/ros2_humble/install/launch:/home/cimi/ros2_humble/install/osrf_pycommon:/home/cimi/ros2_humble/install/launch_testing_examples:/home/cimi/ros2_humble/install/domain_coordinator:/home/cimi/ros2_humble/install/ament_xmllint:/home/cimi/ros2_humble/install/ament_pyflakes:/home/cimi/ros2_humble/install/ament_pycodestyle:/home/cimi/ros2_humble/install/ament_pep257:/home/cimi/ros2_humble/install/ament_pclint:/home/cimi/ros2_humble/install/ament_package:/home/cimi/ros2_humble/install/ament_mypy:/home/cimi/ros2_humble/install/ament_lint_cmake:/home/cimi/ros2_humble/install/ament_flake8:/home/cimi/ros2_humble/install/ament_copyright:/home/cimi/ros2_humble/install/ament_lint:/home/cimi/ros2_humble/install/ament_index_python:/home/cimi/ros2_humble/install/ament_cpplint:/home/cimi/ros2_humble/install/ament_cppcheck:/home/cimi/ros2_humble/install/ament_clang_tidy:/home/cimi/ros2_humble/install/ament_clang_format /usr/bin/cmake --install /home/cimi/Documents/Workspace/humble/latihan_ws/build/pubsub_cpp[0m
[8.536s] [34mcolcon.colcon_core.environment[0m [1;30mLevel 1[0m checking '/home/cimi/Documents/Workspace/humble/latihan_ws/install/pubsub_cpp' for CMake module files
[8.536s] [34mcolcon.colcon_core.environment[0m [1;30mLevel 1[0m checking '/home/cimi/Documents/Workspace/humble/latihan_ws/install/pubsub_cpp' for CMake config files
[8.537s] [34mcolcon.colcon_core.shell[0m [1;30mLevel 1[0m create_environment_hook('pubsub_cpp', 'cmake_prefix_path')
[8.543s] [34mcolcon.colcon_core.shell[0m [1;30mINFO[0m Creating environment hook '/home/cimi/Documents/Workspace/humble/latihan_ws/install/pubsub_cpp/share/pubsub_cpp/hook/cmake_prefix_path.ps1'
[8.543s] [34mcolcon.colcon_core.shell[0m [1;30mINFO[0m Creating environment descriptor '/home/cimi/Documents/Workspace/humble/latihan_ws/install/pubsub_cpp/share/pubsub_cpp/hook/cmake_prefix_path.dsv'
[8.544s] [34mcolcon.colcon_core.shell[0m [1;30mINFO[0m Creating environment hook '/home/cimi/Documents/Workspace/humble/latihan_ws/install/pubsub_cpp/share/pubsub_cpp/hook/cmake_prefix_path.sh'
[8.545s] [34mcolcon.colcon_core.environment[0m [1;30mLevel 1[0m checking '/home/cimi/Documents/Workspace/humble/latihan_ws/install/pubsub_cpp/lib'
[8.545s] [34mcolcon.colcon_core.environment[0m [1;30mLevel 1[0m checking '/home/cimi/Documents/Workspace/humble/latihan_ws/install/pubsub_cpp/bin'
[8.545s] [34mcolcon.colcon_core.environment[0m [1;30mLevel 1[0m checking '/home/cimi/Documents/Workspace/humble/latihan_ws/install/pubsub_cpp/lib/pkgconfig/pubsub_cpp.pc'
[8.545s] [34mcolcon.colcon_core.environment[0m [1;30mLevel 1[0m checking '/home/cimi/Documents/Workspace/humble/latihan_ws/install/pubsub_cpp/lib/python3.8/site-packages'
[8.546s] [34mcolcon.colcon_core.environment[0m [1;30mLevel 1[0m checking '/home/cimi/Documents/Workspace/humble/latihan_ws/install/pubsub_cpp/bin'
[8.555s] [34mcolcon.colcon_core.shell[0m [1;30mINFO[0m Creating package script '/home/cimi/Documents/Workspace/humble/latihan_ws/install/pubsub_cpp/share/pubsub_cpp/package.ps1'
[8.556s] [34mcolcon.colcon_core.shell[0m [1;30mINFO[0m Creating package descriptor '/home/cimi/Documents/Workspace/humble/latihan_ws/install/pubsub_cpp/share/pubsub_cpp/package.dsv'
[8.556s] [34mcolcon.colcon_core.shell[0m [1;30mINFO[0m Creating package script '/home/cimi/Documents/Workspace/humble/latihan_ws/install/pubsub_cpp/share/pubsub_cpp/package.sh'
[8.559s] [34mcolcon.colcon_core.shell[0m [1;30mINFO[0m Creating package script '/home/cimi/Documents/Workspace/humble/latihan_ws/install/pubsub_cpp/share/pubsub_cpp/package.bash'
[8.561s] [34mcolcon.colcon_core.shell[0m [1;30mINFO[0m Creating package script '/home/cimi/Documents/Workspace/humble/latihan_ws/install/pubsub_cpp/share/pubsub_cpp/package.zsh'
[8.562s] [34mcolcon.colcon_core.environment[0m [1;30mLevel 1[0m create_file_with_runtime_dependencies(/home/cimi/Documents/Workspace/humble/latihan_ws/install/pubsub_cpp/share/colcon-core/packages/pubsub_cpp)
[8.626s] [34mcolcon.colcon_core.event_handler.log_command[0m [1;30mDEBUG[0m [32mInvoking command in '/home/cimi/Documents/Workspace/humble/latihan_ws/build/sercli_cpp': CMAKE_PREFIX_PATH=${CMAKE_PREFIX_PATH}:/home/cimi/Documents/Workspace/humble/latihan_ws/install/pubsub_python:/home/cimi/ros2_humble/install/rqt_bag_plugins:/home/cimi/ros2_humble/install/rqt_bag:/home/cimi/ros2_humble/install/ros2bag:/home/cimi/ros2_humble/install/tracetools_test:/home/cimi/ros2_humble/install/tracetools_launch:/home/cimi/ros2_humble/install/topic_monitor:/home/cimi/ros2_humble/install/tf2_tools:/home/cimi/ros2_humble/install/examples_tf2_py:/home/cimi/ros2_humble/install/tf2_ros_py:/home/cimi/ros2_humble/install/sros2:/home/cimi/ros2_humble/install/rqt_topic:/home/cimi/ros2_humble/install/rqt_srv:/home/cimi/ros2_humble/install/rqt_shell:/home/cimi/ros2_humble/install/rqt_service_caller:/home/cimi/ros2_humble/install/rqt_reconfigure:/home/cimi/ros2_humble/install/rqt_py_console:/home/cimi/ros2_humble/install/rqt_publisher:/home/cimi/ros2_humble/install/rqt_plot:/home/cimi/ros2_humble/install/rqt_action:/home/cimi/ros2_humble/install/rqt_msg:/home/cimi/ros2_humble/install/rqt_console:/home/cimi/ros2_humble/install/rqt:/home/cimi/ros2_humble/install/rqt_graph:/home/cimi/ros2_humble/install/rqt_gui_py:/home/cimi/ros2_humble/install/rqt_gui:/home/cimi/ros2_humble/install/ros2trace:/home/cimi/ros2_humble/install/ros2topic:/home/cimi/ros2_humble/install/ros2test:/home/cimi/ros2_humble/install/ros2component:/home/cimi/ros2_humble/install/ros2param:/home/cimi/ros2_humble/install/ros2lifecycle:/home/cimi/ros2_humble/install/ros2service:/home/cimi/ros2_humble/install/ros2run:/home/cimi/ros2_humble/install/ros2launch:/home/cimi/ros2_humble/install/ros2pkg:/home/cimi/ros2_humble/install/ros2node:/home/cimi/ros2_humble/install/ros2multicast:/home/cimi/ros2_humble/install/ros2interface:/home/cimi/ros2_humble/install/ros2doctor:/home/cimi/ros2_humble/install/ros2action:/home/cimi/ros2_humble/install/ros2cli:/home/cimi/ros2_humble/install/quality_of_service_demo_py:/home/cimi/ros2_humble/install/lifecycle_py:/home/cimi/ros2_humble/install/launch_testing_ros:/home/cimi/ros2_humble/install/launch_ros:/home/cimi/ros2_humble/install/examples_rclpy_pointcloud_publisher:/home/cimi/ros2_humble/install/examples_rclpy_minimal_subscriber:/home/cimi/ros2_humble/install/examples_rclpy_minimal_service:/home/cimi/ros2_humble/install/examples_rclpy_minimal_publisher:/home/cimi/ros2_humble/install/examples_rclpy_minimal_client:/home/cimi/ros2_humble/install/examples_rclpy_minimal_action_server:/home/cimi/ros2_humble/install/examples_rclpy_minimal_action_client:/home/cimi/ros2_humble/install/examples_rclpy_guard_conditions:/home/cimi/ros2_humble/install/examples_rclpy_executors:/home/cimi/ros2_humble/install/demo_nodes_py:/home/cimi/ros2_humble/install/action_tutorials_py:/home/cimi/ros2_humble/install/ament_uncrustify:/home/cimi/ros2_humble/install/tracetools_trace:/home/cimi/ros2_humble/install/tracetools_read:/home/cimi/ros2_humble/install/test_tracetools_launch:/home/cimi/ros2_humble/install/test_launch_ros:/home/cimi/ros2_humble/install/sensor_msgs_py:/home/cimi/ros2_humble/install/rpyutils:/home/cimi/ros2_humble/install/rosidl_runtime_py:/home/cimi/ros2_humble/install/rosidl_cli:/home/cimi/ros2_humble/install/launch_pytest:/home/cimi/ros2_humble/install/launch_testing:/home/cimi/ros2_humble/install/launch_yaml:/home/cimi/ros2_humble/install/launch_xml:/home/cimi/ros2_humble/install/launch:/home/cimi/ros2_humble/install/osrf_pycommon:/home/cimi/ros2_humble/install/launch_testing_examples:/home/cimi/ros2_humble/install/domain_coordinator:/home/cimi/ros2_humble/install/ament_xmllint:/home/cimi/ros2_humble/install/ament_pyflakes:/home/cimi/ros2_humble/install/ament_pycodestyle:/home/cimi/ros2_humble/install/ament_pep257:/home/cimi/ros2_humble/install/ament_pclint:/home/cimi/ros2_humble/install/ament_package:/home/cimi/ros2_humble/install/ament_mypy:/home/cimi/ros2_humble/install/ament_lint_cmake:/home/cimi/ros2_humble/install/ament_flake8:/home/cimi/ros2_humble/install/ament_copyright:/home/cimi/ros2_humble/install/ament_lint:/home/cimi/ros2_humble/install/ament_index_python:/home/cimi/ros2_humble/install/ament_cpplint:/home/cimi/ros2_humble/install/ament_cppcheck:/home/cimi/ros2_humble/install/ament_clang_tidy:/home/cimi/ros2_humble/install/ament_clang_format /usr/bin/cmake --install /home/cimi/Documents/Workspace/humble/latihan_ws/build/sercli_cpp[0m
[8.670s] [34mcolcon.colcon_core.environment[0m [1;30mLevel 1[0m create_environment_scripts_only(sercli_cpp)
[8.687s] [34mcolcon.colcon_core.environment[0m [1;30mLevel 1[0m checking '/home/cimi/Documents/Workspace/humble/latihan_ws/install/sercli_cpp' for CMake module files
[8.687s] [34mcolcon.colcon_core.event_handler.log_command[0m [1;30mDEBUG[0m [32mInvoked command in '/home/cimi/Documents/Workspace/humble/latihan_ws/build/sercli_cpp' returned '0': CMAKE_PREFIX_PATH=${CMAKE_PREFIX_PATH}:/home/cimi/Documents/Workspace/humble/latihan_ws/install/pubsub_python:/home/cimi/ros2_humble/install/rqt_bag_plugins:/home/cimi/ros2_humble/install/rqt_bag:/home/cimi/ros2_humble/install/ros2bag:/home/cimi/ros2_humble/install/tracetools_test:/home/cimi/ros2_humble/install/tracetools_launch:/home/cimi/ros2_humble/install/topic_monitor:/home/cimi/ros2_humble/install/tf2_tools:/home/cimi/ros2_humble/install/examples_tf2_py:/home/cimi/ros2_humble/install/tf2_ros_py:/home/cimi/ros2_humble/install/sros2:/home/cimi/ros2_humble/install/rqt_topic:/home/cimi/ros2_humble/install/rqt_srv:/home/cimi/ros2_humble/install/rqt_shell:/home/cimi/ros2_humble/install/rqt_service_caller:/home/cimi/ros2_humble/install/rqt_reconfigure:/home/cimi/ros2_humble/install/rqt_py_console:/home/cimi/ros2_humble/install/rqt_publisher:/home/cimi/ros2_humble/install/rqt_plot:/home/cimi/ros2_humble/install/rqt_action:/home/cimi/ros2_humble/install/rqt_msg:/home/cimi/ros2_humble/install/rqt_console:/home/cimi/ros2_humble/install/rqt:/home/cimi/ros2_humble/install/rqt_graph:/home/cimi/ros2_humble/install/rqt_gui_py:/home/cimi/ros2_humble/install/rqt_gui:/home/cimi/ros2_humble/install/ros2trace:/home/cimi/ros2_humble/install/ros2topic:/home/cimi/ros2_humble/install/ros2test:/home/cimi/ros2_humble/install/ros2component:/home/cimi/ros2_humble/install/ros2param:/home/cimi/ros2_humble/install/ros2lifecycle:/home/cimi/ros2_humble/install/ros2service:/home/cimi/ros2_humble/install/ros2run:/home/cimi/ros2_humble/install/ros2launch:/home/cimi/ros2_humble/install/ros2pkg:/home/cimi/ros2_humble/install/ros2node:/home/cimi/ros2_humble/install/ros2multicast:/home/cimi/ros2_humble/install/ros2interface:/home/cimi/ros2_humble/install/ros2doctor:/home/cimi/ros2_humble/install/ros2action:/home/cimi/ros2_humble/install/ros2cli:/home/cimi/ros2_humble/install/quality_of_service_demo_py:/home/cimi/ros2_humble/install/lifecycle_py:/home/cimi/ros2_humble/install/launch_testing_ros:/home/cimi/ros2_humble/install/launch_ros:/home/cimi/ros2_humble/install/examples_rclpy_pointcloud_publisher:/home/cimi/ros2_humble/install/examples_rclpy_minimal_subscriber:/home/cimi/ros2_humble/install/examples_rclpy_minimal_service:/home/cimi/ros2_humble/install/examples_rclpy_minimal_publisher:/home/cimi/ros2_humble/install/examples_rclpy_minimal_client:/home/cimi/ros2_humble/install/examples_rclpy_minimal_action_server:/home/cimi/ros2_humble/install/examples_rclpy_minimal_action_client:/home/cimi/ros2_humble/install/examples_rclpy_guard_conditions:/home/cimi/ros2_humble/install/examples_rclpy_executors:/home/cimi/ros2_humble/install/demo_nodes_py:/home/cimi/ros2_humble/install/action_tutorials_py:/home/cimi/ros2_humble/install/ament_uncrustify:/home/cimi/ros2_humble/install/tracetools_trace:/home/cimi/ros2_humble/install/tracetools_read:/home/cimi/ros2_humble/install/test_tracetools_launch:/home/cimi/ros2_humble/install/test_launch_ros:/home/cimi/ros2_humble/install/sensor_msgs_py:/home/cimi/ros2_humble/install/rpyutils:/home/cimi/ros2_humble/install/rosidl_runtime_py:/home/cimi/ros2_humble/install/rosidl_cli:/home/cimi/ros2_humble/install/launch_pytest:/home/cimi/ros2_humble/install/launch_testing:/home/cimi/ros2_humble/install/launch_yaml:/home/cimi/ros2_humble/install/launch_xml:/home/cimi/ros2_humble/install/launch:/home/cimi/ros2_humble/install/osrf_pycommon:/home/cimi/ros2_humble/install/launch_testing_examples:/home/cimi/ros2_humble/install/domain_coordinator:/home/cimi/ros2_humble/install/ament_xmllint:/home/cimi/ros2_humble/install/ament_pyflakes:/home/cimi/ros2_humble/install/ament_pycodestyle:/home/cimi/ros2_humble/install/ament_pep257:/home/cimi/ros2_humble/install/ament_pclint:/home/cimi/ros2_humble/install/ament_package:/home/cimi/ros2_humble/install/ament_mypy:/home/cimi/ros2_humble/install/ament_lint_cmake:/home/cimi/ros2_humble/install/ament_flake8:/home/cimi/ros2_humble/install/ament_copyright:/home/cimi/ros2_humble/install/ament_lint:/home/cimi/ros2_humble/install/ament_index_python:/home/cimi/ros2_humble/install/ament_cpplint:/home/cimi/ros2_humble/install/ament_cppcheck:/home/cimi/ros2_humble/install/ament_clang_tidy:/home/cimi/ros2_humble/install/ament_clang_format /usr/bin/cmake --install /home/cimi/Documents/Workspace/humble/latihan_ws/build/sercli_cpp[0m
[8.688s] [34mcolcon.colcon_core.environment[0m [1;30mLevel 1[0m checking '/home/cimi/Documents/Workspace/humble/latihan_ws/install/sercli_cpp' for CMake config files
[8.689s] [34mcolcon.colcon_core.shell[0m [1;30mLevel 1[0m create_environment_hook('sercli_cpp', 'cmake_prefix_path')
[8.700s] [34mcolcon.colcon_core.shell[0m [1;30mINFO[0m Creating environment hook '/home/cimi/Documents/Workspace/humble/latihan_ws/install/sercli_cpp/share/sercli_cpp/hook/cmake_prefix_path.ps1'
[8.702s] [34mcolcon.colcon_core.shell[0m [1;30mINFO[0m Creating environment descriptor '/home/cimi/Documents/Workspace/humble/latihan_ws/install/sercli_cpp/share/sercli_cpp/hook/cmake_prefix_path.dsv'
[8.702s] [34mcolcon.colcon_core.shell[0m [1;30mINFO[0m Creating environment hook '/home/cimi/Documents/Workspace/humble/latihan_ws/install/sercli_cpp/share/sercli_cpp/hook/cmake_prefix_path.sh'
[8.703s] [34mcolcon.colcon_core.environment[0m [1;30mLevel 1[0m checking '/home/cimi/Documents/Workspace/humble/latihan_ws/install/sercli_cpp/lib'
[8.703s] [34mcolcon.colcon_core.environment[0m [1;30mLevel 1[0m checking '/home/cimi/Documents/Workspace/humble/latihan_ws/install/sercli_cpp/bin'
[8.703s] [34mcolcon.colcon_core.environment[0m [1;30mLevel 1[0m checking '/home/cimi/Documents/Workspace/humble/latihan_ws/install/sercli_cpp/lib/pkgconfig/sercli_cpp.pc'
[8.704s] [34mcolcon.colcon_core.environment[0m [1;30mLevel 1[0m checking '/home/cimi/Documents/Workspace/humble/latihan_ws/install/sercli_cpp/lib/python3.8/site-packages'
[8.704s] [34mcolcon.colcon_core.environment[0m [1;30mLevel 1[0m checking '/home/cimi/Documents/Workspace/humble/latihan_ws/install/sercli_cpp/bin'
[8.710s] [34mcolcon.colcon_core.shell[0m [1;30mINFO[0m Creating package script '/home/cimi/Documents/Workspace/humble/latihan_ws/install/sercli_cpp/share/sercli_cpp/package.ps1'
[8.711s] [34mcolcon.colcon_core.shell[0m [1;30mINFO[0m Creating package descriptor '/home/cimi/Documents/Workspace/humble/latihan_ws/install/sercli_cpp/share/sercli_cpp/package.dsv'
[8.712s] [34mcolcon.colcon_core.shell[0m [1;30mINFO[0m Creating package script '/home/cimi/Documents/Workspace/humble/latihan_ws/install/sercli_cpp/share/sercli_cpp/package.sh'
[8.712s] [34mcolcon.colcon_core.shell[0m [1;30mINFO[0m Creating package script '/home/cimi/Documents/Workspace/humble/latihan_ws/install/sercli_cpp/share/sercli_cpp/package.bash'
[8.713s] [34mcolcon.colcon_core.shell[0m [1;30mINFO[0m Creating package script '/home/cimi/Documents/Workspace/humble/latihan_ws/install/sercli_cpp/share/sercli_cpp/package.zsh'
[8.713s] [34mcolcon.colcon_core.environment[0m [1;30mLevel 1[0m create_file_with_runtime_dependencies(/home/cimi/Documents/Workspace/humble/latihan_ws/install/sercli_cpp/share/colcon-core/packages/sercli_cpp)
[8.738s] [34mcolcon.colcon_core.environment[0m [1;30mLevel 1[0m create_environment_scripts_only(pubsub_cpp)
[8.755s] [34mcolcon.colcon_core.environment[0m [1;30mLevel 1[0m checking '/home/cimi/Documents/Workspace/humble/latihan_ws/install/pubsub_cpp' for CMake module files
[8.756s] [34mcolcon.colcon_core.environment[0m [1;30mLevel 1[0m checking '/home/cimi/Documents/Workspace/humble/latihan_ws/install/pubsub_cpp' for CMake config files
[8.757s] [34mcolcon.colcon_core.shell[0m [1;30mLevel 1[0m create_environment_hook('pubsub_cpp', 'cmake_prefix_path')
[8.767s] [34mcolcon.colcon_core.shell[0m [1;30mINFO[0m Creating environment hook '/home/cimi/Documents/Workspace/humble/latihan_ws/install/pubsub_cpp/share/pubsub_cpp/hook/cmake_prefix_path.ps1'
[8.768s] [34mcolcon.colcon_core.shell[0m [1;30mINFO[0m Creating environment descriptor '/home/cimi/Documents/Workspace/humble/latihan_ws/install/pubsub_cpp/share/pubsub_cpp/hook/cmake_prefix_path.dsv'
[8.769s] [34mcolcon.colcon_core.shell[0m [1;30mINFO[0m Creating environment hook '/home/cimi/Documents/Workspace/humble/latihan_ws/install/pubsub_cpp/share/pubsub_cpp/hook/cmake_prefix_path.sh'
[8.770s] [34mcolcon.colcon_core.environment[0m [1;30mLevel 1[0m checking '/home/cimi/Documents/Workspace/humble/latihan_ws/install/pubsub_cpp/lib'
[8.770s] [34mcolcon.colcon_core.environment[0m [1;30mLevel 1[0m checking '/home/cimi/Documents/Workspace/humble/latihan_ws/install/pubsub_cpp/bin'
[8.770s] [34mcolcon.colcon_core.environment[0m [1;30mLevel 1[0m checking '/home/cimi/Documents/Workspace/humble/latihan_ws/install/pubsub_cpp/lib/pkgconfig/pubsub_cpp.pc'
[8.771s] [34mcolcon.colcon_core.environment[0m [1;30mLevel 1[0m checking '/home/cimi/Documents/Workspace/humble/latihan_ws/install/pubsub_cpp/lib/python3.8/site-packages'
[8.771s] [34mcolcon.colcon_core.environment[0m [1;30mLevel 1[0m checking '/home/cimi/Documents/Workspace/humble/latihan_ws/install/pubsub_cpp/bin'
[8.778s] [34mcolcon.colcon_core.shell[0m [1;30mINFO[0m Creating package script '/home/cimi/Documents/Workspace/humble/latihan_ws/install/pubsub_cpp/share/pubsub_cpp/package.ps1'
[8.779s] [34mcolcon.colcon_core.shell[0m [1;30mINFO[0m Creating package descriptor '/home/cimi/Documents/Workspace/humble/latihan_ws/install/pubsub_cpp/share/pubsub_cpp/package.dsv'
[8.780s] [34mcolcon.colcon_core.shell[0m [1;30mINFO[0m Creating package script '/home/cimi/Documents/Workspace/humble/latihan_ws/install/pubsub_cpp/share/pubsub_cpp/package.sh'
[8.781s] [34mcolcon.colcon_core.shell[0m [1;30mINFO[0m Creating package script '/home/cimi/Documents/Workspace/humble/latihan_ws/install/pubsub_cpp/share/pubsub_cpp/package.bash'
[8.782s] [34mcolcon.colcon_core.shell[0m [1;30mINFO[0m Creating package script '/home/cimi/Documents/Workspace/humble/latihan_ws/install/pubsub_cpp/share/pubsub_cpp/package.zsh'
[8.783s] [34mcolcon.colcon_core.environment[0m [1;30mLevel 1[0m create_file_with_runtime_dependencies(/home/cimi/Documents/Workspace/humble/latihan_ws/install/pubsub_cpp/share/colcon-core/packages/pubsub_cpp)
[8.873s] [34mcolcon.colcon_core.environment[0m [1;30mLevel 1[0m create_environment_scripts_only(sercli_cpp)
[8.901s] [34mcolcon.colcon_core.environment[0m [1;30mLevel 1[0m checking '/home/cimi/Documents/Workspace/humble/latihan_ws/install/sercli_cpp' for CMake module files
[8.903s] [34mcolcon.colcon_core.environment[0m [1;30mLevel 1[0m checking '/home/cimi/Documents/Workspace/humble/latihan_ws/install/sercli_cpp' for CMake config files
[8.904s] [34mcolcon.colcon_core.shell[0m [1;30mLevel 1[0m create_environment_hook('sercli_cpp', 'cmake_prefix_path')
[8.916s] [34mcolcon.colcon_core.shell[0m [1;30mINFO[0m Creating environment hook '/home/cimi/Documents/Workspace/humble/latihan_ws/install/sercli_cpp/share/sercli_cpp/hook/cmake_prefix_path.ps1'
[8.917s] [34mcolcon.colcon_core.shell[0m [1;30mINFO[0m Creating environment descriptor '/home/cimi/Documents/Workspace/humble/latihan_ws/install/sercli_cpp/share/sercli_cpp/hook/cmake_prefix_path.dsv'
[8.917s] [34mcolcon.colcon_core.shell[0m [1;30mINFO[0m Creating environment hook '/home/cimi/Documents/Workspace/humble/latihan_ws/install/sercli_cpp/share/sercli_cpp/hook/cmake_prefix_path.sh'
[8.918s] [34mcolcon.colcon_core.environment[0m [1;30mLevel 1[0m checking '/home/cimi/Documents/Workspace/humble/latihan_ws/install/sercli_cpp/lib'
[8.918s] [34mcolcon.colcon_core.environment[0m [1;30mLevel 1[0m checking '/home/cimi/Documents/Workspace/humble/latihan_ws/install/sercli_cpp/bin'
[8.919s] [34mcolcon.colcon_core.environment[0m [1;30mLevel 1[0m checking '/home/cimi/Documents/Workspace/humble/latihan_ws/install/sercli_cpp/lib/pkgconfig/sercli_cpp.pc'
[8.919s] [34mcolcon.colcon_core.environment[0m [1;30mLevel 1[0m checking '/home/cimi/Documents/Workspace/humble/latihan_ws/install/sercli_cpp/lib/python3.8/site-packages'
[8.920s] [34mcolcon.colcon_core.environment[0m [1;30mLevel 1[0m checking '/home/cimi/Documents/Workspace/humble/latihan_ws/install/sercli_cpp/bin'
[8.929s] [34mcolcon.colcon_core.shell[0m [1;30mINFO[0m Creating package script '/home/cimi/Documents/Workspace/humble/latihan_ws/install/sercli_cpp/share/sercli_cpp/package.ps1'
[8.930s] [34mcolcon.colcon_core.shell[0m [1;30mINFO[0m Creating package descriptor '/home/cimi/Documents/Workspace/humble/latihan_ws/install/sercli_cpp/share/sercli_cpp/package.dsv'
[8.931s] [34mcolcon.colcon_core.shell[0m [1;30mINFO[0m Creating package script '/home/cimi/Documents/Workspace/humble/latihan_ws/install/sercli_cpp/share/sercli_cpp/package.sh'
[8.934s] [34mcolcon.colcon_core.shell[0m [1;30mINFO[0m Creating package script '/home/cimi/Documents/Workspace/humble/latihan_ws/install/sercli_cpp/share/sercli_cpp/package.bash'
[8.936s] [34mcolcon.colcon_core.shell[0m [1;30mINFO[0m Creating package script '/home/cimi/Documents/Workspace/humble/latihan_ws/install/sercli_cpp/share/sercli_cpp/package.zsh'
[8.937s] [34mcolcon.colcon_core.environment[0m [1;30mLevel 1[0m create_file_with_runtime_dependencies(/home/cimi/Documents/Workspace/humble/latihan_ws/install/sercli_cpp/share/colcon-core/packages/sercli_cpp)
[9.589s] [34mcolcon.colcon_core.event_handler.log_command[0m [1;30mDEBUG[0m [32mInvoking command in '/home/cimi/Documents/Workspace/humble/latihan_ws/src/sercli_python': PYTHONPATH=/home/cimi/Documents/Workspace/humble/latihan_ws/build/sercli_python/prefix_override:/home/cimi/Documents/Workspace/humble/latihan_ws/install/sercli_python/lib/python3.8/site-packages:${PYTHONPATH} /usr/bin/python3 setup.py egg_info --egg-base ../../build/sercli_python build --build-base /home/cimi/Documents/Workspace/humble/latihan_ws/build/sercli_python/build install --record /home/cimi/Documents/Workspace/humble/latihan_ws/build/sercli_python/install.log --single-version-externally-managed[0m
[11.090s] [34mcolcon.colcon_core.event_handler.log_command[0m [1;30mDEBUG[0m [32mInvoking command in '/home/cimi/Documents/Workspace/humble/latihan_ws/src/servicecli_python': PYTHONPATH=/home/cimi/Documents/Workspace/humble/latihan_ws/build/servicecli_python/prefix_override:/home/cimi/Documents/Workspace/humble/latihan_ws/install/servicecli_python/lib/python3.8/site-packages:${PYTHONPATH} /usr/bin/python3 setup.py egg_info --egg-base ../../build/servicecli_python build --build-base /home/cimi/Documents/Workspace/humble/latihan_ws/build/servicecli_python/build install --record /home/cimi/Documents/Workspace/humble/latihan_ws/build/servicecli_python/install.log --single-version-externally-managed[0m
[12.123s] [34mcolcon.colcon_core.event_handler.log_command[0m [1;30mDEBUG[0m [32mInvoking command in '/home/cimi/Documents/Workspace/humble/latihan_ws/src/pubsub_python': PYTHONPATH=/home/cimi/Documents/Workspace/humble/latihan_ws/build/pubsub_python/prefix_override:/home/cimi/Documents/Workspace/humble/latihan_ws/install/pubsub_python/lib/python3.8/site-packages:${PYTHONPATH} /usr/bin/python3 setup.py egg_info --egg-base ../../build/pubsub_python build --build-base /home/cimi/Documents/Workspace/humble/latihan_ws/build/pubsub_python/build install --record /home/cimi/Documents/Workspace/humble/latihan_ws/build/pubsub_python/install.log --single-version-externally-managed[0m
[15.535s] [34mcolcon.colcon_core.environment[0m [1;30mLevel 1[0m checking '/home/cimi/Documents/Workspace/humble/latihan_ws/install/sercli_python' for CMake module files
[15.535s] [34mcolcon.colcon_core.event_handler.log_command[0m [1;30mDEBUG[0m [32mInvoked command in '/home/cimi/Documents/Workspace/humble/latihan_ws/src/sercli_python' returned '0': PYTHONPATH=/home/cimi/Documents/Workspace/humble/latihan_ws/build/sercli_python/prefix_override:/home/cimi/Documents/Workspace/humble/latihan_ws/install/sercli_python/lib/python3.8/site-packages:${PYTHONPATH} /usr/bin/python3 setup.py egg_info --egg-base ../../build/sercli_python build --build-base /home/cimi/Documents/Workspace/humble/latihan_ws/build/sercli_python/build install --record /home/cimi/Documents/Workspace/humble/latihan_ws/build/sercli_python/install.log --single-version-externally-managed[0m
[15.536s] [34mcolcon.colcon_core.environment[0m [1;30mLevel 1[0m checking '/home/cimi/Documents/Workspace/humble/latihan_ws/install/sercli_python' for CMake config files
[15.537s] [34mcolcon.colcon_core.environment[0m [1;30mLevel 1[0m checking '/home/cimi/Documents/Workspace/humble/latihan_ws/install/sercli_python/lib'
[15.537s] [34mcolcon.colcon_core.environment[0m [1;30mLevel 1[0m checking '/home/cimi/Documents/Workspace/humble/latihan_ws/install/sercli_python/bin'
[15.537s] [34mcolcon.colcon_core.environment[0m [1;30mLevel 1[0m checking '/home/cimi/Documents/Workspace/humble/latihan_ws/install/sercli_python/lib/pkgconfig/sercli_python.pc'
[15.537s] [34mcolcon.colcon_core.environment[0m [1;30mLevel 1[0m checking '/home/cimi/Documents/Workspace/humble/latihan_ws/install/sercli_python/lib/python3.8/site-packages'
[15.537s] [34mcolcon.colcon_core.shell[0m [1;30mLevel 1[0m create_environment_hook('sercli_python', 'pythonpath')
[15.546s] [34mcolcon.colcon_core.shell[0m [1;30mINFO[0m Creating environment hook '/home/cimi/Documents/Workspace/humble/latihan_ws/install/sercli_python/share/sercli_python/hook/pythonpath.ps1'
[15.547s] [34mcolcon.colcon_core.shell[0m [1;30mINFO[0m Creating environment descriptor '/home/cimi/Documents/Workspace/humble/latihan_ws/install/sercli_python/share/sercli_python/hook/pythonpath.dsv'
[15.548s] [34mcolcon.colcon_core.shell[0m [1;30mINFO[0m Creating environment hook '/home/cimi/Documents/Workspace/humble/latihan_ws/install/sercli_python/share/sercli_python/hook/pythonpath.sh'
[15.548s] [34mcolcon.colcon_core.environment[0m [1;30mLevel 1[0m checking '/home/cimi/Documents/Workspace/humble/latihan_ws/install/sercli_python/bin'
[15.548s] [34mcolcon.colcon_core.environment[0m [1;30mLevel 1[0m create_environment_scripts_only(sercli_python)
[15.557s] [34mcolcon.colcon_core.shell[0m [1;30mINFO[0m Creating package script '/home/cimi/Documents/Workspace/humble/latihan_ws/install/sercli_python/share/sercli_python/package.ps1'
[15.558s] [34mcolcon.colcon_core.shell[0m [1;30mINFO[0m Creating package descriptor '/home/cimi/Documents/Workspace/humble/latihan_ws/install/sercli_python/share/sercli_python/package.dsv'
[15.558s] [34mcolcon.colcon_core.shell[0m [1;30mINFO[0m Creating package script '/home/cimi/Documents/Workspace/humble/latihan_ws/install/sercli_python/share/sercli_python/package.sh'
[15.559s] [34mcolcon.colcon_core.shell[0m [1;30mINFO[0m Creating package script '/home/cimi/Documents/Workspace/humble/latihan_ws/install/sercli_python/share/sercli_python/package.bash'
[15.560s] [34mcolcon.colcon_core.shell[0m [1;30mINFO[0m Creating package script '/home/cimi/Documents/Workspace/humble/latihan_ws/install/sercli_python/share/sercli_python/package.zsh'
[15.560s] [34mcolcon.colcon_core.environment[0m [1;30mLevel 1[0m create_file_with_runtime_dependencies(/home/cimi/Documents/Workspace/humble/latihan_ws/install/sercli_python/share/colcon-core/packages/sercli_python)
[16.671s] [34mcolcon.colcon_core.environment[0m [1;30mLevel 1[0m checking '/home/cimi/Documents/Workspace/humble/latihan_ws/install/pubsub_python' for CMake module files
[16.671s] [34mcolcon.colcon_core.event_handler.log_command[0m [1;30mDEBUG[0m [32mInvoked command in '/home/cimi/Documents/Workspace/humble/latihan_ws/src/pubsub_python' returned '0': PYTHONPATH=/home/cimi/Documents/Workspace/humble/latihan_ws/build/pubsub_python/prefix_override:/home/cimi/Documents/Workspace/humble/latihan_ws/install/pubsub_python/lib/python3.8/site-packages:${PYTHONPATH} /usr/bin/python3 setup.py egg_info --egg-base ../../build/pubsub_python build --build-base /home/cimi/Documents/Workspace/humble/latihan_ws/build/pubsub_python/build install --record /home/cimi/Documents/Workspace/humble/latihan_ws/build/pubsub_python/install.log --single-version-externally-managed[0m
[16.671s] [34mcolcon.colcon_core.environment[0m [1;30mLevel 1[0m checking '/home/cimi/Documents/Workspace/humble/latihan_ws/install/pubsub_python' for CMake config files
[16.672s] [34mcolcon.colcon_core.environment[0m [1;30mLevel 1[0m checking '/home/cimi/Documents/Workspace/humble/latihan_ws/install/pubsub_python/lib'
[16.672s] [34mcolcon.colcon_core.environment[0m [1;30mLevel 1[0m checking '/home/cimi/Documents/Workspace/humble/latihan_ws/install/pubsub_python/bin'
[16.672s] [34mcolcon.colcon_core.environment[0m [1;30mLevel 1[0m checking '/home/cimi/Documents/Workspace/humble/latihan_ws/install/pubsub_python/lib/pkgconfig/pubsub_python.pc'
[16.672s] [34mcolcon.colcon_core.environment[0m [1;30mLevel 1[0m checking '/home/cimi/Documents/Workspace/humble/latihan_ws/install/pubsub_python/lib/python3.8/site-packages'
[16.672s] [34mcolcon.colcon_core.shell[0m [1;30mLevel 1[0m create_environment_hook('pubsub_python', 'pythonpath')
[16.677s] [34mcolcon.colcon_core.shell[0m [1;30mINFO[0m Creating environment hook '/home/cimi/Documents/Workspace/humble/latihan_ws/install/pubsub_python/share/pubsub_python/hook/pythonpath.ps1'
[16.706s] [34mcolcon.colcon_core.shell[0m [1;30mINFO[0m Creating environment descriptor '/home/cimi/Documents/Workspace/humble/latihan_ws/install/pubsub_python/share/pubsub_python/hook/pythonpath.dsv'
[16.707s] [34mcolcon.colcon_core.shell[0m [1;30mINFO[0m Creating environment hook '/home/cimi/Documents/Workspace/humble/latihan_ws/install/pubsub_python/share/pubsub_python/hook/pythonpath.sh'
[16.709s] [34mcolcon.colcon_core.environment[0m [1;30mLevel 1[0m checking '/home/cimi/Documents/Workspace/humble/latihan_ws/install/pubsub_python/bin'
[16.709s] [34mcolcon.colcon_core.environment[0m [1;30mLevel 1[0m create_environment_scripts_only(pubsub_python)
[16.719s] [34mcolcon.colcon_core.shell[0m [1;30mINFO[0m Creating package script '/home/cimi/Documents/Workspace/humble/latihan_ws/install/pubsub_python/share/pubsub_python/package.ps1'
[16.773s] [34mcolcon.colcon_core.shell[0m [1;30mINFO[0m Creating package descriptor '/home/cimi/Documents/Workspace/humble/latihan_ws/install/pubsub_python/share/pubsub_python/package.dsv'
[16.775s] [34mcolcon.colcon_core.shell[0m [1;30mINFO[0m Creating package script '/home/cimi/Documents/Workspace/humble/latihan_ws/install/pubsub_python/share/pubsub_python/package.sh'
[16.782s] [34mcolcon.colcon_core.shell[0m [1;30mINFO[0m Creating package script '/home/cimi/Documents/Workspace/humble/latihan_ws/install/pubsub_python/share/pubsub_python/package.bash'
[16.784s] [34mcolcon.colcon_core.shell[0m [1;30mINFO[0m Creating package script '/home/cimi/Documents/Workspace/humble/latihan_ws/install/pubsub_python/share/pubsub_python/package.zsh'
[16.785s] [34mcolcon.colcon_core.environment[0m [1;30mLevel 1[0m create_file_with_runtime_dependencies(/home/cimi/Documents/Workspace/humble/latihan_ws/install/pubsub_python/share/colcon-core/packages/pubsub_python)
[16.794s] [34mcolcon.colcon_core.environment[0m [1;30mLevel 1[0m checking '/home/cimi/Documents/Workspace/humble/latihan_ws/install/servicecli_python' for CMake module files
[16.795s] [34mcolcon.colcon_core.environment[0m [1;30mLevel 1[0m checking '/home/cimi/Documents/Workspace/humble/latihan_ws/install/servicecli_python' for CMake config files
[16.796s] [34mcolcon.colcon_core.environment[0m [1;30mLevel 1[0m checking '/home/cimi/Documents/Workspace/humble/latihan_ws/install/servicecli_python/lib'
[16.796s] [34mcolcon.colcon_core.environment[0m [1;30mLevel 1[0m checking '/home/cimi/Documents/Workspace/humble/latihan_ws/install/servicecli_python/bin'
[16.796s] [34mcolcon.colcon_core.environment[0m [1;30mLevel 1[0m checking '/home/cimi/Documents/Workspace/humble/latihan_ws/install/servicecli_python/lib/pkgconfig/servicecli_python.pc'
[16.796s] [34mcolcon.colcon_core.environment[0m [1;30mLevel 1[0m checking '/home/cimi/Documents/Workspace/humble/latihan_ws/install/servicecli_python/lib/python3.8/site-packages'
[16.796s] [34mcolcon.colcon_core.shell[0m [1;30mLevel 1[0m create_environment_hook('servicecli_python', 'pythonpath')
[16.803s] [34mcolcon.colcon_core.shell[0m [1;30mINFO[0m Creating environment hook '/home/cimi/Documents/Workspace/humble/latihan_ws/install/servicecli_python/share/servicecli_python/hook/pythonpath.ps1'
[16.804s] [34mcolcon.colcon_core.event_handler.log_command[0m [1;30mDEBUG[0m [32mInvoked command in '/home/cimi/Documents/Workspace/humble/latihan_ws/src/servicecli_python' returned '0': PYTHONPATH=/home/cimi/Documents/Workspace/humble/latihan_ws/build/servicecli_python/prefix_override:/home/cimi/Documents/Workspace/humble/latihan_ws/install/servicecli_python/lib/python3.8/site-packages:${PYTHONPATH} /usr/bin/python3 setup.py egg_info --egg-base ../../build/servicecli_python build --build-base /home/cimi/Documents/Workspace/humble/latihan_ws/build/servicecli_python/build install --record /home/cimi/Documents/Workspace/humble/latihan_ws/build/servicecli_python/install.log --single-version-externally-managed[0m
[16.804s] [34mcolcon.colcon_core.shell[0m [1;30mINFO[0m Creating environment descriptor '/home/cimi/Documents/Workspace/humble/latihan_ws/install/servicecli_python/share/servicecli_python/hook/pythonpath.dsv'
[16.804s] [34mcolcon.colcon_core.shell[0m [1;30mINFO[0m Creating environment hook '/home/cimi/Documents/Workspace/humble/latihan_ws/install/servicecli_python/share/servicecli_python/hook/pythonpath.sh'
[16.805s] [34mcolcon.colcon_core.environment[0m [1;30mLevel 1[0m checking '/home/cimi/Documents/Workspace/humble/latihan_ws/install/servicecli_python/bin'
[16.805s] [34mcolcon.colcon_core.environment[0m [1;30mLevel 1[0m create_environment_scripts_only(servicecli_python)
[16.811s] [34mcolcon.colcon_core.shell[0m [1;30mINFO[0m Creating package script '/home/cimi/Documents/Workspace/humble/latihan_ws/install/servicecli_python/share/servicecli_python/package.ps1'
[16.812s] [34mcolcon.colcon_core.shell[0m [1;30mINFO[0m Creating package descriptor '/home/cimi/Documents/Workspace/humble/latihan_ws/install/servicecli_python/share/servicecli_python/package.dsv'
[16.812s] [34mcolcon.colcon_core.shell[0m [1;30mINFO[0m Creating package script '/home/cimi/Documents/Workspace/humble/latihan_ws/install/servicecli_python/share/servicecli_python/package.sh'
[16.812s] [34mcolcon.colcon_core.shell[0m [1;30mINFO[0m Creating package script '/home/cimi/Documents/Workspace/humble/latihan_ws/install/servicecli_python/share/servicecli_python/package.bash'
[16.813s] [34mcolcon.colcon_core.shell[0m [1;30mINFO[0m Creating package script '/home/cimi/Documents/Workspace/humble/latihan_ws/install/servicecli_python/share/servicecli_python/package.zsh'
[16.813s] [34mcolcon.colcon_core.environment[0m [1;30mLevel 1[0m create_file_with_runtime_dependencies(/home/cimi/Documents/Workspace/humble/latihan_ws/install/servicecli_python/share/colcon-core/packages/servicecli_python)
[16.814s] [34mcolcon.colcon_parallel_executor.executor.parallel[0m [1;30mDEBUG[0m [32mclosing loop[0m
[16.814s] [34mcolcon.colcon_parallel_executor.executor.parallel[0m [1;30mDEBUG[0m [32mloop closed[0m
[16.814s] [34mcolcon.colcon_parallel_executor.executor.parallel[0m [1;30mDEBUG[0m [32mrun_until_complete finished with '0'[0m
[16.814s] [34mcolcon.colcon_core.event_reactor[0m [1;30mDEBUG[0m [32mjoining thread[0m
[16.831s] [34mcolcon.colcon_core.plugin_system[0m [1;30mINFO[0m Skipping extension 'colcon_notification.desktop_notification.terminal_notifier': Not used on non-Darwin systems
[16.831s] [34mcolcon.colcon_core.plugin_system[0m [1;30mINFO[0m Skipping extension 'colcon_notification.desktop_notification.win32': Not used on non-Windows systems
[16.831s] [34mcolcon.colcon_notification.desktop_notification[0m [1;30mINFO[0m Sending desktop notification using 'notify2'
[16.847s] [34mcolcon.colcon_core.event_reactor[0m [1;30mDEBUG[0m [32mjoined thread[0m
[16.852s] [34mcolcon.colcon_core.shell[0m [1;30mINFO[0m Creating prefix script '/home/cimi/Documents/Workspace/humble/latihan_ws/install/local_setup.ps1'
[16.872s] [34mcolcon.colcon_core.shell[0m [1;30mINFO[0m Creating prefix util module '/home/cimi/Documents/Workspace/humble/latihan_ws/install/_local_setup_util_ps1.py'
[16.874s] [34mcolcon.colcon_core.shell[0m [1;30mINFO[0m Creating prefix chain script '/home/cimi/Documents/Workspace/humble/latihan_ws/install/setup.ps1'
[16.893s] [34mcolcon.colcon_core.shell[0m [1;30mINFO[0m Creating prefix script '/home/cimi/Documents/Workspace/humble/latihan_ws/install/local_setup.sh'
[16.894s] [34mcolcon.colcon_core.shell[0m [1;30mINFO[0m Creating prefix util module '/home/cimi/Documents/Workspace/humble/latihan_ws/install/_local_setup_util_sh.py'
[16.895s] [34mcolcon.colcon_core.shell[0m [1;30mINFO[0m Creating prefix chain script '/home/cimi/Documents/Workspace/humble/latihan_ws/install/setup.sh'
[16.913s] [34mcolcon.colcon_core.shell[0m [1;30mINFO[0m Creating prefix script '/home/cimi/Documents/Workspace/humble/latihan_ws/install/local_setup.bash'
[16.913s] [34mcolcon.colcon_core.shell[0m [1;30mINFO[0m Creating prefix chain script '/home/cimi/Documents/Workspace/humble/latihan_ws/install/setup.bash'
[16.931s] [34mcolcon.colcon_core.shell[0m [1;30mINFO[0m Creating prefix script '/home/cimi/Documents/Workspace/humble/latihan_ws/install/local_setup.zsh'
[16.931s] [34mcolcon.colcon_core.shell[0m [1;30mINFO[0m Creating prefix chain script '/home/cimi/Documents/Workspace/humble/latihan_ws/install/setup.zsh'
