-- Found ament_cmake: 1.3.5 (/home/cimi/ros2_humble/install/ament_cmake/share/ament_cmake/cmake)
-- Found geometry_msgs: 4.2.3 (/home/cimi/ros2_humble/install/geometry_msgs/share/geometry_msgs/cmake)
-- Found rosidl_generator_c: 3.1.4 (/home/cimi/ros2_humble/install/rosidl_generator_c/share/rosidl_generator_c/cmake)
-- Found rosidl_adapter: 3.1.4 (/home/cimi/ros2_humble/install/rosidl_adapter/share/rosidl_adapter/cmake)
-- Found rosidl_generator_cpp: 3.1.4 (/home/cimi/ros2_humble/install/rosidl_generator_cpp/share/rosidl_generator_cpp/cmake)
-- Using all available rosidl_typesupport_c: rosidl_typesupport_introspection_c;rosidl_typesupport_fastrtps_c
-- Using all available rosidl_typesupport_cpp: rosidl_typesupport_introspection_cpp;rosidl_typesupport_fastrtps_cpp
-- Found rosidl_default_generators: 1.2.0 (/home/cimi/ros2_humble/install/rosidl_default_generators/share/rosidl_default_generators/cmake)
-- Found ament_cmake_ros: 0.10.0 (/home/cimi/ros2_humble/install/ament_cmake_ros/share/ament_cmake_ros/cmake)
-- Using all available rosidl_typesupport_c: rosidl_typesupport_introspection_c;rosidl_typesupport_fastrtps_c
-- Using all available rosidl_typesupport_cpp: rosidl_typesupport_introspection_cpp;rosidl_typesupport_fastrtps_cpp
-- Found python_cmake_module: 0.10.0 (/home/cimi/ros2_humble/install/python_cmake_module/share/python_cmake_module/cmake)
-- Using PYTHON_EXECUTABLE: /usr/bin/python3
-- Using PYTHON_INCLUDE_DIRS: /usr/include/python3.8
-- Using PYTHON_LIBRARIES: /usr/lib/x86_64-linux-gnu/libpython3.8.so
-- Found ament_lint_auto: 0.12.6 (/home/cimi/ros2_humble/install/ament_lint_auto/share/ament_lint_auto/cmake)
-- Added test 'cppcheck' to perform static code analysis on C / C++ code
-- Configured cppcheck include dirs: 
-- Configured cppcheck exclude dirs and/or files: 
-- Added test 'lint_cmake' to check CMake code style
-- Added test 'uncrustify' to check C / C++ code style
-- Configured uncrustify additional arguments: 
-- Added test 'xmllint' to check XML markup files
-- Configuring done
-- Generating done
-- Build files have been written to: /home/cimi/Documents/Workspace/humble/latihan_ws/build/custom_message
[  2%] Built target custom_message__cpp
[ 12%] Built target custom_message__rosidl_generator_c
[ 12%] Built target ament_cmake_python_copy_custom_message
[ 23%] Built target custom_message__rosidl_typesupport_cpp
[ 34%] Built target custom_message__rosidl_typesupport_introspection_cpp
[ 44%] Built target custom_message__rosidl_typesupport_fastrtps_cpp
[ 55%] Built target custom_message__rosidl_typesupport_c
[ 65%] Built target custom_message__rosidl_typesupport_introspection_c
[ 76%] Built target custom_message__rosidl_typesupport_fastrtps_c
[ 76%] Built target custom_message
[ 78%] Built target custom_message__py
[ 87%] Built target custom_message__rosidl_generator_py
[ 91%] Built target custom_message__rosidl_typesupport_fastrtps_c__pyext
[ 95%] Built target custom_message__rosidl_typesupport_c__pyext
[100%] Built target custom_message__rosidl_typesupport_introspection_c__pyext
running egg_info
writing custom_message.egg-info/PKG-INFO
writing dependency_links to custom_message.egg-info/dependency_links.txt
writing top-level names to custom_message.egg-info/top_level.txt
reading manifest file 'custom_message.egg-info/SOURCES.txt'
writing manifest file 'custom_message.egg-info/SOURCES.txt'
[100%] Built target ament_cmake_python_build_custom_message_egg
-- Install configuration: ""
-- Up-to-date: /home/cimi/Documents/Workspace/humble/latihan_ws/install/custom_message/share/ament_index/resource_index/rosidl_interfaces/custom_message
-- Up-to-date: /home/cimi/Documents/Workspace/humble/latihan_ws/install/custom_message/include/custom_message/custom_message
-- Up-to-date: /home/cimi/Documents/Workspace/humble/latihan_ws/install/custom_message/include/custom_message/custom_message/srv
-- Up-to-date: /home/cimi/Documents/Workspace/humble/latihan_ws/install/custom_message/include/custom_message/custom_message/srv/detail
-- Up-to-date: /home/cimi/Documents/Workspace/humble/latihan_ws/install/custom_message/include/custom_message/custom_message/srv/detail/add_three_ints__struct.h
-- Up-to-date: /home/cimi/Documents/Workspace/humble/latihan_ws/install/custom_message/include/custom_message/custom_message/srv/detail/add_three_ints__type_support.h
-- Up-to-date: /home/cimi/Documents/Workspace/humble/latihan_ws/install/custom_message/include/custom_message/custom_message/srv/detail/add_three_ints__functions.c
-- Up-to-date: /home/cimi/Documents/Workspace/humble/latihan_ws/install/custom_message/include/custom_message/custom_message/srv/detail/add_three_ints__functions.h
-- Up-to-date: /home/cimi/Documents/Workspace/humble/latihan_ws/install/custom_message/include/custom_message/custom_message/srv/add_three_ints.h
-- Up-to-date: /home/cimi/Documents/Workspace/humble/latihan_ws/install/custom_message/include/custom_message/custom_message/msg
-- Up-to-date: /home/cimi/Documents/Workspace/humble/latihan_ws/install/custom_message/include/custom_message/custom_message/msg/sphere.h
-- Up-to-date: /home/cimi/Documents/Workspace/humble/latihan_ws/install/custom_message/include/custom_message/custom_message/msg/rosidl_generator_c__visibility_control.h
-- Up-to-date: /home/cimi/Documents/Workspace/humble/latihan_ws/install/custom_message/include/custom_message/custom_message/msg/num.h
-- Up-to-date: /home/cimi/Documents/Workspace/humble/latihan_ws/install/custom_message/include/custom_message/custom_message/msg/detail
-- Up-to-date: /home/cimi/Documents/Workspace/humble/latihan_ws/install/custom_message/include/custom_message/custom_message/msg/detail/sphere__type_support.h
-- Up-to-date: /home/cimi/Documents/Workspace/humble/latihan_ws/install/custom_message/include/custom_message/custom_message/msg/detail/sphere__functions.c
-- Up-to-date: /home/cimi/Documents/Workspace/humble/latihan_ws/install/custom_message/include/custom_message/custom_message/msg/detail/sphere__struct.h
-- Up-to-date: /home/cimi/Documents/Workspace/humble/latihan_ws/install/custom_message/include/custom_message/custom_message/msg/detail/num__struct.h
-- Up-to-date: /home/cimi/Documents/Workspace/humble/latihan_ws/install/custom_message/include/custom_message/custom_message/msg/detail/num__functions.h
-- Up-to-date: /home/cimi/Documents/Workspace/humble/latihan_ws/install/custom_message/include/custom_message/custom_message/msg/detail/num__functions.c
-- Up-to-date: /home/cimi/Documents/Workspace/humble/latihan_ws/install/custom_message/include/custom_message/custom_message/msg/detail/num__type_support.h
-- Up-to-date: /home/cimi/Documents/Workspace/humble/latihan_ws/install/custom_message/include/custom_message/custom_message/msg/detail/sphere__functions.h
-- Up-to-date: /home/cimi/Documents/Workspace/humble/latihan_ws/install/custom_message/share/custom_message/environment/library_path.sh
-- Installing: /home/cimi/Documents/Workspace/humble/latihan_ws/install/custom_message/share/custom_message/environment/library_path.dsv
-- Up-to-date: /home/cimi/Documents/Workspace/humble/latihan_ws/install/custom_message/lib/libcustom_message__rosidl_generator_c.so
-- Up-to-date: /home/cimi/Documents/Workspace/humble/latihan_ws/install/custom_message/include/custom_message/custom_message
-- Up-to-date: /home/cimi/Documents/Workspace/humble/latihan_ws/install/custom_message/include/custom_message/custom_message/srv
-- Up-to-date: /home/cimi/Documents/Workspace/humble/latihan_ws/install/custom_message/include/custom_message/custom_message/srv/detail
-- Up-to-date: /home/cimi/Documents/Workspace/humble/latihan_ws/install/custom_message/include/custom_message/custom_message/srv/detail/add_three_ints__rosidl_typesupport_fastrtps_c.h
-- Up-to-date: /home/cimi/Documents/Workspace/humble/latihan_ws/install/custom_message/include/custom_message/custom_message/msg
-- Up-to-date: /home/cimi/Documents/Workspace/humble/latihan_ws/install/custom_message/include/custom_message/custom_message/msg/rosidl_typesupport_fastrtps_c__visibility_control.h
-- Up-to-date: /home/cimi/Documents/Workspace/humble/latihan_ws/install/custom_message/include/custom_message/custom_message/msg/detail
-- Up-to-date: /home/cimi/Documents/Workspace/humble/latihan_ws/install/custom_message/include/custom_message/custom_message/msg/detail/num__rosidl_typesupport_fastrtps_c.h
-- Up-to-date: /home/cimi/Documents/Workspace/humble/latihan_ws/install/custom_message/include/custom_message/custom_message/msg/detail/sphere__rosidl_typesupport_fastrtps_c.h
-- Up-to-date: /home/cimi/Documents/Workspace/humble/latihan_ws/install/custom_message/lib/libcustom_message__rosidl_typesupport_fastrtps_c.so
-- Up-to-date: /home/cimi/Documents/Workspace/humble/latihan_ws/install/custom_message/include/custom_message/custom_message
-- Up-to-date: /home/cimi/Documents/Workspace/humble/latihan_ws/install/custom_message/include/custom_message/custom_message/srv
-- Up-to-date: /home/cimi/Documents/Workspace/humble/latihan_ws/install/custom_message/include/custom_message/custom_message/srv/add_three_ints.hpp
-- Up-to-date: /home/cimi/Documents/Workspace/humble/latihan_ws/install/custom_message/include/custom_message/custom_message/srv/detail
-- Up-to-date: /home/cimi/Documents/Workspace/humble/latihan_ws/install/custom_message/include/custom_message/custom_message/srv/detail/add_three_ints__struct.hpp
-- Up-to-date: /home/cimi/Documents/Workspace/humble/latihan_ws/install/custom_message/include/custom_message/custom_message/srv/detail/add_three_ints__traits.hpp
-- Up-to-date: /home/cimi/Documents/Workspace/humble/latihan_ws/install/custom_message/include/custom_message/custom_message/srv/detail/add_three_ints__builder.hpp
-- Up-to-date: /home/cimi/Documents/Workspace/humble/latihan_ws/install/custom_message/include/custom_message/custom_message/msg
-- Up-to-date: /home/cimi/Documents/Workspace/humble/latihan_ws/install/custom_message/include/custom_message/custom_message/msg/sphere.hpp
-- Up-to-date: /home/cimi/Documents/Workspace/humble/latihan_ws/install/custom_message/include/custom_message/custom_message/msg/num.hpp
-- Up-to-date: /home/cimi/Documents/Workspace/humble/latihan_ws/install/custom_message/include/custom_message/custom_message/msg/detail
-- Up-to-date: /home/cimi/Documents/Workspace/humble/latihan_ws/install/custom_message/include/custom_message/custom_message/msg/detail/num__traits.hpp
-- Up-to-date: /home/cimi/Documents/Workspace/humble/latihan_ws/install/custom_message/include/custom_message/custom_message/msg/detail/sphere__traits.hpp
-- Up-to-date: /home/cimi/Documents/Workspace/humble/latihan_ws/install/custom_message/include/custom_message/custom_message/msg/detail/num__struct.hpp
-- Up-to-date: /home/cimi/Documents/Workspace/humble/latihan_ws/install/custom_message/include/custom_message/custom_message/msg/detail/sphere__builder.hpp
-- Up-to-date: /home/cimi/Documents/Workspace/humble/latihan_ws/install/custom_message/include/custom_message/custom_message/msg/detail/num__builder.hpp
-- Up-to-date: /home/cimi/Documents/Workspace/humble/latihan_ws/install/custom_message/include/custom_message/custom_message/msg/detail/sphere__struct.hpp
-- Up-to-date: /home/cimi/Documents/Workspace/humble/latihan_ws/install/custom_message/include/custom_message/custom_message
-- Up-to-date: /home/cimi/Documents/Workspace/humble/latihan_ws/install/custom_message/include/custom_message/custom_message/srv
-- Up-to-date: /home/cimi/Documents/Workspace/humble/latihan_ws/install/custom_message/include/custom_message/custom_message/srv/detail
-- Up-to-date: /home/cimi/Documents/Workspace/humble/latihan_ws/install/custom_message/include/custom_message/custom_message/srv/detail/dds_fastrtps
-- Up-to-date: /home/cimi/Documents/Workspace/humble/latihan_ws/install/custom_message/include/custom_message/custom_message/srv/detail/add_three_ints__rosidl_typesupport_fastrtps_cpp.hpp
-- Up-to-date: /home/cimi/Documents/Workspace/humble/latihan_ws/install/custom_message/include/custom_message/custom_message/msg
-- Up-to-date: /home/cimi/Documents/Workspace/humble/latihan_ws/install/custom_message/include/custom_message/custom_message/msg/detail
-- Up-to-date: /home/cimi/Documents/Workspace/humble/latihan_ws/install/custom_message/include/custom_message/custom_message/msg/detail/sphere__rosidl_typesupport_fastrtps_cpp.hpp
-- Up-to-date: /home/cimi/Documents/Workspace/humble/latihan_ws/install/custom_message/include/custom_message/custom_message/msg/detail/num__rosidl_typesupport_fastrtps_cpp.hpp
-- Up-to-date: /home/cimi/Documents/Workspace/humble/latihan_ws/install/custom_message/include/custom_message/custom_message/msg/detail/dds_fastrtps
-- Up-to-date: /home/cimi/Documents/Workspace/humble/latihan_ws/install/custom_message/include/custom_message/custom_message/msg/rosidl_typesupport_fastrtps_cpp__visibility_control.h
-- Up-to-date: /home/cimi/Documents/Workspace/humble/latihan_ws/install/custom_message/lib/libcustom_message__rosidl_typesupport_fastrtps_cpp.so
-- Up-to-date: /home/cimi/Documents/Workspace/humble/latihan_ws/install/custom_message/include/custom_message/custom_message
-- Up-to-date: /home/cimi/Documents/Workspace/humble/latihan_ws/install/custom_message/include/custom_message/custom_message/srv
-- Up-to-date: /home/cimi/Documents/Workspace/humble/latihan_ws/install/custom_message/include/custom_message/custom_message/srv/detail
-- Up-to-date: /home/cimi/Documents/Workspace/humble/latihan_ws/install/custom_message/include/custom_message/custom_message/srv/detail/add_three_ints__type_support.c
-- Up-to-date: /home/cimi/Documents/Workspace/humble/latihan_ws/install/custom_message/include/custom_message/custom_message/srv/detail/add_three_ints__rosidl_typesupport_introspection_c.h
-- Up-to-date: /home/cimi/Documents/Workspace/humble/latihan_ws/install/custom_message/include/custom_message/custom_message/msg
-- Up-to-date: /home/cimi/Documents/Workspace/humble/latihan_ws/install/custom_message/include/custom_message/custom_message/msg/detail
-- Up-to-date: /home/cimi/Documents/Workspace/humble/latihan_ws/install/custom_message/include/custom_message/custom_message/msg/detail/num__rosidl_typesupport_introspection_c.h
-- Up-to-date: /home/cimi/Documents/Workspace/humble/latihan_ws/install/custom_message/include/custom_message/custom_message/msg/detail/num__type_support.c
-- Up-to-date: /home/cimi/Documents/Workspace/humble/latihan_ws/install/custom_message/include/custom_message/custom_message/msg/detail/sphere__type_support.c
-- Up-to-date: /home/cimi/Documents/Workspace/humble/latihan_ws/install/custom_message/include/custom_message/custom_message/msg/detail/sphere__rosidl_typesupport_introspection_c.h
-- Up-to-date: /home/cimi/Documents/Workspace/humble/latihan_ws/install/custom_message/include/custom_message/custom_message/msg/rosidl_typesupport_introspection_c__visibility_control.h
-- Up-to-date: /home/cimi/Documents/Workspace/humble/latihan_ws/install/custom_message/lib/libcustom_message__rosidl_typesupport_introspection_c.so
-- Up-to-date: /home/cimi/Documents/Workspace/humble/latihan_ws/install/custom_message/lib/libcustom_message__rosidl_typesupport_c.so
-- Up-to-date: /home/cimi/Documents/Workspace/humble/latihan_ws/install/custom_message/include/custom_message/custom_message
-- Up-to-date: /home/cimi/Documents/Workspace/humble/latihan_ws/install/custom_message/include/custom_message/custom_message/srv
-- Up-to-date: /home/cimi/Documents/Workspace/humble/latihan_ws/install/custom_message/include/custom_message/custom_message/srv/detail
-- Up-to-date: /home/cimi/Documents/Workspace/humble/latihan_ws/install/custom_message/include/custom_message/custom_message/srv/detail/add_three_ints__rosidl_typesupport_introspection_cpp.hpp
-- Up-to-date: /home/cimi/Documents/Workspace/humble/latihan_ws/install/custom_message/include/custom_message/custom_message/srv/detail/add_three_ints__type_support.cpp
-- Up-to-date: /home/cimi/Documents/Workspace/humble/latihan_ws/install/custom_message/include/custom_message/custom_message/msg
-- Up-to-date: /home/cimi/Documents/Workspace/humble/latihan_ws/install/custom_message/include/custom_message/custom_message/msg/detail
-- Up-to-date: /home/cimi/Documents/Workspace/humble/latihan_ws/install/custom_message/include/custom_message/custom_message/msg/detail/num__type_support.cpp
-- Up-to-date: /home/cimi/Documents/Workspace/humble/latihan_ws/install/custom_message/include/custom_message/custom_message/msg/detail/num__rosidl_typesupport_introspection_cpp.hpp
-- Up-to-date: /home/cimi/Documents/Workspace/humble/latihan_ws/install/custom_message/include/custom_message/custom_message/msg/detail/sphere__rosidl_typesupport_introspection_cpp.hpp
-- Up-to-date: /home/cimi/Documents/Workspace/humble/latihan_ws/install/custom_message/include/custom_message/custom_message/msg/detail/sphere__type_support.cpp
-- Up-to-date: /home/cimi/Documents/Workspace/humble/latihan_ws/install/custom_message/lib/libcustom_message__rosidl_typesupport_introspection_cpp.so
-- Up-to-date: /home/cimi/Documents/Workspace/humble/latihan_ws/install/custom_message/lib/libcustom_message__rosidl_typesupport_cpp.so
-- Up-to-date: /home/cimi/Documents/Workspace/humble/latihan_ws/install/custom_message/share/custom_message/environment/pythonpath.sh
-- Installing: /home/cimi/Documents/Workspace/humble/latihan_ws/install/custom_message/share/custom_message/environment/pythonpath.dsv
-- Up-to-date: /home/cimi/Documents/Workspace/humble/latihan_ws/install/custom_message/lib/python3.8/site-packages/custom_message-0.0.0-py3.8.egg-info
-- Installing: /home/cimi/Documents/Workspace/humble/latihan_ws/install/custom_message/lib/python3.8/site-packages/custom_message-0.0.0-py3.8.egg-info/SOURCES.txt
-- Installing: /home/cimi/Documents/Workspace/humble/latihan_ws/install/custom_message/lib/python3.8/site-packages/custom_message-0.0.0-py3.8.egg-info/top_level.txt
-- Installing: /home/cimi/Documents/Workspace/humble/latihan_ws/install/custom_message/lib/python3.8/site-packages/custom_message-0.0.0-py3.8.egg-info/dependency_links.txt
-- Installing: /home/cimi/Documents/Workspace/humble/latihan_ws/install/custom_message/lib/python3.8/site-packages/custom_message-0.0.0-py3.8.egg-info/PKG-INFO
-- Up-to-date: /home/cimi/Documents/Workspace/humble/latihan_ws/install/custom_message/lib/python3.8/site-packages/custom_message
-- Up-to-date: /home/cimi/Documents/Workspace/humble/latihan_ws/install/custom_message/lib/python3.8/site-packages/custom_message/custom_message_s__rosidl_typesupport_c.cpython-38-x86_64-linux-gnu.so
-- Up-to-date: /home/cimi/Documents/Workspace/humble/latihan_ws/install/custom_message/lib/python3.8/site-packages/custom_message/_custom_message_s.ep.rosidl_typesupport_introspection_c.c
-- Up-to-date: /home/cimi/Documents/Workspace/humble/latihan_ws/install/custom_message/lib/python3.8/site-packages/custom_message/srv
-- Up-to-date: /home/cimi/Documents/Workspace/humble/latihan_ws/install/custom_message/lib/python3.8/site-packages/custom_message/srv/__init__.py
-- Up-to-date: /home/cimi/Documents/Workspace/humble/latihan_ws/install/custom_message/lib/python3.8/site-packages/custom_message/srv/_add_three_ints_s.c
-- Up-to-date: /home/cimi/Documents/Workspace/humble/latihan_ws/install/custom_message/lib/python3.8/site-packages/custom_message/srv/_add_three_ints.py
-- Up-to-date: /home/cimi/Documents/Workspace/humble/latihan_ws/install/custom_message/lib/python3.8/site-packages/custom_message/_custom_message_s.ep.rosidl_typesupport_fastrtps_c.c
-- Up-to-date: /home/cimi/Documents/Workspace/humble/latihan_ws/install/custom_message/lib/python3.8/site-packages/custom_message/libcustom_message__rosidl_generator_py.so
-- Installing: /home/cimi/Documents/Workspace/humble/latihan_ws/install/custom_message/lib/python3.8/site-packages/custom_message/__init__.py
-- Up-to-date: /home/cimi/Documents/Workspace/humble/latihan_ws/install/custom_message/lib/python3.8/site-packages/custom_message/_custom_message_s.ep.rosidl_typesupport_c.c
-- Up-to-date: /home/cimi/Documents/Workspace/humble/latihan_ws/install/custom_message/lib/python3.8/site-packages/custom_message/msg
-- Up-to-date: /home/cimi/Documents/Workspace/humble/latihan_ws/install/custom_message/lib/python3.8/site-packages/custom_message/msg/_num_s.c
-- Up-to-date: /home/cimi/Documents/Workspace/humble/latihan_ws/install/custom_message/lib/python3.8/site-packages/custom_message/msg/__init__.py
-- Up-to-date: /home/cimi/Documents/Workspace/humble/latihan_ws/install/custom_message/lib/python3.8/site-packages/custom_message/msg/_sphere.py
-- Up-to-date: /home/cimi/Documents/Workspace/humble/latihan_ws/install/custom_message/lib/python3.8/site-packages/custom_message/msg/_sphere_s.c
-- Up-to-date: /home/cimi/Documents/Workspace/humble/latihan_ws/install/custom_message/lib/python3.8/site-packages/custom_message/msg/_num.py
-- Up-to-date: /home/cimi/Documents/Workspace/humble/latihan_ws/install/custom_message/lib/python3.8/site-packages/custom_message/custom_message_s__rosidl_typesupport_introspection_c.cpython-38-x86_64-linux-gnu.so
-- Up-to-date: /home/cimi/Documents/Workspace/humble/latihan_ws/install/custom_message/lib/python3.8/site-packages/custom_message/custom_message_s__rosidl_typesupport_fastrtps_c.cpython-38-x86_64-linux-gnu.so
Listing '/home/cimi/Documents/Workspace/humble/latihan_ws/install/custom_message/lib/python3.8/site-packages/custom_message'...
Compiling '/home/cimi/Documents/Workspace/humble/latihan_ws/install/custom_message/lib/python3.8/site-packages/custom_message/__init__.py'...
Listing '/home/cimi/Documents/Workspace/humble/latihan_ws/install/custom_message/lib/python3.8/site-packages/custom_message/msg'...
Listing '/home/cimi/Documents/Workspace/humble/latihan_ws/install/custom_message/lib/python3.8/site-packages/custom_message/srv'...
-- Up-to-date: /home/cimi/Documents/Workspace/humble/latihan_ws/install/custom_message/lib/python3.8/site-packages/custom_message/custom_message_s__rosidl_typesupport_introspection_c.cpython-38-x86_64-linux-gnu.so
-- Up-to-date: /home/cimi/Documents/Workspace/humble/latihan_ws/install/custom_message/lib/python3.8/site-packages/custom_message/custom_message_s__rosidl_typesupport_fastrtps_c.cpython-38-x86_64-linux-gnu.so
-- Up-to-date: /home/cimi/Documents/Workspace/humble/latihan_ws/install/custom_message/lib/python3.8/site-packages/custom_message/custom_message_s__rosidl_typesupport_c.cpython-38-x86_64-linux-gnu.so
-- Up-to-date: /home/cimi/Documents/Workspace/humble/latihan_ws/install/custom_message/lib/libcustom_message__rosidl_generator_py.so
-- Up-to-date: /home/cimi/Documents/Workspace/humble/latihan_ws/install/custom_message/share/custom_message/msg/Num.idl
-- Up-to-date: /home/cimi/Documents/Workspace/humble/latihan_ws/install/custom_message/share/custom_message/msg/Sphere.idl
-- Up-to-date: /home/cimi/Documents/Workspace/humble/latihan_ws/install/custom_message/share/custom_message/srv/AddThreeInts.idl
-- Up-to-date: /home/cimi/Documents/Workspace/humble/latihan_ws/install/custom_message/share/custom_message/msg/Num.msg
-- Up-to-date: /home/cimi/Documents/Workspace/humble/latihan_ws/install/custom_message/share/custom_message/msg/Sphere.msg
-- Up-to-date: /home/cimi/Documents/Workspace/humble/latihan_ws/install/custom_message/share/custom_message/srv/AddThreeInts.srv
-- Up-to-date: /home/cimi/Documents/Workspace/humble/latihan_ws/install/custom_message/share/custom_message/srv/AddThreeInts_Request.msg
-- Up-to-date: /home/cimi/Documents/Workspace/humble/latihan_ws/install/custom_message/share/custom_message/srv/AddThreeInts_Response.msg
-- Up-to-date: /home/cimi/Documents/Workspace/humble/latihan_ws/install/custom_message/share/ament_index/resource_index/package_run_dependencies/custom_message
-- Installing: /home/cimi/Documents/Workspace/humble/latihan_ws/install/custom_message/share/ament_index/resource_index/parent_prefix_path/custom_message
-- Up-to-date: /home/cimi/Documents/Workspace/humble/latihan_ws/install/custom_message/share/custom_message/environment/ament_prefix_path.sh
-- Installing: /home/cimi/Documents/Workspace/humble/latihan_ws/install/custom_message/share/custom_message/environment/ament_prefix_path.dsv
-- Up-to-date: /home/cimi/Documents/Workspace/humble/latihan_ws/install/custom_message/share/custom_message/environment/path.sh
-- Installing: /home/cimi/Documents/Workspace/humble/latihan_ws/install/custom_message/share/custom_message/environment/path.dsv
-- Up-to-date: /home/cimi/Documents/Workspace/humble/latihan_ws/install/custom_message/share/custom_message/local_setup.bash
-- Up-to-date: /home/cimi/Documents/Workspace/humble/latihan_ws/install/custom_message/share/custom_message/local_setup.sh
-- Up-to-date: /home/cimi/Documents/Workspace/humble/latihan_ws/install/custom_message/share/custom_message/local_setup.zsh
-- Installing: /home/cimi/Documents/Workspace/humble/latihan_ws/install/custom_message/share/custom_message/local_setup.dsv
-- Installing: /home/cimi/Documents/Workspace/humble/latihan_ws/install/custom_message/share/custom_message/package.dsv
-- Up-to-date: /home/cimi/Documents/Workspace/humble/latihan_ws/install/custom_message/share/ament_index/resource_index/packages/custom_message
-- Up-to-date: /home/cimi/Documents/Workspace/humble/latihan_ws/install/custom_message/share/custom_message/cmake/export_custom_message__rosidl_generator_cExport.cmake
-- Installing: /home/cimi/Documents/Workspace/humble/latihan_ws/install/custom_message/share/custom_message/cmake/export_custom_message__rosidl_generator_cExport-noconfig.cmake
-- Up-to-date: /home/cimi/Documents/Workspace/humble/latihan_ws/install/custom_message/share/custom_message/cmake/export_custom_message__rosidl_typesupport_fastrtps_cExport.cmake
-- Installing: /home/cimi/Documents/Workspace/humble/latihan_ws/install/custom_message/share/custom_message/cmake/export_custom_message__rosidl_typesupport_fastrtps_cExport-noconfig.cmake
-- Up-to-date: /home/cimi/Documents/Workspace/humble/latihan_ws/install/custom_message/share/custom_message/cmake/export_custom_message__rosidl_generator_cppExport.cmake
-- Up-to-date: /home/cimi/Documents/Workspace/humble/latihan_ws/install/custom_message/share/custom_message/cmake/export_custom_message__rosidl_typesupport_fastrtps_cppExport.cmake
-- Installing: /home/cimi/Documents/Workspace/humble/latihan_ws/install/custom_message/share/custom_message/cmake/export_custom_message__rosidl_typesupport_fastrtps_cppExport-noconfig.cmake
-- Up-to-date: /home/cimi/Documents/Workspace/humble/latihan_ws/install/custom_message/share/custom_message/cmake/custom_message__rosidl_typesupport_introspection_cExport.cmake
-- Installing: /home/cimi/Documents/Workspace/humble/latihan_ws/install/custom_message/share/custom_message/cmake/custom_message__rosidl_typesupport_introspection_cExport-noconfig.cmake
-- Up-to-date: /home/cimi/Documents/Workspace/humble/latihan_ws/install/custom_message/share/custom_message/cmake/custom_message__rosidl_typesupport_cExport.cmake
-- Installing: /home/cimi/Documents/Workspace/humble/latihan_ws/install/custom_message/share/custom_message/cmake/custom_message__rosidl_typesupport_cExport-noconfig.cmake
-- Up-to-date: /home/cimi/Documents/Workspace/humble/latihan_ws/install/custom_message/share/custom_message/cmake/custom_message__rosidl_typesupport_introspection_cppExport.cmake
-- Installing: /home/cimi/Documents/Workspace/humble/latihan_ws/install/custom_message/share/custom_message/cmake/custom_message__rosidl_typesupport_introspection_cppExport-noconfig.cmake
-- Up-to-date: /home/cimi/Documents/Workspace/humble/latihan_ws/install/custom_message/share/custom_message/cmake/custom_message__rosidl_typesupport_cppExport.cmake
-- Installing: /home/cimi/Documents/Workspace/humble/latihan_ws/install/custom_message/share/custom_message/cmake/custom_message__rosidl_typesupport_cppExport-noconfig.cmake
-- Up-to-date: /home/cimi/Documents/Workspace/humble/latihan_ws/install/custom_message/share/custom_message/cmake/export_custom_message__rosidl_generator_pyExport.cmake
-- Installing: /home/cimi/Documents/Workspace/humble/latihan_ws/install/custom_message/share/custom_message/cmake/export_custom_message__rosidl_generator_pyExport-noconfig.cmake
-- Up-to-date: /home/cimi/Documents/Workspace/humble/latihan_ws/install/custom_message/share/custom_message/cmake/rosidl_cmake-extras.cmake
-- Up-to-date: /home/cimi/Documents/Workspace/humble/latihan_ws/install/custom_message/share/custom_message/cmake/ament_cmake_export_dependencies-extras.cmake
-- Up-to-date: /home/cimi/Documents/Workspace/humble/latihan_ws/install/custom_message/share/custom_message/cmake/ament_cmake_export_include_directories-extras.cmake
-- Up-to-date: /home/cimi/Documents/Workspace/humble/latihan_ws/install/custom_message/share/custom_message/cmake/ament_cmake_export_libraries-extras.cmake
-- Up-to-date: /home/cimi/Documents/Workspace/humble/latihan_ws/install/custom_message/share/custom_message/cmake/ament_cmake_export_targets-extras.cmake
-- Up-to-date: /home/cimi/Documents/Workspace/humble/latihan_ws/install/custom_message/share/custom_message/cmake/rosidl_cmake_export_typesupport_targets-extras.cmake
-- Up-to-date: /home/cimi/Documents/Workspace/humble/latihan_ws/install/custom_message/share/custom_message/cmake/rosidl_cmake_export_typesupport_libraries-extras.cmake
-- Up-to-date: /home/cimi/Documents/Workspace/humble/latihan_ws/install/custom_message/share/custom_message/cmake/custom_messageConfig.cmake
-- Up-to-date: /home/cimi/Documents/Workspace/humble/latihan_ws/install/custom_message/share/custom_message/cmake/custom_messageConfig-version.cmake
-- Installing: /home/cimi/Documents/Workspace/humble/latihan_ws/install/custom_message/share/custom_message/package.xml
