[0.226s] Invoking command in '/home/cimi/Documents/Workspace/humble/latihan_ws/build/custom_message': CMAKE_PREFIX_PATH=${CMAKE_PREFIX_PATH}:/home/cimi/Documents/Workspace/humble/latihan_ws/install/py_srvcli:/home/cimi/Documents/Workspace/humble/latihan_ws/install/pubsub_python:/home/cimi/ros2_humble/install/rqt_bag_plugins:/home/cimi/ros2_humble/install/rqt_bag:/home/cimi/ros2_humble/install/ros2bag:/home/cimi/ros2_humble/install/tracetools_test:/home/cimi/ros2_humble/install/tracetools_launch:/home/cimi/ros2_humble/install/topic_monitor:/home/cimi/ros2_humble/install/tf2_tools:/home/cimi/ros2_humble/install/examples_tf2_py:/home/cimi/ros2_humble/install/tf2_ros_py:/home/cimi/ros2_humble/install/sros2:/home/cimi/ros2_humble/install/rqt_topic:/home/cimi/ros2_humble/install/rqt_srv:/home/cimi/ros2_humble/install/rqt_shell:/home/cimi/ros2_humble/install/rqt_service_caller:/home/cimi/ros2_humble/install/rqt_reconfigure:/home/cimi/ros2_humble/install/rqt_py_console:/home/cimi/ros2_humble/install/rqt_publisher:/home/cimi/ros2_humble/install/rqt_plot:/home/cimi/ros2_humble/install/rqt_action:/home/cimi/ros2_humble/install/rqt_msg:/home/cimi/ros2_humble/install/rqt_console:/home/cimi/ros2_humble/install/rqt:/home/cimi/ros2_humble/install/rqt_graph:/home/cimi/ros2_humble/install/rqt_gui_py:/home/cimi/ros2_humble/install/rqt_gui:/home/cimi/ros2_humble/install/ros2trace:/home/cimi/ros2_humble/install/ros2topic:/home/cimi/ros2_humble/install/ros2test:/home/cimi/ros2_humble/install/ros2component:/home/cimi/ros2_humble/install/ros2param:/home/cimi/ros2_humble/install/ros2lifecycle:/home/cimi/ros2_humble/install/ros2service:/home/cimi/ros2_humble/install/ros2run:/home/cimi/ros2_humble/install/ros2launch:/home/cimi/ros2_humble/install/ros2pkg:/home/cimi/ros2_humble/install/ros2node:/home/cimi/ros2_humble/install/ros2multicast:/home/cimi/ros2_humble/install/ros2interface:/home/cimi/ros2_humble/install/ros2doctor:/home/cimi/ros2_humble/install/ros2action:/home/cimi/ros2_humble/install/ros2cli:/home/cimi/ros2_humble/install/quality_of_service_demo_py:/home/cimi/ros2_humble/install/lifecycle_py:/home/cimi/ros2_humble/install/launch_testing_ros:/home/cimi/ros2_humble/install/launch_ros:/home/cimi/ros2_humble/install/examples_rclpy_pointcloud_publisher:/home/cimi/ros2_humble/install/examples_rclpy_minimal_subscriber:/home/cimi/ros2_humble/install/examples_rclpy_minimal_service:/home/cimi/ros2_humble/install/examples_rclpy_minimal_publisher:/home/cimi/ros2_humble/install/examples_rclpy_minimal_client:/home/cimi/ros2_humble/install/examples_rclpy_minimal_action_server:/home/cimi/ros2_humble/install/examples_rclpy_minimal_action_client:/home/cimi/ros2_humble/install/examples_rclpy_guard_conditions:/home/cimi/ros2_humble/install/examples_rclpy_executors:/home/cimi/ros2_humble/install/demo_nodes_py:/home/cimi/ros2_humble/install/action_tutorials_py:/home/cimi/ros2_humble/install/ament_uncrustify:/home/cimi/ros2_humble/install/tracetools_trace:/home/cimi/ros2_humble/install/tracetools_read:/home/cimi/ros2_humble/install/test_tracetools_launch:/home/cimi/ros2_humble/install/test_launch_ros:/home/cimi/ros2_humble/install/sensor_msgs_py:/home/cimi/ros2_humble/install/rpyutils:/home/cimi/ros2_humble/install/rosidl_runtime_py:/home/cimi/ros2_humble/install/rosidl_cli:/home/cimi/ros2_humble/install/launch_pytest:/home/cimi/ros2_humble/install/launch_testing:/home/cimi/ros2_humble/install/launch_yaml:/home/cimi/ros2_humble/install/launch_xml:/home/cimi/ros2_humble/install/launch:/home/cimi/ros2_humble/install/osrf_pycommon:/home/cimi/ros2_humble/install/launch_testing_examples:/home/cimi/ros2_humble/install/domain_coordinator:/home/cimi/ros2_humble/install/ament_xmllint:/home/cimi/ros2_humble/install/ament_pyflakes:/home/cimi/ros2_humble/install/ament_pycodestyle:/home/cimi/ros2_humble/install/ament_pep257:/home/cimi/ros2_humble/install/ament_pclint:/home/cimi/ros2_humble/install/ament_package:/home/cimi/ros2_humble/install/ament_mypy:/home/cimi/ros2_humble/install/ament_lint_cmake:/home/cimi/ros2_humble/install/ament_flake8:/home/cimi/ros2_humble/install/ament_copyright:/home/cimi/ros2_humble/install/ament_lint:/home/cimi/ros2_humble/install/ament_index_python:/home/cimi/ros2_humble/install/ament_cpplint:/home/cimi/ros2_humble/install/ament_cppcheck:/home/cimi/ros2_humble/install/ament_clang_tidy:/home/cimi/ros2_humble/install/ament_clang_format /usr/bin/cmake --build /home/cimi/Documents/Workspace/humble/latihan_ws/build/custom_message -- -j8 -l8
[0.334s] -- Found ament_cmake: 1.3.5 (/home/cimi/ros2_humble/install/ament_cmake/share/ament_cmake/cmake)
[1.056s] -- Found geometry_msgs: 4.2.3 (/home/cimi/ros2_humble/install/geometry_msgs/share/geometry_msgs/cmake)
[1.098s] -- Found rosidl_generator_c: 3.1.4 (/home/cimi/ros2_humble/install/rosidl_generator_c/share/rosidl_generator_c/cmake)
[1.102s] -- Found rosidl_adapter: 3.1.4 (/home/cimi/ros2_humble/install/rosidl_adapter/share/rosidl_adapter/cmake)
[1.111s] -- Found rosidl_generator_cpp: 3.1.4 (/home/cimi/ros2_humble/install/rosidl_generator_cpp/share/rosidl_generator_cpp/cmake)
[1.159s] -- Using all available rosidl_typesupport_c: rosidl_typesupport_introspection_c;rosidl_typesupport_fastrtps_c
[1.211s] -- Using all available rosidl_typesupport_cpp: rosidl_typesupport_introspection_cpp;rosidl_typesupport_fastrtps_cpp
[1.400s] -- Found rosidl_default_generators: 1.2.0 (/home/cimi/ros2_humble/install/rosidl_default_generators/share/rosidl_default_generators/cmake)
[4.091s] -- Found ament_cmake_ros: 0.10.0 (/home/cimi/ros2_humble/install/ament_cmake_ros/share/ament_cmake_ros/cmake)
[7.136s] -- Using all available rosidl_typesupport_c: rosidl_typesupport_introspection_c;rosidl_typesupport_fastrtps_c
[8.418s] -- Using all available rosidl_typesupport_cpp: rosidl_typesupport_introspection_cpp;rosidl_typesupport_fastrtps_cpp
[8.419s] -- Found python_cmake_module: 0.10.0 (/home/cimi/ros2_humble/install/python_cmake_module/share/python_cmake_module/cmake)
[8.419s] -- Using PYTHON_EXECUTABLE: /usr/bin/python3
[8.419s] -- Using PYTHON_INCLUDE_DIRS: /usr/include/python3.8
[8.419s] -- Using PYTHON_LIBRARIES: /usr/lib/x86_64-linux-gnu/libpython3.8.so
[8.803s] -- Found ament_lint_auto: 0.12.6 (/home/cimi/ros2_humble/install/ament_lint_auto/share/ament_lint_auto/cmake)
[8.819s] -- Added test 'cppcheck' to perform static code analysis on C / C++ code
[8.820s] -- Configured cppcheck include dirs: 
[8.820s] -- Configured cppcheck exclude dirs and/or files: 
[8.827s] -- Added test 'lint_cmake' to check CMake code style
[8.828s] -- Added test 'uncrustify' to check C / C++ code style
[8.828s] -- Configured uncrustify additional arguments: 
[8.834s] -- Added test 'xmllint' to check XML markup files
[8.842s] -- Configuring done
[9.102s] -- Generating done
[9.108s] -- Build files have been written to: /home/cimi/Documents/Workspace/humble/latihan_ws/build/custom_message
[9.228s] [  2%] Built target custom_message__cpp
[9.288s] [ 12%] Built target custom_message__rosidl_generator_c
[9.348s] [ 12%] Built target ament_cmake_python_copy_custom_message
[9.383s] [ 23%] Built target custom_message__rosidl_typesupport_cpp
[9.416s] [ 34%] Built target custom_message__rosidl_typesupport_introspection_cpp
[9.441s] [ 44%] Built target custom_message__rosidl_typesupport_fastrtps_cpp
[9.475s] [ 55%] Built target custom_message__rosidl_typesupport_c
[9.481s] [ 65%] Built target custom_message__rosidl_typesupport_introspection_c
[9.492s] [ 76%] Built target custom_message__rosidl_typesupport_fastrtps_c
[9.561s] [ 76%] Built target custom_message
[9.630s] [ 78%] Built target custom_message__py
[9.781s] [ 87%] Built target custom_message__rosidl_generator_py
[9.920s] [ 91%] Built target custom_message__rosidl_typesupport_fastrtps_c__pyext
[9.921s] [ 95%] Built target custom_message__rosidl_typesupport_c__pyext
[9.961s] [100%] Built target custom_message__rosidl_typesupport_introspection_c__pyext
[10.078s] running egg_info
[10.138s] writing custom_message.egg-info/PKG-INFO
[10.139s] writing dependency_links to custom_message.egg-info/dependency_links.txt
[10.140s] writing top-level names to custom_message.egg-info/top_level.txt
[10.493s] reading manifest file 'custom_message.egg-info/SOURCES.txt'
[10.495s] writing manifest file 'custom_message.egg-info/SOURCES.txt'
[10.542s] [100%] Built target ament_cmake_python_build_custom_message_egg
[10.569s] Invoked command in '/home/cimi/Documents/Workspace/humble/latihan_ws/build/custom_message' returned '0': CMAKE_PREFIX_PATH=${CMAKE_PREFIX_PATH}:/home/cimi/Documents/Workspace/humble/latihan_ws/install/py_srvcli:/home/cimi/Documents/Workspace/humble/latihan_ws/install/pubsub_python:/home/cimi/ros2_humble/install/rqt_bag_plugins:/home/cimi/ros2_humble/install/rqt_bag:/home/cimi/ros2_humble/install/ros2bag:/home/cimi/ros2_humble/install/tracetools_test:/home/cimi/ros2_humble/install/tracetools_launch:/home/cimi/ros2_humble/install/topic_monitor:/home/cimi/ros2_humble/install/tf2_tools:/home/cimi/ros2_humble/install/examples_tf2_py:/home/cimi/ros2_humble/install/tf2_ros_py:/home/cimi/ros2_humble/install/sros2:/home/cimi/ros2_humble/install/rqt_topic:/home/cimi/ros2_humble/install/rqt_srv:/home/cimi/ros2_humble/install/rqt_shell:/home/cimi/ros2_humble/install/rqt_service_caller:/home/cimi/ros2_humble/install/rqt_reconfigure:/home/cimi/ros2_humble/install/rqt_py_console:/home/cimi/ros2_humble/install/rqt_publisher:/home/cimi/ros2_humble/install/rqt_plot:/home/cimi/ros2_humble/install/rqt_action:/home/cimi/ros2_humble/install/rqt_msg:/home/cimi/ros2_humble/install/rqt_console:/home/cimi/ros2_humble/install/rqt:/home/cimi/ros2_humble/install/rqt_graph:/home/cimi/ros2_humble/install/rqt_gui_py:/home/cimi/ros2_humble/install/rqt_gui:/home/cimi/ros2_humble/install/ros2trace:/home/cimi/ros2_humble/install/ros2topic:/home/cimi/ros2_humble/install/ros2test:/home/cimi/ros2_humble/install/ros2component:/home/cimi/ros2_humble/install/ros2param:/home/cimi/ros2_humble/install/ros2lifecycle:/home/cimi/ros2_humble/install/ros2service:/home/cimi/ros2_humble/install/ros2run:/home/cimi/ros2_humble/install/ros2launch:/home/cimi/ros2_humble/install/ros2pkg:/home/cimi/ros2_humble/install/ros2node:/home/cimi/ros2_humble/install/ros2multicast:/home/cimi/ros2_humble/install/ros2interface:/home/cimi/ros2_humble/install/ros2doctor:/home/cimi/ros2_humble/install/ros2action:/home/cimi/ros2_humble/install/ros2cli:/home/cimi/ros2_humble/install/quality_of_service_demo_py:/home/cimi/ros2_humble/install/lifecycle_py:/home/cimi/ros2_humble/install/launch_testing_ros:/home/cimi/ros2_humble/install/launch_ros:/home/cimi/ros2_humble/install/examples_rclpy_pointcloud_publisher:/home/cimi/ros2_humble/install/examples_rclpy_minimal_subscriber:/home/cimi/ros2_humble/install/examples_rclpy_minimal_service:/home/cimi/ros2_humble/install/examples_rclpy_minimal_publisher:/home/cimi/ros2_humble/install/examples_rclpy_minimal_client:/home/cimi/ros2_humble/install/examples_rclpy_minimal_action_server:/home/cimi/ros2_humble/install/examples_rclpy_minimal_action_client:/home/cimi/ros2_humble/install/examples_rclpy_guard_conditions:/home/cimi/ros2_humble/install/examples_rclpy_executors:/home/cimi/ros2_humble/install/demo_nodes_py:/home/cimi/ros2_humble/install/action_tutorials_py:/home/cimi/ros2_humble/install/ament_uncrustify:/home/cimi/ros2_humble/install/tracetools_trace:/home/cimi/ros2_humble/install/tracetools_read:/home/cimi/ros2_humble/install/test_tracetools_launch:/home/cimi/ros2_humble/install/test_launch_ros:/home/cimi/ros2_humble/install/sensor_msgs_py:/home/cimi/ros2_humble/install/rpyutils:/home/cimi/ros2_humble/install/rosidl_runtime_py:/home/cimi/ros2_humble/install/rosidl_cli:/home/cimi/ros2_humble/install/launch_pytest:/home/cimi/ros2_humble/install/launch_testing:/home/cimi/ros2_humble/install/launch_yaml:/home/cimi/ros2_humble/install/launch_xml:/home/cimi/ros2_humble/install/launch:/home/cimi/ros2_humble/install/osrf_pycommon:/home/cimi/ros2_humble/install/launch_testing_examples:/home/cimi/ros2_humble/install/domain_coordinator:/home/cimi/ros2_humble/install/ament_xmllint:/home/cimi/ros2_humble/install/ament_pyflakes:/home/cimi/ros2_humble/install/ament_pycodestyle:/home/cimi/ros2_humble/install/ament_pep257:/home/cimi/ros2_humble/install/ament_pclint:/home/cimi/ros2_humble/install/ament_package:/home/cimi/ros2_humble/install/ament_mypy:/home/cimi/ros2_humble/install/ament_lint_cmake:/home/cimi/ros2_humble/install/ament_flake8:/home/cimi/ros2_humble/install/ament_copyright:/home/cimi/ros2_humble/install/ament_lint:/home/cimi/ros2_humble/install/ament_index_python:/home/cimi/ros2_humble/install/ament_cpplint:/home/cimi/ros2_humble/install/ament_cppcheck:/home/cimi/ros2_humble/install/ament_clang_tidy:/home/cimi/ros2_humble/install/ament_clang_format /usr/bin/cmake --build /home/cimi/Documents/Workspace/humble/latihan_ws/build/custom_message -- -j8 -l8
[10.983s] Invoking command in '/home/cimi/Documents/Workspace/humble/latihan_ws/build/custom_message': CMAKE_PREFIX_PATH=${CMAKE_PREFIX_PATH}:/home/cimi/Documents/Workspace/humble/latihan_ws/install/py_srvcli:/home/cimi/Documents/Workspace/humble/latihan_ws/install/pubsub_python:/home/cimi/ros2_humble/install/rqt_bag_plugins:/home/cimi/ros2_humble/install/rqt_bag:/home/cimi/ros2_humble/install/ros2bag:/home/cimi/ros2_humble/install/tracetools_test:/home/cimi/ros2_humble/install/tracetools_launch:/home/cimi/ros2_humble/install/topic_monitor:/home/cimi/ros2_humble/install/tf2_tools:/home/cimi/ros2_humble/install/examples_tf2_py:/home/cimi/ros2_humble/install/tf2_ros_py:/home/cimi/ros2_humble/install/sros2:/home/cimi/ros2_humble/install/rqt_topic:/home/cimi/ros2_humble/install/rqt_srv:/home/cimi/ros2_humble/install/rqt_shell:/home/cimi/ros2_humble/install/rqt_service_caller:/home/cimi/ros2_humble/install/rqt_reconfigure:/home/cimi/ros2_humble/install/rqt_py_console:/home/cimi/ros2_humble/install/rqt_publisher:/home/cimi/ros2_humble/install/rqt_plot:/home/cimi/ros2_humble/install/rqt_action:/home/cimi/ros2_humble/install/rqt_msg:/home/cimi/ros2_humble/install/rqt_console:/home/cimi/ros2_humble/install/rqt:/home/cimi/ros2_humble/install/rqt_graph:/home/cimi/ros2_humble/install/rqt_gui_py:/home/cimi/ros2_humble/install/rqt_gui:/home/cimi/ros2_humble/install/ros2trace:/home/cimi/ros2_humble/install/ros2topic:/home/cimi/ros2_humble/install/ros2test:/home/cimi/ros2_humble/install/ros2component:/home/cimi/ros2_humble/install/ros2param:/home/cimi/ros2_humble/install/ros2lifecycle:/home/cimi/ros2_humble/install/ros2service:/home/cimi/ros2_humble/install/ros2run:/home/cimi/ros2_humble/install/ros2launch:/home/cimi/ros2_humble/install/ros2pkg:/home/cimi/ros2_humble/install/ros2node:/home/cimi/ros2_humble/install/ros2multicast:/home/cimi/ros2_humble/install/ros2interface:/home/cimi/ros2_humble/install/ros2doctor:/home/cimi/ros2_humble/install/ros2action:/home/cimi/ros2_humble/install/ros2cli:/home/cimi/ros2_humble/install/quality_of_service_demo_py:/home/cimi/ros2_humble/install/lifecycle_py:/home/cimi/ros2_humble/install/launch_testing_ros:/home/cimi/ros2_humble/install/launch_ros:/home/cimi/ros2_humble/install/examples_rclpy_pointcloud_publisher:/home/cimi/ros2_humble/install/examples_rclpy_minimal_subscriber:/home/cimi/ros2_humble/install/examples_rclpy_minimal_service:/home/cimi/ros2_humble/install/examples_rclpy_minimal_publisher:/home/cimi/ros2_humble/install/examples_rclpy_minimal_client:/home/cimi/ros2_humble/install/examples_rclpy_minimal_action_server:/home/cimi/ros2_humble/install/examples_rclpy_minimal_action_client:/home/cimi/ros2_humble/install/examples_rclpy_guard_conditions:/home/cimi/ros2_humble/install/examples_rclpy_executors:/home/cimi/ros2_humble/install/demo_nodes_py:/home/cimi/ros2_humble/install/action_tutorials_py:/home/cimi/ros2_humble/install/ament_uncrustify:/home/cimi/ros2_humble/install/tracetools_trace:/home/cimi/ros2_humble/install/tracetools_read:/home/cimi/ros2_humble/install/test_tracetools_launch:/home/cimi/ros2_humble/install/test_launch_ros:/home/cimi/ros2_humble/install/sensor_msgs_py:/home/cimi/ros2_humble/install/rpyutils:/home/cimi/ros2_humble/install/rosidl_runtime_py:/home/cimi/ros2_humble/install/rosidl_cli:/home/cimi/ros2_humble/install/launch_pytest:/home/cimi/ros2_humble/install/launch_testing:/home/cimi/ros2_humble/install/launch_yaml:/home/cimi/ros2_humble/install/launch_xml:/home/cimi/ros2_humble/install/launch:/home/cimi/ros2_humble/install/osrf_pycommon:/home/cimi/ros2_humble/install/launch_testing_examples:/home/cimi/ros2_humble/install/domain_coordinator:/home/cimi/ros2_humble/install/ament_xmllint:/home/cimi/ros2_humble/install/ament_pyflakes:/home/cimi/ros2_humble/install/ament_pycodestyle:/home/cimi/ros2_humble/install/ament_pep257:/home/cimi/ros2_humble/install/ament_pclint:/home/cimi/ros2_humble/install/ament_package:/home/cimi/ros2_humble/install/ament_mypy:/home/cimi/ros2_humble/install/ament_lint_cmake:/home/cimi/ros2_humble/install/ament_flake8:/home/cimi/ros2_humble/install/ament_copyright:/home/cimi/ros2_humble/install/ament_lint:/home/cimi/ros2_humble/install/ament_index_python:/home/cimi/ros2_humble/install/ament_cpplint:/home/cimi/ros2_humble/install/ament_cppcheck:/home/cimi/ros2_humble/install/ament_clang_tidy:/home/cimi/ros2_humble/install/ament_clang_format /usr/bin/cmake --install /home/cimi/Documents/Workspace/humble/latihan_ws/build/custom_message
[11.011s] -- Install configuration: ""
[11.012s] -- Up-to-date: /home/cimi/Documents/Workspace/humble/latihan_ws/install/custom_message/share/ament_index/resource_index/rosidl_interfaces/custom_message
[11.012s] -- Up-to-date: /home/cimi/Documents/Workspace/humble/latihan_ws/install/custom_message/include/custom_message/custom_message
[11.012s] -- Up-to-date: /home/cimi/Documents/Workspace/humble/latihan_ws/install/custom_message/include/custom_message/custom_message/srv
[11.013s] -- Up-to-date: /home/cimi/Documents/Workspace/humble/latihan_ws/install/custom_message/include/custom_message/custom_message/srv/detail
[11.013s] -- Up-to-date: /home/cimi/Documents/Workspace/humble/latihan_ws/install/custom_message/include/custom_message/custom_message/srv/detail/add_three_ints__struct.h
[11.013s] -- Up-to-date: /home/cimi/Documents/Workspace/humble/latihan_ws/install/custom_message/include/custom_message/custom_message/srv/detail/add_three_ints__type_support.h
[11.013s] -- Up-to-date: /home/cimi/Documents/Workspace/humble/latihan_ws/install/custom_message/include/custom_message/custom_message/srv/detail/add_three_ints__functions.c
[11.013s] -- Up-to-date: /home/cimi/Documents/Workspace/humble/latihan_ws/install/custom_message/include/custom_message/custom_message/srv/detail/add_three_ints__functions.h
[11.013s] -- Up-to-date: /home/cimi/Documents/Workspace/humble/latihan_ws/install/custom_message/include/custom_message/custom_message/srv/add_three_ints.h
[11.013s] -- Up-to-date: /home/cimi/Documents/Workspace/humble/latihan_ws/install/custom_message/include/custom_message/custom_message/msg
[11.013s] -- Up-to-date: /home/cimi/Documents/Workspace/humble/latihan_ws/install/custom_message/include/custom_message/custom_message/msg/sphere.h
[11.013s] -- Up-to-date: /home/cimi/Documents/Workspace/humble/latihan_ws/install/custom_message/include/custom_message/custom_message/msg/rosidl_generator_c__visibility_control.h
[11.013s] -- Up-to-date: /home/cimi/Documents/Workspace/humble/latihan_ws/install/custom_message/include/custom_message/custom_message/msg/num.h
[11.013s] -- Up-to-date: /home/cimi/Documents/Workspace/humble/latihan_ws/install/custom_message/include/custom_message/custom_message/msg/detail
[11.014s] -- Up-to-date: /home/cimi/Documents/Workspace/humble/latihan_ws/install/custom_message/include/custom_message/custom_message/msg/detail/sphere__type_support.h
[11.014s] -- Up-to-date: /home/cimi/Documents/Workspace/humble/latihan_ws/install/custom_message/include/custom_message/custom_message/msg/detail/sphere__functions.c
[11.014s] -- Up-to-date: /home/cimi/Documents/Workspace/humble/latihan_ws/install/custom_message/include/custom_message/custom_message/msg/detail/sphere__struct.h
[11.014s] -- Up-to-date: /home/cimi/Documents/Workspace/humble/latihan_ws/install/custom_message/include/custom_message/custom_message/msg/detail/num__struct.h
[11.014s] -- Up-to-date: /home/cimi/Documents/Workspace/humble/latihan_ws/install/custom_message/include/custom_message/custom_message/msg/detail/num__functions.h
[11.014s] -- Up-to-date: /home/cimi/Documents/Workspace/humble/latihan_ws/install/custom_message/include/custom_message/custom_message/msg/detail/num__functions.c
[11.014s] -- Up-to-date: /home/cimi/Documents/Workspace/humble/latihan_ws/install/custom_message/include/custom_message/custom_message/msg/detail/num__type_support.h
[11.014s] -- Up-to-date: /home/cimi/Documents/Workspace/humble/latihan_ws/install/custom_message/include/custom_message/custom_message/msg/detail/sphere__functions.h
[11.014s] -- Up-to-date: /home/cimi/Documents/Workspace/humble/latihan_ws/install/custom_message/share/custom_message/environment/library_path.sh
[11.014s] -- Installing: /home/cimi/Documents/Workspace/humble/latihan_ws/install/custom_message/share/custom_message/environment/library_path.dsv
[11.179s] -- Up-to-date: /home/cimi/Documents/Workspace/humble/latihan_ws/install/custom_message/lib/libcustom_message__rosidl_generator_c.so
[11.180s] -- Up-to-date: /home/cimi/Documents/Workspace/humble/latihan_ws/install/custom_message/include/custom_message/custom_message
[11.180s] -- Up-to-date: /home/cimi/Documents/Workspace/humble/latihan_ws/install/custom_message/include/custom_message/custom_message/srv
[11.180s] -- Up-to-date: /home/cimi/Documents/Workspace/humble/latihan_ws/install/custom_message/include/custom_message/custom_message/srv/detail
[11.180s] -- Up-to-date: /home/cimi/Documents/Workspace/humble/latihan_ws/install/custom_message/include/custom_message/custom_message/srv/detail/add_three_ints__rosidl_typesupport_fastrtps_c.h
[11.181s] -- Up-to-date: /home/cimi/Documents/Workspace/humble/latihan_ws/install/custom_message/include/custom_message/custom_message/msg
[11.181s] -- Up-to-date: /home/cimi/Documents/Workspace/humble/latihan_ws/install/custom_message/include/custom_message/custom_message/msg/rosidl_typesupport_fastrtps_c__visibility_control.h
[11.181s] -- Up-to-date: /home/cimi/Documents/Workspace/humble/latihan_ws/install/custom_message/include/custom_message/custom_message/msg/detail
[11.181s] -- Up-to-date: /home/cimi/Documents/Workspace/humble/latihan_ws/install/custom_message/include/custom_message/custom_message/msg/detail/num__rosidl_typesupport_fastrtps_c.h
[11.182s] -- Up-to-date: /home/cimi/Documents/Workspace/humble/latihan_ws/install/custom_message/include/custom_message/custom_message/msg/detail/sphere__rosidl_typesupport_fastrtps_c.h
[11.182s] -- Up-to-date: /home/cimi/Documents/Workspace/humble/latihan_ws/install/custom_message/lib/libcustom_message__rosidl_typesupport_fastrtps_c.so
[11.182s] -- Up-to-date: /home/cimi/Documents/Workspace/humble/latihan_ws/install/custom_message/include/custom_message/custom_message
[11.183s] -- Up-to-date: /home/cimi/Documents/Workspace/humble/latihan_ws/install/custom_message/include/custom_message/custom_message/srv
[11.183s] -- Up-to-date: /home/cimi/Documents/Workspace/humble/latihan_ws/install/custom_message/include/custom_message/custom_message/srv/add_three_ints.hpp
[11.183s] -- Up-to-date: /home/cimi/Documents/Workspace/humble/latihan_ws/install/custom_message/include/custom_message/custom_message/srv/detail
[11.183s] -- Up-to-date: /home/cimi/Documents/Workspace/humble/latihan_ws/install/custom_message/include/custom_message/custom_message/srv/detail/add_three_ints__struct.hpp
[11.184s] -- Up-to-date: /home/cimi/Documents/Workspace/humble/latihan_ws/install/custom_message/include/custom_message/custom_message/srv/detail/add_three_ints__traits.hpp
[11.184s] -- Up-to-date: /home/cimi/Documents/Workspace/humble/latihan_ws/install/custom_message/include/custom_message/custom_message/srv/detail/add_three_ints__builder.hpp
[11.184s] -- Up-to-date: /home/cimi/Documents/Workspace/humble/latihan_ws/install/custom_message/include/custom_message/custom_message/msg
[11.184s] -- Up-to-date: /home/cimi/Documents/Workspace/humble/latihan_ws/install/custom_message/include/custom_message/custom_message/msg/sphere.hpp
[11.185s] -- Up-to-date: /home/cimi/Documents/Workspace/humble/latihan_ws/install/custom_message/include/custom_message/custom_message/msg/num.hpp
[11.185s] -- Up-to-date: /home/cimi/Documents/Workspace/humble/latihan_ws/install/custom_message/include/custom_message/custom_message/msg/detail
[11.185s] -- Up-to-date: /home/cimi/Documents/Workspace/humble/latihan_ws/install/custom_message/include/custom_message/custom_message/msg/detail/num__traits.hpp
[11.185s] -- Up-to-date: /home/cimi/Documents/Workspace/humble/latihan_ws/install/custom_message/include/custom_message/custom_message/msg/detail/sphere__traits.hpp
[11.185s] -- Up-to-date: /home/cimi/Documents/Workspace/humble/latihan_ws/install/custom_message/include/custom_message/custom_message/msg/detail/num__struct.hpp
[11.185s] -- Up-to-date: /home/cimi/Documents/Workspace/humble/latihan_ws/install/custom_message/include/custom_message/custom_message/msg/detail/sphere__builder.hpp
[11.186s] -- Up-to-date: /home/cimi/Documents/Workspace/humble/latihan_ws/install/custom_message/include/custom_message/custom_message/msg/detail/num__builder.hpp
[11.186s] -- Up-to-date: /home/cimi/Documents/Workspace/humble/latihan_ws/install/custom_message/include/custom_message/custom_message/msg/detail/sphere__struct.hpp
[11.186s] -- Up-to-date: /home/cimi/Documents/Workspace/humble/latihan_ws/install/custom_message/include/custom_message/custom_message
[11.186s] -- Up-to-date: /home/cimi/Documents/Workspace/humble/latihan_ws/install/custom_message/include/custom_message/custom_message/srv
[11.186s] -- Up-to-date: /home/cimi/Documents/Workspace/humble/latihan_ws/install/custom_message/include/custom_message/custom_message/srv/detail
[11.186s] -- Up-to-date: /home/cimi/Documents/Workspace/humble/latihan_ws/install/custom_message/include/custom_message/custom_message/srv/detail/dds_fastrtps
[11.186s] -- Up-to-date: /home/cimi/Documents/Workspace/humble/latihan_ws/install/custom_message/include/custom_message/custom_message/srv/detail/add_three_ints__rosidl_typesupport_fastrtps_cpp.hpp
[11.186s] -- Up-to-date: /home/cimi/Documents/Workspace/humble/latihan_ws/install/custom_message/include/custom_message/custom_message/msg
[11.187s] -- Up-to-date: /home/cimi/Documents/Workspace/humble/latihan_ws/install/custom_message/include/custom_message/custom_message/msg/detail
[11.187s] -- Up-to-date: /home/cimi/Documents/Workspace/humble/latihan_ws/install/custom_message/include/custom_message/custom_message/msg/detail/sphere__rosidl_typesupport_fastrtps_cpp.hpp
[11.187s] -- Up-to-date: /home/cimi/Documents/Workspace/humble/latihan_ws/install/custom_message/include/custom_message/custom_message/msg/detail/num__rosidl_typesupport_fastrtps_cpp.hpp
[11.187s] -- Up-to-date: /home/cimi/Documents/Workspace/humble/latihan_ws/install/custom_message/include/custom_message/custom_message/msg/detail/dds_fastrtps
[11.187s] -- Up-to-date: /home/cimi/Documents/Workspace/humble/latihan_ws/install/custom_message/include/custom_message/custom_message/msg/rosidl_typesupport_fastrtps_cpp__visibility_control.h
[11.187s] -- Up-to-date: /home/cimi/Documents/Workspace/humble/latihan_ws/install/custom_message/lib/libcustom_message__rosidl_typesupport_fastrtps_cpp.so
[11.187s] -- Up-to-date: /home/cimi/Documents/Workspace/humble/latihan_ws/install/custom_message/include/custom_message/custom_message
[11.188s] -- Up-to-date: /home/cimi/Documents/Workspace/humble/latihan_ws/install/custom_message/include/custom_message/custom_message/srv
[11.188s] -- Up-to-date: /home/cimi/Documents/Workspace/humble/latihan_ws/install/custom_message/include/custom_message/custom_message/srv/detail
[11.188s] -- Up-to-date: /home/cimi/Documents/Workspace/humble/latihan_ws/install/custom_message/include/custom_message/custom_message/srv/detail/add_three_ints__type_support.c
[11.188s] -- Up-to-date: /home/cimi/Documents/Workspace/humble/latihan_ws/install/custom_message/include/custom_message/custom_message/srv/detail/add_three_ints__rosidl_typesupport_introspection_c.h
[11.188s] -- Up-to-date: /home/cimi/Documents/Workspace/humble/latihan_ws/install/custom_message/include/custom_message/custom_message/msg
[11.188s] -- Up-to-date: /home/cimi/Documents/Workspace/humble/latihan_ws/install/custom_message/include/custom_message/custom_message/msg/detail
[11.188s] -- Up-to-date: /home/cimi/Documents/Workspace/humble/latihan_ws/install/custom_message/include/custom_message/custom_message/msg/detail/num__rosidl_typesupport_introspection_c.h
[11.188s] -- Up-to-date: /home/cimi/Documents/Workspace/humble/latihan_ws/install/custom_message/include/custom_message/custom_message/msg/detail/num__type_support.c
[11.189s] -- Up-to-date: /home/cimi/Documents/Workspace/humble/latihan_ws/install/custom_message/include/custom_message/custom_message/msg/detail/sphere__type_support.c
[11.189s] -- Up-to-date: /home/cimi/Documents/Workspace/humble/latihan_ws/install/custom_message/include/custom_message/custom_message/msg/detail/sphere__rosidl_typesupport_introspection_c.h
[11.189s] -- Up-to-date: /home/cimi/Documents/Workspace/humble/latihan_ws/install/custom_message/include/custom_message/custom_message/msg/rosidl_typesupport_introspection_c__visibility_control.h
[11.189s] -- Up-to-date: /home/cimi/Documents/Workspace/humble/latihan_ws/install/custom_message/lib/libcustom_message__rosidl_typesupport_introspection_c.so
[11.189s] -- Up-to-date: /home/cimi/Documents/Workspace/humble/latihan_ws/install/custom_message/lib/libcustom_message__rosidl_typesupport_c.so
[11.189s] -- Up-to-date: /home/cimi/Documents/Workspace/humble/latihan_ws/install/custom_message/include/custom_message/custom_message
[11.189s] -- Up-to-date: /home/cimi/Documents/Workspace/humble/latihan_ws/install/custom_message/include/custom_message/custom_message/srv
[11.189s] -- Up-to-date: /home/cimi/Documents/Workspace/humble/latihan_ws/install/custom_message/include/custom_message/custom_message/srv/detail
[11.190s] -- Up-to-date: /home/cimi/Documents/Workspace/humble/latihan_ws/install/custom_message/include/custom_message/custom_message/srv/detail/add_three_ints__rosidl_typesupport_introspection_cpp.hpp
[11.190s] -- Up-to-date: /home/cimi/Documents/Workspace/humble/latihan_ws/install/custom_message/include/custom_message/custom_message/srv/detail/add_three_ints__type_support.cpp
[11.190s] -- Up-to-date: /home/cimi/Documents/Workspace/humble/latihan_ws/install/custom_message/include/custom_message/custom_message/msg
[11.190s] -- Up-to-date: /home/cimi/Documents/Workspace/humble/latihan_ws/install/custom_message/include/custom_message/custom_message/msg/detail
[11.190s] -- Up-to-date: /home/cimi/Documents/Workspace/humble/latihan_ws/install/custom_message/include/custom_message/custom_message/msg/detail/num__type_support.cpp
[11.190s] -- Up-to-date: /home/cimi/Documents/Workspace/humble/latihan_ws/install/custom_message/include/custom_message/custom_message/msg/detail/num__rosidl_typesupport_introspection_cpp.hpp
[11.190s] -- Up-to-date: /home/cimi/Documents/Workspace/humble/latihan_ws/install/custom_message/include/custom_message/custom_message/msg/detail/sphere__rosidl_typesupport_introspection_cpp.hpp
[11.190s] -- Up-to-date: /home/cimi/Documents/Workspace/humble/latihan_ws/install/custom_message/include/custom_message/custom_message/msg/detail/sphere__type_support.cpp
[11.191s] -- Up-to-date: /home/cimi/Documents/Workspace/humble/latihan_ws/install/custom_message/lib/libcustom_message__rosidl_typesupport_introspection_cpp.so
[11.191s] -- Up-to-date: /home/cimi/Documents/Workspace/humble/latihan_ws/install/custom_message/lib/libcustom_message__rosidl_typesupport_cpp.so
[11.191s] -- Up-to-date: /home/cimi/Documents/Workspace/humble/latihan_ws/install/custom_message/share/custom_message/environment/pythonpath.sh
[11.191s] -- Installing: /home/cimi/Documents/Workspace/humble/latihan_ws/install/custom_message/share/custom_message/environment/pythonpath.dsv
[11.195s] -- Up-to-date: /home/cimi/Documents/Workspace/humble/latihan_ws/install/custom_message/lib/python3.8/site-packages/custom_message-0.0.0-py3.8.egg-info
[11.195s] -- Installing: /home/cimi/Documents/Workspace/humble/latihan_ws/install/custom_message/lib/python3.8/site-packages/custom_message-0.0.0-py3.8.egg-info/SOURCES.txt
[11.195s] -- Installing: /home/cimi/Documents/Workspace/humble/latihan_ws/install/custom_message/lib/python3.8/site-packages/custom_message-0.0.0-py3.8.egg-info/top_level.txt
[11.195s] -- Installing: /home/cimi/Documents/Workspace/humble/latihan_ws/install/custom_message/lib/python3.8/site-packages/custom_message-0.0.0-py3.8.egg-info/dependency_links.txt
[11.196s] -- Installing: /home/cimi/Documents/Workspace/humble/latihan_ws/install/custom_message/lib/python3.8/site-packages/custom_message-0.0.0-py3.8.egg-info/PKG-INFO
[11.196s] -- Up-to-date: /home/cimi/Documents/Workspace/humble/latihan_ws/install/custom_message/lib/python3.8/site-packages/custom_message
[11.197s] -- Up-to-date: /home/cimi/Documents/Workspace/humble/latihan_ws/install/custom_message/lib/python3.8/site-packages/custom_message/custom_message_s__rosidl_typesupport_c.cpython-38-x86_64-linux-gnu.so
[11.197s] -- Up-to-date: /home/cimi/Documents/Workspace/humble/latihan_ws/install/custom_message/lib/python3.8/site-packages/custom_message/_custom_message_s.ep.rosidl_typesupport_introspection_c.c
[11.197s] -- Up-to-date: /home/cimi/Documents/Workspace/humble/latihan_ws/install/custom_message/lib/python3.8/site-packages/custom_message/srv
[11.197s] -- Up-to-date: /home/cimi/Documents/Workspace/humble/latihan_ws/install/custom_message/lib/python3.8/site-packages/custom_message/srv/__init__.py
[11.197s] -- Up-to-date: /home/cimi/Documents/Workspace/humble/latihan_ws/install/custom_message/lib/python3.8/site-packages/custom_message/srv/_add_three_ints_s.c
[11.197s] -- Up-to-date: /home/cimi/Documents/Workspace/humble/latihan_ws/install/custom_message/lib/python3.8/site-packages/custom_message/srv/_add_three_ints.py
[11.198s] -- Up-to-date: /home/cimi/Documents/Workspace/humble/latihan_ws/install/custom_message/lib/python3.8/site-packages/custom_message/_custom_message_s.ep.rosidl_typesupport_fastrtps_c.c
[11.198s] -- Up-to-date: /home/cimi/Documents/Workspace/humble/latihan_ws/install/custom_message/lib/python3.8/site-packages/custom_message/libcustom_message__rosidl_generator_py.so
[11.198s] -- Installing: /home/cimi/Documents/Workspace/humble/latihan_ws/install/custom_message/lib/python3.8/site-packages/custom_message/__init__.py
[11.198s] -- Up-to-date: /home/cimi/Documents/Workspace/humble/latihan_ws/install/custom_message/lib/python3.8/site-packages/custom_message/_custom_message_s.ep.rosidl_typesupport_c.c
[11.198s] -- Up-to-date: /home/cimi/Documents/Workspace/humble/latihan_ws/install/custom_message/lib/python3.8/site-packages/custom_message/msg
[11.198s] -- Up-to-date: /home/cimi/Documents/Workspace/humble/latihan_ws/install/custom_message/lib/python3.8/site-packages/custom_message/msg/_num_s.c
[11.198s] -- Up-to-date: /home/cimi/Documents/Workspace/humble/latihan_ws/install/custom_message/lib/python3.8/site-packages/custom_message/msg/__init__.py
[11.198s] -- Up-to-date: /home/cimi/Documents/Workspace/humble/latihan_ws/install/custom_message/lib/python3.8/site-packages/custom_message/msg/_sphere.py
[11.198s] -- Up-to-date: /home/cimi/Documents/Workspace/humble/latihan_ws/install/custom_message/lib/python3.8/site-packages/custom_message/msg/_sphere_s.c
[11.199s] -- Up-to-date: /home/cimi/Documents/Workspace/humble/latihan_ws/install/custom_message/lib/python3.8/site-packages/custom_message/msg/_num.py
[11.199s] -- Up-to-date: /home/cimi/Documents/Workspace/humble/latihan_ws/install/custom_message/lib/python3.8/site-packages/custom_message/custom_message_s__rosidl_typesupport_introspection_c.cpython-38-x86_64-linux-gnu.so
[11.199s] -- Up-to-date: /home/cimi/Documents/Workspace/humble/latihan_ws/install/custom_message/lib/python3.8/site-packages/custom_message/custom_message_s__rosidl_typesupport_fastrtps_c.cpython-38-x86_64-linux-gnu.so
[12.169s] Listing '/home/cimi/Documents/Workspace/humble/latihan_ws/install/custom_message/lib/python3.8/site-packages/custom_message'...
[12.170s] Compiling '/home/cimi/Documents/Workspace/humble/latihan_ws/install/custom_message/lib/python3.8/site-packages/custom_message/__init__.py'...
[12.171s] Listing '/home/cimi/Documents/Workspace/humble/latihan_ws/install/custom_message/lib/python3.8/site-packages/custom_message/msg'...
[12.172s] Listing '/home/cimi/Documents/Workspace/humble/latihan_ws/install/custom_message/lib/python3.8/site-packages/custom_message/srv'...
[12.208s] -- Up-to-date: /home/cimi/Documents/Workspace/humble/latihan_ws/install/custom_message/lib/python3.8/site-packages/custom_message/custom_message_s__rosidl_typesupport_introspection_c.cpython-38-x86_64-linux-gnu.so
[12.215s] -- Up-to-date: /home/cimi/Documents/Workspace/humble/latihan_ws/install/custom_message/lib/python3.8/site-packages/custom_message/custom_message_s__rosidl_typesupport_fastrtps_c.cpython-38-x86_64-linux-gnu.so
[12.221s] -- Up-to-date: /home/cimi/Documents/Workspace/humble/latihan_ws/install/custom_message/lib/python3.8/site-packages/custom_message/custom_message_s__rosidl_typesupport_c.cpython-38-x86_64-linux-gnu.so
[12.226s] -- Up-to-date: /home/cimi/Documents/Workspace/humble/latihan_ws/install/custom_message/lib/libcustom_message__rosidl_generator_py.so
[12.229s] -- Up-to-date: /home/cimi/Documents/Workspace/humble/latihan_ws/install/custom_message/share/custom_message/msg/Num.idl
[12.231s] -- Up-to-date: /home/cimi/Documents/Workspace/humble/latihan_ws/install/custom_message/share/custom_message/msg/Sphere.idl
[12.232s] -- Up-to-date: /home/cimi/Documents/Workspace/humble/latihan_ws/install/custom_message/share/custom_message/srv/AddThreeInts.idl
[12.234s] -- Up-to-date: /home/cimi/Documents/Workspace/humble/latihan_ws/install/custom_message/share/custom_message/msg/Num.msg
[12.235s] -- Up-to-date: /home/cimi/Documents/Workspace/humble/latihan_ws/install/custom_message/share/custom_message/msg/Sphere.msg
[12.236s] -- Up-to-date: /home/cimi/Documents/Workspace/humble/latihan_ws/install/custom_message/share/custom_message/srv/AddThreeInts.srv
[12.237s] -- Up-to-date: /home/cimi/Documents/Workspace/humble/latihan_ws/install/custom_message/share/custom_message/srv/AddThreeInts_Request.msg
[12.239s] -- Up-to-date: /home/cimi/Documents/Workspace/humble/latihan_ws/install/custom_message/share/custom_message/srv/AddThreeInts_Response.msg
[12.240s] -- Up-to-date: /home/cimi/Documents/Workspace/humble/latihan_ws/install/custom_message/share/ament_index/resource_index/package_run_dependencies/custom_message
[12.242s] -- Installing: /home/cimi/Documents/Workspace/humble/latihan_ws/install/custom_message/share/ament_index/resource_index/parent_prefix_path/custom_message
[12.243s] -- Up-to-date: /home/cimi/Documents/Workspace/humble/latihan_ws/install/custom_message/share/custom_message/environment/ament_prefix_path.sh
[12.244s] -- Installing: /home/cimi/Documents/Workspace/humble/latihan_ws/install/custom_message/share/custom_message/environment/ament_prefix_path.dsv
[12.246s] -- Up-to-date: /home/cimi/Documents/Workspace/humble/latihan_ws/install/custom_message/share/custom_message/environment/path.sh
[12.247s] -- Installing: /home/cimi/Documents/Workspace/humble/latihan_ws/install/custom_message/share/custom_message/environment/path.dsv
[12.248s] -- Up-to-date: /home/cimi/Documents/Workspace/humble/latihan_ws/install/custom_message/share/custom_message/local_setup.bash
[12.249s] -- Up-to-date: /home/cimi/Documents/Workspace/humble/latihan_ws/install/custom_message/share/custom_message/local_setup.sh
[12.251s] -- Up-to-date: /home/cimi/Documents/Workspace/humble/latihan_ws/install/custom_message/share/custom_message/local_setup.zsh
[12.252s] -- Installing: /home/cimi/Documents/Workspace/humble/latihan_ws/install/custom_message/share/custom_message/local_setup.dsv
[12.254s] -- Installing: /home/cimi/Documents/Workspace/humble/latihan_ws/install/custom_message/share/custom_message/package.dsv
[12.255s] -- Up-to-date: /home/cimi/Documents/Workspace/humble/latihan_ws/install/custom_message/share/ament_index/resource_index/packages/custom_message
[12.257s] -- Up-to-date: /home/cimi/Documents/Workspace/humble/latihan_ws/install/custom_message/share/custom_message/cmake/export_custom_message__rosidl_generator_cExport.cmake
[12.258s] -- Installing: /home/cimi/Documents/Workspace/humble/latihan_ws/install/custom_message/share/custom_message/cmake/export_custom_message__rosidl_generator_cExport-noconfig.cmake
[12.259s] -- Up-to-date: /home/cimi/Documents/Workspace/humble/latihan_ws/install/custom_message/share/custom_message/cmake/export_custom_message__rosidl_typesupport_fastrtps_cExport.cmake
[12.260s] -- Installing: /home/cimi/Documents/Workspace/humble/latihan_ws/install/custom_message/share/custom_message/cmake/export_custom_message__rosidl_typesupport_fastrtps_cExport-noconfig.cmake
[12.262s] -- Up-to-date: /home/cimi/Documents/Workspace/humble/latihan_ws/install/custom_message/share/custom_message/cmake/export_custom_message__rosidl_generator_cppExport.cmake
[12.263s] -- Up-to-date: /home/cimi/Documents/Workspace/humble/latihan_ws/install/custom_message/share/custom_message/cmake/export_custom_message__rosidl_typesupport_fastrtps_cppExport.cmake
[12.264s] -- Installing: /home/cimi/Documents/Workspace/humble/latihan_ws/install/custom_message/share/custom_message/cmake/export_custom_message__rosidl_typesupport_fastrtps_cppExport-noconfig.cmake
[12.265s] -- Up-to-date: /home/cimi/Documents/Workspace/humble/latihan_ws/install/custom_message/share/custom_message/cmake/custom_message__rosidl_typesupport_introspection_cExport.cmake
[12.267s] -- Installing: /home/cimi/Documents/Workspace/humble/latihan_ws/install/custom_message/share/custom_message/cmake/custom_message__rosidl_typesupport_introspection_cExport-noconfig.cmake
[12.268s] -- Up-to-date: /home/cimi/Documents/Workspace/humble/latihan_ws/install/custom_message/share/custom_message/cmake/custom_message__rosidl_typesupport_cExport.cmake
[12.269s] -- Installing: /home/cimi/Documents/Workspace/humble/latihan_ws/install/custom_message/share/custom_message/cmake/custom_message__rosidl_typesupport_cExport-noconfig.cmake
[12.272s] -- Up-to-date: /home/cimi/Documents/Workspace/humble/latihan_ws/install/custom_message/share/custom_message/cmake/custom_message__rosidl_typesupport_introspection_cppExport.cmake
[12.273s] -- Installing: /home/cimi/Documents/Workspace/humble/latihan_ws/install/custom_message/share/custom_message/cmake/custom_message__rosidl_typesupport_introspection_cppExport-noconfig.cmake
[12.276s] -- Up-to-date: /home/cimi/Documents/Workspace/humble/latihan_ws/install/custom_message/share/custom_message/cmake/custom_message__rosidl_typesupport_cppExport.cmake
[12.277s] -- Installing: /home/cimi/Documents/Workspace/humble/latihan_ws/install/custom_message/share/custom_message/cmake/custom_message__rosidl_typesupport_cppExport-noconfig.cmake
[12.280s] -- Up-to-date: /home/cimi/Documents/Workspace/humble/latihan_ws/install/custom_message/share/custom_message/cmake/export_custom_message__rosidl_generator_pyExport.cmake
[12.282s] -- Installing: /home/cimi/Documents/Workspace/humble/latihan_ws/install/custom_message/share/custom_message/cmake/export_custom_message__rosidl_generator_pyExport-noconfig.cmake
[12.283s] -- Up-to-date: /home/cimi/Documents/Workspace/humble/latihan_ws/install/custom_message/share/custom_message/cmake/rosidl_cmake-extras.cmake
[12.285s] -- Up-to-date: /home/cimi/Documents/Workspace/humble/latihan_ws/install/custom_message/share/custom_message/cmake/ament_cmake_export_dependencies-extras.cmake
[12.287s] -- Up-to-date: /home/cimi/Documents/Workspace/humble/latihan_ws/install/custom_message/share/custom_message/cmake/ament_cmake_export_include_directories-extras.cmake
[12.288s] -- Up-to-date: /home/cimi/Documents/Workspace/humble/latihan_ws/install/custom_message/share/custom_message/cmake/ament_cmake_export_libraries-extras.cmake
[12.290s] -- Up-to-date: /home/cimi/Documents/Workspace/humble/latihan_ws/install/custom_message/share/custom_message/cmake/ament_cmake_export_targets-extras.cmake
[12.291s] -- Up-to-date: /home/cimi/Documents/Workspace/humble/latihan_ws/install/custom_message/share/custom_message/cmake/rosidl_cmake_export_typesupport_targets-extras.cmake
[12.292s] -- Up-to-date: /home/cimi/Documents/Workspace/humble/latihan_ws/install/custom_message/share/custom_message/cmake/rosidl_cmake_export_typesupport_libraries-extras.cmake
[12.294s] -- Up-to-date: /home/cimi/Documents/Workspace/humble/latihan_ws/install/custom_message/share/custom_message/cmake/custom_messageConfig.cmake
[12.295s] -- Up-to-date: /home/cimi/Documents/Workspace/humble/latihan_ws/install/custom_message/share/custom_message/cmake/custom_messageConfig-version.cmake
[12.296s] -- Installing: /home/cimi/Documents/Workspace/humble/latihan_ws/install/custom_message/share/custom_message/package.xml
[12.563s] Invoked command in '/home/cimi/Documents/Workspace/humble/latihan_ws/build/custom_message' returned '0': CMAKE_PREFIX_PATH=${CMAKE_PREFIX_PATH}:/home/cimi/Documents/Workspace/humble/latihan_ws/install/py_srvcli:/home/cimi/Documents/Workspace/humble/latihan_ws/install/pubsub_python:/home/cimi/ros2_humble/install/rqt_bag_plugins:/home/cimi/ros2_humble/install/rqt_bag:/home/cimi/ros2_humble/install/ros2bag:/home/cimi/ros2_humble/install/tracetools_test:/home/cimi/ros2_humble/install/tracetools_launch:/home/cimi/ros2_humble/install/topic_monitor:/home/cimi/ros2_humble/install/tf2_tools:/home/cimi/ros2_humble/install/examples_tf2_py:/home/cimi/ros2_humble/install/tf2_ros_py:/home/cimi/ros2_humble/install/sros2:/home/cimi/ros2_humble/install/rqt_topic:/home/cimi/ros2_humble/install/rqt_srv:/home/cimi/ros2_humble/install/rqt_shell:/home/cimi/ros2_humble/install/rqt_service_caller:/home/cimi/ros2_humble/install/rqt_reconfigure:/home/cimi/ros2_humble/install/rqt_py_console:/home/cimi/ros2_humble/install/rqt_publisher:/home/cimi/ros2_humble/install/rqt_plot:/home/cimi/ros2_humble/install/rqt_action:/home/cimi/ros2_humble/install/rqt_msg:/home/cimi/ros2_humble/install/rqt_console:/home/cimi/ros2_humble/install/rqt:/home/cimi/ros2_humble/install/rqt_graph:/home/cimi/ros2_humble/install/rqt_gui_py:/home/cimi/ros2_humble/install/rqt_gui:/home/cimi/ros2_humble/install/ros2trace:/home/cimi/ros2_humble/install/ros2topic:/home/cimi/ros2_humble/install/ros2test:/home/cimi/ros2_humble/install/ros2component:/home/cimi/ros2_humble/install/ros2param:/home/cimi/ros2_humble/install/ros2lifecycle:/home/cimi/ros2_humble/install/ros2service:/home/cimi/ros2_humble/install/ros2run:/home/cimi/ros2_humble/install/ros2launch:/home/cimi/ros2_humble/install/ros2pkg:/home/cimi/ros2_humble/install/ros2node:/home/cimi/ros2_humble/install/ros2multicast:/home/cimi/ros2_humble/install/ros2interface:/home/cimi/ros2_humble/install/ros2doctor:/home/cimi/ros2_humble/install/ros2action:/home/cimi/ros2_humble/install/ros2cli:/home/cimi/ros2_humble/install/quality_of_service_demo_py:/home/cimi/ros2_humble/install/lifecycle_py:/home/cimi/ros2_humble/install/launch_testing_ros:/home/cimi/ros2_humble/install/launch_ros:/home/cimi/ros2_humble/install/examples_rclpy_pointcloud_publisher:/home/cimi/ros2_humble/install/examples_rclpy_minimal_subscriber:/home/cimi/ros2_humble/install/examples_rclpy_minimal_service:/home/cimi/ros2_humble/install/examples_rclpy_minimal_publisher:/home/cimi/ros2_humble/install/examples_rclpy_minimal_client:/home/cimi/ros2_humble/install/examples_rclpy_minimal_action_server:/home/cimi/ros2_humble/install/examples_rclpy_minimal_action_client:/home/cimi/ros2_humble/install/examples_rclpy_guard_conditions:/home/cimi/ros2_humble/install/examples_rclpy_executors:/home/cimi/ros2_humble/install/demo_nodes_py:/home/cimi/ros2_humble/install/action_tutorials_py:/home/cimi/ros2_humble/install/ament_uncrustify:/home/cimi/ros2_humble/install/tracetools_trace:/home/cimi/ros2_humble/install/tracetools_read:/home/cimi/ros2_humble/install/test_tracetools_launch:/home/cimi/ros2_humble/install/test_launch_ros:/home/cimi/ros2_humble/install/sensor_msgs_py:/home/cimi/ros2_humble/install/rpyutils:/home/cimi/ros2_humble/install/rosidl_runtime_py:/home/cimi/ros2_humble/install/rosidl_cli:/home/cimi/ros2_humble/install/launch_pytest:/home/cimi/ros2_humble/install/launch_testing:/home/cimi/ros2_humble/install/launch_yaml:/home/cimi/ros2_humble/install/launch_xml:/home/cimi/ros2_humble/install/launch:/home/cimi/ros2_humble/install/osrf_pycommon:/home/cimi/ros2_humble/install/launch_testing_examples:/home/cimi/ros2_humble/install/domain_coordinator:/home/cimi/ros2_humble/install/ament_xmllint:/home/cimi/ros2_humble/install/ament_pyflakes:/home/cimi/ros2_humble/install/ament_pycodestyle:/home/cimi/ros2_humble/install/ament_pep257:/home/cimi/ros2_humble/install/ament_pclint:/home/cimi/ros2_humble/install/ament_package:/home/cimi/ros2_humble/install/ament_mypy:/home/cimi/ros2_humble/install/ament_lint_cmake:/home/cimi/ros2_humble/install/ament_flake8:/home/cimi/ros2_humble/install/ament_copyright:/home/cimi/ros2_humble/install/ament_lint:/home/cimi/ros2_humble/install/ament_index_python:/home/cimi/ros2_humble/install/ament_cpplint:/home/cimi/ros2_humble/install/ament_cppcheck:/home/cimi/ros2_humble/install/ament_clang_tidy:/home/cimi/ros2_humble/install/ament_clang_format /usr/bin/cmake --install /home/cimi/Documents/Workspace/humble/latihan_ws/build/custom_message
