[7.198s] Invoking command in '/home/cimi/Documents/Workspace/humble/latihan_ws/src/pubsub_python': PYTHONPATH=/home/cimi/Documents/Workspace/humble/latihan_ws/build/pubsub_python/prefix_override:/home/cimi/Documents/Workspace/humble/latihan_ws/install/pubsub_python/lib/python3.8/site-packages:${PYTHONPATH} /usr/bin/python3 setup.py egg_info --egg-base ../../build/pubsub_python build --build-base /home/cimi/Documents/Workspace/humble/latihan_ws/build/pubsub_python/build install --record /home/cimi/Documents/Workspace/humble/latihan_ws/build/pubsub_python/install.log --single-version-externally-managed
[8.587s] running egg_info
[8.689s] writing ../../build/pubsub_python/pubsub_python.egg-info/PKG-INFO
[8.691s] writing dependency_links to ../../build/pubsub_python/pubsub_python.egg-info/dependency_links.txt
[8.693s] writing entry points to ../../build/pubsub_python/pubsub_python.egg-info/entry_points.txt
[8.694s] writing requirements to ../../build/pubsub_python/pubsub_python.egg-info/requires.txt
[8.694s] writing top-level names to ../../build/pubsub_python/pubsub_python.egg-info/top_level.txt
[8.980s] reading manifest file '../../build/pubsub_python/pubsub_python.egg-info/SOURCES.txt'
[9.081s] writing manifest file '../../build/pubsub_python/pubsub_python.egg-info/SOURCES.txt'
[9.088s] running build
[9.088s] running build_py
[9.088s] running install
[9.088s] /home/cimi/.local/lib/python3.8/site-packages/setuptools/_distutils/cmd.py:66: SetuptoolsDeprecationWarning: setup.py install is deprecated.
[9.089s] !!
[9.089s] 
[9.089s]         ********************************************************************************
[9.089s]         Please avoid running ``setup.py`` directly.
[9.090s]         Instead, use pypa/build, pypa/installer, pypa/build or
[9.090s]         other standards-based tools.
[9.090s] 
[9.090s]         See https://blog.ganssle.io/articles/2021/10/setup-py-deprecated.html for details.
[9.091s]         ********************************************************************************
[9.091s] 
[9.091s] !!
[9.091s]   self.initialize_options()
[9.102s] running install_lib
[9.160s] running install_data
[9.209s] running install_egg_info
[9.259s] removing '/home/cimi/Documents/Workspace/humble/latihan_ws/install/pubsub_python/lib/python3.8/site-packages/pubsub_python-0.0.0-py3.8.egg-info' (and everything under it)
[9.260s] Copying ../../build/pubsub_python/pubsub_python.egg-info to /home/cimi/Documents/Workspace/humble/latihan_ws/install/pubsub_python/lib/python3.8/site-packages/pubsub_python-0.0.0-py3.8.egg-info
[9.261s] running install_scripts
[9.425s] Installing listener script to /home/cimi/Documents/Workspace/humble/latihan_ws/install/pubsub_python/lib/pubsub_python
[9.425s] Installing talker script to /home/cimi/Documents/Workspace/humble/latihan_ws/install/pubsub_python/lib/pubsub_python
[9.425s] writing list of installed files to '/home/cimi/Documents/Workspace/humble/latihan_ws/build/pubsub_python/install.log'
[9.506s] Invoked command in '/home/cimi/Documents/Workspace/humble/latihan_ws/src/pubsub_python' returned '0': PYTHONPATH=/home/cimi/Documents/Workspace/humble/latihan_ws/build/pubsub_python/prefix_override:/home/cimi/Documents/Workspace/humble/latihan_ws/install/pubsub_python/lib/python3.8/site-packages:${PYTHONPATH} /usr/bin/python3 setup.py egg_info --egg-base ../../build/pubsub_python build --build-base /home/cimi/Documents/Workspace/humble/latihan_ws/build/pubsub_python/build install --record /home/cimi/Documents/Workspace/humble/latihan_ws/build/pubsub_python/install.log --single-version-externally-managed
