running egg_info
creating ../../build/servicecli_python/servicecli_python.egg-info
writing ../../build/servicecli_python/servicecli_python.egg-info/PKG-INFO
writing dependency_links to ../../build/servicecli_python/servicecli_python.egg-info/dependency_links.txt
writing entry points to ../../build/servicecli_python/servicecli_python.egg-info/entry_points.txt
writing requirements to ../../build/servicecli_python/servicecli_python.egg-info/requires.txt
writing top-level names to ../../build/servicecli_python/servicecli_python.egg-info/top_level.txt
writing manifest file '../../build/servicecli_python/servicecli_python.egg-info/SOURCES.txt'
reading manifest file '../../build/servicecli_python/servicecli_python.egg-info/SOURCES.txt'
writing manifest file '../../build/servicecli_python/servicecli_python.egg-info/SOURCES.txt'
running build
running build_py
creating /home/cimi/Documents/Workspace/humble/latihan_ws/build/servicecli_python/build
creating /home/cimi/Documents/Workspace/humble/latihan_ws/build/servicecli_python/build/lib
creating /home/cimi/Documents/Workspace/humble/latihan_ws/build/servicecli_python/build/lib/servicecli_python
copying servicecli_python/service.py -> /home/cimi/Documents/Workspace/humble/latihan_ws/build/servicecli_python/build/lib/servicecli_python
copying servicecli_python/__init__.py -> /home/cimi/Documents/Workspace/humble/latihan_ws/build/servicecli_python/build/lib/servicecli_python
copying servicecli_python/client.py -> /home/cimi/Documents/Workspace/humble/latihan_ws/build/servicecli_python/build/lib/servicecli_python
running install
running install_lib
creating /home/cimi/Documents/Workspace/humble/latihan_ws/install/servicecli_python/lib/python3.8/site-packages/servicecli_python
copying /home/cimi/Documents/Workspace/humble/latihan_ws/build/servicecli_python/build/lib/servicecli_python/service.py -> /home/cimi/Documents/Workspace/humble/latihan_ws/install/servicecli_python/lib/python3.8/site-packages/servicecli_python
copying /home/cimi/Documents/Workspace/humble/latihan_ws/build/servicecli_python/build/lib/servicecli_python/__init__.py -> /home/cimi/Documents/Workspace/humble/latihan_ws/install/servicecli_python/lib/python3.8/site-packages/servicecli_python
copying /home/cimi/Documents/Workspace/humble/latihan_ws/build/servicecli_python/build/lib/servicecli_python/client.py -> /home/cimi/Documents/Workspace/humble/latihan_ws/install/servicecli_python/lib/python3.8/site-packages/servicecli_python
byte-compiling /home/cimi/Documents/Workspace/humble/latihan_ws/install/servicecli_python/lib/python3.8/site-packages/servicecli_python/service.py to service.cpython-38.pyc
byte-compiling /home/cimi/Documents/Workspace/humble/latihan_ws/install/servicecli_python/lib/python3.8/site-packages/servicecli_python/__init__.py to __init__.cpython-38.pyc
byte-compiling /home/cimi/Documents/Workspace/humble/latihan_ws/install/servicecli_python/lib/python3.8/site-packages/servicecli_python/client.py to client.cpython-38.pyc
running install_data
creating /home/cimi/Documents/Workspace/humble/latihan_ws/install/servicecli_python/share
creating /home/cimi/Documents/Workspace/humble/latihan_ws/install/servicecli_python/share/ament_index
creating /home/cimi/Documents/Workspace/humble/latihan_ws/install/servicecli_python/share/ament_index/resource_index
creating /home/cimi/Documents/Workspace/humble/latihan_ws/install/servicecli_python/share/ament_index/resource_index/packages
copying resource/servicecli_python -> /home/cimi/Documents/Workspace/humble/latihan_ws/install/servicecli_python/share/ament_index/resource_index/packages
creating /home/cimi/Documents/Workspace/humble/latihan_ws/install/servicecli_python/share/servicecli_python
copying package.xml -> /home/cimi/Documents/Workspace/humble/latihan_ws/install/servicecli_python/share/servicecli_python
running install_egg_info
Copying ../../build/servicecli_python/servicecli_python.egg-info to /home/cimi/Documents/Workspace/humble/latihan_ws/install/servicecli_python/lib/python3.8/site-packages/servicecli_python-0.0.0-py3.8.egg-info
running install_scripts
Installing client script to /home/cimi/Documents/Workspace/humble/latihan_ws/install/servicecli_python/lib/servicecli_python
Installing service script to /home/cimi/Documents/Workspace/humble/latihan_ws/install/servicecli_python/lib/servicecli_python
writing list of installed files to '/home/cimi/Documents/Workspace/humble/latihan_ws/build/servicecli_python/install.log'
