[8.741s] Invoking command in '/home/cimi/Documents/Workspace/humble/latihan_ws/src/servicecli_python': PYTHONPATH=/home/cimi/Documents/Workspace/humble/latihan_ws/build/servicecli_python/prefix_override:/home/cimi/Documents/Workspace/humble/latihan_ws/install/servicecli_python/lib/python3.8/site-packages:${PYTHONPATH} /usr/bin/python3 setup.py egg_info --egg-base ../../build/servicecli_python build --build-base /home/cimi/Documents/Workspace/humble/latihan_ws/build/servicecli_python/build install --record /home/cimi/Documents/Workspace/humble/latihan_ws/build/servicecli_python/install.log --single-version-externally-managed
[13.062s] running egg_info
[13.063s] creating ../../build/servicecli_python/servicecli_python.egg-info
[13.107s] writing ../../build/servicecli_python/servicecli_python.egg-info/PKG-INFO
[13.110s] writing dependency_links to ../../build/servicecli_python/servicecli_python.egg-info/dependency_links.txt
[13.111s] writing entry points to ../../build/servicecli_python/servicecli_python.egg-info/entry_points.txt
[13.111s] writing requirements to ../../build/servicecli_python/servicecli_python.egg-info/requires.txt
[13.111s] writing top-level names to ../../build/servicecli_python/servicecli_python.egg-info/top_level.txt
[13.376s] writing manifest file '../../build/servicecli_python/servicecli_python.egg-info/SOURCES.txt'
[13.500s] reading manifest file '../../build/servicecli_python/servicecli_python.egg-info/SOURCES.txt'
[13.501s] writing manifest file '../../build/servicecli_python/servicecli_python.egg-info/SOURCES.txt'
[13.501s] running build
[13.502s] running build_py
[13.502s] creating /home/cimi/Documents/Workspace/humble/latihan_ws/build/servicecli_python/build
[13.502s] creating /home/cimi/Documents/Workspace/humble/latihan_ws/build/servicecli_python/build/lib
[13.502s] creating /home/cimi/Documents/Workspace/humble/latihan_ws/build/servicecli_python/build/lib/servicecli_python
[13.502s] copying servicecli_python/service.py -> /home/cimi/Documents/Workspace/humble/latihan_ws/build/servicecli_python/build/lib/servicecli_python
[13.871s] copying servicecli_python/__init__.py -> /home/cimi/Documents/Workspace/humble/latihan_ws/build/servicecli_python/build/lib/servicecli_python
[13.871s] copying servicecli_python/client.py -> /home/cimi/Documents/Workspace/humble/latihan_ws/build/servicecli_python/build/lib/servicecli_python
[13.900s] running install
[13.900s] /home/cimi/.local/lib/python3.8/site-packages/setuptools/_distutils/cmd.py:66: SetuptoolsDeprecationWarning: setup.py install is deprecated.
[13.900s] !!
[13.900s] 
[13.900s]         ********************************************************************************
[13.901s]         Please avoid running ``setup.py`` directly.
[13.901s]         Instead, use pypa/build, pypa/installer, pypa/build or
[13.901s]         other standards-based tools.
[13.901s] 
[13.901s]         See https://blog.ganssle.io/articles/2021/10/setup-py-deprecated.html for details.
[13.901s]         ********************************************************************************
[13.901s] 
[13.902s] !!
[13.902s]   self.initialize_options()
[13.917s] running install_lib
[13.986s] creating /home/cimi/Documents/Workspace/humble/latihan_ws/install/servicecli_python/lib/python3.8/site-packages/servicecli_python
[13.986s] copying /home/cimi/Documents/Workspace/humble/latihan_ws/build/servicecli_python/build/lib/servicecli_python/service.py -> /home/cimi/Documents/Workspace/humble/latihan_ws/install/servicecli_python/lib/python3.8/site-packages/servicecli_python
[13.986s] copying /home/cimi/Documents/Workspace/humble/latihan_ws/build/servicecli_python/build/lib/servicecli_python/__init__.py -> /home/cimi/Documents/Workspace/humble/latihan_ws/install/servicecli_python/lib/python3.8/site-packages/servicecli_python
[13.987s] copying /home/cimi/Documents/Workspace/humble/latihan_ws/build/servicecli_python/build/lib/servicecli_python/client.py -> /home/cimi/Documents/Workspace/humble/latihan_ws/install/servicecli_python/lib/python3.8/site-packages/servicecli_python
[13.990s] byte-compiling /home/cimi/Documents/Workspace/humble/latihan_ws/install/servicecli_python/lib/python3.8/site-packages/servicecli_python/service.py to service.cpython-38.pyc
[13.991s] byte-compiling /home/cimi/Documents/Workspace/humble/latihan_ws/install/servicecli_python/lib/python3.8/site-packages/servicecli_python/__init__.py to __init__.cpython-38.pyc
[13.991s] byte-compiling /home/cimi/Documents/Workspace/humble/latihan_ws/install/servicecli_python/lib/python3.8/site-packages/servicecli_python/client.py to client.cpython-38.pyc
[13.992s] running install_data
[14.084s] creating /home/cimi/Documents/Workspace/humble/latihan_ws/install/servicecli_python/share
[14.085s] creating /home/cimi/Documents/Workspace/humble/latihan_ws/install/servicecli_python/share/ament_index
[14.085s] creating /home/cimi/Documents/Workspace/humble/latihan_ws/install/servicecli_python/share/ament_index/resource_index
[14.085s] creating /home/cimi/Documents/Workspace/humble/latihan_ws/install/servicecli_python/share/ament_index/resource_index/packages
[14.085s] copying resource/servicecli_python -> /home/cimi/Documents/Workspace/humble/latihan_ws/install/servicecli_python/share/ament_index/resource_index/packages
[14.085s] creating /home/cimi/Documents/Workspace/humble/latihan_ws/install/servicecli_python/share/servicecli_python
[14.085s] copying package.xml -> /home/cimi/Documents/Workspace/humble/latihan_ws/install/servicecli_python/share/servicecli_python
[14.085s] running install_egg_info
[14.134s] Copying ../../build/servicecli_python/servicecli_python.egg-info to /home/cimi/Documents/Workspace/humble/latihan_ws/install/servicecli_python/lib/python3.8/site-packages/servicecli_python-0.0.0-py3.8.egg-info
[14.139s] running install_scripts
[14.354s] Installing client script to /home/cimi/Documents/Workspace/humble/latihan_ws/install/servicecli_python/lib/servicecli_python
[14.354s] Installing service script to /home/cimi/Documents/Workspace/humble/latihan_ws/install/servicecli_python/lib/servicecli_python
[14.355s] writing list of installed files to '/home/cimi/Documents/Workspace/humble/latihan_ws/build/servicecli_python/install.log'
[14.455s] Invoked command in '/home/cimi/Documents/Workspace/humble/latihan_ws/src/servicecli_python' returned '0': PYTHONPATH=/home/cimi/Documents/Workspace/humble/latihan_ws/build/servicecli_python/prefix_override:/home/cimi/Documents/Workspace/humble/latihan_ws/install/servicecli_python/lib/python3.8/site-packages:${PYTHONPATH} /usr/bin/python3 setup.py egg_info --egg-base ../../build/servicecli_python build --build-base /home/cimi/Documents/Workspace/humble/latihan_ws/build/servicecli_python/build install --record /home/cimi/Documents/Workspace/humble/latihan_ws/build/servicecli_python/install.log --single-version-externally-managed
