[0.264s] Invoking command in '/home/cimi/Documents/Workspace/humble/latihan_ws/build/custom_message': /usr/bin/cmake --build /home/cimi/Documents/Workspace/humble/latihan_ws/build/custom_message -- -j8 -l8
[1.577s] -- Found ament_cmake: 1.3.5 (/home/cimi/ros2_humble/install/ament_cmake/share/ament_cmake/cmake)
[1.578s] -- Found geometry_msgs: 4.2.3 (/home/cimi/ros2_humble/install/geometry_msgs/share/geometry_msgs/cmake)
[1.579s] -- Found rosidl_generator_c: 3.1.4 (/home/cimi/ros2_humble/install/rosidl_generator_c/share/rosidl_generator_c/cmake)
[1.582s] -- Found rosidl_adapter: 3.1.4 (/home/cimi/ros2_humble/install/rosidl_adapter/share/rosidl_adapter/cmake)
[1.582s] -- Found rosidl_generator_cpp: 3.1.4 (/home/cimi/ros2_humble/install/rosidl_generator_cpp/share/rosidl_generator_cpp/cmake)
[1.588s] -- Using all available rosidl_typesupport_c: rosidl_typesupport_introspection_c;rosidl_typesupport_fastrtps_c
[1.714s] -- Using all available rosidl_typesupport_cpp: rosidl_typesupport_introspection_cpp;rosidl_typesupport_fastrtps_cpp
[2.096s] -- Found rosidl_default_generators: 1.2.0 (/home/cimi/ros2_humble/install/rosidl_default_generators/share/rosidl_default_generators/cmake)
[2.482s] -- Found custom_message: 0.0.0 (/home/cimi/Documents/Workspace/humble/latihan_ws/install/custom_message/share/custom_message/cmake)
[8.044s] Error parsing '/home/cimi/Documents/Workspace/humble/latihan_ws/src/custom_message/package.xml':
[8.669s] Traceback (most recent call last):
[8.669s]   File "/home/cimi/ros2_humble/install/ament_cmake_core/share/ament_cmake_core/cmake/core/package_xml_2_cmake.py", line 150, in <module>
[8.669s]     main()
[8.670s]   File "/home/cimi/ros2_humble/install/ament_cmake_core/share/ament_cmake_core/cmake/core/package_xml_2_cmake.py", line 53, in main
[8.670s]     raise e
[8.670s]   File "/home/cimi/ros2_humble/install/ament_cmake_core/share/ament_cmake_core/cmake/core/package_xml_2_cmake.py", line 49, in main
[8.670s]     package = parse_package_string(
[8.670s]   File "/usr/local/lib/python3.8/dist-packages/catkin_pkg/package.py", line 788, in parse_package_string
[8.670s]     pkg.validate(warnings=warnings)
[8.671s]   File "/usr/local/lib/python3.8/dist-packages/catkin_pkg/package.py", line 330, in validate
[8.671s]     raise InvalidPackage('\n'.join(errors), self.filename)
[8.671s] catkin_pkg.package.InvalidPackage: Error(s) in package '/home/cimi/Documents/Workspace/humble/latihan_ws/src/custom_message/package.xml':
[8.671s] The package "custom_message" must not "build_depend" on a package with the same name as this package
[8.671s] The package "custom_message" must not "build_export_depend" on a package with the same name as this package
[8.671s] The package "custom_message" must not "exec_depend" on a package with the same name as this package
[8.709s] CMake Error at /home/cimi/ros2_humble/install/ament_cmake_core/share/ament_cmake_core/cmake/core/ament_package_xml.cmake:95 (message):
[8.710s]   execute_process(/usr/bin/python3.8
[8.710s]   /home/cimi/ros2_humble/install/ament_cmake_core/share/ament_cmake_core/cmake/core/package_xml_2_cmake.py
[8.710s]   /home/cimi/Documents/Workspace/humble/latihan_ws/src/custom_message/package.xml
[8.710s]   /home/cimi/Documents/Workspace/humble/latihan_ws/build/custom_message/ament_cmake_core/package.cmake)
[8.710s]   returned error code 1
[8.711s] Call Stack (most recent call first):
[8.711s]   /home/cimi/ros2_humble/install/ament_cmake_core/share/ament_cmake_core/cmake/core/ament_package_xml.cmake:49 (_ament_package_xml)
[8.711s]   /home/cimi/ros2_humble/install/rosidl_cmake/share/rosidl_cmake/cmake/rosidl_generate_interfaces.cmake:226 (ament_package_xml)
[8.711s]   CMakeLists.txt:20 (rosidl_generate_interfaces)
[8.711s] 
[8.712s] 
[8.712s] -- Configuring incomplete, errors occurred!
[8.713s] See also "/home/cimi/Documents/Workspace/humble/latihan_ws/build/custom_message/CMakeFiles/CMakeOutput.log".
[8.720s] make: *** [Makefile:1256: cmake_check_build_system] Error 1
[8.723s] Invoked command in '/home/cimi/Documents/Workspace/humble/latihan_ws/build/custom_message' returned '2': /usr/bin/cmake --build /home/cimi/Documents/Workspace/humble/latihan_ws/build/custom_message -- -j8 -l8
