[6.001s] Invoking command in '/home/cimi/Documents/Workspace/humble/latihan_ws/src/sercli_python': PYTHONPATH=/home/cimi/Documents/Workspace/humble/latihan_ws/build/sercli_python/prefix_override:/home/cimi/Documents/Workspace/humble/latihan_ws/install/sercli_python/lib/python3.8/site-packages:${PYTHONPATH} /usr/bin/python3 setup.py egg_info --egg-base ../../build/sercli_python build --build-base /home/cimi/Documents/Workspace/humble/latihan_ws/build/sercli_python/build install --record /home/cimi/Documents/Workspace/humble/latihan_ws/build/sercli_python/install.log --single-version-externally-managed
[9.167s] running egg_info
[9.206s] writing ../../build/sercli_python/sercli_python.egg-info/PKG-INFO
[9.207s] writing dependency_links to ../../build/sercli_python/sercli_python.egg-info/dependency_links.txt
[9.208s] writing entry points to ../../build/sercli_python/sercli_python.egg-info/entry_points.txt
[9.209s] writing requirements to ../../build/sercli_python/sercli_python.egg-info/requires.txt
[9.209s] writing top-level names to ../../build/sercli_python/sercli_python.egg-info/top_level.txt
[9.557s] reading manifest file '../../build/sercli_python/sercli_python.egg-info/SOURCES.txt'
[9.572s] writing manifest file '../../build/sercli_python/sercli_python.egg-info/SOURCES.txt'
[9.572s] running build
[9.573s] running build_py
[9.574s] running install
[9.578s] /home/cimi/.local/lib/python3.8/site-packages/setuptools/_distutils/cmd.py:66: SetuptoolsDeprecationWarning: setup.py install is deprecated.
[9.579s] !!
[9.579s] 
[9.579s]         ********************************************************************************
[9.580s]         Please avoid running ``setup.py`` directly.
[9.580s]         Instead, use pypa/build, pypa/installer, pypa/build or
[9.580s]         other standards-based tools.
[9.581s] 
[9.581s]         See https://blog.ganssle.io/articles/2021/10/setup-py-deprecated.html for details.
[9.581s]         ********************************************************************************
[9.581s] 
[9.582s] !!
[9.582s]   self.initialize_options()
[9.592s] running install_lib
[9.654s] running install_data
[9.721s] running install_egg_info
[9.773s] removing '/home/cimi/Documents/Workspace/humble/latihan_ws/install/sercli_python/lib/python3.8/site-packages/sercli_python-0.0.0-py3.8.egg-info' (and everything under it)
[9.773s] Copying ../../build/sercli_python/sercli_python.egg-info to /home/cimi/Documents/Workspace/humble/latihan_ws/install/sercli_python/lib/python3.8/site-packages/sercli_python-0.0.0-py3.8.egg-info
[9.775s] running install_scripts
[9.990s] Installing client script to /home/cimi/Documents/Workspace/humble/latihan_ws/install/sercli_python/lib/sercli_python
[9.991s] Installing service script to /home/cimi/Documents/Workspace/humble/latihan_ws/install/sercli_python/lib/sercli_python
[9.992s] writing list of installed files to '/home/cimi/Documents/Workspace/humble/latihan_ws/build/sercli_python/install.log'
[10.054s] Invoked command in '/home/cimi/Documents/Workspace/humble/latihan_ws/src/sercli_python' returned '0': PYTHONPATH=/home/cimi/Documents/Workspace/humble/latihan_ws/build/sercli_python/prefix_override:/home/cimi/Documents/Workspace/humble/latihan_ws/install/sercli_python/lib/python3.8/site-packages:${PYTHONPATH} /usr/bin/python3 setup.py egg_info --egg-base ../../build/sercli_python build --build-base /home/cimi/Documents/Workspace/humble/latihan_ws/build/sercli_python/build install --record /home/cimi/Documents/Workspace/humble/latihan_ws/build/sercli_python/install.log --single-version-externally-managed
