running egg_info
creating ../../build/pubsub_python/pubsub_python.egg-info
writing ../../build/pubsub_python/pubsub_python.egg-info/PKG-INFO
writing dependency_links to ../../build/pubsub_python/pubsub_python.egg-info/dependency_links.txt
writing entry points to ../../build/pubsub_python/pubsub_python.egg-info/entry_points.txt
writing requirements to ../../build/pubsub_python/pubsub_python.egg-info/requires.txt
writing top-level names to ../../build/pubsub_python/pubsub_python.egg-info/top_level.txt
writing manifest file '../../build/pubsub_python/pubsub_python.egg-info/SOURCES.txt'
reading manifest file '../../build/pubsub_python/pubsub_python.egg-info/SOURCES.txt'
writing manifest file '../../build/pubsub_python/pubsub_python.egg-info/SOURCES.txt'
running build
running build_py
creating /home/cimi/Documents/Workspace/humble/latihan_ws/build/pubsub_python/build
creating /home/cimi/Documents/Workspace/humble/latihan_ws/build/pubsub_python/build/lib
creating /home/cimi/Documents/Workspace/humble/latihan_ws/build/pubsub_python/build/lib/pubsub_python
copying pubsub_python/publisher.py -> /home/cimi/Documents/Workspace/humble/latihan_ws/build/pubsub_python/build/lib/pubsub_python
copying pubsub_python/__init__.py -> /home/cimi/Documents/Workspace/humble/latihan_ws/build/pubsub_python/build/lib/pubsub_python
copying pubsub_python/subscriber.py -> /home/cimi/Documents/Workspace/humble/latihan_ws/build/pubsub_python/build/lib/pubsub_python
running install
running install_lib
creating /home/cimi/Documents/Workspace/humble/latihan_ws/install/pubsub_python/lib/python3.8/site-packages/pubsub_python
copying /home/cimi/Documents/Workspace/humble/latihan_ws/build/pubsub_python/build/lib/pubsub_python/publisher.py -> /home/cimi/Documents/Workspace/humble/latihan_ws/install/pubsub_python/lib/python3.8/site-packages/pubsub_python
copying /home/cimi/Documents/Workspace/humble/latihan_ws/build/pubsub_python/build/lib/pubsub_python/__init__.py -> /home/cimi/Documents/Workspace/humble/latihan_ws/install/pubsub_python/lib/python3.8/site-packages/pubsub_python
copying /home/cimi/Documents/Workspace/humble/latihan_ws/build/pubsub_python/build/lib/pubsub_python/subscriber.py -> /home/cimi/Documents/Workspace/humble/latihan_ws/install/pubsub_python/lib/python3.8/site-packages/pubsub_python
byte-compiling /home/cimi/Documents/Workspace/humble/latihan_ws/install/pubsub_python/lib/python3.8/site-packages/pubsub_python/publisher.py to publisher.cpython-38.pyc
byte-compiling /home/cimi/Documents/Workspace/humble/latihan_ws/install/pubsub_python/lib/python3.8/site-packages/pubsub_python/__init__.py to __init__.cpython-38.pyc
byte-compiling /home/cimi/Documents/Workspace/humble/latihan_ws/install/pubsub_python/lib/python3.8/site-packages/pubsub_python/subscriber.py to subscriber.cpython-38.pyc
running install_data
creating /home/cimi/Documents/Workspace/humble/latihan_ws/install/pubsub_python/share/ament_index
creating /home/cimi/Documents/Workspace/humble/latihan_ws/install/pubsub_python/share/ament_index/resource_index
creating /home/cimi/Documents/Workspace/humble/latihan_ws/install/pubsub_python/share/ament_index/resource_index/packages
copying resource/pubsub_python -> /home/cimi/Documents/Workspace/humble/latihan_ws/install/pubsub_python/share/ament_index/resource_index/packages
copying package.xml -> /home/cimi/Documents/Workspace/humble/latihan_ws/install/pubsub_python/share/pubsub_python
running install_egg_info
Copying ../../build/pubsub_python/pubsub_python.egg-info to /home/cimi/Documents/Workspace/humble/latihan_ws/install/pubsub_python/lib/python3.8/site-packages/pubsub_python-0.0.0-py3.8.egg-info
running install_scripts
Installing listener script to /home/cimi/Documents/Workspace/humble/latihan_ws/install/pubsub_python/lib/pubsub_python
Installing talker script to /home/cimi/Documents/Workspace/humble/latihan_ws/install/pubsub_python/lib/pubsub_python
writing list of installed files to '/home/cimi/Documents/Workspace/humble/latihan_ws/build/pubsub_python/install.log'
