[7.854s] Invoking command in '/home/cimi/Documents/Workspace/humble/latihan_ws/src/py_srvcli': PYTHONPATH=/home/cimi/Documents/Workspace/humble/latihan_ws/build/py_srvcli/prefix_override:/home/cimi/Documents/Workspace/humble/latihan_ws/install/py_srvcli/lib/python3.8/site-packages:${PYTHONPATH} /usr/bin/python3 setup.py egg_info --egg-base ../../build/py_srvcli build --build-base /home/cimi/Documents/Workspace/humble/latihan_ws/build/py_srvcli/build install --record /home/cimi/Documents/Workspace/humble/latihan_ws/build/py_srvcli/install.log --single-version-externally-managed
[8.625s] running egg_info
[8.672s] writing ../../build/py_srvcli/py_srvcli.egg-info/PKG-INFO
[8.672s] writing dependency_links to ../../build/py_srvcli/py_srvcli.egg-info/dependency_links.txt
[8.672s] writing entry points to ../../build/py_srvcli/py_srvcli.egg-info/entry_points.txt
[8.673s] writing requirements to ../../build/py_srvcli/py_srvcli.egg-info/requires.txt
[8.673s] writing top-level names to ../../build/py_srvcli/py_srvcli.egg-info/top_level.txt
[9.002s] reading manifest file '../../build/py_srvcli/py_srvcli.egg-info/SOURCES.txt'
[9.019s] writing manifest file '../../build/py_srvcli/py_srvcli.egg-info/SOURCES.txt'
[9.019s] running build
[9.019s] running build_py
[9.019s] running install
[9.020s] /home/cimi/.local/lib/python3.8/site-packages/setuptools/_distutils/cmd.py:66: SetuptoolsDeprecationWarning: setup.py install is deprecated.
[9.020s] !!
[9.020s] 
[9.020s]         ********************************************************************************
[9.020s]         Please avoid running ``setup.py`` directly.
[9.021s]         Instead, use pypa/build, pypa/installer, pypa/build or
[9.021s]         other standards-based tools.
[9.021s] 
[9.021s]         See https://blog.ganssle.io/articles/2021/10/setup-py-deprecated.html for details.
[9.021s]         ********************************************************************************
[9.021s] 
[9.021s] !!
[9.022s]   self.initialize_options()
[9.029s] running install_lib
[9.075s] running install_data
[9.123s] running install_egg_info
[9.171s] removing '/home/cimi/Documents/Workspace/humble/latihan_ws/install/py_srvcli/lib/python3.8/site-packages/py_srvcli-0.0.0-py3.8.egg-info' (and everything under it)
[9.171s] Copying ../../build/py_srvcli/py_srvcli.egg-info to /home/cimi/Documents/Workspace/humble/latihan_ws/install/py_srvcli/lib/python3.8/site-packages/py_srvcli-0.0.0-py3.8.egg-info
[9.173s] running install_scripts
[9.342s] Installing client script to /home/cimi/Documents/Workspace/humble/latihan_ws/install/py_srvcli/lib/py_srvcli
[9.343s] Installing service script to /home/cimi/Documents/Workspace/humble/latihan_ws/install/py_srvcli/lib/py_srvcli
[9.343s] writing list of installed files to '/home/cimi/Documents/Workspace/humble/latihan_ws/build/py_srvcli/install.log'
