[0.261s] Invoking command in '/home/cimi/Documents/Workspace/humble/latihan_ws/build/custom_message': CMAKE_PREFIX_PATH=${CMAKE_PREFIX_PATH}:/home/cimi/Documents/Workspace/humble/latihan_ws/install/py_srvcli:/home/cimi/Documents/Workspace/humble/latihan_ws/install/pubsub_python:/home/cimi/ros2_humble/install/rqt_bag_plugins:/home/cimi/ros2_humble/install/rqt_bag:/home/cimi/ros2_humble/install/ros2bag:/home/cimi/ros2_humble/install/tracetools_test:/home/cimi/ros2_humble/install/tracetools_launch:/home/cimi/ros2_humble/install/topic_monitor:/home/cimi/ros2_humble/install/tf2_tools:/home/cimi/ros2_humble/install/examples_tf2_py:/home/cimi/ros2_humble/install/tf2_ros_py:/home/cimi/ros2_humble/install/sros2:/home/cimi/ros2_humble/install/rqt_topic:/home/cimi/ros2_humble/install/rqt_srv:/home/cimi/ros2_humble/install/rqt_shell:/home/cimi/ros2_humble/install/rqt_service_caller:/home/cimi/ros2_humble/install/rqt_reconfigure:/home/cimi/ros2_humble/install/rqt_py_console:/home/cimi/ros2_humble/install/rqt_publisher:/home/cimi/ros2_humble/install/rqt_plot:/home/cimi/ros2_humble/install/rqt_action:/home/cimi/ros2_humble/install/rqt_msg:/home/cimi/ros2_humble/install/rqt_console:/home/cimi/ros2_humble/install/rqt:/home/cimi/ros2_humble/install/rqt_graph:/home/cimi/ros2_humble/install/rqt_gui_py:/home/cimi/ros2_humble/install/rqt_gui:/home/cimi/ros2_humble/install/ros2trace:/home/cimi/ros2_humble/install/ros2topic:/home/cimi/ros2_humble/install/ros2test:/home/cimi/ros2_humble/install/ros2component:/home/cimi/ros2_humble/install/ros2param:/home/cimi/ros2_humble/install/ros2lifecycle:/home/cimi/ros2_humble/install/ros2service:/home/cimi/ros2_humble/install/ros2run:/home/cimi/ros2_humble/install/ros2launch:/home/cimi/ros2_humble/install/ros2pkg:/home/cimi/ros2_humble/install/ros2node:/home/cimi/ros2_humble/install/ros2multicast:/home/cimi/ros2_humble/install/ros2interface:/home/cimi/ros2_humble/install/ros2doctor:/home/cimi/ros2_humble/install/ros2action:/home/cimi/ros2_humble/install/ros2cli:/home/cimi/ros2_humble/install/quality_of_service_demo_py:/home/cimi/ros2_humble/install/lifecycle_py:/home/cimi/ros2_humble/install/launch_testing_ros:/home/cimi/ros2_humble/install/launch_ros:/home/cimi/ros2_humble/install/examples_rclpy_pointcloud_publisher:/home/cimi/ros2_humble/install/examples_rclpy_minimal_subscriber:/home/cimi/ros2_humble/install/examples_rclpy_minimal_service:/home/cimi/ros2_humble/install/examples_rclpy_minimal_publisher:/home/cimi/ros2_humble/install/examples_rclpy_minimal_client:/home/cimi/ros2_humble/install/examples_rclpy_minimal_action_server:/home/cimi/ros2_humble/install/examples_rclpy_minimal_action_client:/home/cimi/ros2_humble/install/examples_rclpy_guard_conditions:/home/cimi/ros2_humble/install/examples_rclpy_executors:/home/cimi/ros2_humble/install/demo_nodes_py:/home/cimi/ros2_humble/install/action_tutorials_py:/home/cimi/ros2_humble/install/ament_uncrustify:/home/cimi/ros2_humble/install/tracetools_trace:/home/cimi/ros2_humble/install/tracetools_read:/home/cimi/ros2_humble/install/test_tracetools_launch:/home/cimi/ros2_humble/install/test_launch_ros:/home/cimi/ros2_humble/install/sensor_msgs_py:/home/cimi/ros2_humble/install/rpyutils:/home/cimi/ros2_humble/install/rosidl_runtime_py:/home/cimi/ros2_humble/install/rosidl_cli:/home/cimi/ros2_humble/install/launch_pytest:/home/cimi/ros2_humble/install/launch_testing:/home/cimi/ros2_humble/install/launch_yaml:/home/cimi/ros2_humble/install/launch_xml:/home/cimi/ros2_humble/install/launch:/home/cimi/ros2_humble/install/osrf_pycommon:/home/cimi/ros2_humble/install/launch_testing_examples:/home/cimi/ros2_humble/install/domain_coordinator:/home/cimi/ros2_humble/install/ament_xmllint:/home/cimi/ros2_humble/install/ament_pyflakes:/home/cimi/ros2_humble/install/ament_pycodestyle:/home/cimi/ros2_humble/install/ament_pep257:/home/cimi/ros2_humble/install/ament_pclint:/home/cimi/ros2_humble/install/ament_package:/home/cimi/ros2_humble/install/ament_mypy:/home/cimi/ros2_humble/install/ament_lint_cmake:/home/cimi/ros2_humble/install/ament_flake8:/home/cimi/ros2_humble/install/ament_copyright:/home/cimi/ros2_humble/install/ament_lint:/home/cimi/ros2_humble/install/ament_index_python:/home/cimi/ros2_humble/install/ament_cpplint:/home/cimi/ros2_humble/install/ament_cppcheck:/home/cimi/ros2_humble/install/ament_clang_tidy:/home/cimi/ros2_humble/install/ament_clang_format /usr/bin/cmake --build /home/cimi/Documents/Workspace/humble/latihan_ws/build/custom_message -- -j8 -l8
[2.655s] [  1%] Built target custom_message__cpp
[2.655s] [ 11%] Built target custom_message__rosidl_generator_c
[2.655s] [ 11%] Built target ament_cmake_python_copy_custom_message
[2.656s] [ 15%] Built target talker
[2.656s] [ 19%] Built target listener
[2.657s] [ 29%] Built target custom_message__rosidl_typesupport_fastrtps_cpp
[2.657s] [ 39%] Built target custom_message__rosidl_typesupport_introspection_cpp
[2.660s] [ 49%] Built target custom_message__rosidl_typesupport_cpp
[2.662s] [ 58%] Built target custom_message__rosidl_typesupport_c
[2.662s] [ 68%] Built target custom_message__rosidl_typesupport_fastrtps_c
[2.664s] [ 78%] Built target custom_message__rosidl_typesupport_introspection_c
[2.665s] [ 78%] Built target custom_message
[2.666s] [ 80%] Built target custom_message__py
[2.666s] [ 88%] Built target custom_message__rosidl_generator_py
[2.666s] [ 92%] Built target custom_message__rosidl_typesupport_fastrtps_c__pyext
[2.668s] [ 96%] Built target custom_message__rosidl_typesupport_c__pyext
[2.670s] [100%] Built target custom_message__rosidl_typesupport_introspection_c__pyext
[2.670s] running egg_info
[2.670s] writing custom_message.egg-info/PKG-INFO
[2.670s] writing dependency_links to custom_message.egg-info/dependency_links.txt
[2.671s] writing top-level names to custom_message.egg-info/top_level.txt
[2.673s] reading manifest file 'custom_message.egg-info/SOURCES.txt'
[2.674s] writing manifest file 'custom_message.egg-info/SOURCES.txt'
[2.674s] [100%] Built target ament_cmake_python_build_custom_message_egg
[2.678s] Invoked command in '/home/cimi/Documents/Workspace/humble/latihan_ws/build/custom_message' returned '0': CMAKE_PREFIX_PATH=${CMAKE_PREFIX_PATH}:/home/cimi/Documents/Workspace/humble/latihan_ws/install/py_srvcli:/home/cimi/Documents/Workspace/humble/latihan_ws/install/pubsub_python:/home/cimi/ros2_humble/install/rqt_bag_plugins:/home/cimi/ros2_humble/install/rqt_bag:/home/cimi/ros2_humble/install/ros2bag:/home/cimi/ros2_humble/install/tracetools_test:/home/cimi/ros2_humble/install/tracetools_launch:/home/cimi/ros2_humble/install/topic_monitor:/home/cimi/ros2_humble/install/tf2_tools:/home/cimi/ros2_humble/install/examples_tf2_py:/home/cimi/ros2_humble/install/tf2_ros_py:/home/cimi/ros2_humble/install/sros2:/home/cimi/ros2_humble/install/rqt_topic:/home/cimi/ros2_humble/install/rqt_srv:/home/cimi/ros2_humble/install/rqt_shell:/home/cimi/ros2_humble/install/rqt_service_caller:/home/cimi/ros2_humble/install/rqt_reconfigure:/home/cimi/ros2_humble/install/rqt_py_console:/home/cimi/ros2_humble/install/rqt_publisher:/home/cimi/ros2_humble/install/rqt_plot:/home/cimi/ros2_humble/install/rqt_action:/home/cimi/ros2_humble/install/rqt_msg:/home/cimi/ros2_humble/install/rqt_console:/home/cimi/ros2_humble/install/rqt:/home/cimi/ros2_humble/install/rqt_graph:/home/cimi/ros2_humble/install/rqt_gui_py:/home/cimi/ros2_humble/install/rqt_gui:/home/cimi/ros2_humble/install/ros2trace:/home/cimi/ros2_humble/install/ros2topic:/home/cimi/ros2_humble/install/ros2test:/home/cimi/ros2_humble/install/ros2component:/home/cimi/ros2_humble/install/ros2param:/home/cimi/ros2_humble/install/ros2lifecycle:/home/cimi/ros2_humble/install/ros2service:/home/cimi/ros2_humble/install/ros2run:/home/cimi/ros2_humble/install/ros2launch:/home/cimi/ros2_humble/install/ros2pkg:/home/cimi/ros2_humble/install/ros2node:/home/cimi/ros2_humble/install/ros2multicast:/home/cimi/ros2_humble/install/ros2interface:/home/cimi/ros2_humble/install/ros2doctor:/home/cimi/ros2_humble/install/ros2action:/home/cimi/ros2_humble/install/ros2cli:/home/cimi/ros2_humble/install/quality_of_service_demo_py:/home/cimi/ros2_humble/install/lifecycle_py:/home/cimi/ros2_humble/install/launch_testing_ros:/home/cimi/ros2_humble/install/launch_ros:/home/cimi/ros2_humble/install/examples_rclpy_pointcloud_publisher:/home/cimi/ros2_humble/install/examples_rclpy_minimal_subscriber:/home/cimi/ros2_humble/install/examples_rclpy_minimal_service:/home/cimi/ros2_humble/install/examples_rclpy_minimal_publisher:/home/cimi/ros2_humble/install/examples_rclpy_minimal_client:/home/cimi/ros2_humble/install/examples_rclpy_minimal_action_server:/home/cimi/ros2_humble/install/examples_rclpy_minimal_action_client:/home/cimi/ros2_humble/install/examples_rclpy_guard_conditions:/home/cimi/ros2_humble/install/examples_rclpy_executors:/home/cimi/ros2_humble/install/demo_nodes_py:/home/cimi/ros2_humble/install/action_tutorials_py:/home/cimi/ros2_humble/install/ament_uncrustify:/home/cimi/ros2_humble/install/tracetools_trace:/home/cimi/ros2_humble/install/tracetools_read:/home/cimi/ros2_humble/install/test_tracetools_launch:/home/cimi/ros2_humble/install/test_launch_ros:/home/cimi/ros2_humble/install/sensor_msgs_py:/home/cimi/ros2_humble/install/rpyutils:/home/cimi/ros2_humble/install/rosidl_runtime_py:/home/cimi/ros2_humble/install/rosidl_cli:/home/cimi/ros2_humble/install/launch_pytest:/home/cimi/ros2_humble/install/launch_testing:/home/cimi/ros2_humble/install/launch_yaml:/home/cimi/ros2_humble/install/launch_xml:/home/cimi/ros2_humble/install/launch:/home/cimi/ros2_humble/install/osrf_pycommon:/home/cimi/ros2_humble/install/launch_testing_examples:/home/cimi/ros2_humble/install/domain_coordinator:/home/cimi/ros2_humble/install/ament_xmllint:/home/cimi/ros2_humble/install/ament_pyflakes:/home/cimi/ros2_humble/install/ament_pycodestyle:/home/cimi/ros2_humble/install/ament_pep257:/home/cimi/ros2_humble/install/ament_pclint:/home/cimi/ros2_humble/install/ament_package:/home/cimi/ros2_humble/install/ament_mypy:/home/cimi/ros2_humble/install/ament_lint_cmake:/home/cimi/ros2_humble/install/ament_flake8:/home/cimi/ros2_humble/install/ament_copyright:/home/cimi/ros2_humble/install/ament_lint:/home/cimi/ros2_humble/install/ament_index_python:/home/cimi/ros2_humble/install/ament_cpplint:/home/cimi/ros2_humble/install/ament_cppcheck:/home/cimi/ros2_humble/install/ament_clang_tidy:/home/cimi/ros2_humble/install/ament_clang_format /usr/bin/cmake --build /home/cimi/Documents/Workspace/humble/latihan_ws/build/custom_message -- -j8 -l8
[3.746s] Invoking command in '/home/cimi/Documents/Workspace/humble/latihan_ws/build/custom_message': CMAKE_PREFIX_PATH=${CMAKE_PREFIX_PATH}:/home/cimi/Documents/Workspace/humble/latihan_ws/install/py_srvcli:/home/cimi/Documents/Workspace/humble/latihan_ws/install/pubsub_python:/home/cimi/ros2_humble/install/rqt_bag_plugins:/home/cimi/ros2_humble/install/rqt_bag:/home/cimi/ros2_humble/install/ros2bag:/home/cimi/ros2_humble/install/tracetools_test:/home/cimi/ros2_humble/install/tracetools_launch:/home/cimi/ros2_humble/install/topic_monitor:/home/cimi/ros2_humble/install/tf2_tools:/home/cimi/ros2_humble/install/examples_tf2_py:/home/cimi/ros2_humble/install/tf2_ros_py:/home/cimi/ros2_humble/install/sros2:/home/cimi/ros2_humble/install/rqt_topic:/home/cimi/ros2_humble/install/rqt_srv:/home/cimi/ros2_humble/install/rqt_shell:/home/cimi/ros2_humble/install/rqt_service_caller:/home/cimi/ros2_humble/install/rqt_reconfigure:/home/cimi/ros2_humble/install/rqt_py_console:/home/cimi/ros2_humble/install/rqt_publisher:/home/cimi/ros2_humble/install/rqt_plot:/home/cimi/ros2_humble/install/rqt_action:/home/cimi/ros2_humble/install/rqt_msg:/home/cimi/ros2_humble/install/rqt_console:/home/cimi/ros2_humble/install/rqt:/home/cimi/ros2_humble/install/rqt_graph:/home/cimi/ros2_humble/install/rqt_gui_py:/home/cimi/ros2_humble/install/rqt_gui:/home/cimi/ros2_humble/install/ros2trace:/home/cimi/ros2_humble/install/ros2topic:/home/cimi/ros2_humble/install/ros2test:/home/cimi/ros2_humble/install/ros2component:/home/cimi/ros2_humble/install/ros2param:/home/cimi/ros2_humble/install/ros2lifecycle:/home/cimi/ros2_humble/install/ros2service:/home/cimi/ros2_humble/install/ros2run:/home/cimi/ros2_humble/install/ros2launch:/home/cimi/ros2_humble/install/ros2pkg:/home/cimi/ros2_humble/install/ros2node:/home/cimi/ros2_humble/install/ros2multicast:/home/cimi/ros2_humble/install/ros2interface:/home/cimi/ros2_humble/install/ros2doctor:/home/cimi/ros2_humble/install/ros2action:/home/cimi/ros2_humble/install/ros2cli:/home/cimi/ros2_humble/install/quality_of_service_demo_py:/home/cimi/ros2_humble/install/lifecycle_py:/home/cimi/ros2_humble/install/launch_testing_ros:/home/cimi/ros2_humble/install/launch_ros:/home/cimi/ros2_humble/install/examples_rclpy_pointcloud_publisher:/home/cimi/ros2_humble/install/examples_rclpy_minimal_subscriber:/home/cimi/ros2_humble/install/examples_rclpy_minimal_service:/home/cimi/ros2_humble/install/examples_rclpy_minimal_publisher:/home/cimi/ros2_humble/install/examples_rclpy_minimal_client:/home/cimi/ros2_humble/install/examples_rclpy_minimal_action_server:/home/cimi/ros2_humble/install/examples_rclpy_minimal_action_client:/home/cimi/ros2_humble/install/examples_rclpy_guard_conditions:/home/cimi/ros2_humble/install/examples_rclpy_executors:/home/cimi/ros2_humble/install/demo_nodes_py:/home/cimi/ros2_humble/install/action_tutorials_py:/home/cimi/ros2_humble/install/ament_uncrustify:/home/cimi/ros2_humble/install/tracetools_trace:/home/cimi/ros2_humble/install/tracetools_read:/home/cimi/ros2_humble/install/test_tracetools_launch:/home/cimi/ros2_humble/install/test_launch_ros:/home/cimi/ros2_humble/install/sensor_msgs_py:/home/cimi/ros2_humble/install/rpyutils:/home/cimi/ros2_humble/install/rosidl_runtime_py:/home/cimi/ros2_humble/install/rosidl_cli:/home/cimi/ros2_humble/install/launch_pytest:/home/cimi/ros2_humble/install/launch_testing:/home/cimi/ros2_humble/install/launch_yaml:/home/cimi/ros2_humble/install/launch_xml:/home/cimi/ros2_humble/install/launch:/home/cimi/ros2_humble/install/osrf_pycommon:/home/cimi/ros2_humble/install/launch_testing_examples:/home/cimi/ros2_humble/install/domain_coordinator:/home/cimi/ros2_humble/install/ament_xmllint:/home/cimi/ros2_humble/install/ament_pyflakes:/home/cimi/ros2_humble/install/ament_pycodestyle:/home/cimi/ros2_humble/install/ament_pep257:/home/cimi/ros2_humble/install/ament_pclint:/home/cimi/ros2_humble/install/ament_package:/home/cimi/ros2_humble/install/ament_mypy:/home/cimi/ros2_humble/install/ament_lint_cmake:/home/cimi/ros2_humble/install/ament_flake8:/home/cimi/ros2_humble/install/ament_copyright:/home/cimi/ros2_humble/install/ament_lint:/home/cimi/ros2_humble/install/ament_index_python:/home/cimi/ros2_humble/install/ament_cpplint:/home/cimi/ros2_humble/install/ament_cppcheck:/home/cimi/ros2_humble/install/ament_clang_tidy:/home/cimi/ros2_humble/install/ament_clang_format /usr/bin/cmake --install /home/cimi/Documents/Workspace/humble/latihan_ws/build/custom_message
[3.795s] -- Install configuration: ""
[3.797s] -- Up-to-date: /home/cimi/Documents/Workspace/humble/latihan_ws/install/custom_message/share/ament_index/resource_index/rosidl_interfaces/custom_message
[3.797s] -- Up-to-date: /home/cimi/Documents/Workspace/humble/latihan_ws/install/custom_message/include/custom_message/custom_message
[3.798s] -- Up-to-date: /home/cimi/Documents/Workspace/humble/latihan_ws/install/custom_message/include/custom_message/custom_message/srv
[3.798s] -- Up-to-date: /home/cimi/Documents/Workspace/humble/latihan_ws/install/custom_message/include/custom_message/custom_message/srv/detail
[3.798s] -- Up-to-date: /home/cimi/Documents/Workspace/humble/latihan_ws/install/custom_message/include/custom_message/custom_message/srv/detail/add_three_ints__struct.h
[3.799s] -- Up-to-date: /home/cimi/Documents/Workspace/humble/latihan_ws/install/custom_message/include/custom_message/custom_message/srv/detail/add_three_ints__type_support.h
[3.799s] -- Up-to-date: /home/cimi/Documents/Workspace/humble/latihan_ws/install/custom_message/include/custom_message/custom_message/srv/detail/add_three_ints__functions.c
[3.800s] -- Up-to-date: /home/cimi/Documents/Workspace/humble/latihan_ws/install/custom_message/include/custom_message/custom_message/srv/detail/add_three_ints__functions.h
[3.801s] -- Up-to-date: /home/cimi/Documents/Workspace/humble/latihan_ws/install/custom_message/include/custom_message/custom_message/srv/add_three_ints.h
[3.801s] -- Up-to-date: /home/cimi/Documents/Workspace/humble/latihan_ws/install/custom_message/include/custom_message/custom_message/msg
[3.801s] -- Up-to-date: /home/cimi/Documents/Workspace/humble/latihan_ws/install/custom_message/include/custom_message/custom_message/msg/sphere.h
[3.801s] -- Up-to-date: /home/cimi/Documents/Workspace/humble/latihan_ws/install/custom_message/include/custom_message/custom_message/msg/rosidl_generator_c__visibility_control.h
[3.802s] -- Up-to-date: /home/cimi/Documents/Workspace/humble/latihan_ws/install/custom_message/include/custom_message/custom_message/msg/num.h
[3.802s] -- Up-to-date: /home/cimi/Documents/Workspace/humble/latihan_ws/install/custom_message/include/custom_message/custom_message/msg/detail
[3.802s] -- Up-to-date: /home/cimi/Documents/Workspace/humble/latihan_ws/install/custom_message/include/custom_message/custom_message/msg/detail/sphere__type_support.h
[3.803s] -- Up-to-date: /home/cimi/Documents/Workspace/humble/latihan_ws/install/custom_message/include/custom_message/custom_message/msg/detail/sphere__functions.c
[3.803s] -- Up-to-date: /home/cimi/Documents/Workspace/humble/latihan_ws/install/custom_message/include/custom_message/custom_message/msg/detail/sphere__struct.h
[3.804s] -- Up-to-date: /home/cimi/Documents/Workspace/humble/latihan_ws/install/custom_message/include/custom_message/custom_message/msg/detail/num__struct.h
[3.804s] -- Up-to-date: /home/cimi/Documents/Workspace/humble/latihan_ws/install/custom_message/include/custom_message/custom_message/msg/detail/num__functions.h
[3.805s] -- Up-to-date: /home/cimi/Documents/Workspace/humble/latihan_ws/install/custom_message/include/custom_message/custom_message/msg/detail/num__functions.c
[3.805s] -- Up-to-date: /home/cimi/Documents/Workspace/humble/latihan_ws/install/custom_message/include/custom_message/custom_message/msg/detail/num__type_support.h
[3.805s] -- Up-to-date: /home/cimi/Documents/Workspace/humble/latihan_ws/install/custom_message/include/custom_message/custom_message/msg/detail/sphere__functions.h
[3.806s] -- Up-to-date: /home/cimi/Documents/Workspace/humble/latihan_ws/install/custom_message/share/custom_message/environment/library_path.sh
[3.808s] -- Up-to-date: /home/cimi/Documents/Workspace/humble/latihan_ws/install/custom_message/share/custom_message/environment/library_path.dsv
[3.808s] -- Up-to-date: /home/cimi/Documents/Workspace/humble/latihan_ws/install/custom_message/lib/libcustom_message__rosidl_generator_c.so
[3.809s] -- Up-to-date: /home/cimi/Documents/Workspace/humble/latihan_ws/install/custom_message/include/custom_message/custom_message
[3.809s] -- Up-to-date: /home/cimi/Documents/Workspace/humble/latihan_ws/install/custom_message/include/custom_message/custom_message/srv
[3.809s] -- Up-to-date: /home/cimi/Documents/Workspace/humble/latihan_ws/install/custom_message/include/custom_message/custom_message/srv/detail
[3.809s] -- Up-to-date: /home/cimi/Documents/Workspace/humble/latihan_ws/install/custom_message/include/custom_message/custom_message/srv/detail/add_three_ints__rosidl_typesupport_fastrtps_c.h
[3.809s] -- Up-to-date: /home/cimi/Documents/Workspace/humble/latihan_ws/install/custom_message/include/custom_message/custom_message/msg
[3.810s] -- Up-to-date: /home/cimi/Documents/Workspace/humble/latihan_ws/install/custom_message/include/custom_message/custom_message/msg/rosidl_typesupport_fastrtps_c__visibility_control.h
[3.810s] -- Up-to-date: /home/cimi/Documents/Workspace/humble/latihan_ws/install/custom_message/include/custom_message/custom_message/msg/detail
[3.810s] -- Up-to-date: /home/cimi/Documents/Workspace/humble/latihan_ws/install/custom_message/include/custom_message/custom_message/msg/detail/num__rosidl_typesupport_fastrtps_c.h
[3.810s] -- Up-to-date: /home/cimi/Documents/Workspace/humble/latihan_ws/install/custom_message/include/custom_message/custom_message/msg/detail/sphere__rosidl_typesupport_fastrtps_c.h
[3.811s] -- Up-to-date: /home/cimi/Documents/Workspace/humble/latihan_ws/install/custom_message/lib/libcustom_message__rosidl_typesupport_fastrtps_c.so
[3.811s] -- Up-to-date: /home/cimi/Documents/Workspace/humble/latihan_ws/install/custom_message/include/custom_message/custom_message
[3.811s] -- Up-to-date: /home/cimi/Documents/Workspace/humble/latihan_ws/install/custom_message/include/custom_message/custom_message/srv
[3.811s] -- Up-to-date: /home/cimi/Documents/Workspace/humble/latihan_ws/install/custom_message/include/custom_message/custom_message/srv/add_three_ints.hpp
[3.812s] -- Up-to-date: /home/cimi/Documents/Workspace/humble/latihan_ws/install/custom_message/include/custom_message/custom_message/srv/detail
[3.812s] -- Up-to-date: /home/cimi/Documents/Workspace/humble/latihan_ws/install/custom_message/include/custom_message/custom_message/srv/detail/add_three_ints__struct.hpp
[3.812s] -- Up-to-date: /home/cimi/Documents/Workspace/humble/latihan_ws/install/custom_message/include/custom_message/custom_message/srv/detail/add_three_ints__traits.hpp
[3.812s] -- Up-to-date: /home/cimi/Documents/Workspace/humble/latihan_ws/install/custom_message/include/custom_message/custom_message/srv/detail/add_three_ints__builder.hpp
[3.813s] -- Up-to-date: /home/cimi/Documents/Workspace/humble/latihan_ws/install/custom_message/include/custom_message/custom_message/msg
[3.813s] -- Up-to-date: /home/cimi/Documents/Workspace/humble/latihan_ws/install/custom_message/include/custom_message/custom_message/msg/sphere.hpp
[3.813s] -- Up-to-date: /home/cimi/Documents/Workspace/humble/latihan_ws/install/custom_message/include/custom_message/custom_message/msg/num.hpp
[3.822s] -- Up-to-date: /home/cimi/Documents/Workspace/humble/latihan_ws/install/custom_message/include/custom_message/custom_message/msg/detail
[3.822s] -- Up-to-date: /home/cimi/Documents/Workspace/humble/latihan_ws/install/custom_message/include/custom_message/custom_message/msg/detail/num__traits.hpp
[3.822s] -- Up-to-date: /home/cimi/Documents/Workspace/humble/latihan_ws/install/custom_message/include/custom_message/custom_message/msg/detail/sphere__traits.hpp
[3.823s] -- Up-to-date: /home/cimi/Documents/Workspace/humble/latihan_ws/install/custom_message/include/custom_message/custom_message/msg/detail/num__struct.hpp
[3.823s] -- Up-to-date: /home/cimi/Documents/Workspace/humble/latihan_ws/install/custom_message/include/custom_message/custom_message/msg/detail/sphere__builder.hpp
[3.823s] -- Up-to-date: /home/cimi/Documents/Workspace/humble/latihan_ws/install/custom_message/include/custom_message/custom_message/msg/detail/num__builder.hpp
[3.823s] -- Up-to-date: /home/cimi/Documents/Workspace/humble/latihan_ws/install/custom_message/include/custom_message/custom_message/msg/detail/sphere__struct.hpp
[3.823s] -- Up-to-date: /home/cimi/Documents/Workspace/humble/latihan_ws/install/custom_message/include/custom_message/custom_message
[3.823s] -- Up-to-date: /home/cimi/Documents/Workspace/humble/latihan_ws/install/custom_message/include/custom_message/custom_message/srv
[3.823s] -- Up-to-date: /home/cimi/Documents/Workspace/humble/latihan_ws/install/custom_message/include/custom_message/custom_message/srv/detail
[3.824s] -- Up-to-date: /home/cimi/Documents/Workspace/humble/latihan_ws/install/custom_message/include/custom_message/custom_message/srv/detail/dds_fastrtps
[3.824s] -- Up-to-date: /home/cimi/Documents/Workspace/humble/latihan_ws/install/custom_message/include/custom_message/custom_message/srv/detail/add_three_ints__rosidl_typesupport_fastrtps_cpp.hpp
[3.824s] -- Up-to-date: /home/cimi/Documents/Workspace/humble/latihan_ws/install/custom_message/include/custom_message/custom_message/msg
[3.824s] -- Up-to-date: /home/cimi/Documents/Workspace/humble/latihan_ws/install/custom_message/include/custom_message/custom_message/msg/detail
[3.824s] -- Up-to-date: /home/cimi/Documents/Workspace/humble/latihan_ws/install/custom_message/include/custom_message/custom_message/msg/detail/sphere__rosidl_typesupport_fastrtps_cpp.hpp
[3.824s] -- Up-to-date: /home/cimi/Documents/Workspace/humble/latihan_ws/install/custom_message/include/custom_message/custom_message/msg/detail/num__rosidl_typesupport_fastrtps_cpp.hpp
[3.825s] -- Up-to-date: /home/cimi/Documents/Workspace/humble/latihan_ws/install/custom_message/include/custom_message/custom_message/msg/detail/dds_fastrtps
[3.825s] -- Up-to-date: /home/cimi/Documents/Workspace/humble/latihan_ws/install/custom_message/include/custom_message/custom_message/msg/rosidl_typesupport_fastrtps_cpp__visibility_control.h
[3.825s] -- Up-to-date: /home/cimi/Documents/Workspace/humble/latihan_ws/install/custom_message/lib/libcustom_message__rosidl_typesupport_fastrtps_cpp.so
[3.825s] -- Up-to-date: /home/cimi/Documents/Workspace/humble/latihan_ws/install/custom_message/include/custom_message/custom_message
[3.825s] -- Up-to-date: /home/cimi/Documents/Workspace/humble/latihan_ws/install/custom_message/include/custom_message/custom_message/srv
[3.825s] -- Up-to-date: /home/cimi/Documents/Workspace/humble/latihan_ws/install/custom_message/include/custom_message/custom_message/srv/detail
[3.826s] -- Up-to-date: /home/cimi/Documents/Workspace/humble/latihan_ws/install/custom_message/include/custom_message/custom_message/srv/detail/add_three_ints__type_support.c
[3.826s] -- Up-to-date: /home/cimi/Documents/Workspace/humble/latihan_ws/install/custom_message/include/custom_message/custom_message/srv/detail/add_three_ints__rosidl_typesupport_introspection_c.h
[3.826s] -- Up-to-date: /home/cimi/Documents/Workspace/humble/latihan_ws/install/custom_message/include/custom_message/custom_message/msg
[3.826s] -- Up-to-date: /home/cimi/Documents/Workspace/humble/latihan_ws/install/custom_message/include/custom_message/custom_message/msg/detail
[3.826s] -- Up-to-date: /home/cimi/Documents/Workspace/humble/latihan_ws/install/custom_message/include/custom_message/custom_message/msg/detail/num__rosidl_typesupport_introspection_c.h
[3.826s] -- Up-to-date: /home/cimi/Documents/Workspace/humble/latihan_ws/install/custom_message/include/custom_message/custom_message/msg/detail/num__type_support.c
[3.827s] -- Up-to-date: /home/cimi/Documents/Workspace/humble/latihan_ws/install/custom_message/include/custom_message/custom_message/msg/detail/sphere__type_support.c
[3.862s] -- Up-to-date: /home/cimi/Documents/Workspace/humble/latihan_ws/install/custom_message/include/custom_message/custom_message/msg/detail/sphere__rosidl_typesupport_introspection_c.h
[3.863s] -- Up-to-date: /home/cimi/Documents/Workspace/humble/latihan_ws/install/custom_message/include/custom_message/custom_message/msg/rosidl_typesupport_introspection_c__visibility_control.h
[3.863s] -- Up-to-date: /home/cimi/Documents/Workspace/humble/latihan_ws/install/custom_message/lib/libcustom_message__rosidl_typesupport_introspection_c.so
[3.863s] -- Up-to-date: /home/cimi/Documents/Workspace/humble/latihan_ws/install/custom_message/lib/libcustom_message__rosidl_typesupport_c.so
[3.864s] -- Up-to-date: /home/cimi/Documents/Workspace/humble/latihan_ws/install/custom_message/include/custom_message/custom_message
[3.864s] -- Up-to-date: /home/cimi/Documents/Workspace/humble/latihan_ws/install/custom_message/include/custom_message/custom_message/srv
[3.864s] -- Up-to-date: /home/cimi/Documents/Workspace/humble/latihan_ws/install/custom_message/include/custom_message/custom_message/srv/detail
[3.864s] -- Up-to-date: /home/cimi/Documents/Workspace/humble/latihan_ws/install/custom_message/include/custom_message/custom_message/srv/detail/add_three_ints__rosidl_typesupport_introspection_cpp.hpp
[3.865s] -- Up-to-date: /home/cimi/Documents/Workspace/humble/latihan_ws/install/custom_message/include/custom_message/custom_message/srv/detail/add_three_ints__type_support.cpp
[3.865s] -- Up-to-date: /home/cimi/Documents/Workspace/humble/latihan_ws/install/custom_message/include/custom_message/custom_message/msg
[3.865s] -- Up-to-date: /home/cimi/Documents/Workspace/humble/latihan_ws/install/custom_message/include/custom_message/custom_message/msg/detail
[3.865s] -- Up-to-date: /home/cimi/Documents/Workspace/humble/latihan_ws/install/custom_message/include/custom_message/custom_message/msg/detail/num__type_support.cpp
[3.866s] -- Up-to-date: /home/cimi/Documents/Workspace/humble/latihan_ws/install/custom_message/include/custom_message/custom_message/msg/detail/num__rosidl_typesupport_introspection_cpp.hpp
[3.866s] -- Up-to-date: /home/cimi/Documents/Workspace/humble/latihan_ws/install/custom_message/include/custom_message/custom_message/msg/detail/sphere__rosidl_typesupport_introspection_cpp.hpp
[3.867s] -- Up-to-date: /home/cimi/Documents/Workspace/humble/latihan_ws/install/custom_message/include/custom_message/custom_message/msg/detail/sphere__type_support.cpp
[3.867s] -- Up-to-date: /home/cimi/Documents/Workspace/humble/latihan_ws/install/custom_message/lib/libcustom_message__rosidl_typesupport_introspection_cpp.so
[3.867s] -- Up-to-date: /home/cimi/Documents/Workspace/humble/latihan_ws/install/custom_message/lib/libcustom_message__rosidl_typesupport_cpp.so
[3.867s] -- Up-to-date: /home/cimi/Documents/Workspace/humble/latihan_ws/install/custom_message/share/custom_message/environment/pythonpath.sh
[3.868s] -- Up-to-date: /home/cimi/Documents/Workspace/humble/latihan_ws/install/custom_message/share/custom_message/environment/pythonpath.dsv
[3.868s] -- Up-to-date: /home/cimi/Documents/Workspace/humble/latihan_ws/install/custom_message/lib/python3.8/site-packages/custom_message-0.0.0-py3.8.egg-info
[3.868s] -- Installing: /home/cimi/Documents/Workspace/humble/latihan_ws/install/custom_message/lib/python3.8/site-packages/custom_message-0.0.0-py3.8.egg-info/SOURCES.txt
[3.868s] -- Installing: /home/cimi/Documents/Workspace/humble/latihan_ws/install/custom_message/lib/python3.8/site-packages/custom_message-0.0.0-py3.8.egg-info/top_level.txt
[3.869s] -- Installing: /home/cimi/Documents/Workspace/humble/latihan_ws/install/custom_message/lib/python3.8/site-packages/custom_message-0.0.0-py3.8.egg-info/dependency_links.txt
[3.869s] -- Installing: /home/cimi/Documents/Workspace/humble/latihan_ws/install/custom_message/lib/python3.8/site-packages/custom_message-0.0.0-py3.8.egg-info/PKG-INFO
[3.869s] -- Up-to-date: /home/cimi/Documents/Workspace/humble/latihan_ws/install/custom_message/lib/python3.8/site-packages/custom_message
[3.869s] -- Up-to-date: /home/cimi/Documents/Workspace/humble/latihan_ws/install/custom_message/lib/python3.8/site-packages/custom_message/custom_message_s__rosidl_typesupport_c.cpython-38-x86_64-linux-gnu.so
[3.870s] -- Up-to-date: /home/cimi/Documents/Workspace/humble/latihan_ws/install/custom_message/lib/python3.8/site-packages/custom_message/_custom_message_s.ep.rosidl_typesupport_introspection_c.c
[3.870s] -- Up-to-date: /home/cimi/Documents/Workspace/humble/latihan_ws/install/custom_message/lib/python3.8/site-packages/custom_message/srv
[3.870s] -- Up-to-date: /home/cimi/Documents/Workspace/humble/latihan_ws/install/custom_message/lib/python3.8/site-packages/custom_message/srv/__init__.py
[3.870s] -- Up-to-date: /home/cimi/Documents/Workspace/humble/latihan_ws/install/custom_message/lib/python3.8/site-packages/custom_message/srv/_add_three_ints_s.c
[3.873s] -- Up-to-date: /home/cimi/Documents/Workspace/humble/latihan_ws/install/custom_message/lib/python3.8/site-packages/custom_message/srv/_add_three_ints.py
[3.873s] -- Up-to-date: /home/cimi/Documents/Workspace/humble/latihan_ws/install/custom_message/lib/python3.8/site-packages/custom_message/_custom_message_s.ep.rosidl_typesupport_fastrtps_c.c
[3.873s] -- Up-to-date: /home/cimi/Documents/Workspace/humble/latihan_ws/install/custom_message/lib/python3.8/site-packages/custom_message/libcustom_message__rosidl_generator_py.so
[3.873s] -- Up-to-date: /home/cimi/Documents/Workspace/humble/latihan_ws/install/custom_message/lib/python3.8/site-packages/custom_message/__init__.py
[3.873s] -- Up-to-date: /home/cimi/Documents/Workspace/humble/latihan_ws/install/custom_message/lib/python3.8/site-packages/custom_message/_custom_message_s.ep.rosidl_typesupport_c.c
[3.874s] -- Up-to-date: /home/cimi/Documents/Workspace/humble/latihan_ws/install/custom_message/lib/python3.8/site-packages/custom_message/msg
[3.874s] -- Up-to-date: /home/cimi/Documents/Workspace/humble/latihan_ws/install/custom_message/lib/python3.8/site-packages/custom_message/msg/_num_s.c
[3.874s] -- Up-to-date: /home/cimi/Documents/Workspace/humble/latihan_ws/install/custom_message/lib/python3.8/site-packages/custom_message/msg/__init__.py
[3.874s] -- Up-to-date: /home/cimi/Documents/Workspace/humble/latihan_ws/install/custom_message/lib/python3.8/site-packages/custom_message/msg/_sphere.py
[3.874s] -- Up-to-date: /home/cimi/Documents/Workspace/humble/latihan_ws/install/custom_message/lib/python3.8/site-packages/custom_message/msg/_sphere_s.c
[3.874s] -- Up-to-date: /home/cimi/Documents/Workspace/humble/latihan_ws/install/custom_message/lib/python3.8/site-packages/custom_message/msg/_num.py
[3.875s] -- Up-to-date: /home/cimi/Documents/Workspace/humble/latihan_ws/install/custom_message/lib/python3.8/site-packages/custom_message/custom_message_s__rosidl_typesupport_introspection_c.cpython-38-x86_64-linux-gnu.so
[3.875s] -- Up-to-date: /home/cimi/Documents/Workspace/humble/latihan_ws/install/custom_message/lib/python3.8/site-packages/custom_message/custom_message_s__rosidl_typesupport_fastrtps_c.cpython-38-x86_64-linux-gnu.so
[4.160s] Listing '/home/cimi/Documents/Workspace/humble/latihan_ws/install/custom_message/lib/python3.8/site-packages/custom_message'...
[4.160s] Listing '/home/cimi/Documents/Workspace/humble/latihan_ws/install/custom_message/lib/python3.8/site-packages/custom_message/msg'...
[4.160s] Listing '/home/cimi/Documents/Workspace/humble/latihan_ws/install/custom_message/lib/python3.8/site-packages/custom_message/srv'...
[4.170s] -- Up-to-date: /home/cimi/Documents/Workspace/humble/latihan_ws/install/custom_message/lib/python3.8/site-packages/custom_message/custom_message_s__rosidl_typesupport_introspection_c.cpython-38-x86_64-linux-gnu.so
[4.171s] -- Up-to-date: /home/cimi/Documents/Workspace/humble/latihan_ws/install/custom_message/lib/python3.8/site-packages/custom_message/custom_message_s__rosidl_typesupport_fastrtps_c.cpython-38-x86_64-linux-gnu.so
[4.172s] -- Up-to-date: /home/cimi/Documents/Workspace/humble/latihan_ws/install/custom_message/lib/python3.8/site-packages/custom_message/custom_message_s__rosidl_typesupport_c.cpython-38-x86_64-linux-gnu.so
[4.174s] -- Up-to-date: /home/cimi/Documents/Workspace/humble/latihan_ws/install/custom_message/lib/libcustom_message__rosidl_generator_py.so
[4.175s] -- Up-to-date: /home/cimi/Documents/Workspace/humble/latihan_ws/install/custom_message/share/custom_message/msg/Num.idl
[4.175s] -- Up-to-date: /home/cimi/Documents/Workspace/humble/latihan_ws/install/custom_message/share/custom_message/msg/Sphere.idl
[4.175s] -- Up-to-date: /home/cimi/Documents/Workspace/humble/latihan_ws/install/custom_message/share/custom_message/srv/AddThreeInts.idl
[4.175s] -- Up-to-date: /home/cimi/Documents/Workspace/humble/latihan_ws/install/custom_message/share/custom_message/msg/Num.msg
[4.175s] -- Up-to-date: /home/cimi/Documents/Workspace/humble/latihan_ws/install/custom_message/share/custom_message/msg/Sphere.msg
[4.176s] -- Up-to-date: /home/cimi/Documents/Workspace/humble/latihan_ws/install/custom_message/share/custom_message/srv/AddThreeInts.srv
[4.176s] -- Up-to-date: /home/cimi/Documents/Workspace/humble/latihan_ws/install/custom_message/share/custom_message/srv/AddThreeInts_Request.msg
[4.176s] -- Up-to-date: /home/cimi/Documents/Workspace/humble/latihan_ws/install/custom_message/share/custom_message/srv/AddThreeInts_Response.msg
[4.176s] -- Up-to-date: /home/cimi/Documents/Workspace/humble/latihan_ws/install/custom_message/lib/custom_message/talker
[4.176s] -- Up-to-date: /home/cimi/Documents/Workspace/humble/latihan_ws/install/custom_message/lib/custom_message/listener
[4.177s] -- Up-to-date: /home/cimi/Documents/Workspace/humble/latihan_ws/install/custom_message/share/ament_index/resource_index/package_run_dependencies/custom_message
[4.177s] -- Up-to-date: /home/cimi/Documents/Workspace/humble/latihan_ws/install/custom_message/share/ament_index/resource_index/parent_prefix_path/custom_message
[4.177s] -- Up-to-date: /home/cimi/Documents/Workspace/humble/latihan_ws/install/custom_message/share/custom_message/environment/ament_prefix_path.sh
[4.177s] -- Up-to-date: /home/cimi/Documents/Workspace/humble/latihan_ws/install/custom_message/share/custom_message/environment/ament_prefix_path.dsv
[4.178s] -- Up-to-date: /home/cimi/Documents/Workspace/humble/latihan_ws/install/custom_message/share/custom_message/environment/path.sh
[4.178s] -- Up-to-date: /home/cimi/Documents/Workspace/humble/latihan_ws/install/custom_message/share/custom_message/environment/path.dsv
[4.178s] -- Up-to-date: /home/cimi/Documents/Workspace/humble/latihan_ws/install/custom_message/share/custom_message/local_setup.bash
[4.178s] -- Up-to-date: /home/cimi/Documents/Workspace/humble/latihan_ws/install/custom_message/share/custom_message/local_setup.sh
[4.178s] -- Up-to-date: /home/cimi/Documents/Workspace/humble/latihan_ws/install/custom_message/share/custom_message/local_setup.zsh
[4.178s] -- Up-to-date: /home/cimi/Documents/Workspace/humble/latihan_ws/install/custom_message/share/custom_message/local_setup.dsv
[4.178s] -- Installing: /home/cimi/Documents/Workspace/humble/latihan_ws/install/custom_message/share/custom_message/package.dsv
[4.179s] -- Up-to-date: /home/cimi/Documents/Workspace/humble/latihan_ws/install/custom_message/share/ament_index/resource_index/packages/custom_message
[4.179s] -- Up-to-date: /home/cimi/Documents/Workspace/humble/latihan_ws/install/custom_message/share/custom_message/cmake/export_custom_message__rosidl_generator_cExport.cmake
[4.179s] -- Up-to-date: /home/cimi/Documents/Workspace/humble/latihan_ws/install/custom_message/share/custom_message/cmake/export_custom_message__rosidl_generator_cExport-noconfig.cmake
[4.183s] -- Up-to-date: /home/cimi/Documents/Workspace/humble/latihan_ws/install/custom_message/share/custom_message/cmake/export_custom_message__rosidl_typesupport_fastrtps_cExport.cmake
[4.183s] -- Up-to-date: /home/cimi/Documents/Workspace/humble/latihan_ws/install/custom_message/share/custom_message/cmake/export_custom_message__rosidl_typesupport_fastrtps_cExport-noconfig.cmake
[4.183s] -- Up-to-date: /home/cimi/Documents/Workspace/humble/latihan_ws/install/custom_message/share/custom_message/cmake/export_custom_message__rosidl_generator_cppExport.cmake
[4.183s] -- Up-to-date: /home/cimi/Documents/Workspace/humble/latihan_ws/install/custom_message/share/custom_message/cmake/export_custom_message__rosidl_typesupport_fastrtps_cppExport.cmake
[4.184s] -- Up-to-date: /home/cimi/Documents/Workspace/humble/latihan_ws/install/custom_message/share/custom_message/cmake/export_custom_message__rosidl_typesupport_fastrtps_cppExport-noconfig.cmake
[4.184s] -- Up-to-date: /home/cimi/Documents/Workspace/humble/latihan_ws/install/custom_message/share/custom_message/cmake/custom_message__rosidl_typesupport_introspection_cExport.cmake
[4.184s] -- Up-to-date: /home/cimi/Documents/Workspace/humble/latihan_ws/install/custom_message/share/custom_message/cmake/custom_message__rosidl_typesupport_introspection_cExport-noconfig.cmake
[4.184s] -- Up-to-date: /home/cimi/Documents/Workspace/humble/latihan_ws/install/custom_message/share/custom_message/cmake/custom_message__rosidl_typesupport_cExport.cmake
[4.184s] -- Up-to-date: /home/cimi/Documents/Workspace/humble/latihan_ws/install/custom_message/share/custom_message/cmake/custom_message__rosidl_typesupport_cExport-noconfig.cmake
[4.184s] -- Up-to-date: /home/cimi/Documents/Workspace/humble/latihan_ws/install/custom_message/share/custom_message/cmake/custom_message__rosidl_typesupport_introspection_cppExport.cmake
[4.213s] -- Up-to-date: /home/cimi/Documents/Workspace/humble/latihan_ws/install/custom_message/share/custom_message/cmake/custom_message__rosidl_typesupport_introspection_cppExport-noconfig.cmake
[4.228s] -- Up-to-date: /home/cimi/Documents/Workspace/humble/latihan_ws/install/custom_message/share/custom_message/cmake/custom_message__rosidl_typesupport_cppExport.cmake
[4.229s] -- Up-to-date: /home/cimi/Documents/Workspace/humble/latihan_ws/install/custom_message/share/custom_message/cmake/custom_message__rosidl_typesupport_cppExport-noconfig.cmake
[4.230s] -- Up-to-date: /home/cimi/Documents/Workspace/humble/latihan_ws/install/custom_message/share/custom_message/cmake/export_custom_message__rosidl_generator_pyExport.cmake
[4.230s] -- Up-to-date: /home/cimi/Documents/Workspace/humble/latihan_ws/install/custom_message/share/custom_message/cmake/export_custom_message__rosidl_generator_pyExport-noconfig.cmake
[4.230s] -- Up-to-date: /home/cimi/Documents/Workspace/humble/latihan_ws/install/custom_message/share/custom_message/cmake/rosidl_cmake-extras.cmake
[4.230s] -- Up-to-date: /home/cimi/Documents/Workspace/humble/latihan_ws/install/custom_message/share/custom_message/cmake/ament_cmake_export_dependencies-extras.cmake
[4.231s] -- Up-to-date: /home/cimi/Documents/Workspace/humble/latihan_ws/install/custom_message/share/custom_message/cmake/ament_cmake_export_include_directories-extras.cmake
[4.231s] -- Up-to-date: /home/cimi/Documents/Workspace/humble/latihan_ws/install/custom_message/share/custom_message/cmake/ament_cmake_export_libraries-extras.cmake
[4.231s] -- Up-to-date: /home/cimi/Documents/Workspace/humble/latihan_ws/install/custom_message/share/custom_message/cmake/ament_cmake_export_targets-extras.cmake
[4.231s] -- Up-to-date: /home/cimi/Documents/Workspace/humble/latihan_ws/install/custom_message/share/custom_message/cmake/rosidl_cmake_export_typesupport_targets-extras.cmake
[4.232s] -- Up-to-date: /home/cimi/Documents/Workspace/humble/latihan_ws/install/custom_message/share/custom_message/cmake/rosidl_cmake_export_typesupport_libraries-extras.cmake
[4.232s] -- Up-to-date: /home/cimi/Documents/Workspace/humble/latihan_ws/install/custom_message/share/custom_message/cmake/custom_messageConfig.cmake
[4.232s] -- Up-to-date: /home/cimi/Documents/Workspace/humble/latihan_ws/install/custom_message/share/custom_message/cmake/custom_messageConfig-version.cmake
[4.233s] -- Up-to-date: /home/cimi/Documents/Workspace/humble/latihan_ws/install/custom_message/share/custom_message/package.xml
[4.233s] Invoked command in '/home/cimi/Documents/Workspace/humble/latihan_ws/build/custom_message' returned '0': CMAKE_PREFIX_PATH=${CMAKE_PREFIX_PATH}:/home/cimi/Documents/Workspace/humble/latihan_ws/install/py_srvcli:/home/cimi/Documents/Workspace/humble/latihan_ws/install/pubsub_python:/home/cimi/ros2_humble/install/rqt_bag_plugins:/home/cimi/ros2_humble/install/rqt_bag:/home/cimi/ros2_humble/install/ros2bag:/home/cimi/ros2_humble/install/tracetools_test:/home/cimi/ros2_humble/install/tracetools_launch:/home/cimi/ros2_humble/install/topic_monitor:/home/cimi/ros2_humble/install/tf2_tools:/home/cimi/ros2_humble/install/examples_tf2_py:/home/cimi/ros2_humble/install/tf2_ros_py:/home/cimi/ros2_humble/install/sros2:/home/cimi/ros2_humble/install/rqt_topic:/home/cimi/ros2_humble/install/rqt_srv:/home/cimi/ros2_humble/install/rqt_shell:/home/cimi/ros2_humble/install/rqt_service_caller:/home/cimi/ros2_humble/install/rqt_reconfigure:/home/cimi/ros2_humble/install/rqt_py_console:/home/cimi/ros2_humble/install/rqt_publisher:/home/cimi/ros2_humble/install/rqt_plot:/home/cimi/ros2_humble/install/rqt_action:/home/cimi/ros2_humble/install/rqt_msg:/home/cimi/ros2_humble/install/rqt_console:/home/cimi/ros2_humble/install/rqt:/home/cimi/ros2_humble/install/rqt_graph:/home/cimi/ros2_humble/install/rqt_gui_py:/home/cimi/ros2_humble/install/rqt_gui:/home/cimi/ros2_humble/install/ros2trace:/home/cimi/ros2_humble/install/ros2topic:/home/cimi/ros2_humble/install/ros2test:/home/cimi/ros2_humble/install/ros2component:/home/cimi/ros2_humble/install/ros2param:/home/cimi/ros2_humble/install/ros2lifecycle:/home/cimi/ros2_humble/install/ros2service:/home/cimi/ros2_humble/install/ros2run:/home/cimi/ros2_humble/install/ros2launch:/home/cimi/ros2_humble/install/ros2pkg:/home/cimi/ros2_humble/install/ros2node:/home/cimi/ros2_humble/install/ros2multicast:/home/cimi/ros2_humble/install/ros2interface:/home/cimi/ros2_humble/install/ros2doctor:/home/cimi/ros2_humble/install/ros2action:/home/cimi/ros2_humble/install/ros2cli:/home/cimi/ros2_humble/install/quality_of_service_demo_py:/home/cimi/ros2_humble/install/lifecycle_py:/home/cimi/ros2_humble/install/launch_testing_ros:/home/cimi/ros2_humble/install/launch_ros:/home/cimi/ros2_humble/install/examples_rclpy_pointcloud_publisher:/home/cimi/ros2_humble/install/examples_rclpy_minimal_subscriber:/home/cimi/ros2_humble/install/examples_rclpy_minimal_service:/home/cimi/ros2_humble/install/examples_rclpy_minimal_publisher:/home/cimi/ros2_humble/install/examples_rclpy_minimal_client:/home/cimi/ros2_humble/install/examples_rclpy_minimal_action_server:/home/cimi/ros2_humble/install/examples_rclpy_minimal_action_client:/home/cimi/ros2_humble/install/examples_rclpy_guard_conditions:/home/cimi/ros2_humble/install/examples_rclpy_executors:/home/cimi/ros2_humble/install/demo_nodes_py:/home/cimi/ros2_humble/install/action_tutorials_py:/home/cimi/ros2_humble/install/ament_uncrustify:/home/cimi/ros2_humble/install/tracetools_trace:/home/cimi/ros2_humble/install/tracetools_read:/home/cimi/ros2_humble/install/test_tracetools_launch:/home/cimi/ros2_humble/install/test_launch_ros:/home/cimi/ros2_humble/install/sensor_msgs_py:/home/cimi/ros2_humble/install/rpyutils:/home/cimi/ros2_humble/install/rosidl_runtime_py:/home/cimi/ros2_humble/install/rosidl_cli:/home/cimi/ros2_humble/install/launch_pytest:/home/cimi/ros2_humble/install/launch_testing:/home/cimi/ros2_humble/install/launch_yaml:/home/cimi/ros2_humble/install/launch_xml:/home/cimi/ros2_humble/install/launch:/home/cimi/ros2_humble/install/osrf_pycommon:/home/cimi/ros2_humble/install/launch_testing_examples:/home/cimi/ros2_humble/install/domain_coordinator:/home/cimi/ros2_humble/install/ament_xmllint:/home/cimi/ros2_humble/install/ament_pyflakes:/home/cimi/ros2_humble/install/ament_pycodestyle:/home/cimi/ros2_humble/install/ament_pep257:/home/cimi/ros2_humble/install/ament_pclint:/home/cimi/ros2_humble/install/ament_package:/home/cimi/ros2_humble/install/ament_mypy:/home/cimi/ros2_humble/install/ament_lint_cmake:/home/cimi/ros2_humble/install/ament_flake8:/home/cimi/ros2_humble/install/ament_copyright:/home/cimi/ros2_humble/install/ament_lint:/home/cimi/ros2_humble/install/ament_index_python:/home/cimi/ros2_humble/install/ament_cpplint:/home/cimi/ros2_humble/install/ament_cppcheck:/home/cimi/ros2_humble/install/ament_clang_tidy:/home/cimi/ros2_humble/install/ament_clang_format /usr/bin/cmake --install /home/cimi/Documents/Workspace/humble/latihan_ws/build/custom_message
