[ 50%] Built target service
[100%] Built target client
-- Install configuration: ""
-- Up-to-date: /home/cimi/Documents/Workspace/humble/latihan_ws/install/sercli_cpp/lib/sercli_cpp/service
-- Up-to-date: /home/cimi/Documents/Workspace/humble/latihan_ws/install/sercli_cpp/lib/sercli_cpp/client
-- Up-to-date: /home/cimi/Documents/Workspace/humble/latihan_ws/install/sercli_cpp/share/ament_index/resource_index/package_run_dependencies/sercli_cpp
-- Up-to-date: /home/cimi/Documents/Workspace/humble/latihan_ws/install/sercli_cpp/share/ament_index/resource_index/parent_prefix_path/sercli_cpp
-- Up-to-date: /home/cimi/Documents/Workspace/humble/latihan_ws/install/sercli_cpp/share/sercli_cpp/environment/ament_prefix_path.sh
-- Up-to-date: /home/cimi/Documents/Workspace/humble/latihan_ws/install/sercli_cpp/share/sercli_cpp/environment/ament_prefix_path.dsv
-- Up-to-date: /home/cimi/Documents/Workspace/humble/latihan_ws/install/sercli_cpp/share/sercli_cpp/environment/path.sh
-- Up-to-date: /home/cimi/Documents/Workspace/humble/latihan_ws/install/sercli_cpp/share/sercli_cpp/environment/path.dsv
-- Up-to-date: /home/cimi/Documents/Workspace/humble/latihan_ws/install/sercli_cpp/share/sercli_cpp/local_setup.bash
-- Up-to-date: /home/cimi/Documents/Workspace/humble/latihan_ws/install/sercli_cpp/share/sercli_cpp/local_setup.sh
-- Up-to-date: /home/cimi/Documents/Workspace/humble/latihan_ws/install/sercli_cpp/share/sercli_cpp/local_setup.zsh
-- Up-to-date: /home/cimi/Documents/Workspace/humble/latihan_ws/install/sercli_cpp/share/sercli_cpp/local_setup.dsv
-- Installing: /home/cimi/Documents/Workspace/humble/latihan_ws/install/sercli_cpp/share/sercli_cpp/package.dsv
-- Up-to-date: /home/cimi/Documents/Workspace/humble/latihan_ws/install/sercli_cpp/share/ament_index/resource_index/packages/sercli_cpp
-- Up-to-date: /home/cimi/Documents/Workspace/humble/latihan_ws/install/sercli_cpp/share/sercli_cpp/cmake/sercli_cppConfig.cmake
-- Up-to-date: /home/cimi/Documents/Workspace/humble/latihan_ws/install/sercli_cpp/share/sercli_cpp/cmake/sercli_cppConfig-version.cmake
-- Up-to-date: /home/cimi/Documents/Workspace/humble/latihan_ws/install/sercli_cpp/share/sercli_cpp/package.xml
