[0.274s] Invoking command in '/home/cimi/Documents/Workspace/humble/latihan_ws/build/custom_message': CMAKE_PREFIX_PATH=${CMAKE_PREFIX_PATH}:/home/cimi/Documents/Workspace/humble/latihan_ws/install/py_srvcli:/home/cimi/Documents/Workspace/humble/latihan_ws/install/pubsub_python:/home/cimi/ros2_humble/install/rqt_bag_plugins:/home/cimi/ros2_humble/install/rqt_bag:/home/cimi/ros2_humble/install/ros2bag:/home/cimi/ros2_humble/install/tracetools_test:/home/cimi/ros2_humble/install/tracetools_launch:/home/cimi/ros2_humble/install/topic_monitor:/home/cimi/ros2_humble/install/tf2_tools:/home/cimi/ros2_humble/install/examples_tf2_py:/home/cimi/ros2_humble/install/tf2_ros_py:/home/cimi/ros2_humble/install/sros2:/home/cimi/ros2_humble/install/rqt_topic:/home/cimi/ros2_humble/install/rqt_srv:/home/cimi/ros2_humble/install/rqt_shell:/home/cimi/ros2_humble/install/rqt_service_caller:/home/cimi/ros2_humble/install/rqt_reconfigure:/home/cimi/ros2_humble/install/rqt_py_console:/home/cimi/ros2_humble/install/rqt_publisher:/home/cimi/ros2_humble/install/rqt_plot:/home/cimi/ros2_humble/install/rqt_action:/home/cimi/ros2_humble/install/rqt_msg:/home/cimi/ros2_humble/install/rqt_console:/home/cimi/ros2_humble/install/rqt:/home/cimi/ros2_humble/install/rqt_graph:/home/cimi/ros2_humble/install/rqt_gui_py:/home/cimi/ros2_humble/install/rqt_gui:/home/cimi/ros2_humble/install/ros2trace:/home/cimi/ros2_humble/install/ros2topic:/home/cimi/ros2_humble/install/ros2test:/home/cimi/ros2_humble/install/ros2component:/home/cimi/ros2_humble/install/ros2param:/home/cimi/ros2_humble/install/ros2lifecycle:/home/cimi/ros2_humble/install/ros2service:/home/cimi/ros2_humble/install/ros2run:/home/cimi/ros2_humble/install/ros2launch:/home/cimi/ros2_humble/install/ros2pkg:/home/cimi/ros2_humble/install/ros2node:/home/cimi/ros2_humble/install/ros2multicast:/home/cimi/ros2_humble/install/ros2interface:/home/cimi/ros2_humble/install/ros2doctor:/home/cimi/ros2_humble/install/ros2action:/home/cimi/ros2_humble/install/ros2cli:/home/cimi/ros2_humble/install/quality_of_service_demo_py:/home/cimi/ros2_humble/install/lifecycle_py:/home/cimi/ros2_humble/install/launch_testing_ros:/home/cimi/ros2_humble/install/launch_ros:/home/cimi/ros2_humble/install/examples_rclpy_pointcloud_publisher:/home/cimi/ros2_humble/install/examples_rclpy_minimal_subscriber:/home/cimi/ros2_humble/install/examples_rclpy_minimal_service:/home/cimi/ros2_humble/install/examples_rclpy_minimal_publisher:/home/cimi/ros2_humble/install/examples_rclpy_minimal_client:/home/cimi/ros2_humble/install/examples_rclpy_minimal_action_server:/home/cimi/ros2_humble/install/examples_rclpy_minimal_action_client:/home/cimi/ros2_humble/install/examples_rclpy_guard_conditions:/home/cimi/ros2_humble/install/examples_rclpy_executors:/home/cimi/ros2_humble/install/demo_nodes_py:/home/cimi/ros2_humble/install/action_tutorials_py:/home/cimi/ros2_humble/install/ament_uncrustify:/home/cimi/ros2_humble/install/tracetools_trace:/home/cimi/ros2_humble/install/tracetools_read:/home/cimi/ros2_humble/install/test_tracetools_launch:/home/cimi/ros2_humble/install/test_launch_ros:/home/cimi/ros2_humble/install/sensor_msgs_py:/home/cimi/ros2_humble/install/rpyutils:/home/cimi/ros2_humble/install/rosidl_runtime_py:/home/cimi/ros2_humble/install/rosidl_cli:/home/cimi/ros2_humble/install/launch_pytest:/home/cimi/ros2_humble/install/launch_testing:/home/cimi/ros2_humble/install/launch_yaml:/home/cimi/ros2_humble/install/launch_xml:/home/cimi/ros2_humble/install/launch:/home/cimi/ros2_humble/install/osrf_pycommon:/home/cimi/ros2_humble/install/launch_testing_examples:/home/cimi/ros2_humble/install/domain_coordinator:/home/cimi/ros2_humble/install/ament_xmllint:/home/cimi/ros2_humble/install/ament_pyflakes:/home/cimi/ros2_humble/install/ament_pycodestyle:/home/cimi/ros2_humble/install/ament_pep257:/home/cimi/ros2_humble/install/ament_pclint:/home/cimi/ros2_humble/install/ament_package:/home/cimi/ros2_humble/install/ament_mypy:/home/cimi/ros2_humble/install/ament_lint_cmake:/home/cimi/ros2_humble/install/ament_flake8:/home/cimi/ros2_humble/install/ament_copyright:/home/cimi/ros2_humble/install/ament_lint:/home/cimi/ros2_humble/install/ament_index_python:/home/cimi/ros2_humble/install/ament_cpplint:/home/cimi/ros2_humble/install/ament_cppcheck:/home/cimi/ros2_humble/install/ament_clang_tidy:/home/cimi/ros2_humble/install/ament_clang_format /usr/bin/cmake /home/cimi/Documents/Workspace/humble/latihan_ws/src/custom_message -DCMAKE_INSTALL_PREFIX=/home/cimi/Documents/Workspace/humble/latihan_ws/install/custom_message
[1.718s] -- The C compiler identification is GNU 9.4.0
[1.719s] -- The CXX compiler identification is GNU 9.4.0
[1.719s] -- Check for working C compiler: /usr/bin/cc
[1.719s] -- Check for working C compiler: /usr/bin/cc -- works
[1.720s] -- Detecting C compiler ABI info
[1.723s] -- Detecting C compiler ABI info - done
[1.723s] -- Detecting C compile features
[1.727s] -- Detecting C compile features - done
[1.739s] -- Check for working CXX compiler: /usr/bin/c++
[1.741s] -- Check for working CXX compiler: /usr/bin/c++ -- works
[1.741s] -- Detecting CXX compiler ABI info
[1.742s] -- Detecting CXX compiler ABI info - done
[1.742s] -- Detecting CXX compile features
[1.742s] -- Detecting CXX compile features - done
[1.743s] -- Found ament_cmake: 1.3.5 (/home/cimi/ros2_humble/install/ament_cmake/share/ament_cmake/cmake)
[2.772s] -- Found Python3: /usr/bin/python3.8 (found version "3.8.10") found components: Interpreter 
[5.448s] -- Found geometry_msgs: 4.2.3 (/home/cimi/ros2_humble/install/geometry_msgs/share/geometry_msgs/cmake)
[7.300s] -- Found rosidl_generator_c: 3.1.4 (/home/cimi/ros2_humble/install/rosidl_generator_c/share/rosidl_generator_c/cmake)
[7.635s] -- Found rosidl_adapter: 3.1.4 (/home/cimi/ros2_humble/install/rosidl_adapter/share/rosidl_adapter/cmake)
[7.955s] -- Found rosidl_generator_cpp: 3.1.4 (/home/cimi/ros2_humble/install/rosidl_generator_cpp/share/rosidl_generator_cpp/cmake)
[8.119s] -- Using all available rosidl_typesupport_c: rosidl_typesupport_introspection_c;rosidl_typesupport_fastrtps_c
[8.249s] -- Using all available rosidl_typesupport_cpp: rosidl_typesupport_introspection_cpp;rosidl_typesupport_fastrtps_cpp
[9.168s] -- Found rosidl_default_generators: 1.2.0 (/home/cimi/ros2_humble/install/rosidl_default_generators/share/rosidl_default_generators/cmake)
[16.957s] -- Found ament_cmake_ros: 0.10.0 (/home/cimi/ros2_humble/install/ament_cmake_ros/share/ament_cmake_ros/cmake)
[20.168s] -- Using all available rosidl_typesupport_c: rosidl_typesupport_introspection_c;rosidl_typesupport_fastrtps_c
[21.377s] -- Using all available rosidl_typesupport_cpp: rosidl_typesupport_introspection_cpp;rosidl_typesupport_fastrtps_cpp
[21.536s] -- Found PythonInterp: /usr/bin/python3 (found suitable version "3.8.10", minimum required is "3.6") 
[21.615s] -- Found python_cmake_module: 0.10.0 (/home/cimi/ros2_humble/install/python_cmake_module/share/python_cmake_module/cmake)
[22.649s] -- Found PythonLibs: /usr/lib/x86_64-linux-gnu/libpython3.8.so (found suitable version "3.8.10", minimum required is "3.5") 
[22.649s] -- Using PYTHON_EXECUTABLE: /usr/bin/python3
[22.650s] -- Using PYTHON_INCLUDE_DIRS: /usr/include/python3.8
[22.650s] -- Using PYTHON_LIBRARIES: /usr/lib/x86_64-linux-gnu/libpython3.8.so
[22.721s] -- Found PythonExtra: .so  
[23.405s] -- Found ament_lint_auto: 0.12.6 (/home/cimi/ros2_humble/install/ament_lint_auto/share/ament_lint_auto/cmake)
[23.756s] -- Added test 'lint_cmake' to check CMake code style
[23.780s] -- Added test 'xmllint' to check XML markup files
[23.803s] -- Configuring done
[23.885s] -- Generating done
[23.891s] -- Build files have been written to: /home/cimi/Documents/Workspace/humble/latihan_ws/build/custom_message
[23.905s] Invoked command in '/home/cimi/Documents/Workspace/humble/latihan_ws/build/custom_message' returned '0': CMAKE_PREFIX_PATH=${CMAKE_PREFIX_PATH}:/home/cimi/Documents/Workspace/humble/latihan_ws/install/py_srvcli:/home/cimi/Documents/Workspace/humble/latihan_ws/install/pubsub_python:/home/cimi/ros2_humble/install/rqt_bag_plugins:/home/cimi/ros2_humble/install/rqt_bag:/home/cimi/ros2_humble/install/ros2bag:/home/cimi/ros2_humble/install/tracetools_test:/home/cimi/ros2_humble/install/tracetools_launch:/home/cimi/ros2_humble/install/topic_monitor:/home/cimi/ros2_humble/install/tf2_tools:/home/cimi/ros2_humble/install/examples_tf2_py:/home/cimi/ros2_humble/install/tf2_ros_py:/home/cimi/ros2_humble/install/sros2:/home/cimi/ros2_humble/install/rqt_topic:/home/cimi/ros2_humble/install/rqt_srv:/home/cimi/ros2_humble/install/rqt_shell:/home/cimi/ros2_humble/install/rqt_service_caller:/home/cimi/ros2_humble/install/rqt_reconfigure:/home/cimi/ros2_humble/install/rqt_py_console:/home/cimi/ros2_humble/install/rqt_publisher:/home/cimi/ros2_humble/install/rqt_plot:/home/cimi/ros2_humble/install/rqt_action:/home/cimi/ros2_humble/install/rqt_msg:/home/cimi/ros2_humble/install/rqt_console:/home/cimi/ros2_humble/install/rqt:/home/cimi/ros2_humble/install/rqt_graph:/home/cimi/ros2_humble/install/rqt_gui_py:/home/cimi/ros2_humble/install/rqt_gui:/home/cimi/ros2_humble/install/ros2trace:/home/cimi/ros2_humble/install/ros2topic:/home/cimi/ros2_humble/install/ros2test:/home/cimi/ros2_humble/install/ros2component:/home/cimi/ros2_humble/install/ros2param:/home/cimi/ros2_humble/install/ros2lifecycle:/home/cimi/ros2_humble/install/ros2service:/home/cimi/ros2_humble/install/ros2run:/home/cimi/ros2_humble/install/ros2launch:/home/cimi/ros2_humble/install/ros2pkg:/home/cimi/ros2_humble/install/ros2node:/home/cimi/ros2_humble/install/ros2multicast:/home/cimi/ros2_humble/install/ros2interface:/home/cimi/ros2_humble/install/ros2doctor:/home/cimi/ros2_humble/install/ros2action:/home/cimi/ros2_humble/install/ros2cli:/home/cimi/ros2_humble/install/quality_of_service_demo_py:/home/cimi/ros2_humble/install/lifecycle_py:/home/cimi/ros2_humble/install/launch_testing_ros:/home/cimi/ros2_humble/install/launch_ros:/home/cimi/ros2_humble/install/examples_rclpy_pointcloud_publisher:/home/cimi/ros2_humble/install/examples_rclpy_minimal_subscriber:/home/cimi/ros2_humble/install/examples_rclpy_minimal_service:/home/cimi/ros2_humble/install/examples_rclpy_minimal_publisher:/home/cimi/ros2_humble/install/examples_rclpy_minimal_client:/home/cimi/ros2_humble/install/examples_rclpy_minimal_action_server:/home/cimi/ros2_humble/install/examples_rclpy_minimal_action_client:/home/cimi/ros2_humble/install/examples_rclpy_guard_conditions:/home/cimi/ros2_humble/install/examples_rclpy_executors:/home/cimi/ros2_humble/install/demo_nodes_py:/home/cimi/ros2_humble/install/action_tutorials_py:/home/cimi/ros2_humble/install/ament_uncrustify:/home/cimi/ros2_humble/install/tracetools_trace:/home/cimi/ros2_humble/install/tracetools_read:/home/cimi/ros2_humble/install/test_tracetools_launch:/home/cimi/ros2_humble/install/test_launch_ros:/home/cimi/ros2_humble/install/sensor_msgs_py:/home/cimi/ros2_humble/install/rpyutils:/home/cimi/ros2_humble/install/rosidl_runtime_py:/home/cimi/ros2_humble/install/rosidl_cli:/home/cimi/ros2_humble/install/launch_pytest:/home/cimi/ros2_humble/install/launch_testing:/home/cimi/ros2_humble/install/launch_yaml:/home/cimi/ros2_humble/install/launch_xml:/home/cimi/ros2_humble/install/launch:/home/cimi/ros2_humble/install/osrf_pycommon:/home/cimi/ros2_humble/install/launch_testing_examples:/home/cimi/ros2_humble/install/domain_coordinator:/home/cimi/ros2_humble/install/ament_xmllint:/home/cimi/ros2_humble/install/ament_pyflakes:/home/cimi/ros2_humble/install/ament_pycodestyle:/home/cimi/ros2_humble/install/ament_pep257:/home/cimi/ros2_humble/install/ament_pclint:/home/cimi/ros2_humble/install/ament_package:/home/cimi/ros2_humble/install/ament_mypy:/home/cimi/ros2_humble/install/ament_lint_cmake:/home/cimi/ros2_humble/install/ament_flake8:/home/cimi/ros2_humble/install/ament_copyright:/home/cimi/ros2_humble/install/ament_lint:/home/cimi/ros2_humble/install/ament_index_python:/home/cimi/ros2_humble/install/ament_cpplint:/home/cimi/ros2_humble/install/ament_cppcheck:/home/cimi/ros2_humble/install/ament_clang_tidy:/home/cimi/ros2_humble/install/ament_clang_format /usr/bin/cmake /home/cimi/Documents/Workspace/humble/latihan_ws/src/custom_message -DCMAKE_INSTALL_PREFIX=/home/cimi/Documents/Workspace/humble/latihan_ws/install/custom_message
[23.909s] Invoking command in '/home/cimi/Documents/Workspace/humble/latihan_ws/build/custom_message': CMAKE_PREFIX_PATH=${CMAKE_PREFIX_PATH}:/home/cimi/Documents/Workspace/humble/latihan_ws/install/py_srvcli:/home/cimi/Documents/Workspace/humble/latihan_ws/install/pubsub_python:/home/cimi/ros2_humble/install/rqt_bag_plugins:/home/cimi/ros2_humble/install/rqt_bag:/home/cimi/ros2_humble/install/ros2bag:/home/cimi/ros2_humble/install/tracetools_test:/home/cimi/ros2_humble/install/tracetools_launch:/home/cimi/ros2_humble/install/topic_monitor:/home/cimi/ros2_humble/install/tf2_tools:/home/cimi/ros2_humble/install/examples_tf2_py:/home/cimi/ros2_humble/install/tf2_ros_py:/home/cimi/ros2_humble/install/sros2:/home/cimi/ros2_humble/install/rqt_topic:/home/cimi/ros2_humble/install/rqt_srv:/home/cimi/ros2_humble/install/rqt_shell:/home/cimi/ros2_humble/install/rqt_service_caller:/home/cimi/ros2_humble/install/rqt_reconfigure:/home/cimi/ros2_humble/install/rqt_py_console:/home/cimi/ros2_humble/install/rqt_publisher:/home/cimi/ros2_humble/install/rqt_plot:/home/cimi/ros2_humble/install/rqt_action:/home/cimi/ros2_humble/install/rqt_msg:/home/cimi/ros2_humble/install/rqt_console:/home/cimi/ros2_humble/install/rqt:/home/cimi/ros2_humble/install/rqt_graph:/home/cimi/ros2_humble/install/rqt_gui_py:/home/cimi/ros2_humble/install/rqt_gui:/home/cimi/ros2_humble/install/ros2trace:/home/cimi/ros2_humble/install/ros2topic:/home/cimi/ros2_humble/install/ros2test:/home/cimi/ros2_humble/install/ros2component:/home/cimi/ros2_humble/install/ros2param:/home/cimi/ros2_humble/install/ros2lifecycle:/home/cimi/ros2_humble/install/ros2service:/home/cimi/ros2_humble/install/ros2run:/home/cimi/ros2_humble/install/ros2launch:/home/cimi/ros2_humble/install/ros2pkg:/home/cimi/ros2_humble/install/ros2node:/home/cimi/ros2_humble/install/ros2multicast:/home/cimi/ros2_humble/install/ros2interface:/home/cimi/ros2_humble/install/ros2doctor:/home/cimi/ros2_humble/install/ros2action:/home/cimi/ros2_humble/install/ros2cli:/home/cimi/ros2_humble/install/quality_of_service_demo_py:/home/cimi/ros2_humble/install/lifecycle_py:/home/cimi/ros2_humble/install/launch_testing_ros:/home/cimi/ros2_humble/install/launch_ros:/home/cimi/ros2_humble/install/examples_rclpy_pointcloud_publisher:/home/cimi/ros2_humble/install/examples_rclpy_minimal_subscriber:/home/cimi/ros2_humble/install/examples_rclpy_minimal_service:/home/cimi/ros2_humble/install/examples_rclpy_minimal_publisher:/home/cimi/ros2_humble/install/examples_rclpy_minimal_client:/home/cimi/ros2_humble/install/examples_rclpy_minimal_action_server:/home/cimi/ros2_humble/install/examples_rclpy_minimal_action_client:/home/cimi/ros2_humble/install/examples_rclpy_guard_conditions:/home/cimi/ros2_humble/install/examples_rclpy_executors:/home/cimi/ros2_humble/install/demo_nodes_py:/home/cimi/ros2_humble/install/action_tutorials_py:/home/cimi/ros2_humble/install/ament_uncrustify:/home/cimi/ros2_humble/install/tracetools_trace:/home/cimi/ros2_humble/install/tracetools_read:/home/cimi/ros2_humble/install/test_tracetools_launch:/home/cimi/ros2_humble/install/test_launch_ros:/home/cimi/ros2_humble/install/sensor_msgs_py:/home/cimi/ros2_humble/install/rpyutils:/home/cimi/ros2_humble/install/rosidl_runtime_py:/home/cimi/ros2_humble/install/rosidl_cli:/home/cimi/ros2_humble/install/launch_pytest:/home/cimi/ros2_humble/install/launch_testing:/home/cimi/ros2_humble/install/launch_yaml:/home/cimi/ros2_humble/install/launch_xml:/home/cimi/ros2_humble/install/launch:/home/cimi/ros2_humble/install/osrf_pycommon:/home/cimi/ros2_humble/install/launch_testing_examples:/home/cimi/ros2_humble/install/domain_coordinator:/home/cimi/ros2_humble/install/ament_xmllint:/home/cimi/ros2_humble/install/ament_pyflakes:/home/cimi/ros2_humble/install/ament_pycodestyle:/home/cimi/ros2_humble/install/ament_pep257:/home/cimi/ros2_humble/install/ament_pclint:/home/cimi/ros2_humble/install/ament_package:/home/cimi/ros2_humble/install/ament_mypy:/home/cimi/ros2_humble/install/ament_lint_cmake:/home/cimi/ros2_humble/install/ament_flake8:/home/cimi/ros2_humble/install/ament_copyright:/home/cimi/ros2_humble/install/ament_lint:/home/cimi/ros2_humble/install/ament_index_python:/home/cimi/ros2_humble/install/ament_cpplint:/home/cimi/ros2_humble/install/ament_cppcheck:/home/cimi/ros2_humble/install/ament_clang_tidy:/home/cimi/ros2_humble/install/ament_clang_format /usr/bin/cmake --build /home/cimi/Documents/Workspace/humble/latihan_ws/build/custom_message -- -j8 -l8
[24.041s] [35m[1mScanning dependencies of target custom_message__cpp[0m
[24.045s] [  2%] [34m[1mGenerating C code for ROS interfaces[0m
[24.054s] [35m[1mScanning dependencies of target ament_cmake_python_copy_custom_message[0m
[24.093s] [  4%] [34m[1mGenerating C++ code for ROS interfaces[0m
[24.146s] [  4%] Built target ament_cmake_python_copy_custom_message
[24.200s] [35m[1mScanning dependencies of target ament_cmake_python_build_custom_message_egg[0m
[24.915s] [  4%] Built target custom_message__cpp
[24.957s] [  6%] [34m[1mGenerating C++ type support for eProsima Fast-RTPS[0m
[24.977s] [  8%] [34m[1mGenerating C++ introspection for ROS interfaces[0m
[24.978s] [ 10%] [34m[1mGenerating C++ type support dispatch for ROS interfaces[0m
[25.094s] running egg_info
[25.097s] creating custom_message.egg-info
[25.156s] writing custom_message.egg-info/PKG-INFO
[25.156s] writing dependency_links to custom_message.egg-info/dependency_links.txt
[25.156s] writing top-level names to custom_message.egg-info/top_level.txt
[25.202s] [35m[1mScanning dependencies of target custom_message__rosidl_generator_c[0m
[25.381s] writing manifest file 'custom_message.egg-info/SOURCES.txt'
[25.495s] [ 12%] [32mBuilding C object CMakeFiles/custom_message__rosidl_generator_c.dir/rosidl_generator_c/custom_message/msg/detail/num__functions.c.o[0m
[25.495s] [ 14%] [32mBuilding C object CMakeFiles/custom_message__rosidl_generator_c.dir/rosidl_generator_c/custom_message/srv/detail/add_three_ints__functions.c.o[0m
[25.495s] [ 17%] [32mBuilding C object CMakeFiles/custom_message__rosidl_generator_c.dir/rosidl_generator_c/custom_message/msg/detail/sphere__functions.c.o[0m
[25.592s] reading manifest file 'custom_message.egg-info/SOURCES.txt'
[25.593s] writing manifest file 'custom_message.egg-info/SOURCES.txt'
[25.698s] [ 17%] Built target ament_cmake_python_build_custom_message_egg
[25.710s] [35m[1mScanning dependencies of target custom_message__rosidl_typesupport_cpp[0m
[25.748s] [ 19%] [32m[1mLinking C shared library libcustom_message__rosidl_generator_c.so[0m
[25.816s] [ 21%] [32mBuilding CXX object CMakeFiles/custom_message__rosidl_typesupport_cpp.dir/rosidl_typesupport_cpp/custom_message/srv/add_three_ints__type_support.cpp.o[0m
[25.817s] [ 23%] [32mBuilding CXX object CMakeFiles/custom_message__rosidl_typesupport_cpp.dir/rosidl_typesupport_cpp/custom_message/msg/sphere__type_support.cpp.o[0m
[25.824s] [ 25%] [32mBuilding CXX object CMakeFiles/custom_message__rosidl_typesupport_cpp.dir/rosidl_typesupport_cpp/custom_message/msg/num__type_support.cpp.o[0m
[25.900s] [ 25%] Built target custom_message__rosidl_generator_c
[26.008s] [ 27%] [34m[1mGenerating C type support dispatch for ROS interfaces[0m
[26.111s] [ 29%] [34m[1mGenerating C type support for eProsima Fast-RTPS[0m
[26.197s] [35m[1mScanning dependencies of target custom_message__rosidl_typesupport_introspection_cpp[0m
[26.396s] [ 31%] [34m[1mGenerating C introspection for ROS interfaces[0m
[27.120s] [ 34%] [32mBuilding CXX object CMakeFiles/custom_message__rosidl_typesupport_introspection_cpp.dir/rosidl_typesupport_introspection_cpp/custom_message/msg/detail/num__type_support.cpp.o[0m
[30.015s] [35m[1mScanning dependencies of target custom_message__rosidl_typesupport_fastrtps_cpp[0m
[30.054s] [ 36%] [32mBuilding CXX object CMakeFiles/custom_message__rosidl_typesupport_introspection_cpp.dir/rosidl_typesupport_introspection_cpp/custom_message/msg/detail/sphere__type_support.cpp.o[0m
[30.268s] [ 38%] [32mBuilding CXX object CMakeFiles/custom_message__rosidl_typesupport_introspection_cpp.dir/rosidl_typesupport_introspection_cpp/custom_message/srv/detail/add_three_ints__type_support.cpp.o[0m
[30.426s] [ 40%] [32m[1mLinking CXX shared library libcustom_message__rosidl_typesupport_cpp.so[0m
[31.085s] [ 42%] [32mBuilding CXX object CMakeFiles/custom_message__rosidl_typesupport_fastrtps_cpp.dir/rosidl_typesupport_fastrtps_cpp/custom_message/msg/detail/dds_fastrtps/num__type_support.cpp.o[0m
[31.125s] [ 42%] Built target custom_message__rosidl_typesupport_cpp
[31.204s] [ 44%] [32mBuilding CXX object CMakeFiles/custom_message__rosidl_typesupport_fastrtps_cpp.dir/rosidl_typesupport_fastrtps_cpp/custom_message/msg/detail/dds_fastrtps/sphere__type_support.cpp.o[0m
[31.613s] [35m[1mScanning dependencies of target custom_message__rosidl_typesupport_c[0m
[31.641s] [ 46%] [32mBuilding CXX object CMakeFiles/custom_message__rosidl_typesupport_fastrtps_cpp.dir/rosidl_typesupport_fastrtps_cpp/custom_message/srv/detail/dds_fastrtps/add_three_ints__type_support.cpp.o[0m
[31.681s] [35m[1mScanning dependencies of target custom_message__rosidl_typesupport_introspection_c[0m
[31.728s] [ 48%] [32mBuilding CXX object CMakeFiles/custom_message__rosidl_typesupport_c.dir/rosidl_typesupport_c/custom_message/msg/num__type_support.cpp.o[0m
[31.809s] [ 51%] [32mBuilding C object CMakeFiles/custom_message__rosidl_typesupport_introspection_c.dir/rosidl_typesupport_introspection_c/custom_message/msg/detail/num__type_support.c.o[0m
[31.937s] [ 53%] [32mBuilding CXX object CMakeFiles/custom_message__rosidl_typesupport_c.dir/rosidl_typesupport_c/custom_message/srv/add_three_ints__type_support.cpp.o[0m
[31.955s] [ 55%] [32mBuilding C object CMakeFiles/custom_message__rosidl_typesupport_introspection_c.dir/rosidl_typesupport_introspection_c/custom_message/msg/detail/sphere__type_support.c.o[0m
[31.969s] [ 57%] [32mBuilding CXX object CMakeFiles/custom_message__rosidl_typesupport_c.dir/rosidl_typesupport_c/custom_message/msg/sphere__type_support.cpp.o[0m
[32.012s] [35m[1mScanning dependencies of target custom_message__rosidl_typesupport_fastrtps_c[0m
[32.054s] [ 59%] [32m[1mLinking CXX shared library libcustom_message__rosidl_typesupport_introspection_cpp.so[0m
[32.067s] [ 61%] [32mBuilding C object CMakeFiles/custom_message__rosidl_typesupport_introspection_c.dir/rosidl_typesupport_introspection_c/custom_message/srv/detail/add_three_ints__type_support.c.o[0m
[32.130s] [ 63%] [32m[1mLinking CXX shared library libcustom_message__rosidl_typesupport_c.so[0m
[32.167s] [ 65%] [32mBuilding CXX object CMakeFiles/custom_message__rosidl_typesupport_fastrtps_c.dir/rosidl_typesupport_fastrtps_c/custom_message/msg/detail/num__type_support_c.cpp.o[0m
[32.180s] [ 68%] [32mBuilding CXX object CMakeFiles/custom_message__rosidl_typesupport_fastrtps_c.dir/rosidl_typesupport_fastrtps_c/custom_message/msg/detail/sphere__type_support_c.cpp.o[0m
[32.248s] [ 70%] [32m[1mLinking C shared library libcustom_message__rosidl_typesupport_introspection_c.so[0m
[32.258s] [ 72%] [32mBuilding CXX object CMakeFiles/custom_message__rosidl_typesupport_fastrtps_c.dir/rosidl_typesupport_fastrtps_c/custom_message/srv/detail/add_three_ints__type_support_c.cpp.o[0m
[32.331s] [ 72%] Built target custom_message__rosidl_typesupport_introspection_cpp
[32.380s] [ 72%] Built target custom_message__rosidl_typesupport_c
[32.440s] [ 72%] Built target custom_message__rosidl_typesupport_introspection_c
[32.667s] [ 74%] [32m[1mLinking CXX shared library libcustom_message__rosidl_typesupport_fastrtps_cpp.so[0m
[32.817s] [ 74%] Built target custom_message__rosidl_typesupport_fastrtps_cpp
[33.067s] [ 76%] [32m[1mLinking CXX shared library libcustom_message__rosidl_typesupport_fastrtps_c.so[0m
[33.974s] [ 76%] Built target custom_message__rosidl_typesupport_fastrtps_c
[34.210s] [35m[1mScanning dependencies of target custom_message[0m
[34.451s] [ 76%] Built target custom_message
[34.695s] [35m[1mScanning dependencies of target custom_message__py[0m
[34.941s] [ 78%] [34m[1mGenerating Python code for ROS interfaces[0m
[38.404s] [ 78%] Built target custom_message__py
[38.452s] [35m[1mScanning dependencies of target custom_message__rosidl_generator_py[0m
[38.831s] [ 80%] [32mBuilding C object CMakeFiles/custom_message__rosidl_generator_py.dir/rosidl_generator_py/custom_message/msg/_sphere_s.c.o[0m
[38.832s] [ 82%] [32mBuilding C object CMakeFiles/custom_message__rosidl_generator_py.dir/rosidl_generator_py/custom_message/msg/_num_s.c.o[0m
[38.834s] [ 85%] [32mBuilding C object CMakeFiles/custom_message__rosidl_generator_py.dir/rosidl_generator_py/custom_message/srv/_add_three_ints_s.c.o[0m
[39.268s] [ 87%] [32m[1mLinking C shared library rosidl_generator_py/custom_message/libcustom_message__rosidl_generator_py.so[0m
[39.393s] [ 87%] Built target custom_message__rosidl_generator_py
[39.430s] [35m[1mScanning dependencies of target custom_message__rosidl_typesupport_c__pyext[0m
[39.433s] [35m[1mScanning dependencies of target custom_message__rosidl_typesupport_introspection_c__pyext[0m
[39.445s] [35m[1mScanning dependencies of target custom_message__rosidl_typesupport_fastrtps_c__pyext[0m
[39.501s] [ 89%] [32mBuilding C object CMakeFiles/custom_message__rosidl_typesupport_c__pyext.dir/rosidl_generator_py/custom_message/_custom_message_s.ep.rosidl_typesupport_c.c.o[0m
[39.526s] [ 91%] [32mBuilding C object CMakeFiles/custom_message__rosidl_typesupport_fastrtps_c__pyext.dir/rosidl_generator_py/custom_message/_custom_message_s.ep.rosidl_typesupport_fastrtps_c.c.o[0m
[39.556s] [ 93%] [32mBuilding C object CMakeFiles/custom_message__rosidl_typesupport_introspection_c__pyext.dir/rosidl_generator_py/custom_message/_custom_message_s.ep.rosidl_typesupport_introspection_c.c.o[0m
[39.745s] [ 95%] [32m[1mLinking C shared library rosidl_generator_py/custom_message/custom_message_s__rosidl_typesupport_fastrtps_c.cpython-38-x86_64-linux-gnu.so[0m
[39.755s] [ 97%] [32m[1mLinking C shared library rosidl_generator_py/custom_message/custom_message_s__rosidl_typesupport_introspection_c.cpython-38-x86_64-linux-gnu.so[0m
[39.757s] [100%] [32m[1mLinking C shared library rosidl_generator_py/custom_message/custom_message_s__rosidl_typesupport_c.cpython-38-x86_64-linux-gnu.so[0m
[39.878s] [100%] Built target custom_message__rosidl_typesupport_c__pyext
[39.880s] [100%] Built target custom_message__rosidl_typesupport_fastrtps_c__pyext
[39.885s] [100%] Built target custom_message__rosidl_typesupport_introspection_c__pyext
[39.936s] Invoked command in '/home/cimi/Documents/Workspace/humble/latihan_ws/build/custom_message' returned '0': CMAKE_PREFIX_PATH=${CMAKE_PREFIX_PATH}:/home/cimi/Documents/Workspace/humble/latihan_ws/install/py_srvcli:/home/cimi/Documents/Workspace/humble/latihan_ws/install/pubsub_python:/home/cimi/ros2_humble/install/rqt_bag_plugins:/home/cimi/ros2_humble/install/rqt_bag:/home/cimi/ros2_humble/install/ros2bag:/home/cimi/ros2_humble/install/tracetools_test:/home/cimi/ros2_humble/install/tracetools_launch:/home/cimi/ros2_humble/install/topic_monitor:/home/cimi/ros2_humble/install/tf2_tools:/home/cimi/ros2_humble/install/examples_tf2_py:/home/cimi/ros2_humble/install/tf2_ros_py:/home/cimi/ros2_humble/install/sros2:/home/cimi/ros2_humble/install/rqt_topic:/home/cimi/ros2_humble/install/rqt_srv:/home/cimi/ros2_humble/install/rqt_shell:/home/cimi/ros2_humble/install/rqt_service_caller:/home/cimi/ros2_humble/install/rqt_reconfigure:/home/cimi/ros2_humble/install/rqt_py_console:/home/cimi/ros2_humble/install/rqt_publisher:/home/cimi/ros2_humble/install/rqt_plot:/home/cimi/ros2_humble/install/rqt_action:/home/cimi/ros2_humble/install/rqt_msg:/home/cimi/ros2_humble/install/rqt_console:/home/cimi/ros2_humble/install/rqt:/home/cimi/ros2_humble/install/rqt_graph:/home/cimi/ros2_humble/install/rqt_gui_py:/home/cimi/ros2_humble/install/rqt_gui:/home/cimi/ros2_humble/install/ros2trace:/home/cimi/ros2_humble/install/ros2topic:/home/cimi/ros2_humble/install/ros2test:/home/cimi/ros2_humble/install/ros2component:/home/cimi/ros2_humble/install/ros2param:/home/cimi/ros2_humble/install/ros2lifecycle:/home/cimi/ros2_humble/install/ros2service:/home/cimi/ros2_humble/install/ros2run:/home/cimi/ros2_humble/install/ros2launch:/home/cimi/ros2_humble/install/ros2pkg:/home/cimi/ros2_humble/install/ros2node:/home/cimi/ros2_humble/install/ros2multicast:/home/cimi/ros2_humble/install/ros2interface:/home/cimi/ros2_humble/install/ros2doctor:/home/cimi/ros2_humble/install/ros2action:/home/cimi/ros2_humble/install/ros2cli:/home/cimi/ros2_humble/install/quality_of_service_demo_py:/home/cimi/ros2_humble/install/lifecycle_py:/home/cimi/ros2_humble/install/launch_testing_ros:/home/cimi/ros2_humble/install/launch_ros:/home/cimi/ros2_humble/install/examples_rclpy_pointcloud_publisher:/home/cimi/ros2_humble/install/examples_rclpy_minimal_subscriber:/home/cimi/ros2_humble/install/examples_rclpy_minimal_service:/home/cimi/ros2_humble/install/examples_rclpy_minimal_publisher:/home/cimi/ros2_humble/install/examples_rclpy_minimal_client:/home/cimi/ros2_humble/install/examples_rclpy_minimal_action_server:/home/cimi/ros2_humble/install/examples_rclpy_minimal_action_client:/home/cimi/ros2_humble/install/examples_rclpy_guard_conditions:/home/cimi/ros2_humble/install/examples_rclpy_executors:/home/cimi/ros2_humble/install/demo_nodes_py:/home/cimi/ros2_humble/install/action_tutorials_py:/home/cimi/ros2_humble/install/ament_uncrustify:/home/cimi/ros2_humble/install/tracetools_trace:/home/cimi/ros2_humble/install/tracetools_read:/home/cimi/ros2_humble/install/test_tracetools_launch:/home/cimi/ros2_humble/install/test_launch_ros:/home/cimi/ros2_humble/install/sensor_msgs_py:/home/cimi/ros2_humble/install/rpyutils:/home/cimi/ros2_humble/install/rosidl_runtime_py:/home/cimi/ros2_humble/install/rosidl_cli:/home/cimi/ros2_humble/install/launch_pytest:/home/cimi/ros2_humble/install/launch_testing:/home/cimi/ros2_humble/install/launch_yaml:/home/cimi/ros2_humble/install/launch_xml:/home/cimi/ros2_humble/install/launch:/home/cimi/ros2_humble/install/osrf_pycommon:/home/cimi/ros2_humble/install/launch_testing_examples:/home/cimi/ros2_humble/install/domain_coordinator:/home/cimi/ros2_humble/install/ament_xmllint:/home/cimi/ros2_humble/install/ament_pyflakes:/home/cimi/ros2_humble/install/ament_pycodestyle:/home/cimi/ros2_humble/install/ament_pep257:/home/cimi/ros2_humble/install/ament_pclint:/home/cimi/ros2_humble/install/ament_package:/home/cimi/ros2_humble/install/ament_mypy:/home/cimi/ros2_humble/install/ament_lint_cmake:/home/cimi/ros2_humble/install/ament_flake8:/home/cimi/ros2_humble/install/ament_copyright:/home/cimi/ros2_humble/install/ament_lint:/home/cimi/ros2_humble/install/ament_index_python:/home/cimi/ros2_humble/install/ament_cpplint:/home/cimi/ros2_humble/install/ament_cppcheck:/home/cimi/ros2_humble/install/ament_clang_tidy:/home/cimi/ros2_humble/install/ament_clang_format /usr/bin/cmake --build /home/cimi/Documents/Workspace/humble/latihan_ws/build/custom_message -- -j8 -l8
[40.492s] Invoking command in '/home/cimi/Documents/Workspace/humble/latihan_ws/build/custom_message': CMAKE_PREFIX_PATH=${CMAKE_PREFIX_PATH}:/home/cimi/Documents/Workspace/humble/latihan_ws/install/py_srvcli:/home/cimi/Documents/Workspace/humble/latihan_ws/install/pubsub_python:/home/cimi/ros2_humble/install/rqt_bag_plugins:/home/cimi/ros2_humble/install/rqt_bag:/home/cimi/ros2_humble/install/ros2bag:/home/cimi/ros2_humble/install/tracetools_test:/home/cimi/ros2_humble/install/tracetools_launch:/home/cimi/ros2_humble/install/topic_monitor:/home/cimi/ros2_humble/install/tf2_tools:/home/cimi/ros2_humble/install/examples_tf2_py:/home/cimi/ros2_humble/install/tf2_ros_py:/home/cimi/ros2_humble/install/sros2:/home/cimi/ros2_humble/install/rqt_topic:/home/cimi/ros2_humble/install/rqt_srv:/home/cimi/ros2_humble/install/rqt_shell:/home/cimi/ros2_humble/install/rqt_service_caller:/home/cimi/ros2_humble/install/rqt_reconfigure:/home/cimi/ros2_humble/install/rqt_py_console:/home/cimi/ros2_humble/install/rqt_publisher:/home/cimi/ros2_humble/install/rqt_plot:/home/cimi/ros2_humble/install/rqt_action:/home/cimi/ros2_humble/install/rqt_msg:/home/cimi/ros2_humble/install/rqt_console:/home/cimi/ros2_humble/install/rqt:/home/cimi/ros2_humble/install/rqt_graph:/home/cimi/ros2_humble/install/rqt_gui_py:/home/cimi/ros2_humble/install/rqt_gui:/home/cimi/ros2_humble/install/ros2trace:/home/cimi/ros2_humble/install/ros2topic:/home/cimi/ros2_humble/install/ros2test:/home/cimi/ros2_humble/install/ros2component:/home/cimi/ros2_humble/install/ros2param:/home/cimi/ros2_humble/install/ros2lifecycle:/home/cimi/ros2_humble/install/ros2service:/home/cimi/ros2_humble/install/ros2run:/home/cimi/ros2_humble/install/ros2launch:/home/cimi/ros2_humble/install/ros2pkg:/home/cimi/ros2_humble/install/ros2node:/home/cimi/ros2_humble/install/ros2multicast:/home/cimi/ros2_humble/install/ros2interface:/home/cimi/ros2_humble/install/ros2doctor:/home/cimi/ros2_humble/install/ros2action:/home/cimi/ros2_humble/install/ros2cli:/home/cimi/ros2_humble/install/quality_of_service_demo_py:/home/cimi/ros2_humble/install/lifecycle_py:/home/cimi/ros2_humble/install/launch_testing_ros:/home/cimi/ros2_humble/install/launch_ros:/home/cimi/ros2_humble/install/examples_rclpy_pointcloud_publisher:/home/cimi/ros2_humble/install/examples_rclpy_minimal_subscriber:/home/cimi/ros2_humble/install/examples_rclpy_minimal_service:/home/cimi/ros2_humble/install/examples_rclpy_minimal_publisher:/home/cimi/ros2_humble/install/examples_rclpy_minimal_client:/home/cimi/ros2_humble/install/examples_rclpy_minimal_action_server:/home/cimi/ros2_humble/install/examples_rclpy_minimal_action_client:/home/cimi/ros2_humble/install/examples_rclpy_guard_conditions:/home/cimi/ros2_humble/install/examples_rclpy_executors:/home/cimi/ros2_humble/install/demo_nodes_py:/home/cimi/ros2_humble/install/action_tutorials_py:/home/cimi/ros2_humble/install/ament_uncrustify:/home/cimi/ros2_humble/install/tracetools_trace:/home/cimi/ros2_humble/install/tracetools_read:/home/cimi/ros2_humble/install/test_tracetools_launch:/home/cimi/ros2_humble/install/test_launch_ros:/home/cimi/ros2_humble/install/sensor_msgs_py:/home/cimi/ros2_humble/install/rpyutils:/home/cimi/ros2_humble/install/rosidl_runtime_py:/home/cimi/ros2_humble/install/rosidl_cli:/home/cimi/ros2_humble/install/launch_pytest:/home/cimi/ros2_humble/install/launch_testing:/home/cimi/ros2_humble/install/launch_yaml:/home/cimi/ros2_humble/install/launch_xml:/home/cimi/ros2_humble/install/launch:/home/cimi/ros2_humble/install/osrf_pycommon:/home/cimi/ros2_humble/install/launch_testing_examples:/home/cimi/ros2_humble/install/domain_coordinator:/home/cimi/ros2_humble/install/ament_xmllint:/home/cimi/ros2_humble/install/ament_pyflakes:/home/cimi/ros2_humble/install/ament_pycodestyle:/home/cimi/ros2_humble/install/ament_pep257:/home/cimi/ros2_humble/install/ament_pclint:/home/cimi/ros2_humble/install/ament_package:/home/cimi/ros2_humble/install/ament_mypy:/home/cimi/ros2_humble/install/ament_lint_cmake:/home/cimi/ros2_humble/install/ament_flake8:/home/cimi/ros2_humble/install/ament_copyright:/home/cimi/ros2_humble/install/ament_lint:/home/cimi/ros2_humble/install/ament_index_python:/home/cimi/ros2_humble/install/ament_cpplint:/home/cimi/ros2_humble/install/ament_cppcheck:/home/cimi/ros2_humble/install/ament_clang_tidy:/home/cimi/ros2_humble/install/ament_clang_format /usr/bin/cmake --install /home/cimi/Documents/Workspace/humble/latihan_ws/build/custom_message
[40.518s] -- Install configuration: ""
[40.520s] -- Installing: /home/cimi/Documents/Workspace/humble/latihan_ws/install/custom_message/share/ament_index/resource_index/rosidl_interfaces/custom_message
[40.521s] -- Installing: /home/cimi/Documents/Workspace/humble/latihan_ws/install/custom_message/include/custom_message/custom_message
[40.521s] -- Installing: /home/cimi/Documents/Workspace/humble/latihan_ws/install/custom_message/include/custom_message/custom_message/srv
[40.522s] -- Installing: /home/cimi/Documents/Workspace/humble/latihan_ws/install/custom_message/include/custom_message/custom_message/srv/detail
[40.522s] -- Installing: /home/cimi/Documents/Workspace/humble/latihan_ws/install/custom_message/include/custom_message/custom_message/srv/detail/add_three_ints__struct.h
[40.523s] -- Installing: /home/cimi/Documents/Workspace/humble/latihan_ws/install/custom_message/include/custom_message/custom_message/srv/detail/add_three_ints__type_support.h
[40.524s] -- Installing: /home/cimi/Documents/Workspace/humble/latihan_ws/install/custom_message/include/custom_message/custom_message/srv/detail/add_three_ints__functions.c
[40.524s] -- Installing: /home/cimi/Documents/Workspace/humble/latihan_ws/install/custom_message/include/custom_message/custom_message/srv/detail/add_three_ints__functions.h
[40.525s] -- Installing: /home/cimi/Documents/Workspace/humble/latihan_ws/install/custom_message/include/custom_message/custom_message/srv/add_three_ints.h
[40.525s] -- Installing: /home/cimi/Documents/Workspace/humble/latihan_ws/install/custom_message/include/custom_message/custom_message/msg
[40.526s] -- Installing: /home/cimi/Documents/Workspace/humble/latihan_ws/install/custom_message/include/custom_message/custom_message/msg/sphere.h
[40.526s] -- Installing: /home/cimi/Documents/Workspace/humble/latihan_ws/install/custom_message/include/custom_message/custom_message/msg/rosidl_generator_c__visibility_control.h
[40.527s] -- Installing: /home/cimi/Documents/Workspace/humble/latihan_ws/install/custom_message/include/custom_message/custom_message/msg/num.h
[40.527s] -- Installing: /home/cimi/Documents/Workspace/humble/latihan_ws/install/custom_message/include/custom_message/custom_message/msg/detail
[40.528s] -- Installing: /home/cimi/Documents/Workspace/humble/latihan_ws/install/custom_message/include/custom_message/custom_message/msg/detail/sphere__type_support.h
[40.528s] -- Installing: /home/cimi/Documents/Workspace/humble/latihan_ws/install/custom_message/include/custom_message/custom_message/msg/detail/sphere__functions.c
[40.529s] -- Installing: /home/cimi/Documents/Workspace/humble/latihan_ws/install/custom_message/include/custom_message/custom_message/msg/detail/sphere__struct.h
[40.529s] -- Installing: /home/cimi/Documents/Workspace/humble/latihan_ws/install/custom_message/include/custom_message/custom_message/msg/detail/num__struct.h
[40.529s] -- Installing: /home/cimi/Documents/Workspace/humble/latihan_ws/install/custom_message/include/custom_message/custom_message/msg/detail/num__functions.h
[40.530s] -- Installing: /home/cimi/Documents/Workspace/humble/latihan_ws/install/custom_message/include/custom_message/custom_message/msg/detail/num__functions.c
[40.530s] -- Installing: /home/cimi/Documents/Workspace/humble/latihan_ws/install/custom_message/include/custom_message/custom_message/msg/detail/num__type_support.h
[40.530s] -- Installing: /home/cimi/Documents/Workspace/humble/latihan_ws/install/custom_message/include/custom_message/custom_message/msg/detail/sphere__functions.h
[40.530s] -- Installing: /home/cimi/Documents/Workspace/humble/latihan_ws/install/custom_message/share/custom_message/environment/library_path.sh
[40.531s] -- Installing: /home/cimi/Documents/Workspace/humble/latihan_ws/install/custom_message/share/custom_message/environment/library_path.dsv
[40.531s] -- Installing: /home/cimi/Documents/Workspace/humble/latihan_ws/install/custom_message/lib/libcustom_message__rosidl_generator_c.so
[40.533s] -- Set runtime path of "/home/cimi/Documents/Workspace/humble/latihan_ws/install/custom_message/lib/libcustom_message__rosidl_generator_c.so" to ""
[40.534s] -- Up-to-date: /home/cimi/Documents/Workspace/humble/latihan_ws/install/custom_message/include/custom_message/custom_message
[40.534s] -- Up-to-date: /home/cimi/Documents/Workspace/humble/latihan_ws/install/custom_message/include/custom_message/custom_message/srv
[40.535s] -- Up-to-date: /home/cimi/Documents/Workspace/humble/latihan_ws/install/custom_message/include/custom_message/custom_message/srv/detail
[40.535s] -- Installing: /home/cimi/Documents/Workspace/humble/latihan_ws/install/custom_message/include/custom_message/custom_message/srv/detail/add_three_ints__rosidl_typesupport_fastrtps_c.h
[40.535s] -- Up-to-date: /home/cimi/Documents/Workspace/humble/latihan_ws/install/custom_message/include/custom_message/custom_message/msg
[40.536s] -- Installing: /home/cimi/Documents/Workspace/humble/latihan_ws/install/custom_message/include/custom_message/custom_message/msg/rosidl_typesupport_fastrtps_c__visibility_control.h
[40.536s] -- Up-to-date: /home/cimi/Documents/Workspace/humble/latihan_ws/install/custom_message/include/custom_message/custom_message/msg/detail
[40.536s] -- Installing: /home/cimi/Documents/Workspace/humble/latihan_ws/install/custom_message/include/custom_message/custom_message/msg/detail/num__rosidl_typesupport_fastrtps_c.h
[40.537s] -- Installing: /home/cimi/Documents/Workspace/humble/latihan_ws/install/custom_message/include/custom_message/custom_message/msg/detail/sphere__rosidl_typesupport_fastrtps_c.h
[40.537s] -- Installing: /home/cimi/Documents/Workspace/humble/latihan_ws/install/custom_message/lib/libcustom_message__rosidl_typesupport_fastrtps_c.so
[40.537s] -- Set runtime path of "/home/cimi/Documents/Workspace/humble/latihan_ws/install/custom_message/lib/libcustom_message__rosidl_typesupport_fastrtps_c.so" to ""
[40.538s] -- Up-to-date: /home/cimi/Documents/Workspace/humble/latihan_ws/install/custom_message/include/custom_message/custom_message
[40.538s] -- Up-to-date: /home/cimi/Documents/Workspace/humble/latihan_ws/install/custom_message/include/custom_message/custom_message/srv
[40.538s] -- Installing: /home/cimi/Documents/Workspace/humble/latihan_ws/install/custom_message/include/custom_message/custom_message/srv/add_three_ints.hpp
[40.539s] -- Up-to-date: /home/cimi/Documents/Workspace/humble/latihan_ws/install/custom_message/include/custom_message/custom_message/srv/detail
[40.539s] -- Installing: /home/cimi/Documents/Workspace/humble/latihan_ws/install/custom_message/include/custom_message/custom_message/srv/detail/add_three_ints__struct.hpp
[40.539s] -- Installing: /home/cimi/Documents/Workspace/humble/latihan_ws/install/custom_message/include/custom_message/custom_message/srv/detail/add_three_ints__traits.hpp
[40.539s] -- Installing: /home/cimi/Documents/Workspace/humble/latihan_ws/install/custom_message/include/custom_message/custom_message/srv/detail/add_three_ints__builder.hpp
[40.540s] -- Up-to-date: /home/cimi/Documents/Workspace/humble/latihan_ws/install/custom_message/include/custom_message/custom_message/msg
[40.540s] -- Installing: /home/cimi/Documents/Workspace/humble/latihan_ws/install/custom_message/include/custom_message/custom_message/msg/sphere.hpp
[40.540s] -- Installing: /home/cimi/Documents/Workspace/humble/latihan_ws/install/custom_message/include/custom_message/custom_message/msg/num.hpp
[40.540s] -- Up-to-date: /home/cimi/Documents/Workspace/humble/latihan_ws/install/custom_message/include/custom_message/custom_message/msg/detail
[40.541s] -- Installing: /home/cimi/Documents/Workspace/humble/latihan_ws/install/custom_message/include/custom_message/custom_message/msg/detail/num__traits.hpp
[40.541s] -- Installing: /home/cimi/Documents/Workspace/humble/latihan_ws/install/custom_message/include/custom_message/custom_message/msg/detail/sphere__traits.hpp
[40.541s] -- Installing: /home/cimi/Documents/Workspace/humble/latihan_ws/install/custom_message/include/custom_message/custom_message/msg/detail/num__struct.hpp
[40.541s] -- Installing: /home/cimi/Documents/Workspace/humble/latihan_ws/install/custom_message/include/custom_message/custom_message/msg/detail/sphere__builder.hpp
[40.542s] -- Installing: /home/cimi/Documents/Workspace/humble/latihan_ws/install/custom_message/include/custom_message/custom_message/msg/detail/num__builder.hpp
[40.542s] -- Installing: /home/cimi/Documents/Workspace/humble/latihan_ws/install/custom_message/include/custom_message/custom_message/msg/detail/sphere__struct.hpp
[40.542s] -- Up-to-date: /home/cimi/Documents/Workspace/humble/latihan_ws/install/custom_message/include/custom_message/custom_message
[40.542s] -- Up-to-date: /home/cimi/Documents/Workspace/humble/latihan_ws/install/custom_message/include/custom_message/custom_message/srv
[40.542s] -- Up-to-date: /home/cimi/Documents/Workspace/humble/latihan_ws/install/custom_message/include/custom_message/custom_message/srv/detail
[40.543s] -- Installing: /home/cimi/Documents/Workspace/humble/latihan_ws/install/custom_message/include/custom_message/custom_message/srv/detail/dds_fastrtps
[40.543s] -- Installing: /home/cimi/Documents/Workspace/humble/latihan_ws/install/custom_message/include/custom_message/custom_message/srv/detail/add_three_ints__rosidl_typesupport_fastrtps_cpp.hpp
[40.543s] -- Up-to-date: /home/cimi/Documents/Workspace/humble/latihan_ws/install/custom_message/include/custom_message/custom_message/msg
[40.543s] -- Up-to-date: /home/cimi/Documents/Workspace/humble/latihan_ws/install/custom_message/include/custom_message/custom_message/msg/detail
[40.544s] -- Installing: /home/cimi/Documents/Workspace/humble/latihan_ws/install/custom_message/include/custom_message/custom_message/msg/detail/sphere__rosidl_typesupport_fastrtps_cpp.hpp
[40.544s] -- Installing: /home/cimi/Documents/Workspace/humble/latihan_ws/install/custom_message/include/custom_message/custom_message/msg/detail/num__rosidl_typesupport_fastrtps_cpp.hpp
[40.544s] -- Installing: /home/cimi/Documents/Workspace/humble/latihan_ws/install/custom_message/include/custom_message/custom_message/msg/detail/dds_fastrtps
[40.544s] -- Installing: /home/cimi/Documents/Workspace/humble/latihan_ws/install/custom_message/include/custom_message/custom_message/msg/rosidl_typesupport_fastrtps_cpp__visibility_control.h
[40.545s] -- Installing: /home/cimi/Documents/Workspace/humble/latihan_ws/install/custom_message/lib/libcustom_message__rosidl_typesupport_fastrtps_cpp.so
[40.545s] -- Set runtime path of "/home/cimi/Documents/Workspace/humble/latihan_ws/install/custom_message/lib/libcustom_message__rosidl_typesupport_fastrtps_cpp.so" to ""
[40.546s] -- Up-to-date: /home/cimi/Documents/Workspace/humble/latihan_ws/install/custom_message/include/custom_message/custom_message
[40.547s] -- Up-to-date: /home/cimi/Documents/Workspace/humble/latihan_ws/install/custom_message/include/custom_message/custom_message/srv
[40.547s] -- Up-to-date: /home/cimi/Documents/Workspace/humble/latihan_ws/install/custom_message/include/custom_message/custom_message/srv/detail
[40.547s] -- Installing: /home/cimi/Documents/Workspace/humble/latihan_ws/install/custom_message/include/custom_message/custom_message/srv/detail/add_three_ints__type_support.c
[40.547s] -- Installing: /home/cimi/Documents/Workspace/humble/latihan_ws/install/custom_message/include/custom_message/custom_message/srv/detail/add_three_ints__rosidl_typesupport_introspection_c.h
[40.547s] -- Up-to-date: /home/cimi/Documents/Workspace/humble/latihan_ws/install/custom_message/include/custom_message/custom_message/msg
[40.548s] -- Up-to-date: /home/cimi/Documents/Workspace/humble/latihan_ws/install/custom_message/include/custom_message/custom_message/msg/detail
[40.548s] -- Installing: /home/cimi/Documents/Workspace/humble/latihan_ws/install/custom_message/include/custom_message/custom_message/msg/detail/num__rosidl_typesupport_introspection_c.h
[40.548s] -- Installing: /home/cimi/Documents/Workspace/humble/latihan_ws/install/custom_message/include/custom_message/custom_message/msg/detail/num__type_support.c
[40.548s] -- Installing: /home/cimi/Documents/Workspace/humble/latihan_ws/install/custom_message/include/custom_message/custom_message/msg/detail/sphere__type_support.c
[40.548s] -- Installing: /home/cimi/Documents/Workspace/humble/latihan_ws/install/custom_message/include/custom_message/custom_message/msg/detail/sphere__rosidl_typesupport_introspection_c.h
[40.549s] -- Installing: /home/cimi/Documents/Workspace/humble/latihan_ws/install/custom_message/include/custom_message/custom_message/msg/rosidl_typesupport_introspection_c__visibility_control.h
[40.549s] -- Installing: /home/cimi/Documents/Workspace/humble/latihan_ws/install/custom_message/lib/libcustom_message__rosidl_typesupport_introspection_c.so
[40.549s] -- Set runtime path of "/home/cimi/Documents/Workspace/humble/latihan_ws/install/custom_message/lib/libcustom_message__rosidl_typesupport_introspection_c.so" to ""
[40.549s] -- Installing: /home/cimi/Documents/Workspace/humble/latihan_ws/install/custom_message/lib/libcustom_message__rosidl_typesupport_c.so
[40.550s] -- Set runtime path of "/home/cimi/Documents/Workspace/humble/latihan_ws/install/custom_message/lib/libcustom_message__rosidl_typesupport_c.so" to ""
[40.550s] -- Up-to-date: /home/cimi/Documents/Workspace/humble/latihan_ws/install/custom_message/include/custom_message/custom_message
[40.550s] -- Up-to-date: /home/cimi/Documents/Workspace/humble/latihan_ws/install/custom_message/include/custom_message/custom_message/srv
[40.551s] -- Up-to-date: /home/cimi/Documents/Workspace/humble/latihan_ws/install/custom_message/include/custom_message/custom_message/srv/detail
[40.551s] -- Installing: /home/cimi/Documents/Workspace/humble/latihan_ws/install/custom_message/include/custom_message/custom_message/srv/detail/add_three_ints__rosidl_typesupport_introspection_cpp.hpp
[40.551s] -- Installing: /home/cimi/Documents/Workspace/humble/latihan_ws/install/custom_message/include/custom_message/custom_message/srv/detail/add_three_ints__type_support.cpp
[40.551s] -- Up-to-date: /home/cimi/Documents/Workspace/humble/latihan_ws/install/custom_message/include/custom_message/custom_message/msg
[40.551s] -- Up-to-date: /home/cimi/Documents/Workspace/humble/latihan_ws/install/custom_message/include/custom_message/custom_message/msg/detail
[40.552s] -- Installing: /home/cimi/Documents/Workspace/humble/latihan_ws/install/custom_message/include/custom_message/custom_message/msg/detail/num__type_support.cpp
[40.552s] -- Installing: /home/cimi/Documents/Workspace/humble/latihan_ws/install/custom_message/include/custom_message/custom_message/msg/detail/num__rosidl_typesupport_introspection_cpp.hpp
[40.552s] -- Installing: /home/cimi/Documents/Workspace/humble/latihan_ws/install/custom_message/include/custom_message/custom_message/msg/detail/sphere__rosidl_typesupport_introspection_cpp.hpp
[40.552s] -- Installing: /home/cimi/Documents/Workspace/humble/latihan_ws/install/custom_message/include/custom_message/custom_message/msg/detail/sphere__type_support.cpp
[40.552s] -- Installing: /home/cimi/Documents/Workspace/humble/latihan_ws/install/custom_message/lib/libcustom_message__rosidl_typesupport_introspection_cpp.so
[40.553s] -- Set runtime path of "/home/cimi/Documents/Workspace/humble/latihan_ws/install/custom_message/lib/libcustom_message__rosidl_typesupport_introspection_cpp.so" to ""
[40.553s] -- Installing: /home/cimi/Documents/Workspace/humble/latihan_ws/install/custom_message/lib/libcustom_message__rosidl_typesupport_cpp.so
[40.554s] -- Set runtime path of "/home/cimi/Documents/Workspace/humble/latihan_ws/install/custom_message/lib/libcustom_message__rosidl_typesupport_cpp.so" to ""
[40.554s] -- Installing: /home/cimi/Documents/Workspace/humble/latihan_ws/install/custom_message/share/custom_message/environment/pythonpath.sh
[40.554s] -- Installing: /home/cimi/Documents/Workspace/humble/latihan_ws/install/custom_message/share/custom_message/environment/pythonpath.dsv
[40.555s] -- Installing: /home/cimi/Documents/Workspace/humble/latihan_ws/install/custom_message/lib/python3.8/site-packages/custom_message-0.0.0-py3.8.egg-info
[40.555s] -- Installing: /home/cimi/Documents/Workspace/humble/latihan_ws/install/custom_message/lib/python3.8/site-packages/custom_message-0.0.0-py3.8.egg-info/SOURCES.txt
[40.555s] -- Installing: /home/cimi/Documents/Workspace/humble/latihan_ws/install/custom_message/lib/python3.8/site-packages/custom_message-0.0.0-py3.8.egg-info/top_level.txt
[40.555s] -- Installing: /home/cimi/Documents/Workspace/humble/latihan_ws/install/custom_message/lib/python3.8/site-packages/custom_message-0.0.0-py3.8.egg-info/dependency_links.txt
[40.555s] -- Installing: /home/cimi/Documents/Workspace/humble/latihan_ws/install/custom_message/lib/python3.8/site-packages/custom_message-0.0.0-py3.8.egg-info/PKG-INFO
[40.556s] -- Installing: /home/cimi/Documents/Workspace/humble/latihan_ws/install/custom_message/lib/python3.8/site-packages/custom_message
[40.556s] -- Installing: /home/cimi/Documents/Workspace/humble/latihan_ws/install/custom_message/lib/python3.8/site-packages/custom_message/custom_message_s__rosidl_typesupport_c.cpython-38-x86_64-linux-gnu.so
[40.556s] -- Installing: /home/cimi/Documents/Workspace/humble/latihan_ws/install/custom_message/lib/python3.8/site-packages/custom_message/_custom_message_s.ep.rosidl_typesupport_introspection_c.c
[40.556s] -- Installing: /home/cimi/Documents/Workspace/humble/latihan_ws/install/custom_message/lib/python3.8/site-packages/custom_message/srv
[40.556s] -- Installing: /home/cimi/Documents/Workspace/humble/latihan_ws/install/custom_message/lib/python3.8/site-packages/custom_message/srv/__init__.py
[40.557s] -- Installing: /home/cimi/Documents/Workspace/humble/latihan_ws/install/custom_message/lib/python3.8/site-packages/custom_message/srv/_add_three_ints_s.c
[40.557s] -- Installing: /home/cimi/Documents/Workspace/humble/latihan_ws/install/custom_message/lib/python3.8/site-packages/custom_message/srv/_add_three_ints.py
[40.557s] -- Installing: /home/cimi/Documents/Workspace/humble/latihan_ws/install/custom_message/lib/python3.8/site-packages/custom_message/_custom_message_s.ep.rosidl_typesupport_fastrtps_c.c
[40.557s] -- Installing: /home/cimi/Documents/Workspace/humble/latihan_ws/install/custom_message/lib/python3.8/site-packages/custom_message/libcustom_message__rosidl_generator_py.so
[40.557s] -- Installing: /home/cimi/Documents/Workspace/humble/latihan_ws/install/custom_message/lib/python3.8/site-packages/custom_message/__init__.py
[40.557s] -- Installing: /home/cimi/Documents/Workspace/humble/latihan_ws/install/custom_message/lib/python3.8/site-packages/custom_message/_custom_message_s.ep.rosidl_typesupport_c.c
[40.558s] -- Installing: /home/cimi/Documents/Workspace/humble/latihan_ws/install/custom_message/lib/python3.8/site-packages/custom_message/msg
[40.558s] -- Installing: /home/cimi/Documents/Workspace/humble/latihan_ws/install/custom_message/lib/python3.8/site-packages/custom_message/msg/_num_s.c
[40.558s] -- Installing: /home/cimi/Documents/Workspace/humble/latihan_ws/install/custom_message/lib/python3.8/site-packages/custom_message/msg/__init__.py
[40.558s] -- Installing: /home/cimi/Documents/Workspace/humble/latihan_ws/install/custom_message/lib/python3.8/site-packages/custom_message/msg/_sphere.py
[40.558s] -- Installing: /home/cimi/Documents/Workspace/humble/latihan_ws/install/custom_message/lib/python3.8/site-packages/custom_message/msg/_sphere_s.c
[40.558s] -- Installing: /home/cimi/Documents/Workspace/humble/latihan_ws/install/custom_message/lib/python3.8/site-packages/custom_message/msg/_num.py
[40.559s] -- Installing: /home/cimi/Documents/Workspace/humble/latihan_ws/install/custom_message/lib/python3.8/site-packages/custom_message/custom_message_s__rosidl_typesupport_introspection_c.cpython-38-x86_64-linux-gnu.so
[40.559s] -- Installing: /home/cimi/Documents/Workspace/humble/latihan_ws/install/custom_message/lib/python3.8/site-packages/custom_message/custom_message_s__rosidl_typesupport_fastrtps_c.cpython-38-x86_64-linux-gnu.so
[40.765s] Listing '/home/cimi/Documents/Workspace/humble/latihan_ws/install/custom_message/lib/python3.8/site-packages/custom_message'...
[40.766s] Compiling '/home/cimi/Documents/Workspace/humble/latihan_ws/install/custom_message/lib/python3.8/site-packages/custom_message/__init__.py'...
[40.766s] Listing '/home/cimi/Documents/Workspace/humble/latihan_ws/install/custom_message/lib/python3.8/site-packages/custom_message/msg'...
[40.767s] Compiling '/home/cimi/Documents/Workspace/humble/latihan_ws/install/custom_message/lib/python3.8/site-packages/custom_message/msg/__init__.py'...
[40.768s] Compiling '/home/cimi/Documents/Workspace/humble/latihan_ws/install/custom_message/lib/python3.8/site-packages/custom_message/msg/_num.py'...
[40.768s] Compiling '/home/cimi/Documents/Workspace/humble/latihan_ws/install/custom_message/lib/python3.8/site-packages/custom_message/msg/_sphere.py'...
[40.768s] Listing '/home/cimi/Documents/Workspace/humble/latihan_ws/install/custom_message/lib/python3.8/site-packages/custom_message/srv'...
[40.769s] Compiling '/home/cimi/Documents/Workspace/humble/latihan_ws/install/custom_message/lib/python3.8/site-packages/custom_message/srv/__init__.py'...
[40.770s] Compiling '/home/cimi/Documents/Workspace/humble/latihan_ws/install/custom_message/lib/python3.8/site-packages/custom_message/srv/_add_three_ints.py'...
[40.781s] -- Installing: /home/cimi/Documents/Workspace/humble/latihan_ws/install/custom_message/lib/python3.8/site-packages/custom_message/custom_message_s__rosidl_typesupport_introspection_c.cpython-38-x86_64-linux-gnu.so
[40.783s] -- Set runtime path of "/home/cimi/Documents/Workspace/humble/latihan_ws/install/custom_message/lib/python3.8/site-packages/custom_message/custom_message_s__rosidl_typesupport_introspection_c.cpython-38-x86_64-linux-gnu.so" to ""
[40.785s] -- Installing: /home/cimi/Documents/Workspace/humble/latihan_ws/install/custom_message/lib/python3.8/site-packages/custom_message/custom_message_s__rosidl_typesupport_fastrtps_c.cpython-38-x86_64-linux-gnu.so
[40.786s] -- Set runtime path of "/home/cimi/Documents/Workspace/humble/latihan_ws/install/custom_message/lib/python3.8/site-packages/custom_message/custom_message_s__rosidl_typesupport_fastrtps_c.cpython-38-x86_64-linux-gnu.so" to ""
[40.788s] -- Installing: /home/cimi/Documents/Workspace/humble/latihan_ws/install/custom_message/lib/python3.8/site-packages/custom_message/custom_message_s__rosidl_typesupport_c.cpython-38-x86_64-linux-gnu.so
[40.790s] -- Set runtime path of "/home/cimi/Documents/Workspace/humble/latihan_ws/install/custom_message/lib/python3.8/site-packages/custom_message/custom_message_s__rosidl_typesupport_c.cpython-38-x86_64-linux-gnu.so" to ""
[40.790s] -- Installing: /home/cimi/Documents/Workspace/humble/latihan_ws/install/custom_message/lib/libcustom_message__rosidl_generator_py.so
[40.791s] -- Set runtime path of "/home/cimi/Documents/Workspace/humble/latihan_ws/install/custom_message/lib/libcustom_message__rosidl_generator_py.so" to ""
[40.792s] -- Installing: /home/cimi/Documents/Workspace/humble/latihan_ws/install/custom_message/share/custom_message/msg/Num.idl
[40.792s] -- Installing: /home/cimi/Documents/Workspace/humble/latihan_ws/install/custom_message/share/custom_message/msg/Sphere.idl
[40.793s] -- Installing: /home/cimi/Documents/Workspace/humble/latihan_ws/install/custom_message/share/custom_message/srv/AddThreeInts.idl
[40.793s] -- Installing: /home/cimi/Documents/Workspace/humble/latihan_ws/install/custom_message/share/custom_message/msg/Num.msg
[40.793s] -- Installing: /home/cimi/Documents/Workspace/humble/latihan_ws/install/custom_message/share/custom_message/msg/Sphere.msg
[40.794s] -- Installing: /home/cimi/Documents/Workspace/humble/latihan_ws/install/custom_message/share/custom_message/srv/AddThreeInts.srv
[40.794s] -- Installing: /home/cimi/Documents/Workspace/humble/latihan_ws/install/custom_message/share/custom_message/srv/AddThreeInts_Request.msg
[40.795s] -- Installing: /home/cimi/Documents/Workspace/humble/latihan_ws/install/custom_message/share/custom_message/srv/AddThreeInts_Response.msg
[40.795s] -- Installing: /home/cimi/Documents/Workspace/humble/latihan_ws/install/custom_message/share/ament_index/resource_index/package_run_dependencies/custom_message
[40.796s] -- Installing: /home/cimi/Documents/Workspace/humble/latihan_ws/install/custom_message/share/ament_index/resource_index/parent_prefix_path/custom_message
[40.796s] -- Installing: /home/cimi/Documents/Workspace/humble/latihan_ws/install/custom_message/share/custom_message/environment/ament_prefix_path.sh
[40.797s] -- Installing: /home/cimi/Documents/Workspace/humble/latihan_ws/install/custom_message/share/custom_message/environment/ament_prefix_path.dsv
[40.797s] -- Installing: /home/cimi/Documents/Workspace/humble/latihan_ws/install/custom_message/share/custom_message/environment/path.sh
[40.798s] -- Installing: /home/cimi/Documents/Workspace/humble/latihan_ws/install/custom_message/share/custom_message/environment/path.dsv
[40.798s] -- Installing: /home/cimi/Documents/Workspace/humble/latihan_ws/install/custom_message/share/custom_message/local_setup.bash
[40.798s] -- Installing: /home/cimi/Documents/Workspace/humble/latihan_ws/install/custom_message/share/custom_message/local_setup.sh
[40.799s] -- Installing: /home/cimi/Documents/Workspace/humble/latihan_ws/install/custom_message/share/custom_message/local_setup.zsh
[40.799s] -- Installing: /home/cimi/Documents/Workspace/humble/latihan_ws/install/custom_message/share/custom_message/local_setup.dsv
[40.800s] -- Installing: /home/cimi/Documents/Workspace/humble/latihan_ws/install/custom_message/share/custom_message/package.dsv
[40.800s] -- Installing: /home/cimi/Documents/Workspace/humble/latihan_ws/install/custom_message/share/ament_index/resource_index/packages/custom_message
[40.800s] -- Installing: /home/cimi/Documents/Workspace/humble/latihan_ws/install/custom_message/share/custom_message/cmake/export_custom_message__rosidl_generator_cExport.cmake
[40.801s] -- Installing: /home/cimi/Documents/Workspace/humble/latihan_ws/install/custom_message/share/custom_message/cmake/export_custom_message__rosidl_generator_cExport-noconfig.cmake
[40.801s] -- Installing: /home/cimi/Documents/Workspace/humble/latihan_ws/install/custom_message/share/custom_message/cmake/export_custom_message__rosidl_typesupport_fastrtps_cExport.cmake
[40.802s] -- Installing: /home/cimi/Documents/Workspace/humble/latihan_ws/install/custom_message/share/custom_message/cmake/export_custom_message__rosidl_typesupport_fastrtps_cExport-noconfig.cmake
[40.802s] -- Installing: /home/cimi/Documents/Workspace/humble/latihan_ws/install/custom_message/share/custom_message/cmake/export_custom_message__rosidl_generator_cppExport.cmake
[40.803s] -- Installing: /home/cimi/Documents/Workspace/humble/latihan_ws/install/custom_message/share/custom_message/cmake/export_custom_message__rosidl_typesupport_fastrtps_cppExport.cmake
[40.803s] -- Installing: /home/cimi/Documents/Workspace/humble/latihan_ws/install/custom_message/share/custom_message/cmake/export_custom_message__rosidl_typesupport_fastrtps_cppExport-noconfig.cmake
[40.803s] -- Installing: /home/cimi/Documents/Workspace/humble/latihan_ws/install/custom_message/share/custom_message/cmake/custom_message__rosidl_typesupport_introspection_cExport.cmake
[40.804s] -- Installing: /home/cimi/Documents/Workspace/humble/latihan_ws/install/custom_message/share/custom_message/cmake/custom_message__rosidl_typesupport_introspection_cExport-noconfig.cmake
[40.804s] -- Installing: /home/cimi/Documents/Workspace/humble/latihan_ws/install/custom_message/share/custom_message/cmake/custom_message__rosidl_typesupport_cExport.cmake
[40.805s] -- Installing: /home/cimi/Documents/Workspace/humble/latihan_ws/install/custom_message/share/custom_message/cmake/custom_message__rosidl_typesupport_cExport-noconfig.cmake
[40.805s] -- Installing: /home/cimi/Documents/Workspace/humble/latihan_ws/install/custom_message/share/custom_message/cmake/custom_message__rosidl_typesupport_introspection_cppExport.cmake
[40.805s] -- Installing: /home/cimi/Documents/Workspace/humble/latihan_ws/install/custom_message/share/custom_message/cmake/custom_message__rosidl_typesupport_introspection_cppExport-noconfig.cmake
[40.806s] -- Installing: /home/cimi/Documents/Workspace/humble/latihan_ws/install/custom_message/share/custom_message/cmake/custom_message__rosidl_typesupport_cppExport.cmake
[40.806s] -- Installing: /home/cimi/Documents/Workspace/humble/latihan_ws/install/custom_message/share/custom_message/cmake/custom_message__rosidl_typesupport_cppExport-noconfig.cmake
[40.807s] -- Installing: /home/cimi/Documents/Workspace/humble/latihan_ws/install/custom_message/share/custom_message/cmake/export_custom_message__rosidl_generator_pyExport.cmake
[40.807s] -- Installing: /home/cimi/Documents/Workspace/humble/latihan_ws/install/custom_message/share/custom_message/cmake/export_custom_message__rosidl_generator_pyExport-noconfig.cmake
[40.807s] -- Installing: /home/cimi/Documents/Workspace/humble/latihan_ws/install/custom_message/share/custom_message/cmake/rosidl_cmake-extras.cmake
[40.808s] -- Installing: /home/cimi/Documents/Workspace/humble/latihan_ws/install/custom_message/share/custom_message/cmake/ament_cmake_export_dependencies-extras.cmake
[40.808s] -- Installing: /home/cimi/Documents/Workspace/humble/latihan_ws/install/custom_message/share/custom_message/cmake/ament_cmake_export_include_directories-extras.cmake
[40.808s] -- Installing: /home/cimi/Documents/Workspace/humble/latihan_ws/install/custom_message/share/custom_message/cmake/ament_cmake_export_libraries-extras.cmake
[40.809s] -- Installing: /home/cimi/Documents/Workspace/humble/latihan_ws/install/custom_message/share/custom_message/cmake/ament_cmake_export_targets-extras.cmake
[40.809s] -- Installing: /home/cimi/Documents/Workspace/humble/latihan_ws/install/custom_message/share/custom_message/cmake/rosidl_cmake_export_typesupport_targets-extras.cmake
[40.809s] -- Installing: /home/cimi/Documents/Workspace/humble/latihan_ws/install/custom_message/share/custom_message/cmake/rosidl_cmake_export_typesupport_libraries-extras.cmake
[40.809s] -- Installing: /home/cimi/Documents/Workspace/humble/latihan_ws/install/custom_message/share/custom_message/cmake/custom_messageConfig.cmake
[40.810s] -- Installing: /home/cimi/Documents/Workspace/humble/latihan_ws/install/custom_message/share/custom_message/cmake/custom_messageConfig-version.cmake
[40.810s] -- Installing: /home/cimi/Documents/Workspace/humble/latihan_ws/install/custom_message/share/custom_message/package.xml
[40.824s] Invoked command in '/home/cimi/Documents/Workspace/humble/latihan_ws/build/custom_message' returned '0': CMAKE_PREFIX_PATH=${CMAKE_PREFIX_PATH}:/home/cimi/Documents/Workspace/humble/latihan_ws/install/py_srvcli:/home/cimi/Documents/Workspace/humble/latihan_ws/install/pubsub_python:/home/cimi/ros2_humble/install/rqt_bag_plugins:/home/cimi/ros2_humble/install/rqt_bag:/home/cimi/ros2_humble/install/ros2bag:/home/cimi/ros2_humble/install/tracetools_test:/home/cimi/ros2_humble/install/tracetools_launch:/home/cimi/ros2_humble/install/topic_monitor:/home/cimi/ros2_humble/install/tf2_tools:/home/cimi/ros2_humble/install/examples_tf2_py:/home/cimi/ros2_humble/install/tf2_ros_py:/home/cimi/ros2_humble/install/sros2:/home/cimi/ros2_humble/install/rqt_topic:/home/cimi/ros2_humble/install/rqt_srv:/home/cimi/ros2_humble/install/rqt_shell:/home/cimi/ros2_humble/install/rqt_service_caller:/home/cimi/ros2_humble/install/rqt_reconfigure:/home/cimi/ros2_humble/install/rqt_py_console:/home/cimi/ros2_humble/install/rqt_publisher:/home/cimi/ros2_humble/install/rqt_plot:/home/cimi/ros2_humble/install/rqt_action:/home/cimi/ros2_humble/install/rqt_msg:/home/cimi/ros2_humble/install/rqt_console:/home/cimi/ros2_humble/install/rqt:/home/cimi/ros2_humble/install/rqt_graph:/home/cimi/ros2_humble/install/rqt_gui_py:/home/cimi/ros2_humble/install/rqt_gui:/home/cimi/ros2_humble/install/ros2trace:/home/cimi/ros2_humble/install/ros2topic:/home/cimi/ros2_humble/install/ros2test:/home/cimi/ros2_humble/install/ros2component:/home/cimi/ros2_humble/install/ros2param:/home/cimi/ros2_humble/install/ros2lifecycle:/home/cimi/ros2_humble/install/ros2service:/home/cimi/ros2_humble/install/ros2run:/home/cimi/ros2_humble/install/ros2launch:/home/cimi/ros2_humble/install/ros2pkg:/home/cimi/ros2_humble/install/ros2node:/home/cimi/ros2_humble/install/ros2multicast:/home/cimi/ros2_humble/install/ros2interface:/home/cimi/ros2_humble/install/ros2doctor:/home/cimi/ros2_humble/install/ros2action:/home/cimi/ros2_humble/install/ros2cli:/home/cimi/ros2_humble/install/quality_of_service_demo_py:/home/cimi/ros2_humble/install/lifecycle_py:/home/cimi/ros2_humble/install/launch_testing_ros:/home/cimi/ros2_humble/install/launch_ros:/home/cimi/ros2_humble/install/examples_rclpy_pointcloud_publisher:/home/cimi/ros2_humble/install/examples_rclpy_minimal_subscriber:/home/cimi/ros2_humble/install/examples_rclpy_minimal_service:/home/cimi/ros2_humble/install/examples_rclpy_minimal_publisher:/home/cimi/ros2_humble/install/examples_rclpy_minimal_client:/home/cimi/ros2_humble/install/examples_rclpy_minimal_action_server:/home/cimi/ros2_humble/install/examples_rclpy_minimal_action_client:/home/cimi/ros2_humble/install/examples_rclpy_guard_conditions:/home/cimi/ros2_humble/install/examples_rclpy_executors:/home/cimi/ros2_humble/install/demo_nodes_py:/home/cimi/ros2_humble/install/action_tutorials_py:/home/cimi/ros2_humble/install/ament_uncrustify:/home/cimi/ros2_humble/install/tracetools_trace:/home/cimi/ros2_humble/install/tracetools_read:/home/cimi/ros2_humble/install/test_tracetools_launch:/home/cimi/ros2_humble/install/test_launch_ros:/home/cimi/ros2_humble/install/sensor_msgs_py:/home/cimi/ros2_humble/install/rpyutils:/home/cimi/ros2_humble/install/rosidl_runtime_py:/home/cimi/ros2_humble/install/rosidl_cli:/home/cimi/ros2_humble/install/launch_pytest:/home/cimi/ros2_humble/install/launch_testing:/home/cimi/ros2_humble/install/launch_yaml:/home/cimi/ros2_humble/install/launch_xml:/home/cimi/ros2_humble/install/launch:/home/cimi/ros2_humble/install/osrf_pycommon:/home/cimi/ros2_humble/install/launch_testing_examples:/home/cimi/ros2_humble/install/domain_coordinator:/home/cimi/ros2_humble/install/ament_xmllint:/home/cimi/ros2_humble/install/ament_pyflakes:/home/cimi/ros2_humble/install/ament_pycodestyle:/home/cimi/ros2_humble/install/ament_pep257:/home/cimi/ros2_humble/install/ament_pclint:/home/cimi/ros2_humble/install/ament_package:/home/cimi/ros2_humble/install/ament_mypy:/home/cimi/ros2_humble/install/ament_lint_cmake:/home/cimi/ros2_humble/install/ament_flake8:/home/cimi/ros2_humble/install/ament_copyright:/home/cimi/ros2_humble/install/ament_lint:/home/cimi/ros2_humble/install/ament_index_python:/home/cimi/ros2_humble/install/ament_cpplint:/home/cimi/ros2_humble/install/ament_cppcheck:/home/cimi/ros2_humble/install/ament_clang_tidy:/home/cimi/ros2_humble/install/ament_clang_format /usr/bin/cmake --install /home/cimi/Documents/Workspace/humble/latihan_ws/build/custom_message
