[0.599s] [34mcolcon[0m [1;30mDEBUG[0m [32mCommand line arguments: ['/usr/bin/colcon', 'build'][0m
[0.599s] [34mcolcon[0m [1;30mDEBUG[0m [32mParsed command line arguments: Namespace(allow_overriding=[], ament_cmake_args=None, base_paths=['.'], build_base='build', catkin_cmake_args=None, catkin_skip_building_tests=False, cmake_args=None, cmake_clean_cache=False, cmake_clean_first=False, cmake_force_configure=False, cmake_target=None, cmake_target_skip_unavailable=False, continue_on_error=False, event_handlers=None, executor='parallel', ignore_user_meta=False, install_base='install', log_base=None, log_level=None, main=<bound method BuildVerb.main of <colcon_core.verb.build.BuildVerb object at 0x7f08a8f74040>>, merge_install=False, metas=['./colcon.meta'], packages_above=None, packages_above_and_dependencies=None, packages_above_depth=None, packages_end=None, packages_ignore=None, packages_ignore_regex=None, packages_select=None, packages_select_build_failed=False, packages_select_by_dep=None, packages_select_regex=None, packages_select_test_failures=False, packages_skip=None, packages_skip_build_finished=False, packages_skip_by_dep=None, packages_skip_regex=None, packages_skip_test_passed=False, packages_skip_up_to=None, packages_start=None, packages_up_to=None, packages_up_to_regex=None, parallel_workers=8, paths=None, symlink_install=False, test_result_base=None, verb_extension=<colcon_core.verb.build.BuildVerb object at 0x7f08a8f74040>, verb_name='build', verb_parser=<colcon_defaults.argument_parser.defaults.DefaultArgumentsDecorator object at 0x7f08a8f29c10>)[0m
[0.671s] [34mcolcon.colcon_core.package_discovery[0m [1;30mLevel 1[0m discover_packages(colcon_meta) check parameters
[0.671s] [34mcolcon.colcon_core.package_discovery[0m [1;30mLevel 1[0m discover_packages(recursive) check parameters
[0.672s] [34mcolcon.colcon_core.package_discovery[0m [1;30mLevel 1[0m discover_packages(ignore) check parameters
[0.672s] [34mcolcon.colcon_core.package_discovery[0m [1;30mLevel 1[0m discover_packages(path) check parameters
[0.672s] [34mcolcon.colcon_core.package_discovery[0m [1;30mLevel 1[0m discover_packages(colcon_meta) discover
[0.672s] [34mcolcon.colcon_core.package_discovery[0m [1;30mLevel 1[0m discover_packages(recursive) discover
[0.672s] [34mcolcon.colcon_core.package_discovery[0m [1;30mINFO[0m Crawling recursively for packages in '/home/cimi/Documents/Workspace/humble/latihan_ws'
[0.672s] [34mcolcon.colcon_core.package_identification[0m [1;30mLevel 1[0m _identify(.) by extensions ['ignore', 'ignore_ament_install']
[0.672s] [34mcolcon.colcon_core.package_identification[0m [1;30mLevel 1[0m _identify(.) by extension 'ignore'
[0.672s] [34mcolcon.colcon_core.package_identification[0m [1;30mLevel 1[0m _identify(.) by extension 'ignore_ament_install'
[0.673s] [34mcolcon.colcon_core.package_identification[0m [1;30mLevel 1[0m _identify(.) by extensions ['colcon_pkg']
[0.673s] [34mcolcon.colcon_core.package_identification[0m [1;30mLevel 1[0m _identify(.) by extension 'colcon_pkg'
[0.673s] [34mcolcon.colcon_core.package_identification[0m [1;30mLevel 1[0m _identify(.) by extensions ['colcon_meta']
[0.673s] [34mcolcon.colcon_core.package_identification[0m [1;30mLevel 1[0m _identify(.) by extension 'colcon_meta'
[0.673s] [34mcolcon.colcon_core.package_identification[0m [1;30mLevel 1[0m _identify(.) by extensions ['ros']
[0.673s] [34mcolcon.colcon_core.package_identification[0m [1;30mLevel 1[0m _identify(.) by extension 'ros'
[0.695s] [34mcolcon.colcon_core.package_identification[0m [1;30mLevel 1[0m _identify(.) by extensions ['cmake', 'python']
[0.695s] [34mcolcon.colcon_core.package_identification[0m [1;30mLevel 1[0m _identify(.) by extension 'cmake'
[0.695s] [34mcolcon.colcon_core.package_identification[0m [1;30mLevel 1[0m _identify(.) by extension 'python'
[0.695s] [34mcolcon.colcon_core.package_identification[0m [1;30mLevel 1[0m _identify(.) by extensions ['python_setup_py']
[0.695s] [34mcolcon.colcon_core.package_identification[0m [1;30mLevel 1[0m _identify(.) by extension 'python_setup_py'
[0.695s] [34mcolcon.colcon_core.package_identification[0m [1;30mLevel 1[0m _identify(build) by extensions ['ignore', 'ignore_ament_install']
[0.695s] [34mcolcon.colcon_core.package_identification[0m [1;30mLevel 1[0m _identify(build) by extension 'ignore'
[0.695s] [34mcolcon.colcon_core.package_identification[0m [1;30mLevel 1[0m _identify(build) ignored
[0.696s] [34mcolcon.colcon_core.package_identification[0m [1;30mLevel 1[0m _identify(install) by extensions ['ignore', 'ignore_ament_install']
[0.696s] [34mcolcon.colcon_core.package_identification[0m [1;30mLevel 1[0m _identify(install) by extension 'ignore'
[0.696s] [34mcolcon.colcon_core.package_identification[0m [1;30mLevel 1[0m _identify(install) ignored
[0.696s] [34mcolcon.colcon_core.package_identification[0m [1;30mLevel 1[0m _identify(log) by extensions ['ignore', 'ignore_ament_install']
[0.696s] [34mcolcon.colcon_core.package_identification[0m [1;30mLevel 1[0m _identify(log) by extension 'ignore'
[0.696s] [34mcolcon.colcon_core.package_identification[0m [1;30mLevel 1[0m _identify(log) ignored
[0.696s] [34mcolcon.colcon_core.package_identification[0m [1;30mLevel 1[0m _identify(src) by extensions ['ignore', 'ignore_ament_install']
[0.696s] [34mcolcon.colcon_core.package_identification[0m [1;30mLevel 1[0m _identify(src) by extension 'ignore'
[0.696s] [34mcolcon.colcon_core.package_identification[0m [1;30mLevel 1[0m _identify(src) by extension 'ignore_ament_install'
[0.696s] [34mcolcon.colcon_core.package_identification[0m [1;30mLevel 1[0m _identify(src) by extensions ['colcon_pkg']
[0.696s] [34mcolcon.colcon_core.package_identification[0m [1;30mLevel 1[0m _identify(src) by extension 'colcon_pkg'
[0.697s] [34mcolcon.colcon_core.package_identification[0m [1;30mLevel 1[0m _identify(src) by extensions ['colcon_meta']
[0.697s] [34mcolcon.colcon_core.package_identification[0m [1;30mLevel 1[0m _identify(src) by extension 'colcon_meta'
[0.697s] [34mcolcon.colcon_core.package_identification[0m [1;30mLevel 1[0m _identify(src) by extensions ['ros']
[0.697s] [34mcolcon.colcon_core.package_identification[0m [1;30mLevel 1[0m _identify(src) by extension 'ros'
[0.697s] [34mcolcon.colcon_core.package_identification[0m [1;30mLevel 1[0m _identify(src) by extensions ['cmake', 'python']
[0.697s] [34mcolcon.colcon_core.package_identification[0m [1;30mLevel 1[0m _identify(src) by extension 'cmake'
[0.697s] [34mcolcon.colcon_core.package_identification[0m [1;30mLevel 1[0m _identify(src) by extension 'python'
[0.697s] [34mcolcon.colcon_core.package_identification[0m [1;30mLevel 1[0m _identify(src) by extensions ['python_setup_py']
[0.697s] [34mcolcon.colcon_core.package_identification[0m [1;30mLevel 1[0m _identify(src) by extension 'python_setup_py'
[0.697s] [34mcolcon.colcon_core.package_identification[0m [1;30mLevel 1[0m _identify(src/custom_message) by extensions ['ignore', 'ignore_ament_install']
[0.697s] [34mcolcon.colcon_core.package_identification[0m [1;30mLevel 1[0m _identify(src/custom_message) by extension 'ignore'
[0.697s] [34mcolcon.colcon_core.package_identification[0m [1;30mLevel 1[0m _identify(src/custom_message) by extension 'ignore_ament_install'
[0.697s] [34mcolcon.colcon_core.package_identification[0m [1;30mLevel 1[0m _identify(src/custom_message) by extensions ['colcon_pkg']
[0.697s] [34mcolcon.colcon_core.package_identification[0m [1;30mLevel 1[0m _identify(src/custom_message) by extension 'colcon_pkg'
[0.698s] [34mcolcon.colcon_core.package_identification[0m [1;30mLevel 1[0m _identify(src/custom_message) by extensions ['colcon_meta']
[0.698s] [34mcolcon.colcon_core.package_identification[0m [1;30mLevel 1[0m _identify(src/custom_message) by extension 'colcon_meta'
[0.698s] [34mcolcon.colcon_core.package_identification[0m [1;30mLevel 1[0m _identify(src/custom_message) by extensions ['ros']
[0.698s] [34mcolcon.colcon_core.package_identification[0m [1;30mLevel 1[0m _identify(src/custom_message) by extension 'ros'
[0.701s] [34mcolcon.colcon_core.package_identification[0m [1;30mDEBUG[0m [32mFound ROS schema reference in package manifest in 'src/custom_message'[0m
[0.701s] [34mcolcon.colcon_core.package_identification[0m [1;30mWARNING[0m [33mFailed to parse ROS package manifest in 'src/custom_message': Error(s) in package 'src/custom_message/package.xml':
The package "custom_message" must not "build_depend" on a package with the same name as this package
The package "custom_message" must not "build_export_depend" on a package with the same name as this package
The package "custom_message" must not "exec_depend" on a package with the same name as this package[0m
[0.701s] [34mcolcon.colcon_core.package_identification[0m [1;30mLevel 1[0m _identify(src/custom_message) by extensions ['cmake', 'python']
[0.701s] [34mcolcon.colcon_core.package_identification[0m [1;30mLevel 1[0m _identify(src/custom_message) by extension 'cmake'
[0.711s] [34mcolcon.colcon_core.package_identification[0m [1;30mLevel 1[0m _identify(src/custom_message) by extension 'python'
[0.711s] [34mcolcon.colcon_core.package_identification[0m [1;30mDEBUG[0m [32mPackage 'src/custom_message' with type 'cmake' and name 'custom_message'[0m
[0.711s] [34mcolcon.colcon_core.package_identification[0m [1;30mLevel 1[0m _identify(src/pubsub_cpp) by extensions ['ignore', 'ignore_ament_install']
[0.711s] [34mcolcon.colcon_core.package_identification[0m [1;30mLevel 1[0m _identify(src/pubsub_cpp) by extension 'ignore'
[0.711s] [34mcolcon.colcon_core.package_identification[0m [1;30mLevel 1[0m _identify(src/pubsub_cpp) by extension 'ignore_ament_install'
[0.712s] [34mcolcon.colcon_core.package_identification[0m [1;30mLevel 1[0m _identify(src/pubsub_cpp) by extensions ['colcon_pkg']
[0.712s] [34mcolcon.colcon_core.package_identification[0m [1;30mLevel 1[0m _identify(src/pubsub_cpp) by extension 'colcon_pkg'
[0.712s] [34mcolcon.colcon_core.package_identification[0m [1;30mLevel 1[0m _identify(src/pubsub_cpp) by extensions ['colcon_meta']
[0.712s] [34mcolcon.colcon_core.package_identification[0m [1;30mLevel 1[0m _identify(src/pubsub_cpp) by extension 'colcon_meta'
[0.712s] [34mcolcon.colcon_core.package_identification[0m [1;30mLevel 1[0m _identify(src/pubsub_cpp) by extensions ['ros']
[0.712s] [34mcolcon.colcon_core.package_identification[0m [1;30mLevel 1[0m _identify(src/pubsub_cpp) by extension 'ros'
[0.713s] [34mcolcon.colcon_core.package_identification[0m [1;30mDEBUG[0m [32mPackage 'src/pubsub_cpp' with type 'ros.ament_cmake' and name 'pubsub_cpp'[0m
[0.713s] [34mcolcon.colcon_core.package_identification[0m [1;30mLevel 1[0m _identify(src/pubsub_python) by extensions ['ignore', 'ignore_ament_install']
[0.713s] [34mcolcon.colcon_core.package_identification[0m [1;30mLevel 1[0m _identify(src/pubsub_python) by extension 'ignore'
[0.713s] [34mcolcon.colcon_core.package_identification[0m [1;30mLevel 1[0m _identify(src/pubsub_python) by extension 'ignore_ament_install'
[0.713s] [34mcolcon.colcon_core.package_identification[0m [1;30mLevel 1[0m _identify(src/pubsub_python) by extensions ['colcon_pkg']
[0.713s] [34mcolcon.colcon_core.package_identification[0m [1;30mLevel 1[0m _identify(src/pubsub_python) by extension 'colcon_pkg'
[0.713s] [34mcolcon.colcon_core.package_identification[0m [1;30mLevel 1[0m _identify(src/pubsub_python) by extensions ['colcon_meta']
[0.713s] [34mcolcon.colcon_core.package_identification[0m [1;30mLevel 1[0m _identify(src/pubsub_python) by extension 'colcon_meta'
[0.713s] [34mcolcon.colcon_core.package_identification[0m [1;30mLevel 1[0m _identify(src/pubsub_python) by extensions ['ros']
[0.713s] [34mcolcon.colcon_core.package_identification[0m [1;30mLevel 1[0m _identify(src/pubsub_python) by extension 'ros'
[0.714s] [34mcolcon.colcon_core.package_identification[0m [1;30mDEBUG[0m [32mPackage 'src/pubsub_python' with type 'ros.ament_python' and name 'pubsub_python'[0m
[0.714s] [34mcolcon.colcon_core.package_identification[0m [1;30mLevel 1[0m _identify(src/py_srvcli) by extensions ['ignore', 'ignore_ament_install']
[0.714s] [34mcolcon.colcon_core.package_identification[0m [1;30mLevel 1[0m _identify(src/py_srvcli) by extension 'ignore'
[0.714s] [34mcolcon.colcon_core.package_identification[0m [1;30mLevel 1[0m _identify(src/py_srvcli) by extension 'ignore_ament_install'
[0.715s] [34mcolcon.colcon_core.package_identification[0m [1;30mLevel 1[0m _identify(src/py_srvcli) by extensions ['colcon_pkg']
[0.715s] [34mcolcon.colcon_core.package_identification[0m [1;30mLevel 1[0m _identify(src/py_srvcli) by extension 'colcon_pkg'
[0.715s] [34mcolcon.colcon_core.package_identification[0m [1;30mLevel 1[0m _identify(src/py_srvcli) by extensions ['colcon_meta']
[0.715s] [34mcolcon.colcon_core.package_identification[0m [1;30mLevel 1[0m _identify(src/py_srvcli) by extension 'colcon_meta'
[0.715s] [34mcolcon.colcon_core.package_identification[0m [1;30mLevel 1[0m _identify(src/py_srvcli) by extensions ['ros']
[0.715s] [34mcolcon.colcon_core.package_identification[0m [1;30mLevel 1[0m _identify(src/py_srvcli) by extension 'ros'
[0.716s] [34mcolcon.colcon_core.package_identification[0m [1;30mDEBUG[0m [32mPackage 'src/py_srvcli' with type 'ros.ament_python' and name 'py_srvcli'[0m
[0.716s] [34mcolcon.colcon_core.package_identification[0m [1;30mLevel 1[0m _identify(src/sercli_cpp) by extensions ['ignore', 'ignore_ament_install']
[0.716s] [34mcolcon.colcon_core.package_identification[0m [1;30mLevel 1[0m _identify(src/sercli_cpp) by extension 'ignore'
[0.716s] [34mcolcon.colcon_core.package_identification[0m [1;30mLevel 1[0m _identify(src/sercli_cpp) by extension 'ignore_ament_install'
[0.716s] [34mcolcon.colcon_core.package_identification[0m [1;30mLevel 1[0m _identify(src/sercli_cpp) by extensions ['colcon_pkg']
[0.716s] [34mcolcon.colcon_core.package_identification[0m [1;30mLevel 1[0m _identify(src/sercli_cpp) by extension 'colcon_pkg'
[0.716s] [34mcolcon.colcon_core.package_identification[0m [1;30mLevel 1[0m _identify(src/sercli_cpp) by extensions ['colcon_meta']
[0.716s] [34mcolcon.colcon_core.package_identification[0m [1;30mLevel 1[0m _identify(src/sercli_cpp) by extension 'colcon_meta'
[0.716s] [34mcolcon.colcon_core.package_identification[0m [1;30mLevel 1[0m _identify(src/sercli_cpp) by extensions ['ros']
[0.716s] [34mcolcon.colcon_core.package_identification[0m [1;30mLevel 1[0m _identify(src/sercli_cpp) by extension 'ros'
[0.717s] [34mcolcon.colcon_core.package_identification[0m [1;30mDEBUG[0m [32mPackage 'src/sercli_cpp' with type 'ros.ament_cmake' and name 'sercli_cpp'[0m
[0.717s] [34mcolcon.colcon_core.package_discovery[0m [1;30mLevel 1[0m discover_packages(recursive) using defaults
[0.717s] [34mcolcon.colcon_core.package_discovery[0m [1;30mLevel 1[0m discover_packages(ignore) discover
[0.717s] [34mcolcon.colcon_core.package_discovery[0m [1;30mLevel 1[0m discover_packages(ignore) using defaults
[0.717s] [34mcolcon.colcon_core.package_discovery[0m [1;30mLevel 1[0m discover_packages(path) discover
[0.717s] [34mcolcon.colcon_core.package_discovery[0m [1;30mLevel 1[0m discover_packages(path) using defaults
[0.773s] [34mcolcon.colcon_core.package_discovery[0m [1;30mLevel 1[0m discover_packages(prefix_path) check parameters
[0.773s] [34mcolcon.colcon_core.package_discovery[0m [1;30mLevel 1[0m discover_packages(prefix_path) discover
[0.792s] [34mcolcon.colcon_installed_package_information.package_discovery[0m [1;30mDEBUG[0m [32mFound 7 installed packages in /home/cimi/Documents/Workspace/humble/latihan_ws/install[0m
[0.805s] [34mcolcon.colcon_installed_package_information.package_discovery[0m [1;30mDEBUG[0m [32mFound 344 installed packages in /home/cimi/ros2_humble/install[0m
[0.807s] [34mcolcon.colcon_core.package_discovery[0m [1;30mLevel 1[0m discover_packages(prefix_path) using defaults
[0.867s] [34mcolcon.colcon_core.verb[0m [1;30mLevel 5[0m set package 'custom_message' build argument 'cmake_args' from command line to 'None'
[0.867s] [34mcolcon.colcon_core.verb[0m [1;30mLevel 5[0m set package 'custom_message' build argument 'cmake_target' from command line to 'None'
[0.867s] [34mcolcon.colcon_core.verb[0m [1;30mLevel 5[0m set package 'custom_message' build argument 'cmake_target_skip_unavailable' from command line to 'False'
[0.867s] [34mcolcon.colcon_core.verb[0m [1;30mLevel 5[0m set package 'custom_message' build argument 'cmake_clean_cache' from command line to 'False'
[0.867s] [34mcolcon.colcon_core.verb[0m [1;30mLevel 5[0m set package 'custom_message' build argument 'cmake_clean_first' from command line to 'False'
[0.867s] [34mcolcon.colcon_core.verb[0m [1;30mLevel 5[0m set package 'custom_message' build argument 'cmake_force_configure' from command line to 'False'
[0.867s] [34mcolcon.colcon_core.verb[0m [1;30mLevel 5[0m set package 'custom_message' build argument 'ament_cmake_args' from command line to 'None'
[0.867s] [34mcolcon.colcon_core.verb[0m [1;30mLevel 5[0m set package 'custom_message' build argument 'catkin_cmake_args' from command line to 'None'
[0.867s] [34mcolcon.colcon_core.verb[0m [1;30mLevel 5[0m set package 'custom_message' build argument 'catkin_skip_building_tests' from command line to 'False'
[0.867s] [34mcolcon.colcon_core.verb[0m [1;30mDEBUG[0m [32mBuilding package 'custom_message' with the following arguments: {'ament_cmake_args': None, 'build_base': '/home/cimi/Documents/Workspace/humble/latihan_ws/build/custom_message', 'catkin_cmake_args': None, 'catkin_skip_building_tests': False, 'cmake_args': None, 'cmake_clean_cache': False, 'cmake_clean_first': False, 'cmake_force_configure': False, 'cmake_target': None, 'cmake_target_skip_unavailable': False, 'install_base': '/home/cimi/Documents/Workspace/humble/latihan_ws/install/custom_message', 'merge_install': False, 'path': '/home/cimi/Documents/Workspace/humble/latihan_ws/src/custom_message', 'symlink_install': False, 'test_result_base': None}[0m
[0.871s] [34mcolcon.colcon_core.verb[0m [1;30mLevel 5[0m set package 'pubsub_cpp' build argument 'cmake_args' from command line to 'None'
[0.871s] [34mcolcon.colcon_core.verb[0m [1;30mLevel 5[0m set package 'pubsub_cpp' build argument 'cmake_target' from command line to 'None'
[0.871s] [34mcolcon.colcon_core.verb[0m [1;30mLevel 5[0m set package 'pubsub_cpp' build argument 'cmake_target_skip_unavailable' from command line to 'False'
[0.871s] [34mcolcon.colcon_core.verb[0m [1;30mLevel 5[0m set package 'pubsub_cpp' build argument 'cmake_clean_cache' from command line to 'False'
[0.871s] [34mcolcon.colcon_core.verb[0m [1;30mLevel 5[0m set package 'pubsub_cpp' build argument 'cmake_clean_first' from command line to 'False'
[0.871s] [34mcolcon.colcon_core.verb[0m [1;30mLevel 5[0m set package 'pubsub_cpp' build argument 'cmake_force_configure' from command line to 'False'
[0.871s] [34mcolcon.colcon_core.verb[0m [1;30mLevel 5[0m set package 'pubsub_cpp' build argument 'ament_cmake_args' from command line to 'None'
[0.871s] [34mcolcon.colcon_core.verb[0m [1;30mLevel 5[0m set package 'pubsub_cpp' build argument 'catkin_cmake_args' from command line to 'None'
[0.871s] [34mcolcon.colcon_core.verb[0m [1;30mLevel 5[0m set package 'pubsub_cpp' build argument 'catkin_skip_building_tests' from command line to 'False'
[0.871s] [34mcolcon.colcon_core.verb[0m [1;30mDEBUG[0m [32mBuilding package 'pubsub_cpp' with the following arguments: {'ament_cmake_args': None, 'build_base': '/home/cimi/Documents/Workspace/humble/latihan_ws/build/pubsub_cpp', 'catkin_cmake_args': None, 'catkin_skip_building_tests': False, 'cmake_args': None, 'cmake_clean_cache': False, 'cmake_clean_first': False, 'cmake_force_configure': False, 'cmake_target': None, 'cmake_target_skip_unavailable': False, 'install_base': '/home/cimi/Documents/Workspace/humble/latihan_ws/install/pubsub_cpp', 'merge_install': False, 'path': '/home/cimi/Documents/Workspace/humble/latihan_ws/src/pubsub_cpp', 'symlink_install': False, 'test_result_base': None}[0m
[0.874s] [34mcolcon.colcon_core.verb[0m [1;30mLevel 5[0m set package 'pubsub_python' build argument 'cmake_args' from command line to 'None'
[0.874s] [34mcolcon.colcon_core.verb[0m [1;30mLevel 5[0m set package 'pubsub_python' build argument 'cmake_target' from command line to 'None'
[0.874s] [34mcolcon.colcon_core.verb[0m [1;30mLevel 5[0m set package 'pubsub_python' build argument 'cmake_target_skip_unavailable' from command line to 'False'
[0.874s] [34mcolcon.colcon_core.verb[0m [1;30mLevel 5[0m set package 'pubsub_python' build argument 'cmake_clean_cache' from command line to 'False'
[0.874s] [34mcolcon.colcon_core.verb[0m [1;30mLevel 5[0m set package 'pubsub_python' build argument 'cmake_clean_first' from command line to 'False'
[0.875s] [34mcolcon.colcon_core.verb[0m [1;30mLevel 5[0m set package 'pubsub_python' build argument 'cmake_force_configure' from command line to 'False'
[0.875s] [34mcolcon.colcon_core.verb[0m [1;30mLevel 5[0m set package 'pubsub_python' build argument 'ament_cmake_args' from command line to 'None'
[0.875s] [34mcolcon.colcon_core.verb[0m [1;30mLevel 5[0m set package 'pubsub_python' build argument 'catkin_cmake_args' from command line to 'None'
[0.875s] [34mcolcon.colcon_core.verb[0m [1;30mLevel 5[0m set package 'pubsub_python' build argument 'catkin_skip_building_tests' from command line to 'False'
[0.875s] [34mcolcon.colcon_core.verb[0m [1;30mDEBUG[0m [32mBuilding package 'pubsub_python' with the following arguments: {'ament_cmake_args': None, 'build_base': '/home/cimi/Documents/Workspace/humble/latihan_ws/build/pubsub_python', 'catkin_cmake_args': None, 'catkin_skip_building_tests': False, 'cmake_args': None, 'cmake_clean_cache': False, 'cmake_clean_first': False, 'cmake_force_configure': False, 'cmake_target': None, 'cmake_target_skip_unavailable': False, 'install_base': '/home/cimi/Documents/Workspace/humble/latihan_ws/install/pubsub_python', 'merge_install': False, 'path': '/home/cimi/Documents/Workspace/humble/latihan_ws/src/pubsub_python', 'symlink_install': False, 'test_result_base': None}[0m
[0.878s] [34mcolcon.colcon_core.verb[0m [1;30mLevel 5[0m set package 'py_srvcli' build argument 'cmake_args' from command line to 'None'
[0.878s] [34mcolcon.colcon_core.verb[0m [1;30mLevel 5[0m set package 'py_srvcli' build argument 'cmake_target' from command line to 'None'
[0.878s] [34mcolcon.colcon_core.verb[0m [1;30mLevel 5[0m set package 'py_srvcli' build argument 'cmake_target_skip_unavailable' from command line to 'False'
[0.878s] [34mcolcon.colcon_core.verb[0m [1;30mLevel 5[0m set package 'py_srvcli' build argument 'cmake_clean_cache' from command line to 'False'
[0.878s] [34mcolcon.colcon_core.verb[0m [1;30mLevel 5[0m set package 'py_srvcli' build argument 'cmake_clean_first' from command line to 'False'
[0.878s] [34mcolcon.colcon_core.verb[0m [1;30mLevel 5[0m set package 'py_srvcli' build argument 'cmake_force_configure' from command line to 'False'
[0.878s] [34mcolcon.colcon_core.verb[0m [1;30mLevel 5[0m set package 'py_srvcli' build argument 'ament_cmake_args' from command line to 'None'
[0.878s] [34mcolcon.colcon_core.verb[0m [1;30mLevel 5[0m set package 'py_srvcli' build argument 'catkin_cmake_args' from command line to 'None'
[0.878s] [34mcolcon.colcon_core.verb[0m [1;30mLevel 5[0m set package 'py_srvcli' build argument 'catkin_skip_building_tests' from command line to 'False'
[0.878s] [34mcolcon.colcon_core.verb[0m [1;30mDEBUG[0m [32mBuilding package 'py_srvcli' with the following arguments: {'ament_cmake_args': None, 'build_base': '/home/cimi/Documents/Workspace/humble/latihan_ws/build/py_srvcli', 'catkin_cmake_args': None, 'catkin_skip_building_tests': False, 'cmake_args': None, 'cmake_clean_cache': False, 'cmake_clean_first': False, 'cmake_force_configure': False, 'cmake_target': None, 'cmake_target_skip_unavailable': False, 'install_base': '/home/cimi/Documents/Workspace/humble/latihan_ws/install/py_srvcli', 'merge_install': False, 'path': '/home/cimi/Documents/Workspace/humble/latihan_ws/src/py_srvcli', 'symlink_install': False, 'test_result_base': None}[0m
[0.881s] [34mcolcon.colcon_core.verb[0m [1;30mLevel 5[0m set package 'sercli_cpp' build argument 'cmake_args' from command line to 'None'
[0.881s] [34mcolcon.colcon_core.verb[0m [1;30mLevel 5[0m set package 'sercli_cpp' build argument 'cmake_target' from command line to 'None'
[0.881s] [34mcolcon.colcon_core.verb[0m [1;30mLevel 5[0m set package 'sercli_cpp' build argument 'cmake_target_skip_unavailable' from command line to 'False'
[0.881s] [34mcolcon.colcon_core.verb[0m [1;30mLevel 5[0m set package 'sercli_cpp' build argument 'cmake_clean_cache' from command line to 'False'
[0.881s] [34mcolcon.colcon_core.verb[0m [1;30mLevel 5[0m set package 'sercli_cpp' build argument 'cmake_clean_first' from command line to 'False'
[0.881s] [34mcolcon.colcon_core.verb[0m [1;30mLevel 5[0m set package 'sercli_cpp' build argument 'cmake_force_configure' from command line to 'False'
[0.881s] [34mcolcon.colcon_core.verb[0m [1;30mLevel 5[0m set package 'sercli_cpp' build argument 'ament_cmake_args' from command line to 'None'
[0.881s] [34mcolcon.colcon_core.verb[0m [1;30mLevel 5[0m set package 'sercli_cpp' build argument 'catkin_cmake_args' from command line to 'None'
[0.881s] [34mcolcon.colcon_core.verb[0m [1;30mLevel 5[0m set package 'sercli_cpp' build argument 'catkin_skip_building_tests' from command line to 'False'
[0.881s] [34mcolcon.colcon_core.verb[0m [1;30mDEBUG[0m [32mBuilding package 'sercli_cpp' with the following arguments: {'ament_cmake_args': None, 'build_base': '/home/cimi/Documents/Workspace/humble/latihan_ws/build/sercli_cpp', 'catkin_cmake_args': None, 'catkin_skip_building_tests': False, 'cmake_args': None, 'cmake_clean_cache': False, 'cmake_clean_first': False, 'cmake_force_configure': False, 'cmake_target': None, 'cmake_target_skip_unavailable': False, 'install_base': '/home/cimi/Documents/Workspace/humble/latihan_ws/install/sercli_cpp', 'merge_install': False, 'path': '/home/cimi/Documents/Workspace/humble/latihan_ws/src/sercli_cpp', 'symlink_install': False, 'test_result_base': None}[0m
[0.884s] [34mcolcon.colcon_core.executor[0m [1;30mINFO[0m Executing jobs using 'parallel' executor
[0.895s] [34mcolcon.colcon_parallel_executor.executor.parallel[0m [1;30mDEBUG[0m [32mrun_until_complete[0m
[0.896s] [34mcolcon.colcon_cmake.task.cmake.build[0m [1;30mINFO[0m Building CMake package in '/home/cimi/Documents/Workspace/humble/latihan_ws/src/custom_message'
[0.909s] [34mcolcon.colcon_core.plugin_system[0m [1;30mINFO[0m Skipping extension 'colcon_core.shell.bat': Not used on non-Windows systems
[0.909s] [34mcolcon.colcon_core.shell[0m [1;30mINFO[0m Skip shell extension 'powershell' for command environment: Not usable outside of PowerShell
[0.910s] [34mcolcon.colcon_core.shell[0m [1;30mDEBUG[0m [32mSkip shell extension 'dsv' for command environment[0m
[0.947s] [34mcolcon.colcon_ros.task.ament_cmake.build[0m [1;30mINFO[0m Building ROS package in '/home/cimi/Documents/Workspace/humble/latihan_ws/src/pubsub_cpp' with build type 'ament_cmake'
[0.947s] [34mcolcon.colcon_cmake.task.cmake.build[0m [1;30mINFO[0m Building CMake package in '/home/cimi/Documents/Workspace/humble/latihan_ws/src/pubsub_cpp'
[0.955s] [34mcolcon.colcon_core.shell[0m [1;30mINFO[0m Skip shell extension 'powershell' for command environment: Not usable outside of PowerShell
[0.955s] [34mcolcon.colcon_core.shell[0m [1;30mDEBUG[0m [32mSkip shell extension 'dsv' for command environment[0m
[0.993s] [34mcolcon.colcon_ros.task.ament_python.build[0m [1;30mINFO[0m Building ROS package in '/home/cimi/Documents/Workspace/humble/latihan_ws/src/pubsub_python' with build type 'ament_python'
[0.993s] [34mcolcon.colcon_core.shell[0m [1;30mLevel 1[0m create_environment_hook('pubsub_python', 'ament_prefix_path')
[0.999s] [34mcolcon.colcon_core.shell[0m [1;30mINFO[0m Creating environment hook '/home/cimi/Documents/Workspace/humble/latihan_ws/install/pubsub_python/share/pubsub_python/hook/ament_prefix_path.ps1'
[1.001s] [34mcolcon.colcon_core.shell[0m [1;30mINFO[0m Creating environment descriptor '/home/cimi/Documents/Workspace/humble/latihan_ws/install/pubsub_python/share/pubsub_python/hook/ament_prefix_path.dsv'
[1.002s] [34mcolcon.colcon_core.shell[0m [1;30mINFO[0m Creating environment hook '/home/cimi/Documents/Workspace/humble/latihan_ws/install/pubsub_python/share/pubsub_python/hook/ament_prefix_path.sh'
[1.007s] [34mcolcon.colcon_core.shell[0m [1;30mINFO[0m Skip shell extension 'powershell' for command environment: Not usable outside of PowerShell
[1.008s] [34mcolcon.colcon_core.shell[0m [1;30mDEBUG[0m [32mSkip shell extension 'dsv' for command environment[0m
[1.046s] [34mcolcon.colcon_ros.task.ament_python.build[0m [1;30mINFO[0m Building ROS package in '/home/cimi/Documents/Workspace/humble/latihan_ws/src/py_srvcli' with build type 'ament_python'
[1.047s] [34mcolcon.colcon_core.shell[0m [1;30mLevel 1[0m create_environment_hook('py_srvcli', 'ament_prefix_path')
[1.054s] [34mcolcon.colcon_core.shell[0m [1;30mINFO[0m Creating environment hook '/home/cimi/Documents/Workspace/humble/latihan_ws/install/py_srvcli/share/py_srvcli/hook/ament_prefix_path.ps1'
[1.055s] [34mcolcon.colcon_core.shell[0m [1;30mINFO[0m Creating environment descriptor '/home/cimi/Documents/Workspace/humble/latihan_ws/install/py_srvcli/share/py_srvcli/hook/ament_prefix_path.dsv'
[1.055s] [34mcolcon.colcon_core.shell[0m [1;30mINFO[0m Creating environment hook '/home/cimi/Documents/Workspace/humble/latihan_ws/install/py_srvcli/share/py_srvcli/hook/ament_prefix_path.sh'
[1.061s] [34mcolcon.colcon_core.shell[0m [1;30mINFO[0m Skip shell extension 'powershell' for command environment: Not usable outside of PowerShell
[1.061s] [34mcolcon.colcon_core.shell[0m [1;30mDEBUG[0m [32mSkip shell extension 'dsv' for command environment[0m
[1.098s] [34mcolcon.colcon_ros.task.ament_cmake.build[0m [1;30mINFO[0m Building ROS package in '/home/cimi/Documents/Workspace/humble/latihan_ws/src/sercli_cpp' with build type 'ament_cmake'
[1.098s] [34mcolcon.colcon_cmake.task.cmake.build[0m [1;30mINFO[0m Building CMake package in '/home/cimi/Documents/Workspace/humble/latihan_ws/src/sercli_cpp'
[1.104s] [34mcolcon.colcon_core.shell[0m [1;30mINFO[0m Skip shell extension 'powershell' for command environment: Not usable outside of PowerShell
[1.104s] [34mcolcon.colcon_core.shell[0m [1;30mDEBUG[0m [32mSkip shell extension 'dsv' for command environment[0m
[1.162s] [34mcolcon.colcon_core.event_handler.log_command[0m [1;30mDEBUG[0m [32mInvoking command in '/home/cimi/Documents/Workspace/humble/latihan_ws/build/custom_message': /usr/bin/cmake --build /home/cimi/Documents/Workspace/humble/latihan_ws/build/custom_message -- -j8 -l8[0m
[1.184s] [34mcolcon.colcon_core.event_handler.log_command[0m [1;30mDEBUG[0m [32mInvoking command in '/home/cimi/Documents/Workspace/humble/latihan_ws/build/pubsub_cpp': CMAKE_PREFIX_PATH=${CMAKE_PREFIX_PATH}:/home/cimi/Documents/Workspace/humble/latihan_ws/install/py_srvcli:/home/cimi/Documents/Workspace/humble/latihan_ws/install/pubsub_python:/home/cimi/ros2_humble/install/rqt_bag_plugins:/home/cimi/ros2_humble/install/rqt_bag:/home/cimi/ros2_humble/install/ros2bag:/home/cimi/ros2_humble/install/tracetools_test:/home/cimi/ros2_humble/install/tracetools_launch:/home/cimi/ros2_humble/install/topic_monitor:/home/cimi/ros2_humble/install/tf2_tools:/home/cimi/ros2_humble/install/examples_tf2_py:/home/cimi/ros2_humble/install/tf2_ros_py:/home/cimi/ros2_humble/install/sros2:/home/cimi/ros2_humble/install/rqt_topic:/home/cimi/ros2_humble/install/rqt_srv:/home/cimi/ros2_humble/install/rqt_shell:/home/cimi/ros2_humble/install/rqt_service_caller:/home/cimi/ros2_humble/install/rqt_reconfigure:/home/cimi/ros2_humble/install/rqt_py_console:/home/cimi/ros2_humble/install/rqt_publisher:/home/cimi/ros2_humble/install/rqt_plot:/home/cimi/ros2_humble/install/rqt_action:/home/cimi/ros2_humble/install/rqt_msg:/home/cimi/ros2_humble/install/rqt_console:/home/cimi/ros2_humble/install/rqt:/home/cimi/ros2_humble/install/rqt_graph:/home/cimi/ros2_humble/install/rqt_gui_py:/home/cimi/ros2_humble/install/rqt_gui:/home/cimi/ros2_humble/install/ros2trace:/home/cimi/ros2_humble/install/ros2topic:/home/cimi/ros2_humble/install/ros2test:/home/cimi/ros2_humble/install/ros2component:/home/cimi/ros2_humble/install/ros2param:/home/cimi/ros2_humble/install/ros2lifecycle:/home/cimi/ros2_humble/install/ros2service:/home/cimi/ros2_humble/install/ros2run:/home/cimi/ros2_humble/install/ros2launch:/home/cimi/ros2_humble/install/ros2pkg:/home/cimi/ros2_humble/install/ros2node:/home/cimi/ros2_humble/install/ros2multicast:/home/cimi/ros2_humble/install/ros2interface:/home/cimi/ros2_humble/install/ros2doctor:/home/cimi/ros2_humble/install/ros2action:/home/cimi/ros2_humble/install/ros2cli:/home/cimi/ros2_humble/install/quality_of_service_demo_py:/home/cimi/ros2_humble/install/lifecycle_py:/home/cimi/ros2_humble/install/launch_testing_ros:/home/cimi/ros2_humble/install/launch_ros:/home/cimi/ros2_humble/install/examples_rclpy_pointcloud_publisher:/home/cimi/ros2_humble/install/examples_rclpy_minimal_subscriber:/home/cimi/ros2_humble/install/examples_rclpy_minimal_service:/home/cimi/ros2_humble/install/examples_rclpy_minimal_publisher:/home/cimi/ros2_humble/install/examples_rclpy_minimal_client:/home/cimi/ros2_humble/install/examples_rclpy_minimal_action_server:/home/cimi/ros2_humble/install/examples_rclpy_minimal_action_client:/home/cimi/ros2_humble/install/examples_rclpy_guard_conditions:/home/cimi/ros2_humble/install/examples_rclpy_executors:/home/cimi/ros2_humble/install/demo_nodes_py:/home/cimi/ros2_humble/install/action_tutorials_py:/home/cimi/ros2_humble/install/ament_uncrustify:/home/cimi/ros2_humble/install/tracetools_trace:/home/cimi/ros2_humble/install/tracetools_read:/home/cimi/ros2_humble/install/test_tracetools_launch:/home/cimi/ros2_humble/install/test_launch_ros:/home/cimi/ros2_humble/install/sensor_msgs_py:/home/cimi/ros2_humble/install/rpyutils:/home/cimi/ros2_humble/install/rosidl_runtime_py:/home/cimi/ros2_humble/install/rosidl_cli:/home/cimi/ros2_humble/install/launch_pytest:/home/cimi/ros2_humble/install/launch_testing:/home/cimi/ros2_humble/install/launch_yaml:/home/cimi/ros2_humble/install/launch_xml:/home/cimi/ros2_humble/install/launch:/home/cimi/ros2_humble/install/osrf_pycommon:/home/cimi/ros2_humble/install/launch_testing_examples:/home/cimi/ros2_humble/install/domain_coordinator:/home/cimi/ros2_humble/install/ament_xmllint:/home/cimi/ros2_humble/install/ament_pyflakes:/home/cimi/ros2_humble/install/ament_pycodestyle:/home/cimi/ros2_humble/install/ament_pep257:/home/cimi/ros2_humble/install/ament_pclint:/home/cimi/ros2_humble/install/ament_package:/home/cimi/ros2_humble/install/ament_mypy:/home/cimi/ros2_humble/install/ament_lint_cmake:/home/cimi/ros2_humble/install/ament_flake8:/home/cimi/ros2_humble/install/ament_copyright:/home/cimi/ros2_humble/install/ament_lint:/home/cimi/ros2_humble/install/ament_index_python:/home/cimi/ros2_humble/install/ament_cpplint:/home/cimi/ros2_humble/install/ament_cppcheck:/home/cimi/ros2_humble/install/ament_clang_tidy:/home/cimi/ros2_humble/install/ament_clang_format /usr/bin/cmake --build /home/cimi/Documents/Workspace/humble/latihan_ws/build/pubsub_cpp -- -j8 -l8[0m
[1.828s] [34mcolcon.colcon_core.task.python.build[0m [1;30mINFO[0m Building Python package in '/home/cimi/Documents/Workspace/humble/latihan_ws/src/pubsub_python'
[1.833s] [34mcolcon.colcon_core.shell[0m [1;30mINFO[0m Skip shell extension 'powershell' for command environment: Not usable outside of PowerShell
[1.833s] [34mcolcon.colcon_core.shell[0m [1;30mDEBUG[0m [32mSkip shell extension 'dsv' for command environment[0m
[2.424s] [34mcolcon.colcon_core.task.python.build[0m [1;30mINFO[0m Building Python package in '/home/cimi/Documents/Workspace/humble/latihan_ws/src/py_srvcli'
[2.430s] [34mcolcon.colcon_core.shell[0m [1;30mINFO[0m Skip shell extension 'powershell' for command environment: Not usable outside of PowerShell
[2.430s] [34mcolcon.colcon_core.shell[0m [1;30mDEBUG[0m [32mSkip shell extension 'dsv' for command environment[0m
[2.484s] [34mcolcon.colcon_core.event_handler.log_command[0m [1;30mDEBUG[0m [32mInvoked command in '/home/cimi/Documents/Workspace/humble/latihan_ws/build/pubsub_cpp' returned '0': CMAKE_PREFIX_PATH=${CMAKE_PREFIX_PATH}:/home/cimi/Documents/Workspace/humble/latihan_ws/install/py_srvcli:/home/cimi/Documents/Workspace/humble/latihan_ws/install/pubsub_python:/home/cimi/ros2_humble/install/rqt_bag_plugins:/home/cimi/ros2_humble/install/rqt_bag:/home/cimi/ros2_humble/install/ros2bag:/home/cimi/ros2_humble/install/tracetools_test:/home/cimi/ros2_humble/install/tracetools_launch:/home/cimi/ros2_humble/install/topic_monitor:/home/cimi/ros2_humble/install/tf2_tools:/home/cimi/ros2_humble/install/examples_tf2_py:/home/cimi/ros2_humble/install/tf2_ros_py:/home/cimi/ros2_humble/install/sros2:/home/cimi/ros2_humble/install/rqt_topic:/home/cimi/ros2_humble/install/rqt_srv:/home/cimi/ros2_humble/install/rqt_shell:/home/cimi/ros2_humble/install/rqt_service_caller:/home/cimi/ros2_humble/install/rqt_reconfigure:/home/cimi/ros2_humble/install/rqt_py_console:/home/cimi/ros2_humble/install/rqt_publisher:/home/cimi/ros2_humble/install/rqt_plot:/home/cimi/ros2_humble/install/rqt_action:/home/cimi/ros2_humble/install/rqt_msg:/home/cimi/ros2_humble/install/rqt_console:/home/cimi/ros2_humble/install/rqt:/home/cimi/ros2_humble/install/rqt_graph:/home/cimi/ros2_humble/install/rqt_gui_py:/home/cimi/ros2_humble/install/rqt_gui:/home/cimi/ros2_humble/install/ros2trace:/home/cimi/ros2_humble/install/ros2topic:/home/cimi/ros2_humble/install/ros2test:/home/cimi/ros2_humble/install/ros2component:/home/cimi/ros2_humble/install/ros2param:/home/cimi/ros2_humble/install/ros2lifecycle:/home/cimi/ros2_humble/install/ros2service:/home/cimi/ros2_humble/install/ros2run:/home/cimi/ros2_humble/install/ros2launch:/home/cimi/ros2_humble/install/ros2pkg:/home/cimi/ros2_humble/install/ros2node:/home/cimi/ros2_humble/install/ros2multicast:/home/cimi/ros2_humble/install/ros2interface:/home/cimi/ros2_humble/install/ros2doctor:/home/cimi/ros2_humble/install/ros2action:/home/cimi/ros2_humble/install/ros2cli:/home/cimi/ros2_humble/install/quality_of_service_demo_py:/home/cimi/ros2_humble/install/lifecycle_py:/home/cimi/ros2_humble/install/launch_testing_ros:/home/cimi/ros2_humble/install/launch_ros:/home/cimi/ros2_humble/install/examples_rclpy_pointcloud_publisher:/home/cimi/ros2_humble/install/examples_rclpy_minimal_subscriber:/home/cimi/ros2_humble/install/examples_rclpy_minimal_service:/home/cimi/ros2_humble/install/examples_rclpy_minimal_publisher:/home/cimi/ros2_humble/install/examples_rclpy_minimal_client:/home/cimi/ros2_humble/install/examples_rclpy_minimal_action_server:/home/cimi/ros2_humble/install/examples_rclpy_minimal_action_client:/home/cimi/ros2_humble/install/examples_rclpy_guard_conditions:/home/cimi/ros2_humble/install/examples_rclpy_executors:/home/cimi/ros2_humble/install/demo_nodes_py:/home/cimi/ros2_humble/install/action_tutorials_py:/home/cimi/ros2_humble/install/ament_uncrustify:/home/cimi/ros2_humble/install/tracetools_trace:/home/cimi/ros2_humble/install/tracetools_read:/home/cimi/ros2_humble/install/test_tracetools_launch:/home/cimi/ros2_humble/install/test_launch_ros:/home/cimi/ros2_humble/install/sensor_msgs_py:/home/cimi/ros2_humble/install/rpyutils:/home/cimi/ros2_humble/install/rosidl_runtime_py:/home/cimi/ros2_humble/install/rosidl_cli:/home/cimi/ros2_humble/install/launch_pytest:/home/cimi/ros2_humble/install/launch_testing:/home/cimi/ros2_humble/install/launch_yaml:/home/cimi/ros2_humble/install/launch_xml:/home/cimi/ros2_humble/install/launch:/home/cimi/ros2_humble/install/osrf_pycommon:/home/cimi/ros2_humble/install/launch_testing_examples:/home/cimi/ros2_humble/install/domain_coordinator:/home/cimi/ros2_humble/install/ament_xmllint:/home/cimi/ros2_humble/install/ament_pyflakes:/home/cimi/ros2_humble/install/ament_pycodestyle:/home/cimi/ros2_humble/install/ament_pep257:/home/cimi/ros2_humble/install/ament_pclint:/home/cimi/ros2_humble/install/ament_package:/home/cimi/ros2_humble/install/ament_mypy:/home/cimi/ros2_humble/install/ament_lint_cmake:/home/cimi/ros2_humble/install/ament_flake8:/home/cimi/ros2_humble/install/ament_copyright:/home/cimi/ros2_humble/install/ament_lint:/home/cimi/ros2_humble/install/ament_index_python:/home/cimi/ros2_humble/install/ament_cpplint:/home/cimi/ros2_humble/install/ament_cppcheck:/home/cimi/ros2_humble/install/ament_clang_tidy:/home/cimi/ros2_humble/install/ament_clang_format /usr/bin/cmake --build /home/cimi/Documents/Workspace/humble/latihan_ws/build/pubsub_cpp -- -j8 -l8[0m
[2.505s] [34mcolcon.colcon_core.event_handler.log_command[0m [1;30mDEBUG[0m [32mInvoking command in '/home/cimi/Documents/Workspace/humble/latihan_ws/build/sercli_cpp': CMAKE_PREFIX_PATH=${CMAKE_PREFIX_PATH}:/home/cimi/Documents/Workspace/humble/latihan_ws/install/py_srvcli:/home/cimi/Documents/Workspace/humble/latihan_ws/install/pubsub_python:/home/cimi/ros2_humble/install/rqt_bag_plugins:/home/cimi/ros2_humble/install/rqt_bag:/home/cimi/ros2_humble/install/ros2bag:/home/cimi/ros2_humble/install/tracetools_test:/home/cimi/ros2_humble/install/tracetools_launch:/home/cimi/ros2_humble/install/topic_monitor:/home/cimi/ros2_humble/install/tf2_tools:/home/cimi/ros2_humble/install/examples_tf2_py:/home/cimi/ros2_humble/install/tf2_ros_py:/home/cimi/ros2_humble/install/sros2:/home/cimi/ros2_humble/install/rqt_topic:/home/cimi/ros2_humble/install/rqt_srv:/home/cimi/ros2_humble/install/rqt_shell:/home/cimi/ros2_humble/install/rqt_service_caller:/home/cimi/ros2_humble/install/rqt_reconfigure:/home/cimi/ros2_humble/install/rqt_py_console:/home/cimi/ros2_humble/install/rqt_publisher:/home/cimi/ros2_humble/install/rqt_plot:/home/cimi/ros2_humble/install/rqt_action:/home/cimi/ros2_humble/install/rqt_msg:/home/cimi/ros2_humble/install/rqt_console:/home/cimi/ros2_humble/install/rqt:/home/cimi/ros2_humble/install/rqt_graph:/home/cimi/ros2_humble/install/rqt_gui_py:/home/cimi/ros2_humble/install/rqt_gui:/home/cimi/ros2_humble/install/ros2trace:/home/cimi/ros2_humble/install/ros2topic:/home/cimi/ros2_humble/install/ros2test:/home/cimi/ros2_humble/install/ros2component:/home/cimi/ros2_humble/install/ros2param:/home/cimi/ros2_humble/install/ros2lifecycle:/home/cimi/ros2_humble/install/ros2service:/home/cimi/ros2_humble/install/ros2run:/home/cimi/ros2_humble/install/ros2launch:/home/cimi/ros2_humble/install/ros2pkg:/home/cimi/ros2_humble/install/ros2node:/home/cimi/ros2_humble/install/ros2multicast:/home/cimi/ros2_humble/install/ros2interface:/home/cimi/ros2_humble/install/ros2doctor:/home/cimi/ros2_humble/install/ros2action:/home/cimi/ros2_humble/install/ros2cli:/home/cimi/ros2_humble/install/quality_of_service_demo_py:/home/cimi/ros2_humble/install/lifecycle_py:/home/cimi/ros2_humble/install/launch_testing_ros:/home/cimi/ros2_humble/install/launch_ros:/home/cimi/ros2_humble/install/examples_rclpy_pointcloud_publisher:/home/cimi/ros2_humble/install/examples_rclpy_minimal_subscriber:/home/cimi/ros2_humble/install/examples_rclpy_minimal_service:/home/cimi/ros2_humble/install/examples_rclpy_minimal_publisher:/home/cimi/ros2_humble/install/examples_rclpy_minimal_client:/home/cimi/ros2_humble/install/examples_rclpy_minimal_action_server:/home/cimi/ros2_humble/install/examples_rclpy_minimal_action_client:/home/cimi/ros2_humble/install/examples_rclpy_guard_conditions:/home/cimi/ros2_humble/install/examples_rclpy_executors:/home/cimi/ros2_humble/install/demo_nodes_py:/home/cimi/ros2_humble/install/action_tutorials_py:/home/cimi/ros2_humble/install/ament_uncrustify:/home/cimi/ros2_humble/install/tracetools_trace:/home/cimi/ros2_humble/install/tracetools_read:/home/cimi/ros2_humble/install/test_tracetools_launch:/home/cimi/ros2_humble/install/test_launch_ros:/home/cimi/ros2_humble/install/sensor_msgs_py:/home/cimi/ros2_humble/install/rpyutils:/home/cimi/ros2_humble/install/rosidl_runtime_py:/home/cimi/ros2_humble/install/rosidl_cli:/home/cimi/ros2_humble/install/launch_pytest:/home/cimi/ros2_humble/install/launch_testing:/home/cimi/ros2_humble/install/launch_yaml:/home/cimi/ros2_humble/install/launch_xml:/home/cimi/ros2_humble/install/launch:/home/cimi/ros2_humble/install/osrf_pycommon:/home/cimi/ros2_humble/install/launch_testing_examples:/home/cimi/ros2_humble/install/domain_coordinator:/home/cimi/ros2_humble/install/ament_xmllint:/home/cimi/ros2_humble/install/ament_pyflakes:/home/cimi/ros2_humble/install/ament_pycodestyle:/home/cimi/ros2_humble/install/ament_pep257:/home/cimi/ros2_humble/install/ament_pclint:/home/cimi/ros2_humble/install/ament_package:/home/cimi/ros2_humble/install/ament_mypy:/home/cimi/ros2_humble/install/ament_lint_cmake:/home/cimi/ros2_humble/install/ament_flake8:/home/cimi/ros2_humble/install/ament_copyright:/home/cimi/ros2_humble/install/ament_lint:/home/cimi/ros2_humble/install/ament_index_python:/home/cimi/ros2_humble/install/ament_cpplint:/home/cimi/ros2_humble/install/ament_cppcheck:/home/cimi/ros2_humble/install/ament_clang_tidy:/home/cimi/ros2_humble/install/ament_clang_format /usr/bin/cmake --build /home/cimi/Documents/Workspace/humble/latihan_ws/build/sercli_cpp -- -j8 -l8[0m
[2.700s] [34mcolcon.colcon_core.event_handler.log_command[0m [1;30mDEBUG[0m [32mInvoking command in '/home/cimi/Documents/Workspace/humble/latihan_ws/build/pubsub_cpp': CMAKE_PREFIX_PATH=${CMAKE_PREFIX_PATH}:/home/cimi/Documents/Workspace/humble/latihan_ws/install/py_srvcli:/home/cimi/Documents/Workspace/humble/latihan_ws/install/pubsub_python:/home/cimi/ros2_humble/install/rqt_bag_plugins:/home/cimi/ros2_humble/install/rqt_bag:/home/cimi/ros2_humble/install/ros2bag:/home/cimi/ros2_humble/install/tracetools_test:/home/cimi/ros2_humble/install/tracetools_launch:/home/cimi/ros2_humble/install/topic_monitor:/home/cimi/ros2_humble/install/tf2_tools:/home/cimi/ros2_humble/install/examples_tf2_py:/home/cimi/ros2_humble/install/tf2_ros_py:/home/cimi/ros2_humble/install/sros2:/home/cimi/ros2_humble/install/rqt_topic:/home/cimi/ros2_humble/install/rqt_srv:/home/cimi/ros2_humble/install/rqt_shell:/home/cimi/ros2_humble/install/rqt_service_caller:/home/cimi/ros2_humble/install/rqt_reconfigure:/home/cimi/ros2_humble/install/rqt_py_console:/home/cimi/ros2_humble/install/rqt_publisher:/home/cimi/ros2_humble/install/rqt_plot:/home/cimi/ros2_humble/install/rqt_action:/home/cimi/ros2_humble/install/rqt_msg:/home/cimi/ros2_humble/install/rqt_console:/home/cimi/ros2_humble/install/rqt:/home/cimi/ros2_humble/install/rqt_graph:/home/cimi/ros2_humble/install/rqt_gui_py:/home/cimi/ros2_humble/install/rqt_gui:/home/cimi/ros2_humble/install/ros2trace:/home/cimi/ros2_humble/install/ros2topic:/home/cimi/ros2_humble/install/ros2test:/home/cimi/ros2_humble/install/ros2component:/home/cimi/ros2_humble/install/ros2param:/home/cimi/ros2_humble/install/ros2lifecycle:/home/cimi/ros2_humble/install/ros2service:/home/cimi/ros2_humble/install/ros2run:/home/cimi/ros2_humble/install/ros2launch:/home/cimi/ros2_humble/install/ros2pkg:/home/cimi/ros2_humble/install/ros2node:/home/cimi/ros2_humble/install/ros2multicast:/home/cimi/ros2_humble/install/ros2interface:/home/cimi/ros2_humble/install/ros2doctor:/home/cimi/ros2_humble/install/ros2action:/home/cimi/ros2_humble/install/ros2cli:/home/cimi/ros2_humble/install/quality_of_service_demo_py:/home/cimi/ros2_humble/install/lifecycle_py:/home/cimi/ros2_humble/install/launch_testing_ros:/home/cimi/ros2_humble/install/launch_ros:/home/cimi/ros2_humble/install/examples_rclpy_pointcloud_publisher:/home/cimi/ros2_humble/install/examples_rclpy_minimal_subscriber:/home/cimi/ros2_humble/install/examples_rclpy_minimal_service:/home/cimi/ros2_humble/install/examples_rclpy_minimal_publisher:/home/cimi/ros2_humble/install/examples_rclpy_minimal_client:/home/cimi/ros2_humble/install/examples_rclpy_minimal_action_server:/home/cimi/ros2_humble/install/examples_rclpy_minimal_action_client:/home/cimi/ros2_humble/install/examples_rclpy_guard_conditions:/home/cimi/ros2_humble/install/examples_rclpy_executors:/home/cimi/ros2_humble/install/demo_nodes_py:/home/cimi/ros2_humble/install/action_tutorials_py:/home/cimi/ros2_humble/install/ament_uncrustify:/home/cimi/ros2_humble/install/tracetools_trace:/home/cimi/ros2_humble/install/tracetools_read:/home/cimi/ros2_humble/install/test_tracetools_launch:/home/cimi/ros2_humble/install/test_launch_ros:/home/cimi/ros2_humble/install/sensor_msgs_py:/home/cimi/ros2_humble/install/rpyutils:/home/cimi/ros2_humble/install/rosidl_runtime_py:/home/cimi/ros2_humble/install/rosidl_cli:/home/cimi/ros2_humble/install/launch_pytest:/home/cimi/ros2_humble/install/launch_testing:/home/cimi/ros2_humble/install/launch_yaml:/home/cimi/ros2_humble/install/launch_xml:/home/cimi/ros2_humble/install/launch:/home/cimi/ros2_humble/install/osrf_pycommon:/home/cimi/ros2_humble/install/launch_testing_examples:/home/cimi/ros2_humble/install/domain_coordinator:/home/cimi/ros2_humble/install/ament_xmllint:/home/cimi/ros2_humble/install/ament_pyflakes:/home/cimi/ros2_humble/install/ament_pycodestyle:/home/cimi/ros2_humble/install/ament_pep257:/home/cimi/ros2_humble/install/ament_pclint:/home/cimi/ros2_humble/install/ament_package:/home/cimi/ros2_humble/install/ament_mypy:/home/cimi/ros2_humble/install/ament_lint_cmake:/home/cimi/ros2_humble/install/ament_flake8:/home/cimi/ros2_humble/install/ament_copyright:/home/cimi/ros2_humble/install/ament_lint:/home/cimi/ros2_humble/install/ament_index_python:/home/cimi/ros2_humble/install/ament_cpplint:/home/cimi/ros2_humble/install/ament_cppcheck:/home/cimi/ros2_humble/install/ament_clang_tidy:/home/cimi/ros2_humble/install/ament_clang_format /usr/bin/cmake --install /home/cimi/Documents/Workspace/humble/latihan_ws/build/pubsub_cpp[0m
[2.764s] [34mcolcon.colcon_core.environment[0m [1;30mLevel 1[0m create_environment_scripts_only(pubsub_cpp)
[2.771s] [34mcolcon.colcon_core.event_handler.log_command[0m [1;30mDEBUG[0m [32mInvoked command in '/home/cimi/Documents/Workspace/humble/latihan_ws/build/pubsub_cpp' returned '0': CMAKE_PREFIX_PATH=${CMAKE_PREFIX_PATH}:/home/cimi/Documents/Workspace/humble/latihan_ws/install/py_srvcli:/home/cimi/Documents/Workspace/humble/latihan_ws/install/pubsub_python:/home/cimi/ros2_humble/install/rqt_bag_plugins:/home/cimi/ros2_humble/install/rqt_bag:/home/cimi/ros2_humble/install/ros2bag:/home/cimi/ros2_humble/install/tracetools_test:/home/cimi/ros2_humble/install/tracetools_launch:/home/cimi/ros2_humble/install/topic_monitor:/home/cimi/ros2_humble/install/tf2_tools:/home/cimi/ros2_humble/install/examples_tf2_py:/home/cimi/ros2_humble/install/tf2_ros_py:/home/cimi/ros2_humble/install/sros2:/home/cimi/ros2_humble/install/rqt_topic:/home/cimi/ros2_humble/install/rqt_srv:/home/cimi/ros2_humble/install/rqt_shell:/home/cimi/ros2_humble/install/rqt_service_caller:/home/cimi/ros2_humble/install/rqt_reconfigure:/home/cimi/ros2_humble/install/rqt_py_console:/home/cimi/ros2_humble/install/rqt_publisher:/home/cimi/ros2_humble/install/rqt_plot:/home/cimi/ros2_humble/install/rqt_action:/home/cimi/ros2_humble/install/rqt_msg:/home/cimi/ros2_humble/install/rqt_console:/home/cimi/ros2_humble/install/rqt:/home/cimi/ros2_humble/install/rqt_graph:/home/cimi/ros2_humble/install/rqt_gui_py:/home/cimi/ros2_humble/install/rqt_gui:/home/cimi/ros2_humble/install/ros2trace:/home/cimi/ros2_humble/install/ros2topic:/home/cimi/ros2_humble/install/ros2test:/home/cimi/ros2_humble/install/ros2component:/home/cimi/ros2_humble/install/ros2param:/home/cimi/ros2_humble/install/ros2lifecycle:/home/cimi/ros2_humble/install/ros2service:/home/cimi/ros2_humble/install/ros2run:/home/cimi/ros2_humble/install/ros2launch:/home/cimi/ros2_humble/install/ros2pkg:/home/cimi/ros2_humble/install/ros2node:/home/cimi/ros2_humble/install/ros2multicast:/home/cimi/ros2_humble/install/ros2interface:/home/cimi/ros2_humble/install/ros2doctor:/home/cimi/ros2_humble/install/ros2action:/home/cimi/ros2_humble/install/ros2cli:/home/cimi/ros2_humble/install/quality_of_service_demo_py:/home/cimi/ros2_humble/install/lifecycle_py:/home/cimi/ros2_humble/install/launch_testing_ros:/home/cimi/ros2_humble/install/launch_ros:/home/cimi/ros2_humble/install/examples_rclpy_pointcloud_publisher:/home/cimi/ros2_humble/install/examples_rclpy_minimal_subscriber:/home/cimi/ros2_humble/install/examples_rclpy_minimal_service:/home/cimi/ros2_humble/install/examples_rclpy_minimal_publisher:/home/cimi/ros2_humble/install/examples_rclpy_minimal_client:/home/cimi/ros2_humble/install/examples_rclpy_minimal_action_server:/home/cimi/ros2_humble/install/examples_rclpy_minimal_action_client:/home/cimi/ros2_humble/install/examples_rclpy_guard_conditions:/home/cimi/ros2_humble/install/examples_rclpy_executors:/home/cimi/ros2_humble/install/demo_nodes_py:/home/cimi/ros2_humble/install/action_tutorials_py:/home/cimi/ros2_humble/install/ament_uncrustify:/home/cimi/ros2_humble/install/tracetools_trace:/home/cimi/ros2_humble/install/tracetools_read:/home/cimi/ros2_humble/install/test_tracetools_launch:/home/cimi/ros2_humble/install/test_launch_ros:/home/cimi/ros2_humble/install/sensor_msgs_py:/home/cimi/ros2_humble/install/rpyutils:/home/cimi/ros2_humble/install/rosidl_runtime_py:/home/cimi/ros2_humble/install/rosidl_cli:/home/cimi/ros2_humble/install/launch_pytest:/home/cimi/ros2_humble/install/launch_testing:/home/cimi/ros2_humble/install/launch_yaml:/home/cimi/ros2_humble/install/launch_xml:/home/cimi/ros2_humble/install/launch:/home/cimi/ros2_humble/install/osrf_pycommon:/home/cimi/ros2_humble/install/launch_testing_examples:/home/cimi/ros2_humble/install/domain_coordinator:/home/cimi/ros2_humble/install/ament_xmllint:/home/cimi/ros2_humble/install/ament_pyflakes:/home/cimi/ros2_humble/install/ament_pycodestyle:/home/cimi/ros2_humble/install/ament_pep257:/home/cimi/ros2_humble/install/ament_pclint:/home/cimi/ros2_humble/install/ament_package:/home/cimi/ros2_humble/install/ament_mypy:/home/cimi/ros2_humble/install/ament_lint_cmake:/home/cimi/ros2_humble/install/ament_flake8:/home/cimi/ros2_humble/install/ament_copyright:/home/cimi/ros2_humble/install/ament_lint:/home/cimi/ros2_humble/install/ament_index_python:/home/cimi/ros2_humble/install/ament_cpplint:/home/cimi/ros2_humble/install/ament_cppcheck:/home/cimi/ros2_humble/install/ament_clang_tidy:/home/cimi/ros2_humble/install/ament_clang_format /usr/bin/cmake --install /home/cimi/Documents/Workspace/humble/latihan_ws/build/pubsub_cpp[0m
[2.801s] [34mcolcon.colcon_core.environment[0m [1;30mLevel 1[0m checking '/home/cimi/Documents/Workspace/humble/latihan_ws/install/pubsub_cpp' for CMake module files
[2.802s] [34mcolcon.colcon_core.environment[0m [1;30mLevel 1[0m checking '/home/cimi/Documents/Workspace/humble/latihan_ws/install/pubsub_cpp' for CMake config files
[2.803s] [34mcolcon.colcon_core.shell[0m [1;30mLevel 1[0m create_environment_hook('pubsub_cpp', 'cmake_prefix_path')
[2.814s] [34mcolcon.colcon_core.shell[0m [1;30mINFO[0m Creating environment hook '/home/cimi/Documents/Workspace/humble/latihan_ws/install/pubsub_cpp/share/pubsub_cpp/hook/cmake_prefix_path.ps1'
[2.816s] [34mcolcon.colcon_core.shell[0m [1;30mINFO[0m Creating environment descriptor '/home/cimi/Documents/Workspace/humble/latihan_ws/install/pubsub_cpp/share/pubsub_cpp/hook/cmake_prefix_path.dsv'
[2.816s] [34mcolcon.colcon_core.shell[0m [1;30mINFO[0m Creating environment hook '/home/cimi/Documents/Workspace/humble/latihan_ws/install/pubsub_cpp/share/pubsub_cpp/hook/cmake_prefix_path.sh'
[2.818s] [34mcolcon.colcon_core.environment[0m [1;30mLevel 1[0m checking '/home/cimi/Documents/Workspace/humble/latihan_ws/install/pubsub_cpp/lib'
[2.819s] [34mcolcon.colcon_core.environment[0m [1;30mLevel 1[0m checking '/home/cimi/Documents/Workspace/humble/latihan_ws/install/pubsub_cpp/bin'
[2.819s] [34mcolcon.colcon_core.environment[0m [1;30mLevel 1[0m checking '/home/cimi/Documents/Workspace/humble/latihan_ws/install/pubsub_cpp/lib/pkgconfig/pubsub_cpp.pc'
[2.819s] [34mcolcon.colcon_core.environment[0m [1;30mLevel 1[0m checking '/home/cimi/Documents/Workspace/humble/latihan_ws/install/pubsub_cpp/lib/python3.8/site-packages'
[2.820s] [34mcolcon.colcon_core.environment[0m [1;30mLevel 1[0m checking '/home/cimi/Documents/Workspace/humble/latihan_ws/install/pubsub_cpp/bin'
[2.831s] [34mcolcon.colcon_core.shell[0m [1;30mINFO[0m Creating package script '/home/cimi/Documents/Workspace/humble/latihan_ws/install/pubsub_cpp/share/pubsub_cpp/package.ps1'
[2.833s] [34mcolcon.colcon_core.shell[0m [1;30mINFO[0m Creating package descriptor '/home/cimi/Documents/Workspace/humble/latihan_ws/install/pubsub_cpp/share/pubsub_cpp/package.dsv'
[2.835s] [34mcolcon.colcon_core.shell[0m [1;30mINFO[0m Creating package script '/home/cimi/Documents/Workspace/humble/latihan_ws/install/pubsub_cpp/share/pubsub_cpp/package.sh'
[2.836s] [34mcolcon.colcon_core.shell[0m [1;30mINFO[0m Creating package script '/home/cimi/Documents/Workspace/humble/latihan_ws/install/pubsub_cpp/share/pubsub_cpp/package.bash'
[2.838s] [34mcolcon.colcon_core.shell[0m [1;30mINFO[0m Creating package script '/home/cimi/Documents/Workspace/humble/latihan_ws/install/pubsub_cpp/share/pubsub_cpp/package.zsh'
[2.839s] [34mcolcon.colcon_core.environment[0m [1;30mLevel 1[0m create_file_with_runtime_dependencies(/home/cimi/Documents/Workspace/humble/latihan_ws/install/pubsub_cpp/share/colcon-core/packages/pubsub_cpp)
[2.868s] [34mcolcon.colcon_core.event_handler.log_command[0m [1;30mDEBUG[0m [32mInvoked command in '/home/cimi/Documents/Workspace/humble/latihan_ws/build/sercli_cpp' returned '0': CMAKE_PREFIX_PATH=${CMAKE_PREFIX_PATH}:/home/cimi/Documents/Workspace/humble/latihan_ws/install/py_srvcli:/home/cimi/Documents/Workspace/humble/latihan_ws/install/pubsub_python:/home/cimi/ros2_humble/install/rqt_bag_plugins:/home/cimi/ros2_humble/install/rqt_bag:/home/cimi/ros2_humble/install/ros2bag:/home/cimi/ros2_humble/install/tracetools_test:/home/cimi/ros2_humble/install/tracetools_launch:/home/cimi/ros2_humble/install/topic_monitor:/home/cimi/ros2_humble/install/tf2_tools:/home/cimi/ros2_humble/install/examples_tf2_py:/home/cimi/ros2_humble/install/tf2_ros_py:/home/cimi/ros2_humble/install/sros2:/home/cimi/ros2_humble/install/rqt_topic:/home/cimi/ros2_humble/install/rqt_srv:/home/cimi/ros2_humble/install/rqt_shell:/home/cimi/ros2_humble/install/rqt_service_caller:/home/cimi/ros2_humble/install/rqt_reconfigure:/home/cimi/ros2_humble/install/rqt_py_console:/home/cimi/ros2_humble/install/rqt_publisher:/home/cimi/ros2_humble/install/rqt_plot:/home/cimi/ros2_humble/install/rqt_action:/home/cimi/ros2_humble/install/rqt_msg:/home/cimi/ros2_humble/install/rqt_console:/home/cimi/ros2_humble/install/rqt:/home/cimi/ros2_humble/install/rqt_graph:/home/cimi/ros2_humble/install/rqt_gui_py:/home/cimi/ros2_humble/install/rqt_gui:/home/cimi/ros2_humble/install/ros2trace:/home/cimi/ros2_humble/install/ros2topic:/home/cimi/ros2_humble/install/ros2test:/home/cimi/ros2_humble/install/ros2component:/home/cimi/ros2_humble/install/ros2param:/home/cimi/ros2_humble/install/ros2lifecycle:/home/cimi/ros2_humble/install/ros2service:/home/cimi/ros2_humble/install/ros2run:/home/cimi/ros2_humble/install/ros2launch:/home/cimi/ros2_humble/install/ros2pkg:/home/cimi/ros2_humble/install/ros2node:/home/cimi/ros2_humble/install/ros2multicast:/home/cimi/ros2_humble/install/ros2interface:/home/cimi/ros2_humble/install/ros2doctor:/home/cimi/ros2_humble/install/ros2action:/home/cimi/ros2_humble/install/ros2cli:/home/cimi/ros2_humble/install/quality_of_service_demo_py:/home/cimi/ros2_humble/install/lifecycle_py:/home/cimi/ros2_humble/install/launch_testing_ros:/home/cimi/ros2_humble/install/launch_ros:/home/cimi/ros2_humble/install/examples_rclpy_pointcloud_publisher:/home/cimi/ros2_humble/install/examples_rclpy_minimal_subscriber:/home/cimi/ros2_humble/install/examples_rclpy_minimal_service:/home/cimi/ros2_humble/install/examples_rclpy_minimal_publisher:/home/cimi/ros2_humble/install/examples_rclpy_minimal_client:/home/cimi/ros2_humble/install/examples_rclpy_minimal_action_server:/home/cimi/ros2_humble/install/examples_rclpy_minimal_action_client:/home/cimi/ros2_humble/install/examples_rclpy_guard_conditions:/home/cimi/ros2_humble/install/examples_rclpy_executors:/home/cimi/ros2_humble/install/demo_nodes_py:/home/cimi/ros2_humble/install/action_tutorials_py:/home/cimi/ros2_humble/install/ament_uncrustify:/home/cimi/ros2_humble/install/tracetools_trace:/home/cimi/ros2_humble/install/tracetools_read:/home/cimi/ros2_humble/install/test_tracetools_launch:/home/cimi/ros2_humble/install/test_launch_ros:/home/cimi/ros2_humble/install/sensor_msgs_py:/home/cimi/ros2_humble/install/rpyutils:/home/cimi/ros2_humble/install/rosidl_runtime_py:/home/cimi/ros2_humble/install/rosidl_cli:/home/cimi/ros2_humble/install/launch_pytest:/home/cimi/ros2_humble/install/launch_testing:/home/cimi/ros2_humble/install/launch_yaml:/home/cimi/ros2_humble/install/launch_xml:/home/cimi/ros2_humble/install/launch:/home/cimi/ros2_humble/install/osrf_pycommon:/home/cimi/ros2_humble/install/launch_testing_examples:/home/cimi/ros2_humble/install/domain_coordinator:/home/cimi/ros2_humble/install/ament_xmllint:/home/cimi/ros2_humble/install/ament_pyflakes:/home/cimi/ros2_humble/install/ament_pycodestyle:/home/cimi/ros2_humble/install/ament_pep257:/home/cimi/ros2_humble/install/ament_pclint:/home/cimi/ros2_humble/install/ament_package:/home/cimi/ros2_humble/install/ament_mypy:/home/cimi/ros2_humble/install/ament_lint_cmake:/home/cimi/ros2_humble/install/ament_flake8:/home/cimi/ros2_humble/install/ament_copyright:/home/cimi/ros2_humble/install/ament_lint:/home/cimi/ros2_humble/install/ament_index_python:/home/cimi/ros2_humble/install/ament_cpplint:/home/cimi/ros2_humble/install/ament_cppcheck:/home/cimi/ros2_humble/install/ament_clang_tidy:/home/cimi/ros2_humble/install/ament_clang_format /usr/bin/cmake --build /home/cimi/Documents/Workspace/humble/latihan_ws/build/sercli_cpp -- -j8 -l8[0m
[3.053s] [34mcolcon.colcon_core.environment[0m [1;30mLevel 1[0m create_environment_scripts_only(pubsub_cpp)
[3.070s] [34mcolcon.colcon_core.environment[0m [1;30mLevel 1[0m checking '/home/cimi/Documents/Workspace/humble/latihan_ws/install/pubsub_cpp' for CMake module files
[3.072s] [34mcolcon.colcon_core.environment[0m [1;30mLevel 1[0m checking '/home/cimi/Documents/Workspace/humble/latihan_ws/install/pubsub_cpp' for CMake config files
[3.072s] [34mcolcon.colcon_core.shell[0m [1;30mLevel 1[0m create_environment_hook('pubsub_cpp', 'cmake_prefix_path')
[3.082s] [34mcolcon.colcon_core.shell[0m [1;30mINFO[0m Creating environment hook '/home/cimi/Documents/Workspace/humble/latihan_ws/install/pubsub_cpp/share/pubsub_cpp/hook/cmake_prefix_path.ps1'
[3.084s] [34mcolcon.colcon_core.shell[0m [1;30mINFO[0m Creating environment descriptor '/home/cimi/Documents/Workspace/humble/latihan_ws/install/pubsub_cpp/share/pubsub_cpp/hook/cmake_prefix_path.dsv'
[3.084s] [34mcolcon.colcon_core.shell[0m [1;30mINFO[0m Creating environment hook '/home/cimi/Documents/Workspace/humble/latihan_ws/install/pubsub_cpp/share/pubsub_cpp/hook/cmake_prefix_path.sh'
[3.085s] [34mcolcon.colcon_core.environment[0m [1;30mLevel 1[0m checking '/home/cimi/Documents/Workspace/humble/latihan_ws/install/pubsub_cpp/lib'
[3.085s] [34mcolcon.colcon_core.environment[0m [1;30mLevel 1[0m checking '/home/cimi/Documents/Workspace/humble/latihan_ws/install/pubsub_cpp/bin'
[3.086s] [34mcolcon.colcon_core.environment[0m [1;30mLevel 1[0m checking '/home/cimi/Documents/Workspace/humble/latihan_ws/install/pubsub_cpp/lib/pkgconfig/pubsub_cpp.pc'
[3.086s] [34mcolcon.colcon_core.environment[0m [1;30mLevel 1[0m checking '/home/cimi/Documents/Workspace/humble/latihan_ws/install/pubsub_cpp/lib/python3.8/site-packages'
[3.086s] [34mcolcon.colcon_core.environment[0m [1;30mLevel 1[0m checking '/home/cimi/Documents/Workspace/humble/latihan_ws/install/pubsub_cpp/bin'
[3.097s] [34mcolcon.colcon_core.shell[0m [1;30mINFO[0m Creating package script '/home/cimi/Documents/Workspace/humble/latihan_ws/install/pubsub_cpp/share/pubsub_cpp/package.ps1'
[3.097s] [34mcolcon.colcon_core.shell[0m [1;30mINFO[0m Creating package descriptor '/home/cimi/Documents/Workspace/humble/latihan_ws/install/pubsub_cpp/share/pubsub_cpp/package.dsv'
[3.098s] [34mcolcon.colcon_core.shell[0m [1;30mINFO[0m Creating package script '/home/cimi/Documents/Workspace/humble/latihan_ws/install/pubsub_cpp/share/pubsub_cpp/package.sh'
[3.099s] [34mcolcon.colcon_core.shell[0m [1;30mINFO[0m Creating package script '/home/cimi/Documents/Workspace/humble/latihan_ws/install/pubsub_cpp/share/pubsub_cpp/package.bash'
[3.100s] [34mcolcon.colcon_core.shell[0m [1;30mINFO[0m Creating package script '/home/cimi/Documents/Workspace/humble/latihan_ws/install/pubsub_cpp/share/pubsub_cpp/package.zsh'
[3.101s] [34mcolcon.colcon_core.environment[0m [1;30mLevel 1[0m create_file_with_runtime_dependencies(/home/cimi/Documents/Workspace/humble/latihan_ws/install/pubsub_cpp/share/colcon-core/packages/pubsub_cpp)
[3.108s] [34mcolcon.colcon_core.event_handler.log_command[0m [1;30mDEBUG[0m [32mInvoking command in '/home/cimi/Documents/Workspace/humble/latihan_ws/build/sercli_cpp': CMAKE_PREFIX_PATH=${CMAKE_PREFIX_PATH}:/home/cimi/Documents/Workspace/humble/latihan_ws/install/py_srvcli:/home/cimi/Documents/Workspace/humble/latihan_ws/install/pubsub_python:/home/cimi/ros2_humble/install/rqt_bag_plugins:/home/cimi/ros2_humble/install/rqt_bag:/home/cimi/ros2_humble/install/ros2bag:/home/cimi/ros2_humble/install/tracetools_test:/home/cimi/ros2_humble/install/tracetools_launch:/home/cimi/ros2_humble/install/topic_monitor:/home/cimi/ros2_humble/install/tf2_tools:/home/cimi/ros2_humble/install/examples_tf2_py:/home/cimi/ros2_humble/install/tf2_ros_py:/home/cimi/ros2_humble/install/sros2:/home/cimi/ros2_humble/install/rqt_topic:/home/cimi/ros2_humble/install/rqt_srv:/home/cimi/ros2_humble/install/rqt_shell:/home/cimi/ros2_humble/install/rqt_service_caller:/home/cimi/ros2_humble/install/rqt_reconfigure:/home/cimi/ros2_humble/install/rqt_py_console:/home/cimi/ros2_humble/install/rqt_publisher:/home/cimi/ros2_humble/install/rqt_plot:/home/cimi/ros2_humble/install/rqt_action:/home/cimi/ros2_humble/install/rqt_msg:/home/cimi/ros2_humble/install/rqt_console:/home/cimi/ros2_humble/install/rqt:/home/cimi/ros2_humble/install/rqt_graph:/home/cimi/ros2_humble/install/rqt_gui_py:/home/cimi/ros2_humble/install/rqt_gui:/home/cimi/ros2_humble/install/ros2trace:/home/cimi/ros2_humble/install/ros2topic:/home/cimi/ros2_humble/install/ros2test:/home/cimi/ros2_humble/install/ros2component:/home/cimi/ros2_humble/install/ros2param:/home/cimi/ros2_humble/install/ros2lifecycle:/home/cimi/ros2_humble/install/ros2service:/home/cimi/ros2_humble/install/ros2run:/home/cimi/ros2_humble/install/ros2launch:/home/cimi/ros2_humble/install/ros2pkg:/home/cimi/ros2_humble/install/ros2node:/home/cimi/ros2_humble/install/ros2multicast:/home/cimi/ros2_humble/install/ros2interface:/home/cimi/ros2_humble/install/ros2doctor:/home/cimi/ros2_humble/install/ros2action:/home/cimi/ros2_humble/install/ros2cli:/home/cimi/ros2_humble/install/quality_of_service_demo_py:/home/cimi/ros2_humble/install/lifecycle_py:/home/cimi/ros2_humble/install/launch_testing_ros:/home/cimi/ros2_humble/install/launch_ros:/home/cimi/ros2_humble/install/examples_rclpy_pointcloud_publisher:/home/cimi/ros2_humble/install/examples_rclpy_minimal_subscriber:/home/cimi/ros2_humble/install/examples_rclpy_minimal_service:/home/cimi/ros2_humble/install/examples_rclpy_minimal_publisher:/home/cimi/ros2_humble/install/examples_rclpy_minimal_client:/home/cimi/ros2_humble/install/examples_rclpy_minimal_action_server:/home/cimi/ros2_humble/install/examples_rclpy_minimal_action_client:/home/cimi/ros2_humble/install/examples_rclpy_guard_conditions:/home/cimi/ros2_humble/install/examples_rclpy_executors:/home/cimi/ros2_humble/install/demo_nodes_py:/home/cimi/ros2_humble/install/action_tutorials_py:/home/cimi/ros2_humble/install/ament_uncrustify:/home/cimi/ros2_humble/install/tracetools_trace:/home/cimi/ros2_humble/install/tracetools_read:/home/cimi/ros2_humble/install/test_tracetools_launch:/home/cimi/ros2_humble/install/test_launch_ros:/home/cimi/ros2_humble/install/sensor_msgs_py:/home/cimi/ros2_humble/install/rpyutils:/home/cimi/ros2_humble/install/rosidl_runtime_py:/home/cimi/ros2_humble/install/rosidl_cli:/home/cimi/ros2_humble/install/launch_pytest:/home/cimi/ros2_humble/install/launch_testing:/home/cimi/ros2_humble/install/launch_yaml:/home/cimi/ros2_humble/install/launch_xml:/home/cimi/ros2_humble/install/launch:/home/cimi/ros2_humble/install/osrf_pycommon:/home/cimi/ros2_humble/install/launch_testing_examples:/home/cimi/ros2_humble/install/domain_coordinator:/home/cimi/ros2_humble/install/ament_xmllint:/home/cimi/ros2_humble/install/ament_pyflakes:/home/cimi/ros2_humble/install/ament_pycodestyle:/home/cimi/ros2_humble/install/ament_pep257:/home/cimi/ros2_humble/install/ament_pclint:/home/cimi/ros2_humble/install/ament_package:/home/cimi/ros2_humble/install/ament_mypy:/home/cimi/ros2_humble/install/ament_lint_cmake:/home/cimi/ros2_humble/install/ament_flake8:/home/cimi/ros2_humble/install/ament_copyright:/home/cimi/ros2_humble/install/ament_lint:/home/cimi/ros2_humble/install/ament_index_python:/home/cimi/ros2_humble/install/ament_cpplint:/home/cimi/ros2_humble/install/ament_cppcheck:/home/cimi/ros2_humble/install/ament_clang_tidy:/home/cimi/ros2_humble/install/ament_clang_format /usr/bin/cmake --install /home/cimi/Documents/Workspace/humble/latihan_ws/build/sercli_cpp[0m
[3.142s] [34mcolcon.colcon_core.environment[0m [1;30mLevel 1[0m create_environment_scripts_only(sercli_cpp)
[3.154s] [34mcolcon.colcon_core.environment[0m [1;30mLevel 1[0m checking '/home/cimi/Documents/Workspace/humble/latihan_ws/install/sercli_cpp' for CMake module files
[3.156s] [34mcolcon.colcon_core.event_handler.log_command[0m [1;30mDEBUG[0m [32mInvoked command in '/home/cimi/Documents/Workspace/humble/latihan_ws/build/sercli_cpp' returned '0': CMAKE_PREFIX_PATH=${CMAKE_PREFIX_PATH}:/home/cimi/Documents/Workspace/humble/latihan_ws/install/py_srvcli:/home/cimi/Documents/Workspace/humble/latihan_ws/install/pubsub_python:/home/cimi/ros2_humble/install/rqt_bag_plugins:/home/cimi/ros2_humble/install/rqt_bag:/home/cimi/ros2_humble/install/ros2bag:/home/cimi/ros2_humble/install/tracetools_test:/home/cimi/ros2_humble/install/tracetools_launch:/home/cimi/ros2_humble/install/topic_monitor:/home/cimi/ros2_humble/install/tf2_tools:/home/cimi/ros2_humble/install/examples_tf2_py:/home/cimi/ros2_humble/install/tf2_ros_py:/home/cimi/ros2_humble/install/sros2:/home/cimi/ros2_humble/install/rqt_topic:/home/cimi/ros2_humble/install/rqt_srv:/home/cimi/ros2_humble/install/rqt_shell:/home/cimi/ros2_humble/install/rqt_service_caller:/home/cimi/ros2_humble/install/rqt_reconfigure:/home/cimi/ros2_humble/install/rqt_py_console:/home/cimi/ros2_humble/install/rqt_publisher:/home/cimi/ros2_humble/install/rqt_plot:/home/cimi/ros2_humble/install/rqt_action:/home/cimi/ros2_humble/install/rqt_msg:/home/cimi/ros2_humble/install/rqt_console:/home/cimi/ros2_humble/install/rqt:/home/cimi/ros2_humble/install/rqt_graph:/home/cimi/ros2_humble/install/rqt_gui_py:/home/cimi/ros2_humble/install/rqt_gui:/home/cimi/ros2_humble/install/ros2trace:/home/cimi/ros2_humble/install/ros2topic:/home/cimi/ros2_humble/install/ros2test:/home/cimi/ros2_humble/install/ros2component:/home/cimi/ros2_humble/install/ros2param:/home/cimi/ros2_humble/install/ros2lifecycle:/home/cimi/ros2_humble/install/ros2service:/home/cimi/ros2_humble/install/ros2run:/home/cimi/ros2_humble/install/ros2launch:/home/cimi/ros2_humble/install/ros2pkg:/home/cimi/ros2_humble/install/ros2node:/home/cimi/ros2_humble/install/ros2multicast:/home/cimi/ros2_humble/install/ros2interface:/home/cimi/ros2_humble/install/ros2doctor:/home/cimi/ros2_humble/install/ros2action:/home/cimi/ros2_humble/install/ros2cli:/home/cimi/ros2_humble/install/quality_of_service_demo_py:/home/cimi/ros2_humble/install/lifecycle_py:/home/cimi/ros2_humble/install/launch_testing_ros:/home/cimi/ros2_humble/install/launch_ros:/home/cimi/ros2_humble/install/examples_rclpy_pointcloud_publisher:/home/cimi/ros2_humble/install/examples_rclpy_minimal_subscriber:/home/cimi/ros2_humble/install/examples_rclpy_minimal_service:/home/cimi/ros2_humble/install/examples_rclpy_minimal_publisher:/home/cimi/ros2_humble/install/examples_rclpy_minimal_client:/home/cimi/ros2_humble/install/examples_rclpy_minimal_action_server:/home/cimi/ros2_humble/install/examples_rclpy_minimal_action_client:/home/cimi/ros2_humble/install/examples_rclpy_guard_conditions:/home/cimi/ros2_humble/install/examples_rclpy_executors:/home/cimi/ros2_humble/install/demo_nodes_py:/home/cimi/ros2_humble/install/action_tutorials_py:/home/cimi/ros2_humble/install/ament_uncrustify:/home/cimi/ros2_humble/install/tracetools_trace:/home/cimi/ros2_humble/install/tracetools_read:/home/cimi/ros2_humble/install/test_tracetools_launch:/home/cimi/ros2_humble/install/test_launch_ros:/home/cimi/ros2_humble/install/sensor_msgs_py:/home/cimi/ros2_humble/install/rpyutils:/home/cimi/ros2_humble/install/rosidl_runtime_py:/home/cimi/ros2_humble/install/rosidl_cli:/home/cimi/ros2_humble/install/launch_pytest:/home/cimi/ros2_humble/install/launch_testing:/home/cimi/ros2_humble/install/launch_yaml:/home/cimi/ros2_humble/install/launch_xml:/home/cimi/ros2_humble/install/launch:/home/cimi/ros2_humble/install/osrf_pycommon:/home/cimi/ros2_humble/install/launch_testing_examples:/home/cimi/ros2_humble/install/domain_coordinator:/home/cimi/ros2_humble/install/ament_xmllint:/home/cimi/ros2_humble/install/ament_pyflakes:/home/cimi/ros2_humble/install/ament_pycodestyle:/home/cimi/ros2_humble/install/ament_pep257:/home/cimi/ros2_humble/install/ament_pclint:/home/cimi/ros2_humble/install/ament_package:/home/cimi/ros2_humble/install/ament_mypy:/home/cimi/ros2_humble/install/ament_lint_cmake:/home/cimi/ros2_humble/install/ament_flake8:/home/cimi/ros2_humble/install/ament_copyright:/home/cimi/ros2_humble/install/ament_lint:/home/cimi/ros2_humble/install/ament_index_python:/home/cimi/ros2_humble/install/ament_cpplint:/home/cimi/ros2_humble/install/ament_cppcheck:/home/cimi/ros2_humble/install/ament_clang_tidy:/home/cimi/ros2_humble/install/ament_clang_format /usr/bin/cmake --install /home/cimi/Documents/Workspace/humble/latihan_ws/build/sercli_cpp[0m
[3.156s] [34mcolcon.colcon_core.environment[0m [1;30mLevel 1[0m checking '/home/cimi/Documents/Workspace/humble/latihan_ws/install/sercli_cpp' for CMake config files
[3.157s] [34mcolcon.colcon_core.shell[0m [1;30mLevel 1[0m create_environment_hook('sercli_cpp', 'cmake_prefix_path')
[3.162s] [34mcolcon.colcon_core.shell[0m [1;30mINFO[0m Creating environment hook '/home/cimi/Documents/Workspace/humble/latihan_ws/install/sercli_cpp/share/sercli_cpp/hook/cmake_prefix_path.ps1'
[3.163s] [34mcolcon.colcon_core.shell[0m [1;30mINFO[0m Creating environment descriptor '/home/cimi/Documents/Workspace/humble/latihan_ws/install/sercli_cpp/share/sercli_cpp/hook/cmake_prefix_path.dsv'
[3.164s] [34mcolcon.colcon_core.shell[0m [1;30mINFO[0m Creating environment hook '/home/cimi/Documents/Workspace/humble/latihan_ws/install/sercli_cpp/share/sercli_cpp/hook/cmake_prefix_path.sh'
[3.165s] [34mcolcon.colcon_core.environment[0m [1;30mLevel 1[0m checking '/home/cimi/Documents/Workspace/humble/latihan_ws/install/sercli_cpp/lib'
[3.165s] [34mcolcon.colcon_core.environment[0m [1;30mLevel 1[0m checking '/home/cimi/Documents/Workspace/humble/latihan_ws/install/sercli_cpp/bin'
[3.165s] [34mcolcon.colcon_core.environment[0m [1;30mLevel 1[0m checking '/home/cimi/Documents/Workspace/humble/latihan_ws/install/sercli_cpp/lib/pkgconfig/sercli_cpp.pc'
[3.165s] [34mcolcon.colcon_core.environment[0m [1;30mLevel 1[0m checking '/home/cimi/Documents/Workspace/humble/latihan_ws/install/sercli_cpp/lib/python3.8/site-packages'
[3.166s] [34mcolcon.colcon_core.environment[0m [1;30mLevel 1[0m checking '/home/cimi/Documents/Workspace/humble/latihan_ws/install/sercli_cpp/bin'
[3.171s] [34mcolcon.colcon_core.shell[0m [1;30mINFO[0m Creating package script '/home/cimi/Documents/Workspace/humble/latihan_ws/install/sercli_cpp/share/sercli_cpp/package.ps1'
[3.172s] [34mcolcon.colcon_core.shell[0m [1;30mINFO[0m Creating package descriptor '/home/cimi/Documents/Workspace/humble/latihan_ws/install/sercli_cpp/share/sercli_cpp/package.dsv'
[3.173s] [34mcolcon.colcon_core.shell[0m [1;30mINFO[0m Creating package script '/home/cimi/Documents/Workspace/humble/latihan_ws/install/sercli_cpp/share/sercli_cpp/package.sh'
[3.174s] [34mcolcon.colcon_core.shell[0m [1;30mINFO[0m Creating package script '/home/cimi/Documents/Workspace/humble/latihan_ws/install/sercli_cpp/share/sercli_cpp/package.bash'
[3.174s] [34mcolcon.colcon_core.shell[0m [1;30mINFO[0m Creating package script '/home/cimi/Documents/Workspace/humble/latihan_ws/install/sercli_cpp/share/sercli_cpp/package.zsh'
[3.175s] [34mcolcon.colcon_core.environment[0m [1;30mLevel 1[0m create_file_with_runtime_dependencies(/home/cimi/Documents/Workspace/humble/latihan_ws/install/sercli_cpp/share/colcon-core/packages/sercli_cpp)
[3.674s] [34mcolcon.colcon_core.environment[0m [1;30mLevel 1[0m create_environment_scripts_only(sercli_cpp)
[3.733s] [34mcolcon.colcon_core.environment[0m [1;30mLevel 1[0m checking '/home/cimi/Documents/Workspace/humble/latihan_ws/install/sercli_cpp' for CMake module files
[3.740s] [34mcolcon.colcon_core.environment[0m [1;30mLevel 1[0m checking '/home/cimi/Documents/Workspace/humble/latihan_ws/install/sercli_cpp' for CMake config files
[3.743s] [34mcolcon.colcon_core.shell[0m [1;30mLevel 1[0m create_environment_hook('sercli_cpp', 'cmake_prefix_path')
[3.813s] [34mcolcon.colcon_core.shell[0m [1;30mINFO[0m Creating environment hook '/home/cimi/Documents/Workspace/humble/latihan_ws/install/sercli_cpp/share/sercli_cpp/hook/cmake_prefix_path.ps1'
[3.819s] [34mcolcon.colcon_core.shell[0m [1;30mINFO[0m Creating environment descriptor '/home/cimi/Documents/Workspace/humble/latihan_ws/install/sercli_cpp/share/sercli_cpp/hook/cmake_prefix_path.dsv'
[3.823s] [34mcolcon.colcon_core.shell[0m [1;30mINFO[0m Creating environment hook '/home/cimi/Documents/Workspace/humble/latihan_ws/install/sercli_cpp/share/sercli_cpp/hook/cmake_prefix_path.sh'
[3.830s] [34mcolcon.colcon_core.environment[0m [1;30mLevel 1[0m checking '/home/cimi/Documents/Workspace/humble/latihan_ws/install/sercli_cpp/lib'
[3.831s] [34mcolcon.colcon_core.environment[0m [1;30mLevel 1[0m checking '/home/cimi/Documents/Workspace/humble/latihan_ws/install/sercli_cpp/bin'
[3.832s] [34mcolcon.colcon_core.environment[0m [1;30mLevel 1[0m checking '/home/cimi/Documents/Workspace/humble/latihan_ws/install/sercli_cpp/lib/pkgconfig/sercli_cpp.pc'
[3.835s] [34mcolcon.colcon_core.environment[0m [1;30mLevel 1[0m checking '/home/cimi/Documents/Workspace/humble/latihan_ws/install/sercli_cpp/lib/python3.8/site-packages'
[3.837s] [34mcolcon.colcon_core.environment[0m [1;30mLevel 1[0m checking '/home/cimi/Documents/Workspace/humble/latihan_ws/install/sercli_cpp/bin'
[3.908s] [34mcolcon.colcon_core.shell[0m [1;30mINFO[0m Creating package script '/home/cimi/Documents/Workspace/humble/latihan_ws/install/sercli_cpp/share/sercli_cpp/package.ps1'
[3.913s] [34mcolcon.colcon_core.shell[0m [1;30mINFO[0m Creating package descriptor '/home/cimi/Documents/Workspace/humble/latihan_ws/install/sercli_cpp/share/sercli_cpp/package.dsv'
[3.918s] [34mcolcon.colcon_core.shell[0m [1;30mINFO[0m Creating package script '/home/cimi/Documents/Workspace/humble/latihan_ws/install/sercli_cpp/share/sercli_cpp/package.sh'
[3.921s] [34mcolcon.colcon_core.shell[0m [1;30mINFO[0m Creating package script '/home/cimi/Documents/Workspace/humble/latihan_ws/install/sercli_cpp/share/sercli_cpp/package.bash'
[3.924s] [34mcolcon.colcon_core.shell[0m [1;30mINFO[0m Creating package script '/home/cimi/Documents/Workspace/humble/latihan_ws/install/sercli_cpp/share/sercli_cpp/package.zsh'
[3.927s] [34mcolcon.colcon_core.environment[0m [1;30mLevel 1[0m create_file_with_runtime_dependencies(/home/cimi/Documents/Workspace/humble/latihan_ws/install/sercli_cpp/share/colcon-core/packages/sercli_cpp)
[8.769s] [34mcolcon.colcon_core.event_handler.log_command[0m [1;30mDEBUG[0m [32mInvoking command in '/home/cimi/Documents/Workspace/humble/latihan_ws/src/pubsub_python': PYTHONPATH=/home/cimi/Documents/Workspace/humble/latihan_ws/build/pubsub_python/prefix_override:/home/cimi/Documents/Workspace/humble/latihan_ws/install/pubsub_python/lib/python3.8/site-packages:${PYTHONPATH} /usr/bin/python3 setup.py egg_info --egg-base ../../build/pubsub_python build --build-base /home/cimi/Documents/Workspace/humble/latihan_ws/build/pubsub_python/build install --record /home/cimi/Documents/Workspace/humble/latihan_ws/build/pubsub_python/install.log --single-version-externally-managed[0m
[8.908s] [34mcolcon.colcon_core.event_handler.log_command[0m [1;30mDEBUG[0m [32mInvoking command in '/home/cimi/Documents/Workspace/humble/latihan_ws/src/py_srvcli': PYTHONPATH=/home/cimi/Documents/Workspace/humble/latihan_ws/build/py_srvcli/prefix_override:/home/cimi/Documents/Workspace/humble/latihan_ws/install/py_srvcli/lib/python3.8/site-packages:${PYTHONPATH} /usr/bin/python3 setup.py egg_info --egg-base ../../build/py_srvcli build --build-base /home/cimi/Documents/Workspace/humble/latihan_ws/build/py_srvcli/build install --record /home/cimi/Documents/Workspace/humble/latihan_ws/build/py_srvcli/install.log --single-version-externally-managed[0m
[9.622s] [34mcolcon.colcon_core.event_handler.log_command[0m [1;30mDEBUG[0m [32mInvoked command in '/home/cimi/Documents/Workspace/humble/latihan_ws/build/custom_message' returned '2': /usr/bin/cmake --build /home/cimi/Documents/Workspace/humble/latihan_ws/build/custom_message -- -j8 -l8[0m
[10.446s] [34mcolcon.colcon_parallel_executor.executor.parallel[0m [1;30mDEBUG[0m [32mclosing loop[0m
[10.447s] [34mcolcon.colcon_parallel_executor.executor.parallel[0m [1;30mDEBUG[0m [32mloop closed[0m
[10.447s] [34mcolcon.colcon_parallel_executor.executor.parallel[0m [1;30mDEBUG[0m [32mrun_until_complete finished with '2'[0m
[10.447s] [34mcolcon.colcon_core.event_reactor[0m [1;30mDEBUG[0m [32mjoining thread[0m
[10.463s] [34mcolcon.colcon_core.plugin_system[0m [1;30mINFO[0m Skipping extension 'colcon_notification.desktop_notification.terminal_notifier': Not used on non-Darwin systems
[10.463s] [34mcolcon.colcon_core.plugin_system[0m [1;30mINFO[0m Skipping extension 'colcon_notification.desktop_notification.win32': Not used on non-Windows systems
[10.463s] [34mcolcon.colcon_notification.desktop_notification[0m [1;30mINFO[0m Sending desktop notification using 'notify2'
[10.482s] [34mcolcon.colcon_core.event_reactor[0m [1;30mDEBUG[0m [32mjoined thread[0m
[10.489s] [34mcolcon.colcon_core.shell[0m [1;30mINFO[0m Creating prefix script '/home/cimi/Documents/Workspace/humble/latihan_ws/install/local_setup.ps1'
[10.490s] [34mcolcon.colcon_core.shell[0m [1;30mINFO[0m Creating prefix util module '/home/cimi/Documents/Workspace/humble/latihan_ws/install/_local_setup_util_ps1.py'
[10.491s] [34mcolcon.colcon_core.shell[0m [1;30mINFO[0m Creating prefix chain script '/home/cimi/Documents/Workspace/humble/latihan_ws/install/setup.ps1'
[10.514s] [34mcolcon.colcon_core.shell[0m [1;30mINFO[0m Creating prefix script '/home/cimi/Documents/Workspace/humble/latihan_ws/install/local_setup.sh'
[10.515s] [34mcolcon.colcon_core.shell[0m [1;30mINFO[0m Creating prefix util module '/home/cimi/Documents/Workspace/humble/latihan_ws/install/_local_setup_util_sh.py'
[10.516s] [34mcolcon.colcon_core.shell[0m [1;30mINFO[0m Creating prefix chain script '/home/cimi/Documents/Workspace/humble/latihan_ws/install/setup.sh'
[10.535s] [34mcolcon.colcon_core.shell[0m [1;30mINFO[0m Creating prefix script '/home/cimi/Documents/Workspace/humble/latihan_ws/install/local_setup.bash'
[10.535s] [34mcolcon.colcon_core.shell[0m [1;30mINFO[0m Creating prefix chain script '/home/cimi/Documents/Workspace/humble/latihan_ws/install/setup.bash'
[10.551s] [34mcolcon.colcon_core.shell[0m [1;30mINFO[0m Creating prefix script '/home/cimi/Documents/Workspace/humble/latihan_ws/install/local_setup.zsh'
[10.551s] [34mcolcon.colcon_core.shell[0m [1;30mINFO[0m Creating prefix chain script '/home/cimi/Documents/Workspace/humble/latihan_ws/install/setup.zsh'
