[0.490s] [34mcolcon[0m [1;30mDEBUG[0m [32mCommand line arguments: ['/usr/bin/colcon', 'build'][0m
[0.491s] [34mcolcon[0m [1;30mDEBUG[0m [32mParsed command line arguments: Namespace(allow_overriding=[], ament_cmake_args=None, base_paths=['.'], build_base='build', catkin_cmake_args=None, catkin_skip_building_tests=False, cmake_args=None, cmake_clean_cache=False, cmake_clean_first=False, cmake_force_configure=False, cmake_target=None, cmake_target_skip_unavailable=False, continue_on_error=False, event_handlers=None, executor='parallel', ignore_user_meta=False, install_base='install', log_base=None, log_level=None, main=<bound method BuildVerb.main of <colcon_core.verb.build.BuildVerb object at 0x7f2970afd4c0>>, merge_install=False, metas=['./colcon.meta'], packages_above=None, packages_above_and_dependencies=None, packages_above_depth=None, packages_end=None, packages_ignore=None, packages_ignore_regex=None, packages_select=None, packages_select_build_failed=False, packages_select_by_dep=None, packages_select_regex=None, packages_select_test_failures=False, packages_skip=None, packages_skip_build_finished=False, packages_skip_by_dep=None, packages_skip_regex=None, packages_skip_test_passed=False, packages_skip_up_to=None, packages_start=None, packages_up_to=None, packages_up_to_regex=None, parallel_workers=8, paths=None, symlink_install=False, test_result_base=None, verb_extension=<colcon_core.verb.build.BuildVerb object at 0x7f2970afd4c0>, verb_name='build', verb_parser=<colcon_defaults.argument_parser.defaults.DefaultArgumentsDecorator object at 0x7f2970a90910>)[0m
[0.550s] [34mcolcon.colcon_core.package_discovery[0m [1;30mLevel 1[0m discover_packages(colcon_meta) check parameters
[0.551s] [34mcolcon.colcon_core.package_discovery[0m [1;30mLevel 1[0m discover_packages(recursive) check parameters
[0.551s] [34mcolcon.colcon_core.package_discovery[0m [1;30mLevel 1[0m discover_packages(ignore) check parameters
[0.551s] [34mcolcon.colcon_core.package_discovery[0m [1;30mLevel 1[0m discover_packages(path) check parameters
[0.551s] [34mcolcon.colcon_core.package_discovery[0m [1;30mLevel 1[0m discover_packages(colcon_meta) discover
[0.551s] [34mcolcon.colcon_core.package_discovery[0m [1;30mLevel 1[0m discover_packages(recursive) discover
[0.551s] [34mcolcon.colcon_core.package_discovery[0m [1;30mINFO[0m Crawling recursively for packages in '/home/cimi/Documents/Workspace/humble/latihan_ws'
[0.551s] [34mcolcon.colcon_core.package_identification[0m [1;30mLevel 1[0m _identify(.) by extensions ['ignore', 'ignore_ament_install']
[0.551s] [34mcolcon.colcon_core.package_identification[0m [1;30mLevel 1[0m _identify(.) by extension 'ignore'
[0.551s] [34mcolcon.colcon_core.package_identification[0m [1;30mLevel 1[0m _identify(.) by extension 'ignore_ament_install'
[0.551s] [34mcolcon.colcon_core.package_identification[0m [1;30mLevel 1[0m _identify(.) by extensions ['colcon_pkg']
[0.551s] [34mcolcon.colcon_core.package_identification[0m [1;30mLevel 1[0m _identify(.) by extension 'colcon_pkg'
[0.551s] [34mcolcon.colcon_core.package_identification[0m [1;30mLevel 1[0m _identify(.) by extensions ['colcon_meta']
[0.552s] [34mcolcon.colcon_core.package_identification[0m [1;30mLevel 1[0m _identify(.) by extension 'colcon_meta'
[0.552s] [34mcolcon.colcon_core.package_identification[0m [1;30mLevel 1[0m _identify(.) by extensions ['ros']
[0.552s] [34mcolcon.colcon_core.package_identification[0m [1;30mLevel 1[0m _identify(.) by extension 'ros'
[0.568s] [34mcolcon.colcon_core.package_identification[0m [1;30mLevel 1[0m _identify(.) by extensions ['cmake', 'python']
[0.568s] [34mcolcon.colcon_core.package_identification[0m [1;30mLevel 1[0m _identify(.) by extension 'cmake'
[0.568s] [34mcolcon.colcon_core.package_identification[0m [1;30mLevel 1[0m _identify(.) by extension 'python'
[0.568s] [34mcolcon.colcon_core.package_identification[0m [1;30mLevel 1[0m _identify(.) by extensions ['python_setup_py']
[0.568s] [34mcolcon.colcon_core.package_identification[0m [1;30mLevel 1[0m _identify(.) by extension 'python_setup_py'
[0.569s] [34mcolcon.colcon_core.package_identification[0m [1;30mLevel 1[0m _identify(build) by extensions ['ignore', 'ignore_ament_install']
[0.569s] [34mcolcon.colcon_core.package_identification[0m [1;30mLevel 1[0m _identify(build) by extension 'ignore'
[0.569s] [34mcolcon.colcon_core.package_identification[0m [1;30mLevel 1[0m _identify(build) ignored
[0.569s] [34mcolcon.colcon_core.package_identification[0m [1;30mLevel 1[0m _identify(install) by extensions ['ignore', 'ignore_ament_install']
[0.569s] [34mcolcon.colcon_core.package_identification[0m [1;30mLevel 1[0m _identify(install) by extension 'ignore'
[0.569s] [34mcolcon.colcon_core.package_identification[0m [1;30mLevel 1[0m _identify(install) ignored
[0.569s] [34mcolcon.colcon_core.package_identification[0m [1;30mLevel 1[0m _identify(log) by extensions ['ignore', 'ignore_ament_install']
[0.569s] [34mcolcon.colcon_core.package_identification[0m [1;30mLevel 1[0m _identify(log) by extension 'ignore'
[0.569s] [34mcolcon.colcon_core.package_identification[0m [1;30mLevel 1[0m _identify(log) ignored
[0.570s] [34mcolcon.colcon_core.package_identification[0m [1;30mLevel 1[0m _identify(src) by extensions ['ignore', 'ignore_ament_install']
[0.570s] [34mcolcon.colcon_core.package_identification[0m [1;30mLevel 1[0m _identify(src) by extension 'ignore'
[0.570s] [34mcolcon.colcon_core.package_identification[0m [1;30mLevel 1[0m _identify(src) by extension 'ignore_ament_install'
[0.570s] [34mcolcon.colcon_core.package_identification[0m [1;30mLevel 1[0m _identify(src) by extensions ['colcon_pkg']
[0.570s] [34mcolcon.colcon_core.package_identification[0m [1;30mLevel 1[0m _identify(src) by extension 'colcon_pkg'
[0.570s] [34mcolcon.colcon_core.package_identification[0m [1;30mLevel 1[0m _identify(src) by extensions ['colcon_meta']
[0.570s] [34mcolcon.colcon_core.package_identification[0m [1;30mLevel 1[0m _identify(src) by extension 'colcon_meta'
[0.570s] [34mcolcon.colcon_core.package_identification[0m [1;30mLevel 1[0m _identify(src) by extensions ['ros']
[0.570s] [34mcolcon.colcon_core.package_identification[0m [1;30mLevel 1[0m _identify(src) by extension 'ros'
[0.570s] [34mcolcon.colcon_core.package_identification[0m [1;30mLevel 1[0m _identify(src) by extensions ['cmake', 'python']
[0.570s] [34mcolcon.colcon_core.package_identification[0m [1;30mLevel 1[0m _identify(src) by extension 'cmake'
[0.570s] [34mcolcon.colcon_core.package_identification[0m [1;30mLevel 1[0m _identify(src) by extension 'python'
[0.570s] [34mcolcon.colcon_core.package_identification[0m [1;30mLevel 1[0m _identify(src) by extensions ['python_setup_py']
[0.571s] [34mcolcon.colcon_core.package_identification[0m [1;30mLevel 1[0m _identify(src) by extension 'python_setup_py'
[0.571s] [34mcolcon.colcon_core.package_identification[0m [1;30mLevel 1[0m _identify(src/pubsub_cpp) by extensions ['ignore', 'ignore_ament_install']
[0.571s] [34mcolcon.colcon_core.package_identification[0m [1;30mLevel 1[0m _identify(src/pubsub_cpp) by extension 'ignore'
[0.571s] [34mcolcon.colcon_core.package_identification[0m [1;30mLevel 1[0m _identify(src/pubsub_cpp) by extension 'ignore_ament_install'
[0.571s] [34mcolcon.colcon_core.package_identification[0m [1;30mLevel 1[0m _identify(src/pubsub_cpp) by extensions ['colcon_pkg']
[0.571s] [34mcolcon.colcon_core.package_identification[0m [1;30mLevel 1[0m _identify(src/pubsub_cpp) by extension 'colcon_pkg'
[0.571s] [34mcolcon.colcon_core.package_identification[0m [1;30mLevel 1[0m _identify(src/pubsub_cpp) by extensions ['colcon_meta']
[0.571s] [34mcolcon.colcon_core.package_identification[0m [1;30mLevel 1[0m _identify(src/pubsub_cpp) by extension 'colcon_meta'
[0.571s] [34mcolcon.colcon_core.package_identification[0m [1;30mLevel 1[0m _identify(src/pubsub_cpp) by extensions ['ros']
[0.571s] [34mcolcon.colcon_core.package_identification[0m [1;30mLevel 1[0m _identify(src/pubsub_cpp) by extension 'ros'
[0.575s] [34mcolcon.colcon_core.package_identification[0m [1;30mDEBUG[0m [32mPackage 'src/pubsub_cpp' with type 'ros.ament_cmake' and name 'pubsub_cpp'[0m
[0.575s] [34mcolcon.colcon_core.package_identification[0m [1;30mLevel 1[0m _identify(src/pubsub_python) by extensions ['ignore', 'ignore_ament_install']
[0.575s] [34mcolcon.colcon_core.package_identification[0m [1;30mLevel 1[0m _identify(src/pubsub_python) by extension 'ignore'
[0.576s] [34mcolcon.colcon_core.package_identification[0m [1;30mLevel 1[0m _identify(src/pubsub_python) by extension 'ignore_ament_install'
[0.576s] [34mcolcon.colcon_core.package_identification[0m [1;30mLevel 1[0m _identify(src/pubsub_python) by extensions ['colcon_pkg']
[0.576s] [34mcolcon.colcon_core.package_identification[0m [1;30mLevel 1[0m _identify(src/pubsub_python) by extension 'colcon_pkg'
[0.576s] [34mcolcon.colcon_core.package_identification[0m [1;30mLevel 1[0m _identify(src/pubsub_python) by extensions ['colcon_meta']
[0.576s] [34mcolcon.colcon_core.package_identification[0m [1;30mLevel 1[0m _identify(src/pubsub_python) by extension 'colcon_meta'
[0.576s] [34mcolcon.colcon_core.package_identification[0m [1;30mLevel 1[0m _identify(src/pubsub_python) by extensions ['ros']
[0.576s] [34mcolcon.colcon_core.package_identification[0m [1;30mLevel 1[0m _identify(src/pubsub_python) by extension 'ros'
[0.577s] [34mcolcon.colcon_core.package_identification[0m [1;30mDEBUG[0m [32mPackage 'src/pubsub_python' with type 'ros.ament_python' and name 'pubsub_python'[0m
[0.577s] [34mcolcon.colcon_core.package_identification[0m [1;30mLevel 1[0m _identify(src/py_srvcli) by extensions ['ignore', 'ignore_ament_install']
[0.577s] [34mcolcon.colcon_core.package_identification[0m [1;30mLevel 1[0m _identify(src/py_srvcli) by extension 'ignore'
[0.577s] [34mcolcon.colcon_core.package_identification[0m [1;30mLevel 1[0m _identify(src/py_srvcli) by extension 'ignore_ament_install'
[0.577s] [34mcolcon.colcon_core.package_identification[0m [1;30mLevel 1[0m _identify(src/py_srvcli) by extensions ['colcon_pkg']
[0.577s] [34mcolcon.colcon_core.package_identification[0m [1;30mLevel 1[0m _identify(src/py_srvcli) by extension 'colcon_pkg'
[0.577s] [34mcolcon.colcon_core.package_identification[0m [1;30mLevel 1[0m _identify(src/py_srvcli) by extensions ['colcon_meta']
[0.577s] [34mcolcon.colcon_core.package_identification[0m [1;30mLevel 1[0m _identify(src/py_srvcli) by extension 'colcon_meta'
[0.577s] [34mcolcon.colcon_core.package_identification[0m [1;30mLevel 1[0m _identify(src/py_srvcli) by extensions ['ros']
[0.578s] [34mcolcon.colcon_core.package_identification[0m [1;30mLevel 1[0m _identify(src/py_srvcli) by extension 'ros'
[0.578s] [34mcolcon.colcon_core.package_identification[0m [1;30mDEBUG[0m [32mPackage 'src/py_srvcli' with type 'ros.ament_python' and name 'py_srvcli'[0m
[0.578s] [34mcolcon.colcon_core.package_identification[0m [1;30mLevel 1[0m _identify(src/sercli_cpp) by extensions ['ignore', 'ignore_ament_install']
[0.578s] [34mcolcon.colcon_core.package_identification[0m [1;30mLevel 1[0m _identify(src/sercli_cpp) by extension 'ignore'
[0.578s] [34mcolcon.colcon_core.package_identification[0m [1;30mLevel 1[0m _identify(src/sercli_cpp) by extension 'ignore_ament_install'
[0.579s] [34mcolcon.colcon_core.package_identification[0m [1;30mLevel 1[0m _identify(src/sercli_cpp) by extensions ['colcon_pkg']
[0.579s] [34mcolcon.colcon_core.package_identification[0m [1;30mLevel 1[0m _identify(src/sercli_cpp) by extension 'colcon_pkg'
[0.579s] [34mcolcon.colcon_core.package_identification[0m [1;30mLevel 1[0m _identify(src/sercli_cpp) by extensions ['colcon_meta']
[0.579s] [34mcolcon.colcon_core.package_identification[0m [1;30mLevel 1[0m _identify(src/sercli_cpp) by extension 'colcon_meta'
[0.579s] [34mcolcon.colcon_core.package_identification[0m [1;30mLevel 1[0m _identify(src/sercli_cpp) by extensions ['ros']
[0.579s] [34mcolcon.colcon_core.package_identification[0m [1;30mLevel 1[0m _identify(src/sercli_cpp) by extension 'ros'
[0.580s] [34mcolcon.colcon_core.package_identification[0m [1;30mDEBUG[0m [32mPackage 'src/sercli_cpp' with type 'ros.ament_cmake' and name 'sercli_cpp'[0m
[0.580s] [34mcolcon.colcon_core.package_identification[0m [1;30mLevel 1[0m _identify(src/sercli_python) by extensions ['ignore', 'ignore_ament_install']
[0.580s] [34mcolcon.colcon_core.package_identification[0m [1;30mLevel 1[0m _identify(src/sercli_python) by extension 'ignore'
[0.580s] [34mcolcon.colcon_core.package_identification[0m [1;30mLevel 1[0m _identify(src/sercli_python) by extension 'ignore_ament_install'
[0.580s] [34mcolcon.colcon_core.package_identification[0m [1;30mLevel 1[0m _identify(src/sercli_python) by extensions ['colcon_pkg']
[0.580s] [34mcolcon.colcon_core.package_identification[0m [1;30mLevel 1[0m _identify(src/sercli_python) by extension 'colcon_pkg'
[0.581s] [34mcolcon.colcon_core.package_identification[0m [1;30mLevel 1[0m _identify(src/sercli_python) by extensions ['colcon_meta']
[0.581s] [34mcolcon.colcon_core.package_identification[0m [1;30mLevel 1[0m _identify(src/sercli_python) by extension 'colcon_meta'
[0.581s] [34mcolcon.colcon_core.package_identification[0m [1;30mLevel 1[0m _identify(src/sercli_python) by extensions ['ros']
[0.581s] [34mcolcon.colcon_core.package_identification[0m [1;30mLevel 1[0m _identify(src/sercli_python) by extension 'ros'
[0.581s] [34mcolcon.colcon_core.package_identification[0m [1;30mDEBUG[0m [32mFailed to parse potential ROS package manifest in'src/sercli_python': Error(s) in package 'src/sercli_python/package.xml':
The manifest contains invalid XML:
mismatched tag: line 11, column 23[0m
[0.581s] [34mcolcon.colcon_core.package_identification[0m [1;30mLevel 1[0m _identify(src/sercli_python) by extensions ['cmake', 'python']
[0.582s] [34mcolcon.colcon_core.package_identification[0m [1;30mLevel 1[0m _identify(src/sercli_python) by extension 'cmake'
[0.582s] [34mcolcon.colcon_core.package_identification[0m [1;30mLevel 1[0m _identify(src/sercli_python) by extension 'python'
[0.582s] [34mcolcon.colcon_core.package_identification[0m [1;30mDEBUG[0m [32mPython package in 'src/sercli_python' passes arguments to the setup() function which requires a different identification extension than 'python'[0m
[0.582s] [34mcolcon.colcon_core.package_identification[0m [1;30mLevel 1[0m _identify(src/sercli_python) by extensions ['python_setup_py']
[0.582s] [34mcolcon.colcon_core.package_identification[0m [1;30mLevel 1[0m _identify(src/sercli_python) by extension 'python_setup_py'
[1.027s] [34mcolcon.colcon_core.package_identification[0m [1;30mDEBUG[0m [32mPackage 'src/sercli_python' with type 'python' and name 'sercli_python'[0m
[1.028s] [34mcolcon.colcon_core.package_discovery[0m [1;30mLevel 1[0m discover_packages(recursive) using defaults
[1.028s] [34mcolcon.colcon_core.package_discovery[0m [1;30mLevel 1[0m discover_packages(ignore) discover
[1.028s] [34mcolcon.colcon_core.package_discovery[0m [1;30mLevel 1[0m discover_packages(ignore) using defaults
[1.028s] [34mcolcon.colcon_core.package_discovery[0m [1;30mLevel 1[0m discover_packages(path) discover
[1.028s] [34mcolcon.colcon_core.package_discovery[0m [1;30mLevel 1[0m discover_packages(path) using defaults
[1.081s] [34mcolcon.colcon_core.package_discovery[0m [1;30mLevel 1[0m discover_packages(prefix_path) check parameters
[1.081s] [34mcolcon.colcon_core.package_discovery[0m [1;30mLevel 1[0m discover_packages(prefix_path) discover
[1.099s] [34mcolcon.colcon_installed_package_information.package_discovery[0m [1;30mDEBUG[0m [32mFound 5 installed packages in /home/cimi/Documents/Workspace/humble/latihan_ws/install[0m
[1.110s] [34mcolcon.colcon_installed_package_information.package_discovery[0m [1;30mDEBUG[0m [32mFound 344 installed packages in /home/cimi/ros2_humble/install[0m
[1.111s] [34mcolcon.colcon_core.package_discovery[0m [1;30mLevel 1[0m discover_packages(prefix_path) using defaults
[1.134s] [34mcolcon.colcon_core.verb[0m [1;30mLevel 5[0m set package 'pubsub_cpp' build argument 'cmake_args' from command line to 'None'
[1.134s] [34mcolcon.colcon_core.verb[0m [1;30mLevel 5[0m set package 'pubsub_cpp' build argument 'cmake_target' from command line to 'None'
[1.134s] [34mcolcon.colcon_core.verb[0m [1;30mLevel 5[0m set package 'pubsub_cpp' build argument 'cmake_target_skip_unavailable' from command line to 'False'
[1.134s] [34mcolcon.colcon_core.verb[0m [1;30mLevel 5[0m set package 'pubsub_cpp' build argument 'cmake_clean_cache' from command line to 'False'
[1.134s] [34mcolcon.colcon_core.verb[0m [1;30mLevel 5[0m set package 'pubsub_cpp' build argument 'cmake_clean_first' from command line to 'False'
[1.134s] [34mcolcon.colcon_core.verb[0m [1;30mLevel 5[0m set package 'pubsub_cpp' build argument 'cmake_force_configure' from command line to 'False'
[1.134s] [34mcolcon.colcon_core.verb[0m [1;30mLevel 5[0m set package 'pubsub_cpp' build argument 'ament_cmake_args' from command line to 'None'
[1.134s] [34mcolcon.colcon_core.verb[0m [1;30mLevel 5[0m set package 'pubsub_cpp' build argument 'catkin_cmake_args' from command line to 'None'
[1.134s] [34mcolcon.colcon_core.verb[0m [1;30mLevel 5[0m set package 'pubsub_cpp' build argument 'catkin_skip_building_tests' from command line to 'False'
[1.135s] [34mcolcon.colcon_core.verb[0m [1;30mDEBUG[0m [32mBuilding package 'pubsub_cpp' with the following arguments: {'ament_cmake_args': None, 'build_base': '/home/cimi/Documents/Workspace/humble/latihan_ws/build/pubsub_cpp', 'catkin_cmake_args': None, 'catkin_skip_building_tests': False, 'cmake_args': None, 'cmake_clean_cache': False, 'cmake_clean_first': False, 'cmake_force_configure': False, 'cmake_target': None, 'cmake_target_skip_unavailable': False, 'install_base': '/home/cimi/Documents/Workspace/humble/latihan_ws/install/pubsub_cpp', 'merge_install': False, 'path': '/home/cimi/Documents/Workspace/humble/latihan_ws/src/pubsub_cpp', 'symlink_install': False, 'test_result_base': None}[0m
[1.137s] [34mcolcon.colcon_core.verb[0m [1;30mLevel 5[0m set package 'pubsub_python' build argument 'cmake_args' from command line to 'None'
[1.137s] [34mcolcon.colcon_core.verb[0m [1;30mLevel 5[0m set package 'pubsub_python' build argument 'cmake_target' from command line to 'None'
[1.137s] [34mcolcon.colcon_core.verb[0m [1;30mLevel 5[0m set package 'pubsub_python' build argument 'cmake_target_skip_unavailable' from command line to 'False'
[1.137s] [34mcolcon.colcon_core.verb[0m [1;30mLevel 5[0m set package 'pubsub_python' build argument 'cmake_clean_cache' from command line to 'False'
[1.137s] [34mcolcon.colcon_core.verb[0m [1;30mLevel 5[0m set package 'pubsub_python' build argument 'cmake_clean_first' from command line to 'False'
[1.137s] [34mcolcon.colcon_core.verb[0m [1;30mLevel 5[0m set package 'pubsub_python' build argument 'cmake_force_configure' from command line to 'False'
[1.137s] [34mcolcon.colcon_core.verb[0m [1;30mLevel 5[0m set package 'pubsub_python' build argument 'ament_cmake_args' from command line to 'None'
[1.137s] [34mcolcon.colcon_core.verb[0m [1;30mLevel 5[0m set package 'pubsub_python' build argument 'catkin_cmake_args' from command line to 'None'
[1.137s] [34mcolcon.colcon_core.verb[0m [1;30mLevel 5[0m set package 'pubsub_python' build argument 'catkin_skip_building_tests' from command line to 'False'
[1.137s] [34mcolcon.colcon_core.verb[0m [1;30mDEBUG[0m [32mBuilding package 'pubsub_python' with the following arguments: {'ament_cmake_args': None, 'build_base': '/home/cimi/Documents/Workspace/humble/latihan_ws/build/pubsub_python', 'catkin_cmake_args': None, 'catkin_skip_building_tests': False, 'cmake_args': None, 'cmake_clean_cache': False, 'cmake_clean_first': False, 'cmake_force_configure': False, 'cmake_target': None, 'cmake_target_skip_unavailable': False, 'install_base': '/home/cimi/Documents/Workspace/humble/latihan_ws/install/pubsub_python', 'merge_install': False, 'path': '/home/cimi/Documents/Workspace/humble/latihan_ws/src/pubsub_python', 'symlink_install': False, 'test_result_base': None}[0m
[1.139s] [34mcolcon.colcon_core.verb[0m [1;30mLevel 5[0m set package 'py_srvcli' build argument 'cmake_args' from command line to 'None'
[1.140s] [34mcolcon.colcon_core.verb[0m [1;30mLevel 5[0m set package 'py_srvcli' build argument 'cmake_target' from command line to 'None'
[1.140s] [34mcolcon.colcon_core.verb[0m [1;30mLevel 5[0m set package 'py_srvcli' build argument 'cmake_target_skip_unavailable' from command line to 'False'
[1.140s] [34mcolcon.colcon_core.verb[0m [1;30mLevel 5[0m set package 'py_srvcli' build argument 'cmake_clean_cache' from command line to 'False'
[1.140s] [34mcolcon.colcon_core.verb[0m [1;30mLevel 5[0m set package 'py_srvcli' build argument 'cmake_clean_first' from command line to 'False'
[1.140s] [34mcolcon.colcon_core.verb[0m [1;30mLevel 5[0m set package 'py_srvcli' build argument 'cmake_force_configure' from command line to 'False'
[1.140s] [34mcolcon.colcon_core.verb[0m [1;30mLevel 5[0m set package 'py_srvcli' build argument 'ament_cmake_args' from command line to 'None'
[1.140s] [34mcolcon.colcon_core.verb[0m [1;30mLevel 5[0m set package 'py_srvcli' build argument 'catkin_cmake_args' from command line to 'None'
[1.140s] [34mcolcon.colcon_core.verb[0m [1;30mLevel 5[0m set package 'py_srvcli' build argument 'catkin_skip_building_tests' from command line to 'False'
[1.140s] [34mcolcon.colcon_core.verb[0m [1;30mDEBUG[0m [32mBuilding package 'py_srvcli' with the following arguments: {'ament_cmake_args': None, 'build_base': '/home/cimi/Documents/Workspace/humble/latihan_ws/build/py_srvcli', 'catkin_cmake_args': None, 'catkin_skip_building_tests': False, 'cmake_args': None, 'cmake_clean_cache': False, 'cmake_clean_first': False, 'cmake_force_configure': False, 'cmake_target': None, 'cmake_target_skip_unavailable': False, 'install_base': '/home/cimi/Documents/Workspace/humble/latihan_ws/install/py_srvcli', 'merge_install': False, 'path': '/home/cimi/Documents/Workspace/humble/latihan_ws/src/py_srvcli', 'symlink_install': False, 'test_result_base': None}[0m
[1.142s] [34mcolcon.colcon_core.verb[0m [1;30mLevel 5[0m set package 'sercli_cpp' build argument 'cmake_args' from command line to 'None'
[1.142s] [34mcolcon.colcon_core.verb[0m [1;30mLevel 5[0m set package 'sercli_cpp' build argument 'cmake_target' from command line to 'None'
[1.142s] [34mcolcon.colcon_core.verb[0m [1;30mLevel 5[0m set package 'sercli_cpp' build argument 'cmake_target_skip_unavailable' from command line to 'False'
[1.142s] [34mcolcon.colcon_core.verb[0m [1;30mLevel 5[0m set package 'sercli_cpp' build argument 'cmake_clean_cache' from command line to 'False'
[1.142s] [34mcolcon.colcon_core.verb[0m [1;30mLevel 5[0m set package 'sercli_cpp' build argument 'cmake_clean_first' from command line to 'False'
[1.142s] [34mcolcon.colcon_core.verb[0m [1;30mLevel 5[0m set package 'sercli_cpp' build argument 'cmake_force_configure' from command line to 'False'
[1.142s] [34mcolcon.colcon_core.verb[0m [1;30mLevel 5[0m set package 'sercli_cpp' build argument 'ament_cmake_args' from command line to 'None'
[1.142s] [34mcolcon.colcon_core.verb[0m [1;30mLevel 5[0m set package 'sercli_cpp' build argument 'catkin_cmake_args' from command line to 'None'
[1.143s] [34mcolcon.colcon_core.verb[0m [1;30mLevel 5[0m set package 'sercli_cpp' build argument 'catkin_skip_building_tests' from command line to 'False'
[1.143s] [34mcolcon.colcon_core.verb[0m [1;30mDEBUG[0m [32mBuilding package 'sercli_cpp' with the following arguments: {'ament_cmake_args': None, 'build_base': '/home/cimi/Documents/Workspace/humble/latihan_ws/build/sercli_cpp', 'catkin_cmake_args': None, 'catkin_skip_building_tests': False, 'cmake_args': None, 'cmake_clean_cache': False, 'cmake_clean_first': False, 'cmake_force_configure': False, 'cmake_target': None, 'cmake_target_skip_unavailable': False, 'install_base': '/home/cimi/Documents/Workspace/humble/latihan_ws/install/sercli_cpp', 'merge_install': False, 'path': '/home/cimi/Documents/Workspace/humble/latihan_ws/src/sercli_cpp', 'symlink_install': False, 'test_result_base': None}[0m
[1.145s] [34mcolcon.colcon_core.verb[0m [1;30mLevel 5[0m set package 'sercli_python' build argument 'cmake_args' from command line to 'None'
[1.145s] [34mcolcon.colcon_core.verb[0m [1;30mLevel 5[0m set package 'sercli_python' build argument 'cmake_target' from command line to 'None'
[1.145s] [34mcolcon.colcon_core.verb[0m [1;30mLevel 5[0m set package 'sercli_python' build argument 'cmake_target_skip_unavailable' from command line to 'False'
[1.145s] [34mcolcon.colcon_core.verb[0m [1;30mLevel 5[0m set package 'sercli_python' build argument 'cmake_clean_cache' from command line to 'False'
[1.145s] [34mcolcon.colcon_core.verb[0m [1;30mLevel 5[0m set package 'sercli_python' build argument 'cmake_clean_first' from command line to 'False'
[1.145s] [34mcolcon.colcon_core.verb[0m [1;30mLevel 5[0m set package 'sercli_python' build argument 'cmake_force_configure' from command line to 'False'
[1.145s] [34mcolcon.colcon_core.verb[0m [1;30mLevel 5[0m set package 'sercli_python' build argument 'ament_cmake_args' from command line to 'None'
[1.145s] [34mcolcon.colcon_core.verb[0m [1;30mLevel 5[0m set package 'sercli_python' build argument 'catkin_cmake_args' from command line to 'None'
[1.145s] [34mcolcon.colcon_core.verb[0m [1;30mLevel 5[0m set package 'sercli_python' build argument 'catkin_skip_building_tests' from command line to 'False'
[1.145s] [34mcolcon.colcon_core.verb[0m [1;30mDEBUG[0m [32mBuilding package 'sercli_python' with the following arguments: {'ament_cmake_args': None, 'build_base': '/home/cimi/Documents/Workspace/humble/latihan_ws/build/sercli_python', 'catkin_cmake_args': None, 'catkin_skip_building_tests': False, 'cmake_args': None, 'cmake_clean_cache': False, 'cmake_clean_first': False, 'cmake_force_configure': False, 'cmake_target': None, 'cmake_target_skip_unavailable': False, 'install_base': '/home/cimi/Documents/Workspace/humble/latihan_ws/install/sercli_python', 'merge_install': False, 'path': '/home/cimi/Documents/Workspace/humble/latihan_ws/src/sercli_python', 'symlink_install': False, 'test_result_base': None}[0m
[1.147s] [34mcolcon.colcon_core.executor[0m [1;30mINFO[0m Executing jobs using 'parallel' executor
[1.157s] [34mcolcon.colcon_parallel_executor.executor.parallel[0m [1;30mDEBUG[0m [32mrun_until_complete[0m
[1.157s] [34mcolcon.colcon_ros.task.ament_cmake.build[0m [1;30mINFO[0m Building ROS package in '/home/cimi/Documents/Workspace/humble/latihan_ws/src/pubsub_cpp' with build type 'ament_cmake'
[1.157s] [34mcolcon.colcon_cmake.task.cmake.build[0m [1;30mINFO[0m Building CMake package in '/home/cimi/Documents/Workspace/humble/latihan_ws/src/pubsub_cpp'
[1.166s] [34mcolcon.colcon_core.plugin_system[0m [1;30mINFO[0m Skipping extension 'colcon_core.shell.bat': Not used on non-Windows systems
[1.167s] [34mcolcon.colcon_core.shell[0m [1;30mINFO[0m Skip shell extension 'powershell' for command environment: Not usable outside of PowerShell
[1.167s] [34mcolcon.colcon_core.shell[0m [1;30mDEBUG[0m [32mSkip shell extension 'dsv' for command environment[0m
[1.198s] [34mcolcon.colcon_ros.task.ament_python.build[0m [1;30mINFO[0m Building ROS package in '/home/cimi/Documents/Workspace/humble/latihan_ws/src/pubsub_python' with build type 'ament_python'
[1.199s] [34mcolcon.colcon_core.shell[0m [1;30mLevel 1[0m create_environment_hook('pubsub_python', 'ament_prefix_path')
[1.203s] [34mcolcon.colcon_core.shell[0m [1;30mINFO[0m Creating environment hook '/home/cimi/Documents/Workspace/humble/latihan_ws/install/pubsub_python/share/pubsub_python/hook/ament_prefix_path.ps1'
[1.204s] [34mcolcon.colcon_core.shell[0m [1;30mINFO[0m Creating environment descriptor '/home/cimi/Documents/Workspace/humble/latihan_ws/install/pubsub_python/share/pubsub_python/hook/ament_prefix_path.dsv'
[1.205s] [34mcolcon.colcon_core.shell[0m [1;30mINFO[0m Creating environment hook '/home/cimi/Documents/Workspace/humble/latihan_ws/install/pubsub_python/share/pubsub_python/hook/ament_prefix_path.sh'
[1.209s] [34mcolcon.colcon_core.shell[0m [1;30mINFO[0m Skip shell extension 'powershell' for command environment: Not usable outside of PowerShell
[1.209s] [34mcolcon.colcon_core.shell[0m [1;30mDEBUG[0m [32mSkip shell extension 'dsv' for command environment[0m
[1.241s] [34mcolcon.colcon_ros.task.ament_python.build[0m [1;30mINFO[0m Building ROS package in '/home/cimi/Documents/Workspace/humble/latihan_ws/src/py_srvcli' with build type 'ament_python'
[1.242s] [34mcolcon.colcon_core.shell[0m [1;30mLevel 1[0m create_environment_hook('py_srvcli', 'ament_prefix_path')
[1.248s] [34mcolcon.colcon_core.shell[0m [1;30mINFO[0m Creating environment hook '/home/cimi/Documents/Workspace/humble/latihan_ws/install/py_srvcli/share/py_srvcli/hook/ament_prefix_path.ps1'
[1.248s] [34mcolcon.colcon_core.shell[0m [1;30mINFO[0m Creating environment descriptor '/home/cimi/Documents/Workspace/humble/latihan_ws/install/py_srvcli/share/py_srvcli/hook/ament_prefix_path.dsv'
[1.249s] [34mcolcon.colcon_core.shell[0m [1;30mINFO[0m Creating environment hook '/home/cimi/Documents/Workspace/humble/latihan_ws/install/py_srvcli/share/py_srvcli/hook/ament_prefix_path.sh'
[1.253s] [34mcolcon.colcon_core.shell[0m [1;30mINFO[0m Skip shell extension 'powershell' for command environment: Not usable outside of PowerShell
[1.253s] [34mcolcon.colcon_core.shell[0m [1;30mDEBUG[0m [32mSkip shell extension 'dsv' for command environment[0m
[1.283s] [34mcolcon.colcon_ros.task.ament_cmake.build[0m [1;30mINFO[0m Building ROS package in '/home/cimi/Documents/Workspace/humble/latihan_ws/src/sercli_cpp' with build type 'ament_cmake'
[1.283s] [34mcolcon.colcon_cmake.task.cmake.build[0m [1;30mINFO[0m Building CMake package in '/home/cimi/Documents/Workspace/humble/latihan_ws/src/sercli_cpp'
[1.287s] [34mcolcon.colcon_core.shell[0m [1;30mINFO[0m Skip shell extension 'powershell' for command environment: Not usable outside of PowerShell
[1.287s] [34mcolcon.colcon_core.shell[0m [1;30mDEBUG[0m [32mSkip shell extension 'dsv' for command environment[0m
[1.317s] [34mcolcon.colcon_core.task.python.build[0m [1;30mINFO[0m Building Python package in '/home/cimi/Documents/Workspace/humble/latihan_ws/src/sercli_python'
[1.322s] [34mcolcon.colcon_core.shell[0m [1;30mINFO[0m Skip shell extension 'powershell' for command environment: Not usable outside of PowerShell
[1.322s] [34mcolcon.colcon_core.shell[0m [1;30mDEBUG[0m [32mSkip shell extension 'dsv' for command environment[0m
[1.372s] [34mcolcon.colcon_core.event_handler.log_command[0m [1;30mDEBUG[0m [32mInvoking command in '/home/cimi/Documents/Workspace/humble/latihan_ws/build/pubsub_cpp': CMAKE_PREFIX_PATH=${CMAKE_PREFIX_PATH}:/home/cimi/Documents/Workspace/humble/latihan_ws/install/pubsub_python:/home/cimi/ros2_humble/install/rqt_bag_plugins:/home/cimi/ros2_humble/install/rqt_bag:/home/cimi/ros2_humble/install/ros2bag:/home/cimi/ros2_humble/install/tracetools_test:/home/cimi/ros2_humble/install/tracetools_launch:/home/cimi/ros2_humble/install/topic_monitor:/home/cimi/ros2_humble/install/tf2_tools:/home/cimi/ros2_humble/install/examples_tf2_py:/home/cimi/ros2_humble/install/tf2_ros_py:/home/cimi/ros2_humble/install/sros2:/home/cimi/ros2_humble/install/rqt_topic:/home/cimi/ros2_humble/install/rqt_srv:/home/cimi/ros2_humble/install/rqt_shell:/home/cimi/ros2_humble/install/rqt_service_caller:/home/cimi/ros2_humble/install/rqt_reconfigure:/home/cimi/ros2_humble/install/rqt_py_console:/home/cimi/ros2_humble/install/rqt_publisher:/home/cimi/ros2_humble/install/rqt_plot:/home/cimi/ros2_humble/install/rqt_action:/home/cimi/ros2_humble/install/rqt_msg:/home/cimi/ros2_humble/install/rqt_console:/home/cimi/ros2_humble/install/rqt:/home/cimi/ros2_humble/install/rqt_graph:/home/cimi/ros2_humble/install/rqt_gui_py:/home/cimi/ros2_humble/install/rqt_gui:/home/cimi/ros2_humble/install/ros2trace:/home/cimi/ros2_humble/install/ros2topic:/home/cimi/ros2_humble/install/ros2test:/home/cimi/ros2_humble/install/ros2component:/home/cimi/ros2_humble/install/ros2param:/home/cimi/ros2_humble/install/ros2lifecycle:/home/cimi/ros2_humble/install/ros2service:/home/cimi/ros2_humble/install/ros2run:/home/cimi/ros2_humble/install/ros2launch:/home/cimi/ros2_humble/install/ros2pkg:/home/cimi/ros2_humble/install/ros2node:/home/cimi/ros2_humble/install/ros2multicast:/home/cimi/ros2_humble/install/ros2interface:/home/cimi/ros2_humble/install/ros2doctor:/home/cimi/ros2_humble/install/ros2action:/home/cimi/ros2_humble/install/ros2cli:/home/cimi/ros2_humble/install/quality_of_service_demo_py:/home/cimi/ros2_humble/install/lifecycle_py:/home/cimi/ros2_humble/install/launch_testing_ros:/home/cimi/ros2_humble/install/launch_ros:/home/cimi/ros2_humble/install/examples_rclpy_pointcloud_publisher:/home/cimi/ros2_humble/install/examples_rclpy_minimal_subscriber:/home/cimi/ros2_humble/install/examples_rclpy_minimal_service:/home/cimi/ros2_humble/install/examples_rclpy_minimal_publisher:/home/cimi/ros2_humble/install/examples_rclpy_minimal_client:/home/cimi/ros2_humble/install/examples_rclpy_minimal_action_server:/home/cimi/ros2_humble/install/examples_rclpy_minimal_action_client:/home/cimi/ros2_humble/install/examples_rclpy_guard_conditions:/home/cimi/ros2_humble/install/examples_rclpy_executors:/home/cimi/ros2_humble/install/demo_nodes_py:/home/cimi/ros2_humble/install/action_tutorials_py:/home/cimi/ros2_humble/install/ament_uncrustify:/home/cimi/ros2_humble/install/tracetools_trace:/home/cimi/ros2_humble/install/tracetools_read:/home/cimi/ros2_humble/install/test_tracetools_launch:/home/cimi/ros2_humble/install/test_launch_ros:/home/cimi/ros2_humble/install/sensor_msgs_py:/home/cimi/ros2_humble/install/rpyutils:/home/cimi/ros2_humble/install/rosidl_runtime_py:/home/cimi/ros2_humble/install/rosidl_cli:/home/cimi/ros2_humble/install/launch_pytest:/home/cimi/ros2_humble/install/launch_testing:/home/cimi/ros2_humble/install/launch_yaml:/home/cimi/ros2_humble/install/launch_xml:/home/cimi/ros2_humble/install/launch:/home/cimi/ros2_humble/install/osrf_pycommon:/home/cimi/ros2_humble/install/launch_testing_examples:/home/cimi/ros2_humble/install/domain_coordinator:/home/cimi/ros2_humble/install/ament_xmllint:/home/cimi/ros2_humble/install/ament_pyflakes:/home/cimi/ros2_humble/install/ament_pycodestyle:/home/cimi/ros2_humble/install/ament_pep257:/home/cimi/ros2_humble/install/ament_pclint:/home/cimi/ros2_humble/install/ament_package:/home/cimi/ros2_humble/install/ament_mypy:/home/cimi/ros2_humble/install/ament_lint_cmake:/home/cimi/ros2_humble/install/ament_flake8:/home/cimi/ros2_humble/install/ament_copyright:/home/cimi/ros2_humble/install/ament_lint:/home/cimi/ros2_humble/install/ament_index_python:/home/cimi/ros2_humble/install/ament_cpplint:/home/cimi/ros2_humble/install/ament_cppcheck:/home/cimi/ros2_humble/install/ament_clang_tidy:/home/cimi/ros2_humble/install/ament_clang_format /usr/bin/cmake --build /home/cimi/Documents/Workspace/humble/latihan_ws/build/pubsub_cpp -- -j8 -l8[0m
[1.944s] [34mcolcon.colcon_core.task.python.build[0m [1;30mINFO[0m Building Python package in '/home/cimi/Documents/Workspace/humble/latihan_ws/src/pubsub_python'
[1.949s] [34mcolcon.colcon_core.shell[0m [1;30mINFO[0m Skip shell extension 'powershell' for command environment: Not usable outside of PowerShell
[1.949s] [34mcolcon.colcon_core.shell[0m [1;30mDEBUG[0m [32mSkip shell extension 'dsv' for command environment[0m
[2.414s] [34mcolcon.colcon_core.task.python.build[0m [1;30mINFO[0m Building Python package in '/home/cimi/Documents/Workspace/humble/latihan_ws/src/py_srvcli'
[2.419s] [34mcolcon.colcon_core.shell[0m [1;30mINFO[0m Skip shell extension 'powershell' for command environment: Not usable outside of PowerShell
[2.419s] [34mcolcon.colcon_core.shell[0m [1;30mDEBUG[0m [32mSkip shell extension 'dsv' for command environment[0m
[2.462s] [34mcolcon.colcon_core.event_handler.log_command[0m [1;30mDEBUG[0m [32mInvoking command in '/home/cimi/Documents/Workspace/humble/latihan_ws/build/sercli_cpp': CMAKE_PREFIX_PATH=${CMAKE_PREFIX_PATH}:/home/cimi/Documents/Workspace/humble/latihan_ws/install/pubsub_python:/home/cimi/ros2_humble/install/rqt_bag_plugins:/home/cimi/ros2_humble/install/rqt_bag:/home/cimi/ros2_humble/install/ros2bag:/home/cimi/ros2_humble/install/tracetools_test:/home/cimi/ros2_humble/install/tracetools_launch:/home/cimi/ros2_humble/install/topic_monitor:/home/cimi/ros2_humble/install/tf2_tools:/home/cimi/ros2_humble/install/examples_tf2_py:/home/cimi/ros2_humble/install/tf2_ros_py:/home/cimi/ros2_humble/install/sros2:/home/cimi/ros2_humble/install/rqt_topic:/home/cimi/ros2_humble/install/rqt_srv:/home/cimi/ros2_humble/install/rqt_shell:/home/cimi/ros2_humble/install/rqt_service_caller:/home/cimi/ros2_humble/install/rqt_reconfigure:/home/cimi/ros2_humble/install/rqt_py_console:/home/cimi/ros2_humble/install/rqt_publisher:/home/cimi/ros2_humble/install/rqt_plot:/home/cimi/ros2_humble/install/rqt_action:/home/cimi/ros2_humble/install/rqt_msg:/home/cimi/ros2_humble/install/rqt_console:/home/cimi/ros2_humble/install/rqt:/home/cimi/ros2_humble/install/rqt_graph:/home/cimi/ros2_humble/install/rqt_gui_py:/home/cimi/ros2_humble/install/rqt_gui:/home/cimi/ros2_humble/install/ros2trace:/home/cimi/ros2_humble/install/ros2topic:/home/cimi/ros2_humble/install/ros2test:/home/cimi/ros2_humble/install/ros2component:/home/cimi/ros2_humble/install/ros2param:/home/cimi/ros2_humble/install/ros2lifecycle:/home/cimi/ros2_humble/install/ros2service:/home/cimi/ros2_humble/install/ros2run:/home/cimi/ros2_humble/install/ros2launch:/home/cimi/ros2_humble/install/ros2pkg:/home/cimi/ros2_humble/install/ros2node:/home/cimi/ros2_humble/install/ros2multicast:/home/cimi/ros2_humble/install/ros2interface:/home/cimi/ros2_humble/install/ros2doctor:/home/cimi/ros2_humble/install/ros2action:/home/cimi/ros2_humble/install/ros2cli:/home/cimi/ros2_humble/install/quality_of_service_demo_py:/home/cimi/ros2_humble/install/lifecycle_py:/home/cimi/ros2_humble/install/launch_testing_ros:/home/cimi/ros2_humble/install/launch_ros:/home/cimi/ros2_humble/install/examples_rclpy_pointcloud_publisher:/home/cimi/ros2_humble/install/examples_rclpy_minimal_subscriber:/home/cimi/ros2_humble/install/examples_rclpy_minimal_service:/home/cimi/ros2_humble/install/examples_rclpy_minimal_publisher:/home/cimi/ros2_humble/install/examples_rclpy_minimal_client:/home/cimi/ros2_humble/install/examples_rclpy_minimal_action_server:/home/cimi/ros2_humble/install/examples_rclpy_minimal_action_client:/home/cimi/ros2_humble/install/examples_rclpy_guard_conditions:/home/cimi/ros2_humble/install/examples_rclpy_executors:/home/cimi/ros2_humble/install/demo_nodes_py:/home/cimi/ros2_humble/install/action_tutorials_py:/home/cimi/ros2_humble/install/ament_uncrustify:/home/cimi/ros2_humble/install/tracetools_trace:/home/cimi/ros2_humble/install/tracetools_read:/home/cimi/ros2_humble/install/test_tracetools_launch:/home/cimi/ros2_humble/install/test_launch_ros:/home/cimi/ros2_humble/install/sensor_msgs_py:/home/cimi/ros2_humble/install/rpyutils:/home/cimi/ros2_humble/install/rosidl_runtime_py:/home/cimi/ros2_humble/install/rosidl_cli:/home/cimi/ros2_humble/install/launch_pytest:/home/cimi/ros2_humble/install/launch_testing:/home/cimi/ros2_humble/install/launch_yaml:/home/cimi/ros2_humble/install/launch_xml:/home/cimi/ros2_humble/install/launch:/home/cimi/ros2_humble/install/osrf_pycommon:/home/cimi/ros2_humble/install/launch_testing_examples:/home/cimi/ros2_humble/install/domain_coordinator:/home/cimi/ros2_humble/install/ament_xmllint:/home/cimi/ros2_humble/install/ament_pyflakes:/home/cimi/ros2_humble/install/ament_pycodestyle:/home/cimi/ros2_humble/install/ament_pep257:/home/cimi/ros2_humble/install/ament_pclint:/home/cimi/ros2_humble/install/ament_package:/home/cimi/ros2_humble/install/ament_mypy:/home/cimi/ros2_humble/install/ament_lint_cmake:/home/cimi/ros2_humble/install/ament_flake8:/home/cimi/ros2_humble/install/ament_copyright:/home/cimi/ros2_humble/install/ament_lint:/home/cimi/ros2_humble/install/ament_index_python:/home/cimi/ros2_humble/install/ament_cpplint:/home/cimi/ros2_humble/install/ament_cppcheck:/home/cimi/ros2_humble/install/ament_clang_tidy:/home/cimi/ros2_humble/install/ament_clang_format /usr/bin/cmake --build /home/cimi/Documents/Workspace/humble/latihan_ws/build/sercli_cpp -- -j8 -l8[0m
[2.475s] [34mcolcon.colcon_core.event_handler.log_command[0m [1;30mDEBUG[0m [32mInvoked command in '/home/cimi/Documents/Workspace/humble/latihan_ws/build/pubsub_cpp' returned '0': CMAKE_PREFIX_PATH=${CMAKE_PREFIX_PATH}:/home/cimi/Documents/Workspace/humble/latihan_ws/install/pubsub_python:/home/cimi/ros2_humble/install/rqt_bag_plugins:/home/cimi/ros2_humble/install/rqt_bag:/home/cimi/ros2_humble/install/ros2bag:/home/cimi/ros2_humble/install/tracetools_test:/home/cimi/ros2_humble/install/tracetools_launch:/home/cimi/ros2_humble/install/topic_monitor:/home/cimi/ros2_humble/install/tf2_tools:/home/cimi/ros2_humble/install/examples_tf2_py:/home/cimi/ros2_humble/install/tf2_ros_py:/home/cimi/ros2_humble/install/sros2:/home/cimi/ros2_humble/install/rqt_topic:/home/cimi/ros2_humble/install/rqt_srv:/home/cimi/ros2_humble/install/rqt_shell:/home/cimi/ros2_humble/install/rqt_service_caller:/home/cimi/ros2_humble/install/rqt_reconfigure:/home/cimi/ros2_humble/install/rqt_py_console:/home/cimi/ros2_humble/install/rqt_publisher:/home/cimi/ros2_humble/install/rqt_plot:/home/cimi/ros2_humble/install/rqt_action:/home/cimi/ros2_humble/install/rqt_msg:/home/cimi/ros2_humble/install/rqt_console:/home/cimi/ros2_humble/install/rqt:/home/cimi/ros2_humble/install/rqt_graph:/home/cimi/ros2_humble/install/rqt_gui_py:/home/cimi/ros2_humble/install/rqt_gui:/home/cimi/ros2_humble/install/ros2trace:/home/cimi/ros2_humble/install/ros2topic:/home/cimi/ros2_humble/install/ros2test:/home/cimi/ros2_humble/install/ros2component:/home/cimi/ros2_humble/install/ros2param:/home/cimi/ros2_humble/install/ros2lifecycle:/home/cimi/ros2_humble/install/ros2service:/home/cimi/ros2_humble/install/ros2run:/home/cimi/ros2_humble/install/ros2launch:/home/cimi/ros2_humble/install/ros2pkg:/home/cimi/ros2_humble/install/ros2node:/home/cimi/ros2_humble/install/ros2multicast:/home/cimi/ros2_humble/install/ros2interface:/home/cimi/ros2_humble/install/ros2doctor:/home/cimi/ros2_humble/install/ros2action:/home/cimi/ros2_humble/install/ros2cli:/home/cimi/ros2_humble/install/quality_of_service_demo_py:/home/cimi/ros2_humble/install/lifecycle_py:/home/cimi/ros2_humble/install/launch_testing_ros:/home/cimi/ros2_humble/install/launch_ros:/home/cimi/ros2_humble/install/examples_rclpy_pointcloud_publisher:/home/cimi/ros2_humble/install/examples_rclpy_minimal_subscriber:/home/cimi/ros2_humble/install/examples_rclpy_minimal_service:/home/cimi/ros2_humble/install/examples_rclpy_minimal_publisher:/home/cimi/ros2_humble/install/examples_rclpy_minimal_client:/home/cimi/ros2_humble/install/examples_rclpy_minimal_action_server:/home/cimi/ros2_humble/install/examples_rclpy_minimal_action_client:/home/cimi/ros2_humble/install/examples_rclpy_guard_conditions:/home/cimi/ros2_humble/install/examples_rclpy_executors:/home/cimi/ros2_humble/install/demo_nodes_py:/home/cimi/ros2_humble/install/action_tutorials_py:/home/cimi/ros2_humble/install/ament_uncrustify:/home/cimi/ros2_humble/install/tracetools_trace:/home/cimi/ros2_humble/install/tracetools_read:/home/cimi/ros2_humble/install/test_tracetools_launch:/home/cimi/ros2_humble/install/test_launch_ros:/home/cimi/ros2_humble/install/sensor_msgs_py:/home/cimi/ros2_humble/install/rpyutils:/home/cimi/ros2_humble/install/rosidl_runtime_py:/home/cimi/ros2_humble/install/rosidl_cli:/home/cimi/ros2_humble/install/launch_pytest:/home/cimi/ros2_humble/install/launch_testing:/home/cimi/ros2_humble/install/launch_yaml:/home/cimi/ros2_humble/install/launch_xml:/home/cimi/ros2_humble/install/launch:/home/cimi/ros2_humble/install/osrf_pycommon:/home/cimi/ros2_humble/install/launch_testing_examples:/home/cimi/ros2_humble/install/domain_coordinator:/home/cimi/ros2_humble/install/ament_xmllint:/home/cimi/ros2_humble/install/ament_pyflakes:/home/cimi/ros2_humble/install/ament_pycodestyle:/home/cimi/ros2_humble/install/ament_pep257:/home/cimi/ros2_humble/install/ament_pclint:/home/cimi/ros2_humble/install/ament_package:/home/cimi/ros2_humble/install/ament_mypy:/home/cimi/ros2_humble/install/ament_lint_cmake:/home/cimi/ros2_humble/install/ament_flake8:/home/cimi/ros2_humble/install/ament_copyright:/home/cimi/ros2_humble/install/ament_lint:/home/cimi/ros2_humble/install/ament_index_python:/home/cimi/ros2_humble/install/ament_cpplint:/home/cimi/ros2_humble/install/ament_cppcheck:/home/cimi/ros2_humble/install/ament_clang_tidy:/home/cimi/ros2_humble/install/ament_clang_format /usr/bin/cmake --build /home/cimi/Documents/Workspace/humble/latihan_ws/build/pubsub_cpp -- -j8 -l8[0m
[3.166s] [34mcolcon.colcon_core.event_handler.log_command[0m [1;30mDEBUG[0m [32mInvoking command in '/home/cimi/Documents/Workspace/humble/latihan_ws/build/pubsub_cpp': CMAKE_PREFIX_PATH=${CMAKE_PREFIX_PATH}:/home/cimi/Documents/Workspace/humble/latihan_ws/install/pubsub_python:/home/cimi/ros2_humble/install/rqt_bag_plugins:/home/cimi/ros2_humble/install/rqt_bag:/home/cimi/ros2_humble/install/ros2bag:/home/cimi/ros2_humble/install/tracetools_test:/home/cimi/ros2_humble/install/tracetools_launch:/home/cimi/ros2_humble/install/topic_monitor:/home/cimi/ros2_humble/install/tf2_tools:/home/cimi/ros2_humble/install/examples_tf2_py:/home/cimi/ros2_humble/install/tf2_ros_py:/home/cimi/ros2_humble/install/sros2:/home/cimi/ros2_humble/install/rqt_topic:/home/cimi/ros2_humble/install/rqt_srv:/home/cimi/ros2_humble/install/rqt_shell:/home/cimi/ros2_humble/install/rqt_service_caller:/home/cimi/ros2_humble/install/rqt_reconfigure:/home/cimi/ros2_humble/install/rqt_py_console:/home/cimi/ros2_humble/install/rqt_publisher:/home/cimi/ros2_humble/install/rqt_plot:/home/cimi/ros2_humble/install/rqt_action:/home/cimi/ros2_humble/install/rqt_msg:/home/cimi/ros2_humble/install/rqt_console:/home/cimi/ros2_humble/install/rqt:/home/cimi/ros2_humble/install/rqt_graph:/home/cimi/ros2_humble/install/rqt_gui_py:/home/cimi/ros2_humble/install/rqt_gui:/home/cimi/ros2_humble/install/ros2trace:/home/cimi/ros2_humble/install/ros2topic:/home/cimi/ros2_humble/install/ros2test:/home/cimi/ros2_humble/install/ros2component:/home/cimi/ros2_humble/install/ros2param:/home/cimi/ros2_humble/install/ros2lifecycle:/home/cimi/ros2_humble/install/ros2service:/home/cimi/ros2_humble/install/ros2run:/home/cimi/ros2_humble/install/ros2launch:/home/cimi/ros2_humble/install/ros2pkg:/home/cimi/ros2_humble/install/ros2node:/home/cimi/ros2_humble/install/ros2multicast:/home/cimi/ros2_humble/install/ros2interface:/home/cimi/ros2_humble/install/ros2doctor:/home/cimi/ros2_humble/install/ros2action:/home/cimi/ros2_humble/install/ros2cli:/home/cimi/ros2_humble/install/quality_of_service_demo_py:/home/cimi/ros2_humble/install/lifecycle_py:/home/cimi/ros2_humble/install/launch_testing_ros:/home/cimi/ros2_humble/install/launch_ros:/home/cimi/ros2_humble/install/examples_rclpy_pointcloud_publisher:/home/cimi/ros2_humble/install/examples_rclpy_minimal_subscriber:/home/cimi/ros2_humble/install/examples_rclpy_minimal_service:/home/cimi/ros2_humble/install/examples_rclpy_minimal_publisher:/home/cimi/ros2_humble/install/examples_rclpy_minimal_client:/home/cimi/ros2_humble/install/examples_rclpy_minimal_action_server:/home/cimi/ros2_humble/install/examples_rclpy_minimal_action_client:/home/cimi/ros2_humble/install/examples_rclpy_guard_conditions:/home/cimi/ros2_humble/install/examples_rclpy_executors:/home/cimi/ros2_humble/install/demo_nodes_py:/home/cimi/ros2_humble/install/action_tutorials_py:/home/cimi/ros2_humble/install/ament_uncrustify:/home/cimi/ros2_humble/install/tracetools_trace:/home/cimi/ros2_humble/install/tracetools_read:/home/cimi/ros2_humble/install/test_tracetools_launch:/home/cimi/ros2_humble/install/test_launch_ros:/home/cimi/ros2_humble/install/sensor_msgs_py:/home/cimi/ros2_humble/install/rpyutils:/home/cimi/ros2_humble/install/rosidl_runtime_py:/home/cimi/ros2_humble/install/rosidl_cli:/home/cimi/ros2_humble/install/launch_pytest:/home/cimi/ros2_humble/install/launch_testing:/home/cimi/ros2_humble/install/launch_yaml:/home/cimi/ros2_humble/install/launch_xml:/home/cimi/ros2_humble/install/launch:/home/cimi/ros2_humble/install/osrf_pycommon:/home/cimi/ros2_humble/install/launch_testing_examples:/home/cimi/ros2_humble/install/domain_coordinator:/home/cimi/ros2_humble/install/ament_xmllint:/home/cimi/ros2_humble/install/ament_pyflakes:/home/cimi/ros2_humble/install/ament_pycodestyle:/home/cimi/ros2_humble/install/ament_pep257:/home/cimi/ros2_humble/install/ament_pclint:/home/cimi/ros2_humble/install/ament_package:/home/cimi/ros2_humble/install/ament_mypy:/home/cimi/ros2_humble/install/ament_lint_cmake:/home/cimi/ros2_humble/install/ament_flake8:/home/cimi/ros2_humble/install/ament_copyright:/home/cimi/ros2_humble/install/ament_lint:/home/cimi/ros2_humble/install/ament_index_python:/home/cimi/ros2_humble/install/ament_cpplint:/home/cimi/ros2_humble/install/ament_cppcheck:/home/cimi/ros2_humble/install/ament_clang_tidy:/home/cimi/ros2_humble/install/ament_clang_format /usr/bin/cmake --install /home/cimi/Documents/Workspace/humble/latihan_ws/build/pubsub_cpp[0m
[3.169s] [34mcolcon.colcon_core.event_handler.log_command[0m [1;30mDEBUG[0m [32mInvoked command in '/home/cimi/Documents/Workspace/humble/latihan_ws/build/sercli_cpp' returned '0': CMAKE_PREFIX_PATH=${CMAKE_PREFIX_PATH}:/home/cimi/Documents/Workspace/humble/latihan_ws/install/pubsub_python:/home/cimi/ros2_humble/install/rqt_bag_plugins:/home/cimi/ros2_humble/install/rqt_bag:/home/cimi/ros2_humble/install/ros2bag:/home/cimi/ros2_humble/install/tracetools_test:/home/cimi/ros2_humble/install/tracetools_launch:/home/cimi/ros2_humble/install/topic_monitor:/home/cimi/ros2_humble/install/tf2_tools:/home/cimi/ros2_humble/install/examples_tf2_py:/home/cimi/ros2_humble/install/tf2_ros_py:/home/cimi/ros2_humble/install/sros2:/home/cimi/ros2_humble/install/rqt_topic:/home/cimi/ros2_humble/install/rqt_srv:/home/cimi/ros2_humble/install/rqt_shell:/home/cimi/ros2_humble/install/rqt_service_caller:/home/cimi/ros2_humble/install/rqt_reconfigure:/home/cimi/ros2_humble/install/rqt_py_console:/home/cimi/ros2_humble/install/rqt_publisher:/home/cimi/ros2_humble/install/rqt_plot:/home/cimi/ros2_humble/install/rqt_action:/home/cimi/ros2_humble/install/rqt_msg:/home/cimi/ros2_humble/install/rqt_console:/home/cimi/ros2_humble/install/rqt:/home/cimi/ros2_humble/install/rqt_graph:/home/cimi/ros2_humble/install/rqt_gui_py:/home/cimi/ros2_humble/install/rqt_gui:/home/cimi/ros2_humble/install/ros2trace:/home/cimi/ros2_humble/install/ros2topic:/home/cimi/ros2_humble/install/ros2test:/home/cimi/ros2_humble/install/ros2component:/home/cimi/ros2_humble/install/ros2param:/home/cimi/ros2_humble/install/ros2lifecycle:/home/cimi/ros2_humble/install/ros2service:/home/cimi/ros2_humble/install/ros2run:/home/cimi/ros2_humble/install/ros2launch:/home/cimi/ros2_humble/install/ros2pkg:/home/cimi/ros2_humble/install/ros2node:/home/cimi/ros2_humble/install/ros2multicast:/home/cimi/ros2_humble/install/ros2interface:/home/cimi/ros2_humble/install/ros2doctor:/home/cimi/ros2_humble/install/ros2action:/home/cimi/ros2_humble/install/ros2cli:/home/cimi/ros2_humble/install/quality_of_service_demo_py:/home/cimi/ros2_humble/install/lifecycle_py:/home/cimi/ros2_humble/install/launch_testing_ros:/home/cimi/ros2_humble/install/launch_ros:/home/cimi/ros2_humble/install/examples_rclpy_pointcloud_publisher:/home/cimi/ros2_humble/install/examples_rclpy_minimal_subscriber:/home/cimi/ros2_humble/install/examples_rclpy_minimal_service:/home/cimi/ros2_humble/install/examples_rclpy_minimal_publisher:/home/cimi/ros2_humble/install/examples_rclpy_minimal_client:/home/cimi/ros2_humble/install/examples_rclpy_minimal_action_server:/home/cimi/ros2_humble/install/examples_rclpy_minimal_action_client:/home/cimi/ros2_humble/install/examples_rclpy_guard_conditions:/home/cimi/ros2_humble/install/examples_rclpy_executors:/home/cimi/ros2_humble/install/demo_nodes_py:/home/cimi/ros2_humble/install/action_tutorials_py:/home/cimi/ros2_humble/install/ament_uncrustify:/home/cimi/ros2_humble/install/tracetools_trace:/home/cimi/ros2_humble/install/tracetools_read:/home/cimi/ros2_humble/install/test_tracetools_launch:/home/cimi/ros2_humble/install/test_launch_ros:/home/cimi/ros2_humble/install/sensor_msgs_py:/home/cimi/ros2_humble/install/rpyutils:/home/cimi/ros2_humble/install/rosidl_runtime_py:/home/cimi/ros2_humble/install/rosidl_cli:/home/cimi/ros2_humble/install/launch_pytest:/home/cimi/ros2_humble/install/launch_testing:/home/cimi/ros2_humble/install/launch_yaml:/home/cimi/ros2_humble/install/launch_xml:/home/cimi/ros2_humble/install/launch:/home/cimi/ros2_humble/install/osrf_pycommon:/home/cimi/ros2_humble/install/launch_testing_examples:/home/cimi/ros2_humble/install/domain_coordinator:/home/cimi/ros2_humble/install/ament_xmllint:/home/cimi/ros2_humble/install/ament_pyflakes:/home/cimi/ros2_humble/install/ament_pycodestyle:/home/cimi/ros2_humble/install/ament_pep257:/home/cimi/ros2_humble/install/ament_pclint:/home/cimi/ros2_humble/install/ament_package:/home/cimi/ros2_humble/install/ament_mypy:/home/cimi/ros2_humble/install/ament_lint_cmake:/home/cimi/ros2_humble/install/ament_flake8:/home/cimi/ros2_humble/install/ament_copyright:/home/cimi/ros2_humble/install/ament_lint:/home/cimi/ros2_humble/install/ament_index_python:/home/cimi/ros2_humble/install/ament_cpplint:/home/cimi/ros2_humble/install/ament_cppcheck:/home/cimi/ros2_humble/install/ament_clang_tidy:/home/cimi/ros2_humble/install/ament_clang_format /usr/bin/cmake --build /home/cimi/Documents/Workspace/humble/latihan_ws/build/sercli_cpp -- -j8 -l8[0m
[3.207s] [34mcolcon.colcon_core.environment[0m [1;30mLevel 1[0m create_environment_scripts_only(pubsub_cpp)
[3.231s] [34mcolcon.colcon_core.event_handler.log_command[0m [1;30mDEBUG[0m [32mInvoked command in '/home/cimi/Documents/Workspace/humble/latihan_ws/build/pubsub_cpp' returned '0': CMAKE_PREFIX_PATH=${CMAKE_PREFIX_PATH}:/home/cimi/Documents/Workspace/humble/latihan_ws/install/pubsub_python:/home/cimi/ros2_humble/install/rqt_bag_plugins:/home/cimi/ros2_humble/install/rqt_bag:/home/cimi/ros2_humble/install/ros2bag:/home/cimi/ros2_humble/install/tracetools_test:/home/cimi/ros2_humble/install/tracetools_launch:/home/cimi/ros2_humble/install/topic_monitor:/home/cimi/ros2_humble/install/tf2_tools:/home/cimi/ros2_humble/install/examples_tf2_py:/home/cimi/ros2_humble/install/tf2_ros_py:/home/cimi/ros2_humble/install/sros2:/home/cimi/ros2_humble/install/rqt_topic:/home/cimi/ros2_humble/install/rqt_srv:/home/cimi/ros2_humble/install/rqt_shell:/home/cimi/ros2_humble/install/rqt_service_caller:/home/cimi/ros2_humble/install/rqt_reconfigure:/home/cimi/ros2_humble/install/rqt_py_console:/home/cimi/ros2_humble/install/rqt_publisher:/home/cimi/ros2_humble/install/rqt_plot:/home/cimi/ros2_humble/install/rqt_action:/home/cimi/ros2_humble/install/rqt_msg:/home/cimi/ros2_humble/install/rqt_console:/home/cimi/ros2_humble/install/rqt:/home/cimi/ros2_humble/install/rqt_graph:/home/cimi/ros2_humble/install/rqt_gui_py:/home/cimi/ros2_humble/install/rqt_gui:/home/cimi/ros2_humble/install/ros2trace:/home/cimi/ros2_humble/install/ros2topic:/home/cimi/ros2_humble/install/ros2test:/home/cimi/ros2_humble/install/ros2component:/home/cimi/ros2_humble/install/ros2param:/home/cimi/ros2_humble/install/ros2lifecycle:/home/cimi/ros2_humble/install/ros2service:/home/cimi/ros2_humble/install/ros2run:/home/cimi/ros2_humble/install/ros2launch:/home/cimi/ros2_humble/install/ros2pkg:/home/cimi/ros2_humble/install/ros2node:/home/cimi/ros2_humble/install/ros2multicast:/home/cimi/ros2_humble/install/ros2interface:/home/cimi/ros2_humble/install/ros2doctor:/home/cimi/ros2_humble/install/ros2action:/home/cimi/ros2_humble/install/ros2cli:/home/cimi/ros2_humble/install/quality_of_service_demo_py:/home/cimi/ros2_humble/install/lifecycle_py:/home/cimi/ros2_humble/install/launch_testing_ros:/home/cimi/ros2_humble/install/launch_ros:/home/cimi/ros2_humble/install/examples_rclpy_pointcloud_publisher:/home/cimi/ros2_humble/install/examples_rclpy_minimal_subscriber:/home/cimi/ros2_humble/install/examples_rclpy_minimal_service:/home/cimi/ros2_humble/install/examples_rclpy_minimal_publisher:/home/cimi/ros2_humble/install/examples_rclpy_minimal_client:/home/cimi/ros2_humble/install/examples_rclpy_minimal_action_server:/home/cimi/ros2_humble/install/examples_rclpy_minimal_action_client:/home/cimi/ros2_humble/install/examples_rclpy_guard_conditions:/home/cimi/ros2_humble/install/examples_rclpy_executors:/home/cimi/ros2_humble/install/demo_nodes_py:/home/cimi/ros2_humble/install/action_tutorials_py:/home/cimi/ros2_humble/install/ament_uncrustify:/home/cimi/ros2_humble/install/tracetools_trace:/home/cimi/ros2_humble/install/tracetools_read:/home/cimi/ros2_humble/install/test_tracetools_launch:/home/cimi/ros2_humble/install/test_launch_ros:/home/cimi/ros2_humble/install/sensor_msgs_py:/home/cimi/ros2_humble/install/rpyutils:/home/cimi/ros2_humble/install/rosidl_runtime_py:/home/cimi/ros2_humble/install/rosidl_cli:/home/cimi/ros2_humble/install/launch_pytest:/home/cimi/ros2_humble/install/launch_testing:/home/cimi/ros2_humble/install/launch_yaml:/home/cimi/ros2_humble/install/launch_xml:/home/cimi/ros2_humble/install/launch:/home/cimi/ros2_humble/install/osrf_pycommon:/home/cimi/ros2_humble/install/launch_testing_examples:/home/cimi/ros2_humble/install/domain_coordinator:/home/cimi/ros2_humble/install/ament_xmllint:/home/cimi/ros2_humble/install/ament_pyflakes:/home/cimi/ros2_humble/install/ament_pycodestyle:/home/cimi/ros2_humble/install/ament_pep257:/home/cimi/ros2_humble/install/ament_pclint:/home/cimi/ros2_humble/install/ament_package:/home/cimi/ros2_humble/install/ament_mypy:/home/cimi/ros2_humble/install/ament_lint_cmake:/home/cimi/ros2_humble/install/ament_flake8:/home/cimi/ros2_humble/install/ament_copyright:/home/cimi/ros2_humble/install/ament_lint:/home/cimi/ros2_humble/install/ament_index_python:/home/cimi/ros2_humble/install/ament_cpplint:/home/cimi/ros2_humble/install/ament_cppcheck:/home/cimi/ros2_humble/install/ament_clang_tidy:/home/cimi/ros2_humble/install/ament_clang_format /usr/bin/cmake --install /home/cimi/Documents/Workspace/humble/latihan_ws/build/pubsub_cpp[0m
[3.239s] [34mcolcon.colcon_core.environment[0m [1;30mLevel 1[0m checking '/home/cimi/Documents/Workspace/humble/latihan_ws/install/pubsub_cpp' for CMake module files
[3.240s] [34mcolcon.colcon_core.environment[0m [1;30mLevel 1[0m checking '/home/cimi/Documents/Workspace/humble/latihan_ws/install/pubsub_cpp' for CMake config files
[3.240s] [34mcolcon.colcon_core.shell[0m [1;30mLevel 1[0m create_environment_hook('pubsub_cpp', 'cmake_prefix_path')
[3.251s] [34mcolcon.colcon_core.shell[0m [1;30mINFO[0m Creating environment hook '/home/cimi/Documents/Workspace/humble/latihan_ws/install/pubsub_cpp/share/pubsub_cpp/hook/cmake_prefix_path.ps1'
[3.252s] [34mcolcon.colcon_core.shell[0m [1;30mINFO[0m Creating environment descriptor '/home/cimi/Documents/Workspace/humble/latihan_ws/install/pubsub_cpp/share/pubsub_cpp/hook/cmake_prefix_path.dsv'
[3.253s] [34mcolcon.colcon_core.shell[0m [1;30mINFO[0m Creating environment hook '/home/cimi/Documents/Workspace/humble/latihan_ws/install/pubsub_cpp/share/pubsub_cpp/hook/cmake_prefix_path.sh'
[3.254s] [34mcolcon.colcon_core.environment[0m [1;30mLevel 1[0m checking '/home/cimi/Documents/Workspace/humble/latihan_ws/install/pubsub_cpp/lib'
[3.254s] [34mcolcon.colcon_core.environment[0m [1;30mLevel 1[0m checking '/home/cimi/Documents/Workspace/humble/latihan_ws/install/pubsub_cpp/bin'
[3.254s] [34mcolcon.colcon_core.environment[0m [1;30mLevel 1[0m checking '/home/cimi/Documents/Workspace/humble/latihan_ws/install/pubsub_cpp/lib/pkgconfig/pubsub_cpp.pc'
[3.255s] [34mcolcon.colcon_core.environment[0m [1;30mLevel 1[0m checking '/home/cimi/Documents/Workspace/humble/latihan_ws/install/pubsub_cpp/lib/python3.8/site-packages'
[3.255s] [34mcolcon.colcon_core.environment[0m [1;30mLevel 1[0m checking '/home/cimi/Documents/Workspace/humble/latihan_ws/install/pubsub_cpp/bin'
[3.266s] [34mcolcon.colcon_core.shell[0m [1;30mINFO[0m Creating package script '/home/cimi/Documents/Workspace/humble/latihan_ws/install/pubsub_cpp/share/pubsub_cpp/package.ps1'
[3.268s] [34mcolcon.colcon_core.shell[0m [1;30mINFO[0m Creating package descriptor '/home/cimi/Documents/Workspace/humble/latihan_ws/install/pubsub_cpp/share/pubsub_cpp/package.dsv'
[3.269s] [34mcolcon.colcon_core.shell[0m [1;30mINFO[0m Creating package script '/home/cimi/Documents/Workspace/humble/latihan_ws/install/pubsub_cpp/share/pubsub_cpp/package.sh'
[3.271s] [34mcolcon.colcon_core.shell[0m [1;30mINFO[0m Creating package script '/home/cimi/Documents/Workspace/humble/latihan_ws/install/pubsub_cpp/share/pubsub_cpp/package.bash'
[3.273s] [34mcolcon.colcon_core.shell[0m [1;30mINFO[0m Creating package script '/home/cimi/Documents/Workspace/humble/latihan_ws/install/pubsub_cpp/share/pubsub_cpp/package.zsh'
[3.274s] [34mcolcon.colcon_core.environment[0m [1;30mLevel 1[0m create_file_with_runtime_dependencies(/home/cimi/Documents/Workspace/humble/latihan_ws/install/pubsub_cpp/share/colcon-core/packages/pubsub_cpp)
[3.334s] [34mcolcon.colcon_core.event_handler.log_command[0m [1;30mDEBUG[0m [32mInvoking command in '/home/cimi/Documents/Workspace/humble/latihan_ws/build/sercli_cpp': CMAKE_PREFIX_PATH=${CMAKE_PREFIX_PATH}:/home/cimi/Documents/Workspace/humble/latihan_ws/install/pubsub_python:/home/cimi/ros2_humble/install/rqt_bag_plugins:/home/cimi/ros2_humble/install/rqt_bag:/home/cimi/ros2_humble/install/ros2bag:/home/cimi/ros2_humble/install/tracetools_test:/home/cimi/ros2_humble/install/tracetools_launch:/home/cimi/ros2_humble/install/topic_monitor:/home/cimi/ros2_humble/install/tf2_tools:/home/cimi/ros2_humble/install/examples_tf2_py:/home/cimi/ros2_humble/install/tf2_ros_py:/home/cimi/ros2_humble/install/sros2:/home/cimi/ros2_humble/install/rqt_topic:/home/cimi/ros2_humble/install/rqt_srv:/home/cimi/ros2_humble/install/rqt_shell:/home/cimi/ros2_humble/install/rqt_service_caller:/home/cimi/ros2_humble/install/rqt_reconfigure:/home/cimi/ros2_humble/install/rqt_py_console:/home/cimi/ros2_humble/install/rqt_publisher:/home/cimi/ros2_humble/install/rqt_plot:/home/cimi/ros2_humble/install/rqt_action:/home/cimi/ros2_humble/install/rqt_msg:/home/cimi/ros2_humble/install/rqt_console:/home/cimi/ros2_humble/install/rqt:/home/cimi/ros2_humble/install/rqt_graph:/home/cimi/ros2_humble/install/rqt_gui_py:/home/cimi/ros2_humble/install/rqt_gui:/home/cimi/ros2_humble/install/ros2trace:/home/cimi/ros2_humble/install/ros2topic:/home/cimi/ros2_humble/install/ros2test:/home/cimi/ros2_humble/install/ros2component:/home/cimi/ros2_humble/install/ros2param:/home/cimi/ros2_humble/install/ros2lifecycle:/home/cimi/ros2_humble/install/ros2service:/home/cimi/ros2_humble/install/ros2run:/home/cimi/ros2_humble/install/ros2launch:/home/cimi/ros2_humble/install/ros2pkg:/home/cimi/ros2_humble/install/ros2node:/home/cimi/ros2_humble/install/ros2multicast:/home/cimi/ros2_humble/install/ros2interface:/home/cimi/ros2_humble/install/ros2doctor:/home/cimi/ros2_humble/install/ros2action:/home/cimi/ros2_humble/install/ros2cli:/home/cimi/ros2_humble/install/quality_of_service_demo_py:/home/cimi/ros2_humble/install/lifecycle_py:/home/cimi/ros2_humble/install/launch_testing_ros:/home/cimi/ros2_humble/install/launch_ros:/home/cimi/ros2_humble/install/examples_rclpy_pointcloud_publisher:/home/cimi/ros2_humble/install/examples_rclpy_minimal_subscriber:/home/cimi/ros2_humble/install/examples_rclpy_minimal_service:/home/cimi/ros2_humble/install/examples_rclpy_minimal_publisher:/home/cimi/ros2_humble/install/examples_rclpy_minimal_client:/home/cimi/ros2_humble/install/examples_rclpy_minimal_action_server:/home/cimi/ros2_humble/install/examples_rclpy_minimal_action_client:/home/cimi/ros2_humble/install/examples_rclpy_guard_conditions:/home/cimi/ros2_humble/install/examples_rclpy_executors:/home/cimi/ros2_humble/install/demo_nodes_py:/home/cimi/ros2_humble/install/action_tutorials_py:/home/cimi/ros2_humble/install/ament_uncrustify:/home/cimi/ros2_humble/install/tracetools_trace:/home/cimi/ros2_humble/install/tracetools_read:/home/cimi/ros2_humble/install/test_tracetools_launch:/home/cimi/ros2_humble/install/test_launch_ros:/home/cimi/ros2_humble/install/sensor_msgs_py:/home/cimi/ros2_humble/install/rpyutils:/home/cimi/ros2_humble/install/rosidl_runtime_py:/home/cimi/ros2_humble/install/rosidl_cli:/home/cimi/ros2_humble/install/launch_pytest:/home/cimi/ros2_humble/install/launch_testing:/home/cimi/ros2_humble/install/launch_yaml:/home/cimi/ros2_humble/install/launch_xml:/home/cimi/ros2_humble/install/launch:/home/cimi/ros2_humble/install/osrf_pycommon:/home/cimi/ros2_humble/install/launch_testing_examples:/home/cimi/ros2_humble/install/domain_coordinator:/home/cimi/ros2_humble/install/ament_xmllint:/home/cimi/ros2_humble/install/ament_pyflakes:/home/cimi/ros2_humble/install/ament_pycodestyle:/home/cimi/ros2_humble/install/ament_pep257:/home/cimi/ros2_humble/install/ament_pclint:/home/cimi/ros2_humble/install/ament_package:/home/cimi/ros2_humble/install/ament_mypy:/home/cimi/ros2_humble/install/ament_lint_cmake:/home/cimi/ros2_humble/install/ament_flake8:/home/cimi/ros2_humble/install/ament_copyright:/home/cimi/ros2_humble/install/ament_lint:/home/cimi/ros2_humble/install/ament_index_python:/home/cimi/ros2_humble/install/ament_cpplint:/home/cimi/ros2_humble/install/ament_cppcheck:/home/cimi/ros2_humble/install/ament_clang_tidy:/home/cimi/ros2_humble/install/ament_clang_format /usr/bin/cmake --install /home/cimi/Documents/Workspace/humble/latihan_ws/build/sercli_cpp[0m
[3.378s] [34mcolcon.colcon_core.environment[0m [1;30mLevel 1[0m create_environment_scripts_only(sercli_cpp)
[3.396s] [34mcolcon.colcon_core.environment[0m [1;30mLevel 1[0m checking '/home/cimi/Documents/Workspace/humble/latihan_ws/install/sercli_cpp' for CMake module files
[3.397s] [34mcolcon.colcon_core.event_handler.log_command[0m [1;30mDEBUG[0m [32mInvoked command in '/home/cimi/Documents/Workspace/humble/latihan_ws/build/sercli_cpp' returned '0': CMAKE_PREFIX_PATH=${CMAKE_PREFIX_PATH}:/home/cimi/Documents/Workspace/humble/latihan_ws/install/pubsub_python:/home/cimi/ros2_humble/install/rqt_bag_plugins:/home/cimi/ros2_humble/install/rqt_bag:/home/cimi/ros2_humble/install/ros2bag:/home/cimi/ros2_humble/install/tracetools_test:/home/cimi/ros2_humble/install/tracetools_launch:/home/cimi/ros2_humble/install/topic_monitor:/home/cimi/ros2_humble/install/tf2_tools:/home/cimi/ros2_humble/install/examples_tf2_py:/home/cimi/ros2_humble/install/tf2_ros_py:/home/cimi/ros2_humble/install/sros2:/home/cimi/ros2_humble/install/rqt_topic:/home/cimi/ros2_humble/install/rqt_srv:/home/cimi/ros2_humble/install/rqt_shell:/home/cimi/ros2_humble/install/rqt_service_caller:/home/cimi/ros2_humble/install/rqt_reconfigure:/home/cimi/ros2_humble/install/rqt_py_console:/home/cimi/ros2_humble/install/rqt_publisher:/home/cimi/ros2_humble/install/rqt_plot:/home/cimi/ros2_humble/install/rqt_action:/home/cimi/ros2_humble/install/rqt_msg:/home/cimi/ros2_humble/install/rqt_console:/home/cimi/ros2_humble/install/rqt:/home/cimi/ros2_humble/install/rqt_graph:/home/cimi/ros2_humble/install/rqt_gui_py:/home/cimi/ros2_humble/install/rqt_gui:/home/cimi/ros2_humble/install/ros2trace:/home/cimi/ros2_humble/install/ros2topic:/home/cimi/ros2_humble/install/ros2test:/home/cimi/ros2_humble/install/ros2component:/home/cimi/ros2_humble/install/ros2param:/home/cimi/ros2_humble/install/ros2lifecycle:/home/cimi/ros2_humble/install/ros2service:/home/cimi/ros2_humble/install/ros2run:/home/cimi/ros2_humble/install/ros2launch:/home/cimi/ros2_humble/install/ros2pkg:/home/cimi/ros2_humble/install/ros2node:/home/cimi/ros2_humble/install/ros2multicast:/home/cimi/ros2_humble/install/ros2interface:/home/cimi/ros2_humble/install/ros2doctor:/home/cimi/ros2_humble/install/ros2action:/home/cimi/ros2_humble/install/ros2cli:/home/cimi/ros2_humble/install/quality_of_service_demo_py:/home/cimi/ros2_humble/install/lifecycle_py:/home/cimi/ros2_humble/install/launch_testing_ros:/home/cimi/ros2_humble/install/launch_ros:/home/cimi/ros2_humble/install/examples_rclpy_pointcloud_publisher:/home/cimi/ros2_humble/install/examples_rclpy_minimal_subscriber:/home/cimi/ros2_humble/install/examples_rclpy_minimal_service:/home/cimi/ros2_humble/install/examples_rclpy_minimal_publisher:/home/cimi/ros2_humble/install/examples_rclpy_minimal_client:/home/cimi/ros2_humble/install/examples_rclpy_minimal_action_server:/home/cimi/ros2_humble/install/examples_rclpy_minimal_action_client:/home/cimi/ros2_humble/install/examples_rclpy_guard_conditions:/home/cimi/ros2_humble/install/examples_rclpy_executors:/home/cimi/ros2_humble/install/demo_nodes_py:/home/cimi/ros2_humble/install/action_tutorials_py:/home/cimi/ros2_humble/install/ament_uncrustify:/home/cimi/ros2_humble/install/tracetools_trace:/home/cimi/ros2_humble/install/tracetools_read:/home/cimi/ros2_humble/install/test_tracetools_launch:/home/cimi/ros2_humble/install/test_launch_ros:/home/cimi/ros2_humble/install/sensor_msgs_py:/home/cimi/ros2_humble/install/rpyutils:/home/cimi/ros2_humble/install/rosidl_runtime_py:/home/cimi/ros2_humble/install/rosidl_cli:/home/cimi/ros2_humble/install/launch_pytest:/home/cimi/ros2_humble/install/launch_testing:/home/cimi/ros2_humble/install/launch_yaml:/home/cimi/ros2_humble/install/launch_xml:/home/cimi/ros2_humble/install/launch:/home/cimi/ros2_humble/install/osrf_pycommon:/home/cimi/ros2_humble/install/launch_testing_examples:/home/cimi/ros2_humble/install/domain_coordinator:/home/cimi/ros2_humble/install/ament_xmllint:/home/cimi/ros2_humble/install/ament_pyflakes:/home/cimi/ros2_humble/install/ament_pycodestyle:/home/cimi/ros2_humble/install/ament_pep257:/home/cimi/ros2_humble/install/ament_pclint:/home/cimi/ros2_humble/install/ament_package:/home/cimi/ros2_humble/install/ament_mypy:/home/cimi/ros2_humble/install/ament_lint_cmake:/home/cimi/ros2_humble/install/ament_flake8:/home/cimi/ros2_humble/install/ament_copyright:/home/cimi/ros2_humble/install/ament_lint:/home/cimi/ros2_humble/install/ament_index_python:/home/cimi/ros2_humble/install/ament_cpplint:/home/cimi/ros2_humble/install/ament_cppcheck:/home/cimi/ros2_humble/install/ament_clang_tidy:/home/cimi/ros2_humble/install/ament_clang_format /usr/bin/cmake --install /home/cimi/Documents/Workspace/humble/latihan_ws/build/sercli_cpp[0m
[3.397s] [34mcolcon.colcon_core.environment[0m [1;30mLevel 1[0m checking '/home/cimi/Documents/Workspace/humble/latihan_ws/install/sercli_cpp' for CMake config files
[3.398s] [34mcolcon.colcon_core.shell[0m [1;30mLevel 1[0m create_environment_hook('sercli_cpp', 'cmake_prefix_path')
[3.410s] [34mcolcon.colcon_core.shell[0m [1;30mINFO[0m Creating environment hook '/home/cimi/Documents/Workspace/humble/latihan_ws/install/sercli_cpp/share/sercli_cpp/hook/cmake_prefix_path.ps1'
[3.411s] [34mcolcon.colcon_core.shell[0m [1;30mINFO[0m Creating environment descriptor '/home/cimi/Documents/Workspace/humble/latihan_ws/install/sercli_cpp/share/sercli_cpp/hook/cmake_prefix_path.dsv'
[3.412s] [34mcolcon.colcon_core.shell[0m [1;30mINFO[0m Creating environment hook '/home/cimi/Documents/Workspace/humble/latihan_ws/install/sercli_cpp/share/sercli_cpp/hook/cmake_prefix_path.sh'
[3.413s] [34mcolcon.colcon_core.environment[0m [1;30mLevel 1[0m checking '/home/cimi/Documents/Workspace/humble/latihan_ws/install/sercli_cpp/lib'
[3.413s] [34mcolcon.colcon_core.environment[0m [1;30mLevel 1[0m checking '/home/cimi/Documents/Workspace/humble/latihan_ws/install/sercli_cpp/bin'
[3.413s] [34mcolcon.colcon_core.environment[0m [1;30mLevel 1[0m checking '/home/cimi/Documents/Workspace/humble/latihan_ws/install/sercli_cpp/lib/pkgconfig/sercli_cpp.pc'
[3.414s] [34mcolcon.colcon_core.environment[0m [1;30mLevel 1[0m checking '/home/cimi/Documents/Workspace/humble/latihan_ws/install/sercli_cpp/lib/python3.8/site-packages'
[3.414s] [34mcolcon.colcon_core.environment[0m [1;30mLevel 1[0m checking '/home/cimi/Documents/Workspace/humble/latihan_ws/install/sercli_cpp/bin'
[3.425s] [34mcolcon.colcon_core.shell[0m [1;30mINFO[0m Creating package script '/home/cimi/Documents/Workspace/humble/latihan_ws/install/sercli_cpp/share/sercli_cpp/package.ps1'
[3.426s] [34mcolcon.colcon_core.shell[0m [1;30mINFO[0m Creating package descriptor '/home/cimi/Documents/Workspace/humble/latihan_ws/install/sercli_cpp/share/sercli_cpp/package.dsv'
[3.427s] [34mcolcon.colcon_core.shell[0m [1;30mINFO[0m Creating package script '/home/cimi/Documents/Workspace/humble/latihan_ws/install/sercli_cpp/share/sercli_cpp/package.sh'
[3.427s] [34mcolcon.colcon_core.shell[0m [1;30mINFO[0m Creating package script '/home/cimi/Documents/Workspace/humble/latihan_ws/install/sercli_cpp/share/sercli_cpp/package.bash'
[3.428s] [34mcolcon.colcon_core.shell[0m [1;30mINFO[0m Creating package script '/home/cimi/Documents/Workspace/humble/latihan_ws/install/sercli_cpp/share/sercli_cpp/package.zsh'
[3.428s] [34mcolcon.colcon_core.environment[0m [1;30mLevel 1[0m create_file_with_runtime_dependencies(/home/cimi/Documents/Workspace/humble/latihan_ws/install/sercli_cpp/share/colcon-core/packages/sercli_cpp)
[3.447s] [34mcolcon.colcon_core.environment[0m [1;30mLevel 1[0m create_environment_scripts_only(pubsub_cpp)
[3.463s] [34mcolcon.colcon_core.environment[0m [1;30mLevel 1[0m checking '/home/cimi/Documents/Workspace/humble/latihan_ws/install/pubsub_cpp' for CMake module files
[3.465s] [34mcolcon.colcon_core.environment[0m [1;30mLevel 1[0m checking '/home/cimi/Documents/Workspace/humble/latihan_ws/install/pubsub_cpp' for CMake config files
[3.465s] [34mcolcon.colcon_core.shell[0m [1;30mLevel 1[0m create_environment_hook('pubsub_cpp', 'cmake_prefix_path')
[3.476s] [34mcolcon.colcon_core.shell[0m [1;30mINFO[0m Creating environment hook '/home/cimi/Documents/Workspace/humble/latihan_ws/install/pubsub_cpp/share/pubsub_cpp/hook/cmake_prefix_path.ps1'
[3.477s] [34mcolcon.colcon_core.shell[0m [1;30mINFO[0m Creating environment descriptor '/home/cimi/Documents/Workspace/humble/latihan_ws/install/pubsub_cpp/share/pubsub_cpp/hook/cmake_prefix_path.dsv'
[3.478s] [34mcolcon.colcon_core.shell[0m [1;30mINFO[0m Creating environment hook '/home/cimi/Documents/Workspace/humble/latihan_ws/install/pubsub_cpp/share/pubsub_cpp/hook/cmake_prefix_path.sh'
[3.479s] [34mcolcon.colcon_core.environment[0m [1;30mLevel 1[0m checking '/home/cimi/Documents/Workspace/humble/latihan_ws/install/pubsub_cpp/lib'
[3.479s] [34mcolcon.colcon_core.environment[0m [1;30mLevel 1[0m checking '/home/cimi/Documents/Workspace/humble/latihan_ws/install/pubsub_cpp/bin'
[3.479s] [34mcolcon.colcon_core.environment[0m [1;30mLevel 1[0m checking '/home/cimi/Documents/Workspace/humble/latihan_ws/install/pubsub_cpp/lib/pkgconfig/pubsub_cpp.pc'
[3.479s] [34mcolcon.colcon_core.environment[0m [1;30mLevel 1[0m checking '/home/cimi/Documents/Workspace/humble/latihan_ws/install/pubsub_cpp/lib/python3.8/site-packages'
[3.480s] [34mcolcon.colcon_core.environment[0m [1;30mLevel 1[0m checking '/home/cimi/Documents/Workspace/humble/latihan_ws/install/pubsub_cpp/bin'
[3.491s] [34mcolcon.colcon_core.shell[0m [1;30mINFO[0m Creating package script '/home/cimi/Documents/Workspace/humble/latihan_ws/install/pubsub_cpp/share/pubsub_cpp/package.ps1'
[3.492s] [34mcolcon.colcon_core.shell[0m [1;30mINFO[0m Creating package descriptor '/home/cimi/Documents/Workspace/humble/latihan_ws/install/pubsub_cpp/share/pubsub_cpp/package.dsv'
[3.493s] [34mcolcon.colcon_core.shell[0m [1;30mINFO[0m Creating package script '/home/cimi/Documents/Workspace/humble/latihan_ws/install/pubsub_cpp/share/pubsub_cpp/package.sh'
[3.494s] [34mcolcon.colcon_core.shell[0m [1;30mINFO[0m Creating package script '/home/cimi/Documents/Workspace/humble/latihan_ws/install/pubsub_cpp/share/pubsub_cpp/package.bash'
[3.494s] [34mcolcon.colcon_core.shell[0m [1;30mINFO[0m Creating package script '/home/cimi/Documents/Workspace/humble/latihan_ws/install/pubsub_cpp/share/pubsub_cpp/package.zsh'
[3.495s] [34mcolcon.colcon_core.environment[0m [1;30mLevel 1[0m create_file_with_runtime_dependencies(/home/cimi/Documents/Workspace/humble/latihan_ws/install/pubsub_cpp/share/colcon-core/packages/pubsub_cpp)
[3.602s] [34mcolcon.colcon_core.environment[0m [1;30mLevel 1[0m create_environment_scripts_only(sercli_cpp)
[3.621s] [34mcolcon.colcon_core.environment[0m [1;30mLevel 1[0m checking '/home/cimi/Documents/Workspace/humble/latihan_ws/install/sercli_cpp' for CMake module files
[3.622s] [34mcolcon.colcon_core.environment[0m [1;30mLevel 1[0m checking '/home/cimi/Documents/Workspace/humble/latihan_ws/install/sercli_cpp' for CMake config files
[3.623s] [34mcolcon.colcon_core.shell[0m [1;30mLevel 1[0m create_environment_hook('sercli_cpp', 'cmake_prefix_path')
[3.636s] [34mcolcon.colcon_core.shell[0m [1;30mINFO[0m Creating environment hook '/home/cimi/Documents/Workspace/humble/latihan_ws/install/sercli_cpp/share/sercli_cpp/hook/cmake_prefix_path.ps1'
[3.637s] [34mcolcon.colcon_core.shell[0m [1;30mINFO[0m Creating environment descriptor '/home/cimi/Documents/Workspace/humble/latihan_ws/install/sercli_cpp/share/sercli_cpp/hook/cmake_prefix_path.dsv'
[3.638s] [34mcolcon.colcon_core.shell[0m [1;30mINFO[0m Creating environment hook '/home/cimi/Documents/Workspace/humble/latihan_ws/install/sercli_cpp/share/sercli_cpp/hook/cmake_prefix_path.sh'
[3.639s] [34mcolcon.colcon_core.environment[0m [1;30mLevel 1[0m checking '/home/cimi/Documents/Workspace/humble/latihan_ws/install/sercli_cpp/lib'
[3.639s] [34mcolcon.colcon_core.environment[0m [1;30mLevel 1[0m checking '/home/cimi/Documents/Workspace/humble/latihan_ws/install/sercli_cpp/bin'
[3.639s] [34mcolcon.colcon_core.environment[0m [1;30mLevel 1[0m checking '/home/cimi/Documents/Workspace/humble/latihan_ws/install/sercli_cpp/lib/pkgconfig/sercli_cpp.pc'
[3.640s] [34mcolcon.colcon_core.environment[0m [1;30mLevel 1[0m checking '/home/cimi/Documents/Workspace/humble/latihan_ws/install/sercli_cpp/lib/python3.8/site-packages'
[3.640s] [34mcolcon.colcon_core.environment[0m [1;30mLevel 1[0m checking '/home/cimi/Documents/Workspace/humble/latihan_ws/install/sercli_cpp/bin'
[3.654s] [34mcolcon.colcon_core.shell[0m [1;30mINFO[0m Creating package script '/home/cimi/Documents/Workspace/humble/latihan_ws/install/sercli_cpp/share/sercli_cpp/package.ps1'
[3.655s] [34mcolcon.colcon_core.shell[0m [1;30mINFO[0m Creating package descriptor '/home/cimi/Documents/Workspace/humble/latihan_ws/install/sercli_cpp/share/sercli_cpp/package.dsv'
[3.656s] [34mcolcon.colcon_core.shell[0m [1;30mINFO[0m Creating package script '/home/cimi/Documents/Workspace/humble/latihan_ws/install/sercli_cpp/share/sercli_cpp/package.sh'
[3.657s] [34mcolcon.colcon_core.shell[0m [1;30mINFO[0m Creating package script '/home/cimi/Documents/Workspace/humble/latihan_ws/install/sercli_cpp/share/sercli_cpp/package.bash'
[3.658s] [34mcolcon.colcon_core.shell[0m [1;30mINFO[0m Creating package script '/home/cimi/Documents/Workspace/humble/latihan_ws/install/sercli_cpp/share/sercli_cpp/package.zsh'
[3.659s] [34mcolcon.colcon_core.environment[0m [1;30mLevel 1[0m create_file_with_runtime_dependencies(/home/cimi/Documents/Workspace/humble/latihan_ws/install/sercli_cpp/share/colcon-core/packages/sercli_cpp)
[4.895s] [34mcolcon.colcon_core.event_handler.log_command[0m [1;30mDEBUG[0m [32mInvoking command in '/home/cimi/Documents/Workspace/humble/latihan_ws/src/pubsub_python': PYTHONPATH=/home/cimi/Documents/Workspace/humble/latihan_ws/build/pubsub_python/prefix_override:/home/cimi/Documents/Workspace/humble/latihan_ws/install/pubsub_python/lib/python3.8/site-packages:${PYTHONPATH} /usr/bin/python3 setup.py egg_info --egg-base ../../build/pubsub_python build --build-base /home/cimi/Documents/Workspace/humble/latihan_ws/build/pubsub_python/build install --record /home/cimi/Documents/Workspace/humble/latihan_ws/build/pubsub_python/install.log --single-version-externally-managed[0m
[6.208s] [34mcolcon.colcon_core.event_handler.log_command[0m [1;30mDEBUG[0m [32mInvoking command in '/home/cimi/Documents/Workspace/humble/latihan_ws/src/py_srvcli': PYTHONPATH=/home/cimi/Documents/Workspace/humble/latihan_ws/build/py_srvcli/prefix_override:/home/cimi/Documents/Workspace/humble/latihan_ws/install/py_srvcli/lib/python3.8/site-packages:${PYTHONPATH} /usr/bin/python3 setup.py egg_info --egg-base ../../build/py_srvcli build --build-base /home/cimi/Documents/Workspace/humble/latihan_ws/build/py_srvcli/build install --record /home/cimi/Documents/Workspace/humble/latihan_ws/build/py_srvcli/install.log --single-version-externally-managed[0m
[7.326s] [34mcolcon.colcon_core.event_handler.log_command[0m [1;30mDEBUG[0m [32mInvoking command in '/home/cimi/Documents/Workspace/humble/latihan_ws/src/sercli_python': PYTHONPATH=/home/cimi/Documents/Workspace/humble/latihan_ws/build/sercli_python/prefix_override:/home/cimi/Documents/Workspace/humble/latihan_ws/install/sercli_python/lib/python3.8/site-packages:${PYTHONPATH} /usr/bin/python3 setup.py egg_info --egg-base ../../build/sercli_python build --build-base /home/cimi/Documents/Workspace/humble/latihan_ws/build/sercli_python/build install --record /home/cimi/Documents/Workspace/humble/latihan_ws/build/sercli_python/install.log --single-version-externally-managed[0m
[11.036s] [34mcolcon.colcon_core.event_handler.log_command[0m [1;30mDEBUG[0m [32mInvoked command in '/home/cimi/Documents/Workspace/humble/latihan_ws/src/pubsub_python' returned '0': PYTHONPATH=/home/cimi/Documents/Workspace/humble/latihan_ws/build/pubsub_python/prefix_override:/home/cimi/Documents/Workspace/humble/latihan_ws/install/pubsub_python/lib/python3.8/site-packages:${PYTHONPATH} /usr/bin/python3 setup.py egg_info --egg-base ../../build/pubsub_python build --build-base /home/cimi/Documents/Workspace/humble/latihan_ws/build/pubsub_python/build install --record /home/cimi/Documents/Workspace/humble/latihan_ws/build/pubsub_python/install.log --single-version-externally-managed[0m
[11.044s] [34mcolcon.colcon_core.environment[0m [1;30mLevel 1[0m checking '/home/cimi/Documents/Workspace/humble/latihan_ws/install/pubsub_python' for CMake module files
[11.045s] [34mcolcon.colcon_core.environment[0m [1;30mLevel 1[0m checking '/home/cimi/Documents/Workspace/humble/latihan_ws/install/pubsub_python' for CMake config files
[11.046s] [34mcolcon.colcon_core.environment[0m [1;30mLevel 1[0m checking '/home/cimi/Documents/Workspace/humble/latihan_ws/install/pubsub_python/lib'
[11.046s] [34mcolcon.colcon_core.environment[0m [1;30mLevel 1[0m checking '/home/cimi/Documents/Workspace/humble/latihan_ws/install/pubsub_python/bin'
[11.046s] [34mcolcon.colcon_core.environment[0m [1;30mLevel 1[0m checking '/home/cimi/Documents/Workspace/humble/latihan_ws/install/pubsub_python/lib/pkgconfig/pubsub_python.pc'
[11.046s] [34mcolcon.colcon_core.environment[0m [1;30mLevel 1[0m checking '/home/cimi/Documents/Workspace/humble/latihan_ws/install/pubsub_python/lib/python3.8/site-packages'
[11.047s] [34mcolcon.colcon_core.shell[0m [1;30mLevel 1[0m create_environment_hook('pubsub_python', 'pythonpath')
[11.053s] [34mcolcon.colcon_core.shell[0m [1;30mINFO[0m Creating environment hook '/home/cimi/Documents/Workspace/humble/latihan_ws/install/pubsub_python/share/pubsub_python/hook/pythonpath.ps1'
[11.053s] [34mcolcon.colcon_core.shell[0m [1;30mINFO[0m Creating environment descriptor '/home/cimi/Documents/Workspace/humble/latihan_ws/install/pubsub_python/share/pubsub_python/hook/pythonpath.dsv'
[11.054s] [34mcolcon.colcon_core.shell[0m [1;30mINFO[0m Creating environment hook '/home/cimi/Documents/Workspace/humble/latihan_ws/install/pubsub_python/share/pubsub_python/hook/pythonpath.sh'
[11.054s] [34mcolcon.colcon_core.environment[0m [1;30mLevel 1[0m checking '/home/cimi/Documents/Workspace/humble/latihan_ws/install/pubsub_python/bin'
[11.054s] [34mcolcon.colcon_core.environment[0m [1;30mLevel 1[0m create_environment_scripts_only(pubsub_python)
[11.060s] [34mcolcon.colcon_core.shell[0m [1;30mINFO[0m Creating package script '/home/cimi/Documents/Workspace/humble/latihan_ws/install/pubsub_python/share/pubsub_python/package.ps1'
[11.060s] [34mcolcon.colcon_core.shell[0m [1;30mINFO[0m Creating package descriptor '/home/cimi/Documents/Workspace/humble/latihan_ws/install/pubsub_python/share/pubsub_python/package.dsv'
[11.061s] [34mcolcon.colcon_core.shell[0m [1;30mINFO[0m Creating package script '/home/cimi/Documents/Workspace/humble/latihan_ws/install/pubsub_python/share/pubsub_python/package.sh'
[11.061s] [34mcolcon.colcon_core.shell[0m [1;30mINFO[0m Creating package script '/home/cimi/Documents/Workspace/humble/latihan_ws/install/pubsub_python/share/pubsub_python/package.bash'
[11.062s] [34mcolcon.colcon_core.shell[0m [1;30mINFO[0m Creating package script '/home/cimi/Documents/Workspace/humble/latihan_ws/install/pubsub_python/share/pubsub_python/package.zsh'
[11.062s] [34mcolcon.colcon_core.environment[0m [1;30mLevel 1[0m create_file_with_runtime_dependencies(/home/cimi/Documents/Workspace/humble/latihan_ws/install/pubsub_python/share/colcon-core/packages/pubsub_python)
[11.221s] [34mcolcon.colcon_core.event_handler.log_command[0m [1;30mDEBUG[0m [32mInvoked command in '/home/cimi/Documents/Workspace/humble/latihan_ws/src/py_srvcli' returned '0': PYTHONPATH=/home/cimi/Documents/Workspace/humble/latihan_ws/build/py_srvcli/prefix_override:/home/cimi/Documents/Workspace/humble/latihan_ws/install/py_srvcli/lib/python3.8/site-packages:${PYTHONPATH} /usr/bin/python3 setup.py egg_info --egg-base ../../build/py_srvcli build --build-base /home/cimi/Documents/Workspace/humble/latihan_ws/build/py_srvcli/build install --record /home/cimi/Documents/Workspace/humble/latihan_ws/build/py_srvcli/install.log --single-version-externally-managed[0m
[11.224s] [34mcolcon.colcon_core.environment[0m [1;30mLevel 1[0m checking '/home/cimi/Documents/Workspace/humble/latihan_ws/install/py_srvcli' for CMake module files
[11.224s] [34mcolcon.colcon_core.environment[0m [1;30mLevel 1[0m checking '/home/cimi/Documents/Workspace/humble/latihan_ws/install/py_srvcli' for CMake config files
[11.225s] [34mcolcon.colcon_core.environment[0m [1;30mLevel 1[0m checking '/home/cimi/Documents/Workspace/humble/latihan_ws/install/py_srvcli/lib'
[11.225s] [34mcolcon.colcon_core.environment[0m [1;30mLevel 1[0m checking '/home/cimi/Documents/Workspace/humble/latihan_ws/install/py_srvcli/bin'
[11.225s] [34mcolcon.colcon_core.environment[0m [1;30mLevel 1[0m checking '/home/cimi/Documents/Workspace/humble/latihan_ws/install/py_srvcli/lib/pkgconfig/py_srvcli.pc'
[11.225s] [34mcolcon.colcon_core.environment[0m [1;30mLevel 1[0m checking '/home/cimi/Documents/Workspace/humble/latihan_ws/install/py_srvcli/lib/python3.8/site-packages'
[11.225s] [34mcolcon.colcon_core.shell[0m [1;30mLevel 1[0m create_environment_hook('py_srvcli', 'pythonpath')
[11.230s] [34mcolcon.colcon_core.shell[0m [1;30mINFO[0m Creating environment hook '/home/cimi/Documents/Workspace/humble/latihan_ws/install/py_srvcli/share/py_srvcli/hook/pythonpath.ps1'
[11.231s] [34mcolcon.colcon_core.shell[0m [1;30mINFO[0m Creating environment descriptor '/home/cimi/Documents/Workspace/humble/latihan_ws/install/py_srvcli/share/py_srvcli/hook/pythonpath.dsv'
[11.231s] [34mcolcon.colcon_core.shell[0m [1;30mINFO[0m Creating environment hook '/home/cimi/Documents/Workspace/humble/latihan_ws/install/py_srvcli/share/py_srvcli/hook/pythonpath.sh'
[11.232s] [34mcolcon.colcon_core.environment[0m [1;30mLevel 1[0m checking '/home/cimi/Documents/Workspace/humble/latihan_ws/install/py_srvcli/bin'
[11.232s] [34mcolcon.colcon_core.environment[0m [1;30mLevel 1[0m create_environment_scripts_only(py_srvcli)
[11.237s] [34mcolcon.colcon_core.shell[0m [1;30mINFO[0m Creating package script '/home/cimi/Documents/Workspace/humble/latihan_ws/install/py_srvcli/share/py_srvcli/package.ps1'
[11.237s] [34mcolcon.colcon_core.shell[0m [1;30mINFO[0m Creating package descriptor '/home/cimi/Documents/Workspace/humble/latihan_ws/install/py_srvcli/share/py_srvcli/package.dsv'
[11.238s] [34mcolcon.colcon_core.shell[0m [1;30mINFO[0m Creating package script '/home/cimi/Documents/Workspace/humble/latihan_ws/install/py_srvcli/share/py_srvcli/package.sh'
[11.238s] [34mcolcon.colcon_core.shell[0m [1;30mINFO[0m Creating package script '/home/cimi/Documents/Workspace/humble/latihan_ws/install/py_srvcli/share/py_srvcli/package.bash'
[11.239s] [34mcolcon.colcon_core.shell[0m [1;30mINFO[0m Creating package script '/home/cimi/Documents/Workspace/humble/latihan_ws/install/py_srvcli/share/py_srvcli/package.zsh'
[11.239s] [34mcolcon.colcon_core.environment[0m [1;30mLevel 1[0m create_file_with_runtime_dependencies(/home/cimi/Documents/Workspace/humble/latihan_ws/install/py_srvcli/share/colcon-core/packages/py_srvcli)
[11.378s] [34mcolcon.colcon_core.event_handler.log_command[0m [1;30mDEBUG[0m [32mInvoked command in '/home/cimi/Documents/Workspace/humble/latihan_ws/src/sercli_python' returned '0': PYTHONPATH=/home/cimi/Documents/Workspace/humble/latihan_ws/build/sercli_python/prefix_override:/home/cimi/Documents/Workspace/humble/latihan_ws/install/sercli_python/lib/python3.8/site-packages:${PYTHONPATH} /usr/bin/python3 setup.py egg_info --egg-base ../../build/sercli_python build --build-base /home/cimi/Documents/Workspace/humble/latihan_ws/build/sercli_python/build install --record /home/cimi/Documents/Workspace/humble/latihan_ws/build/sercli_python/install.log --single-version-externally-managed[0m
[11.380s] [34mcolcon.colcon_core.environment[0m [1;30mLevel 1[0m checking '/home/cimi/Documents/Workspace/humble/latihan_ws/install/sercli_python' for CMake module files
[11.380s] [34mcolcon.colcon_core.environment[0m [1;30mLevel 1[0m checking '/home/cimi/Documents/Workspace/humble/latihan_ws/install/sercli_python' for CMake config files
[11.381s] [34mcolcon.colcon_core.environment[0m [1;30mLevel 1[0m checking '/home/cimi/Documents/Workspace/humble/latihan_ws/install/sercli_python/lib'
[11.381s] [34mcolcon.colcon_core.environment[0m [1;30mLevel 1[0m checking '/home/cimi/Documents/Workspace/humble/latihan_ws/install/sercli_python/bin'
[11.381s] [34mcolcon.colcon_core.environment[0m [1;30mLevel 1[0m checking '/home/cimi/Documents/Workspace/humble/latihan_ws/install/sercli_python/lib/pkgconfig/sercli_python.pc'
[11.381s] [34mcolcon.colcon_core.environment[0m [1;30mLevel 1[0m checking '/home/cimi/Documents/Workspace/humble/latihan_ws/install/sercli_python/lib/python3.8/site-packages'
[11.381s] [34mcolcon.colcon_core.shell[0m [1;30mLevel 1[0m create_environment_hook('sercli_python', 'pythonpath')
[11.385s] [34mcolcon.colcon_core.shell[0m [1;30mINFO[0m Creating environment hook '/home/cimi/Documents/Workspace/humble/latihan_ws/install/sercli_python/share/sercli_python/hook/pythonpath.ps1'
[11.386s] [34mcolcon.colcon_core.shell[0m [1;30mINFO[0m Creating environment descriptor '/home/cimi/Documents/Workspace/humble/latihan_ws/install/sercli_python/share/sercli_python/hook/pythonpath.dsv'
[11.386s] [34mcolcon.colcon_core.shell[0m [1;30mINFO[0m Creating environment hook '/home/cimi/Documents/Workspace/humble/latihan_ws/install/sercli_python/share/sercli_python/hook/pythonpath.sh'
[11.386s] [34mcolcon.colcon_core.environment[0m [1;30mLevel 1[0m checking '/home/cimi/Documents/Workspace/humble/latihan_ws/install/sercli_python/bin'
[11.387s] [34mcolcon.colcon_core.environment[0m [1;30mLevel 1[0m create_environment_scripts_only(sercli_python)
[11.391s] [34mcolcon.colcon_core.shell[0m [1;30mINFO[0m Creating package script '/home/cimi/Documents/Workspace/humble/latihan_ws/install/sercli_python/share/sercli_python/package.ps1'
[11.391s] [34mcolcon.colcon_core.shell[0m [1;30mINFO[0m Creating package descriptor '/home/cimi/Documents/Workspace/humble/latihan_ws/install/sercli_python/share/sercli_python/package.dsv'
[11.391s] [34mcolcon.colcon_core.shell[0m [1;30mINFO[0m Creating package script '/home/cimi/Documents/Workspace/humble/latihan_ws/install/sercli_python/share/sercli_python/package.sh'
[11.392s] [34mcolcon.colcon_core.shell[0m [1;30mINFO[0m Creating package script '/home/cimi/Documents/Workspace/humble/latihan_ws/install/sercli_python/share/sercli_python/package.bash'
[11.393s] [34mcolcon.colcon_core.shell[0m [1;30mINFO[0m Creating package script '/home/cimi/Documents/Workspace/humble/latihan_ws/install/sercli_python/share/sercli_python/package.zsh'
[11.394s] [34mcolcon.colcon_core.environment[0m [1;30mLevel 1[0m create_file_with_runtime_dependencies(/home/cimi/Documents/Workspace/humble/latihan_ws/install/sercli_python/share/colcon-core/packages/sercli_python)
[11.396s] [34mcolcon.colcon_parallel_executor.executor.parallel[0m [1;30mDEBUG[0m [32mclosing loop[0m
[11.397s] [34mcolcon.colcon_parallel_executor.executor.parallel[0m [1;30mDEBUG[0m [32mloop closed[0m
[11.397s] [34mcolcon.colcon_parallel_executor.executor.parallel[0m [1;30mDEBUG[0m [32mrun_until_complete finished with '0'[0m
[11.397s] [34mcolcon.colcon_core.event_reactor[0m [1;30mDEBUG[0m [32mjoining thread[0m
[11.408s] [34mcolcon.colcon_core.plugin_system[0m [1;30mINFO[0m Skipping extension 'colcon_notification.desktop_notification.terminal_notifier': Not used on non-Darwin systems
[11.408s] [34mcolcon.colcon_core.plugin_system[0m [1;30mINFO[0m Skipping extension 'colcon_notification.desktop_notification.win32': Not used on non-Windows systems
[11.408s] [34mcolcon.colcon_notification.desktop_notification[0m [1;30mINFO[0m Sending desktop notification using 'notify2'
[11.430s] [34mcolcon.colcon_core.event_reactor[0m [1;30mDEBUG[0m [32mjoined thread[0m
[11.438s] [34mcolcon.colcon_core.shell[0m [1;30mINFO[0m Creating prefix script '/home/cimi/Documents/Workspace/humble/latihan_ws/install/local_setup.ps1'
[11.441s] [34mcolcon.colcon_core.shell[0m [1;30mINFO[0m Creating prefix util module '/home/cimi/Documents/Workspace/humble/latihan_ws/install/_local_setup_util_ps1.py'
[11.442s] [34mcolcon.colcon_core.shell[0m [1;30mINFO[0m Creating prefix chain script '/home/cimi/Documents/Workspace/humble/latihan_ws/install/setup.ps1'
[11.472s] [34mcolcon.colcon_core.shell[0m [1;30mINFO[0m Creating prefix script '/home/cimi/Documents/Workspace/humble/latihan_ws/install/local_setup.sh'
[11.473s] [34mcolcon.colcon_core.shell[0m [1;30mINFO[0m Creating prefix util module '/home/cimi/Documents/Workspace/humble/latihan_ws/install/_local_setup_util_sh.py'
[11.474s] [34mcolcon.colcon_core.shell[0m [1;30mINFO[0m Creating prefix chain script '/home/cimi/Documents/Workspace/humble/latihan_ws/install/setup.sh'
[11.495s] [34mcolcon.colcon_core.shell[0m [1;30mINFO[0m Creating prefix script '/home/cimi/Documents/Workspace/humble/latihan_ws/install/local_setup.bash'
[11.495s] [34mcolcon.colcon_core.shell[0m [1;30mINFO[0m Creating prefix chain script '/home/cimi/Documents/Workspace/humble/latihan_ws/install/setup.bash'
[11.516s] [34mcolcon.colcon_core.shell[0m [1;30mINFO[0m Creating prefix script '/home/cimi/Documents/Workspace/humble/latihan_ws/install/local_setup.zsh'
[11.517s] [34mcolcon.colcon_core.shell[0m [1;30mINFO[0m Creating prefix chain script '/home/cimi/Documents/Workspace/humble/latihan_ws/install/setup.zsh'
