[01m[K/home/cimi/Documents/Workspace/humble/latihan_ws/src/custom_message/src/publisher.cpp:29:21:[m[K [01;31m[Kerror: [m[K‘[01m[Ktutorial_interfaces[m[K’ was not declared in this scope; did you mean ‘[01m[Krcl_interfaces[m[K’?
   29 |   rclcpp::Publisher<[01;31m[Ktutorial_interfaces[m[K::msg::Num>::SharedPtr publisher_; // CHANGE
      |                     [01;31m[K^~~~~~~~~~~~~~~~~~~[m[K
      |                     [32m[Krcl_interfaces[m[K
[01m[K/home/cimi/Documents/Workspace/humble/latihan_ws/src/custom_message/src/publisher.cpp:29:50:[m[K [01;31m[Kerror: [m[Ktemplate argument 1 is invalid
   29 |   rclcpp::Publisher<tutorial_interfaces::msg::Num[01;31m[K>[m[K::SharedPtr publisher_; // CHANGE
      |                                                  [01;31m[K^[m[K
[01m[K/home/cimi/Documents/Workspace/humble/latihan_ws/src/custom_message/src/publisher.cpp:29:53:[m[K [01;31m[Kerror: [m[Kexpected ‘[01m[K;[m[K’ at end of member declaration
   29 |   rclcpp::Publisher<tutorial_interfaces::msg::Num>::[01;31m[KSharedPtr[m[K publisher_; // CHANGE
      |                                                     [01;31m[K^~~~~~~~~[m[K
      |                                                              [32m[K;[m[K
[01m[K/home/cimi/Documents/Workspace/humble/latihan_ws/src/custom_message/src/publisher.cpp:29:63:[m[K [01;31m[Kerror: [m[K‘[01m[Kpublisher_[m[K’ does not name a type; did you mean ‘[01m[Krcl_publisher_t[m[K’?
   29 |   rclcpp::Publisher<tutorial_interfaces::msg::Num>::SharedPtr [01;31m[Kpublisher_[m[K; // CHANGE
      |                                                               [01;31m[K^~~~~~~~~~[m[K
      |                                                               [32m[Krcl_publisher_t[m[K
[01m[K/home/cimi/Documents/Workspace/humble/latihan_ws/src/custom_message/src/publisher.cpp:[m[K In constructor ‘[01m[KMinimalPublisher::MinimalPublisher()[m[K’:
[01m[K/home/cimi/Documents/Workspace/humble/latihan_ws/src/custom_message/src/publisher.cpp:15:5:[m[K [01;31m[Kerror: [m[K‘[01m[Kpublisher_[m[K’ was not declared in this scope; did you mean ‘[01m[Krcl_publisher_t[m[K’?
   15 |     [01;31m[Kpublisher_[m[K = this->create_publisher<tutorial_interfaces::msg::Num>("topic", 10); // CHANGE
      |     [01;31m[K^~~~~~~~~~[m[K
      |     [32m[Krcl_publisher_t[m[K
[01m[K/home/cimi/Documents/Workspace/humble/latihan_ws/src/custom_message/src/publisher.cpp:15:41:[m[K [01;31m[Kerror: [m[K‘[01m[Ktutorial_interfaces[m[K’ was not declared in this scope; did you mean ‘[01m[Krcl_interfaces[m[K’?
   15 |     publisher_ = this->create_publisher<[01;31m[Ktutorial_interfaces[m[K::msg::Num>("topic", 10); // CHANGE
      |                                         [01;31m[K^~~~~~~~~~~~~~~~~~~[m[K
      |                                         [32m[Krcl_interfaces[m[K
[01m[K/home/cimi/Documents/Workspace/humble/latihan_ws/src/custom_message/src/publisher.cpp:15:24:[m[K [01;31m[Kerror: [m[Kparse error in template argument list
   15 |     publisher_ = this->[01;31m[Kcreate_publisher<tutorial_interfaces::msg::Num>[m[K("topic", 10); // CHANGE
      |                        [01;31m[K^~~~~~~~~~~~~~~~~~~~~~~~~~~~~~~~~~~~~~~~~~~~~~~[m[K
[01m[K/home/cimi/Documents/Workspace/humble/latihan_ws/src/custom_message/src/publisher.cpp:15:83:[m[K [01;31m[Kerror: [m[Kno matching function for call to ‘[01m[KMinimalPublisher::create_publisher<<expression error> >(const char [6], int)[m[K’
   15 |     publisher_ = this->create_publisher<tutorial_interfaces::msg::Num>("topic", 10[01;31m[K)[m[K; // CHANGE
      |                                                                                   [01;31m[K^[m[K
In file included from [01m[K/home/cimi/ros2_humble/install/rclcpp/include/rclcpp/rclcpp/executors/single_threaded_executor.hpp:28[m[K,
                 from [01m[K/home/cimi/ros2_humble/install/rclcpp/include/rclcpp/rclcpp/executors.hpp:22[m[K,
                 from [01m[K/home/cimi/ros2_humble/install/rclcpp/include/rclcpp/rclcpp/rclcpp.hpp:155[m[K,
                 from [01m[K/home/cimi/Documents/Workspace/humble/latihan_ws/src/custom_message/src/publisher.cpp:4[m[K:
[01m[K/home/cimi/ros2_humble/install/rclcpp/include/rclcpp/rclcpp/node.hpp:195:3:[m[K [01;36m[Knote: [m[Kcandidate: ‘[01m[Ktemplate<class MessageT, class AllocatorT, class PublisherT> std::shared_ptr<PublisherT> rclcpp::Node::create_publisher(const string&, const rclcpp::QoS&, const rclcpp::PublisherOptionsWithAllocator<AllocatorT>&)[m[K’
  195 |   [01;36m[Kcreate_publisher[m[K(
      |   [01;36m[K^~~~~~~~~~~~~~~~[m[K
[01m[K/home/cimi/ros2_humble/install/rclcpp/include/rclcpp/rclcpp/node.hpp:195:3:[m[K [01;36m[Knote: [m[K  template argument deduction/substitution failed:
[01m[K/home/cimi/Documents/Workspace/humble/latihan_ws/src/custom_message/src/publisher.cpp:15:83:[m[K [01;31m[Kerror: [m[Ktemplate argument 1 is invalid
   15 |     publisher_ = this->create_publisher<tutorial_interfaces::msg::Num>("topic", 10[01;31m[K)[m[K; // CHANGE
      |                                                                                   [01;31m[K^[m[K
[01m[K/home/cimi/Documents/Workspace/humble/latihan_ws/src/custom_message/src/publisher.cpp:[m[K In member function ‘[01m[Kvoid MinimalPublisher::timer_callback()[m[K’:
[01m[K/home/cimi/Documents/Workspace/humble/latihan_ws/src/custom_message/src/publisher.cpp:23:20:[m[K [01;31m[Kerror: [m[K‘[01m[Ktutorial_interfaces[m[K’ has not been declared
   23 |     auto message = [01;31m[Ktutorial_interfaces[m[K::msg::Num();                                // CHANGE
      |                    [01;31m[K^~~~~~~~~~~~~~~~~~~[m[K
[01m[K/home/cimi/Documents/Workspace/humble/latihan_ws/src/custom_message/src/publisher.cpp:26:5:[m[K [01;31m[Kerror: [m[K‘[01m[Kpublisher_[m[K’ was not declared in this scope; did you mean ‘[01m[Krcl_publisher_t[m[K’?
   26 |     [01;31m[Kpublisher_[m[K->publish(message);
      |     [01;31m[K^~~~~~~~~~[m[K
      |     [32m[Krcl_publisher_t[m[K
[01m[K/home/cimi/Documents/Workspace/humble/latihan_ws/src/custom_message/src/subscriber.cpp:20:29:[m[K [01;31m[Kerror: [m[K‘[01m[Ktutorial_interfaces[m[K’ does not name a type; did you mean ‘[01m[Krcl_interfaces[m[K’?
   20 |   void topic_callback(const [01;31m[Ktutorial_interfaces[m[K::msg::Num &msg) const // CHANGE
      |                             [01;31m[K^~~~~~~~~~~~~~~~~~~[m[K
      |                             [32m[Krcl_interfaces[m[K
[01m[K/home/cimi/Documents/Workspace/humble/latihan_ws/src/custom_message/src/subscriber.cpp:20:53:[m[K [01;31m[Kerror: [m[Kexpected unqualified-id before ‘[01m[K::[m[K’ token
   20 |   void topic_callback(const tutorial_interfaces::msg[01;31m[K::[m[KNum &msg) const // CHANGE
      |                                                     [01;31m[K^~[m[K
[01m[K/home/cimi/Documents/Workspace/humble/latihan_ws/src/custom_message/src/subscriber.cpp:20:53:[m[K [01;31m[Kerror: [m[Kexpected ‘[01m[K)[m[K’ before ‘[01m[K::[m[K’ token
   20 |   void topic_callback[34m[K([m[Kconst tutorial_interfaces::msg[01;31m[K:[m[K[32m[K:[m[KNum &msg) const // CHANGE
      |                      [34m[K~[m[K                              [01;31m[K^[m[K[32m[K~[m[K
      |                                                     [32m[K)[m[K
[01m[K/home/cimi/Documents/Workspace/humble/latihan_ws/src/custom_message/src/subscriber.cpp:20:50:[m[K [01;31m[Kerror: [m[Kexpected ‘[01m[K;[m[K’ at end of member declaration
   20 |   void topic_callback(const tutorial_interfaces::[01;31m[Kmsg[m[K::Num &msg) const // CHANGE
      |                                                  [01;31m[K^~~[m[K
      |                                                     [32m[K;[m[K
[01m[K/home/cimi/Documents/Workspace/humble/latihan_ws/src/custom_message/src/subscriber.cpp:20:55:[m[K [01;31m[Kerror: [m[K‘[01m[KNum[m[K’ in namespace ‘[01m[K::[m[K’ does not name a type
   20 |   void topic_callback(const tutorial_interfaces::msg::[01;31m[KNum[m[K &msg) const // CHANGE
      |                                                       [01;31m[K^~~[m[K
[01m[K/home/cimi/Documents/Workspace/humble/latihan_ws/src/custom_message/src/subscriber.cpp:24:24:[m[K [01;31m[Kerror: [m[K‘[01m[Ktutorial_interfaces[m[K’ was not declared in this scope; did you mean ‘[01m[Krcl_interfaces[m[K’?
   24 |   rclcpp::Subscription<[01;31m[Ktutorial_interfaces[m[K::msg::Num>::SharedPtr subscription_; // CHANGE
      |                        [01;31m[K^~~~~~~~~~~~~~~~~~~[m[K
      |                        [32m[Krcl_interfaces[m[K
[01m[K/home/cimi/Documents/Workspace/humble/latihan_ws/src/custom_message/src/subscriber.cpp:24:53:[m[K [01;31m[Kerror: [m[Ktemplate argument 1 is invalid
   24 |   rclcpp::Subscription<tutorial_interfaces::msg::Num[01;31m[K>[m[K::SharedPtr subscription_; // CHANGE
      |                                                     [01;31m[K^[m[K
[01m[K/home/cimi/Documents/Workspace/humble/latihan_ws/src/custom_message/src/subscriber.cpp:24:53:[m[K [01;31m[Kerror: [m[Ktemplate argument 3 is invalid
[01m[K/home/cimi/Documents/Workspace/humble/latihan_ws/src/custom_message/src/subscriber.cpp:24:53:[m[K [01;31m[Kerror: [m[Ktemplate argument 4 is invalid
[01m[K/home/cimi/Documents/Workspace/humble/latihan_ws/src/custom_message/src/subscriber.cpp:24:53:[m[K [01;31m[Kerror: [m[Ktemplate argument 5 is invalid
[01m[K/home/cimi/Documents/Workspace/humble/latihan_ws/src/custom_message/src/subscriber.cpp:24:56:[m[K [01;31m[Kerror: [m[Kexpected ‘[01m[K;[m[K’ at end of member declaration
   24 |   rclcpp::Subscription<tutorial_interfaces::msg::Num>::[01;31m[KSharedPtr[m[K subscription_; // CHANGE
      |                                                        [01;31m[K^~~~~~~~~[m[K
      |                                                                 [32m[K;[m[K
[01m[K/home/cimi/Documents/Workspace/humble/latihan_ws/src/custom_message/src/subscriber.cpp:24:66:[m[K [01;31m[Kerror: [m[K‘[01m[Ksubscription_[m[K’ does not name a type; did you mean ‘[01m[Krcl_subscription_t[m[K’?
   24 |   rclcpp::Subscription<tutorial_interfaces::msg::Num>::SharedPtr [01;31m[Ksubscription_[m[K; // CHANGE
      |                                                                  [01;31m[K^~~~~~~~~~~~~[m[K
      |                                                                  [32m[Krcl_subscription_t[m[K
[01m[K/home/cimi/Documents/Workspace/humble/latihan_ws/src/custom_message/src/subscriber.cpp:[m[K In constructor ‘[01m[KMinimalSubscriber::MinimalSubscriber()[m[K’:
[01m[K/home/cimi/Documents/Workspace/humble/latihan_ws/src/custom_message/src/subscriber.cpp:15:5:[m[K [01;31m[Kerror: [m[K‘[01m[Ksubscription_[m[K’ was not declared in this scope; did you mean ‘[01m[Krcl_subscription_t[m[K’?
   15 |     [01;31m[Ksubscription_[m[K = this->create_subscription<tutorial_interfaces::msg::Num>( // CHANGE
      |     [01;31m[K^~~~~~~~~~~~~[m[K
      |     [32m[Krcl_subscription_t[m[K
[01m[K/home/cimi/Documents/Workspace/humble/latihan_ws/src/custom_message/src/subscriber.cpp:15:47:[m[K [01;31m[Kerror: [m[K‘[01m[Ktutorial_interfaces[m[K’ was not declared in this scope; did you mean ‘[01m[Krcl_interfaces[m[K’?
   15 |     subscription_ = this->create_subscription<[01;31m[Ktutorial_interfaces[m[K::msg::Num>( // CHANGE
      |                                               [01;31m[K^~~~~~~~~~~~~~~~~~~[m[K
      |                                               [32m[Krcl_interfaces[m[K
[01m[K/home/cimi/Documents/Workspace/humble/latihan_ws/src/custom_message/src/subscriber.cpp:15:27:[m[K [01;31m[Kerror: [m[Kparse error in template argument list
   15 |     subscription_ = this->[01;31m[Kcreate_subscription<tutorial_interfaces::msg::Num>[m[K( // CHANGE
      |                           [01;31m[K^~~~~~~~~~~~~~~~~~~~~~~~~~~~~~~~~~~~~~~~~~~~~~~~~~[m[K
[01m[K/home/cimi/Documents/Workspace/humble/latihan_ws/src/custom_message/src/subscriber.cpp:16:77:[m[K [01;31m[Kerror: [m[Kno matching function for call to ‘[01m[KMinimalSubscriber::create_subscription<<expression error> >(const char [6], int, std::_Bind_helper<false, void (MinimalSubscriber::*)(...), MinimalSubscriber*, const std::_Placeholder<1>&>::type)[m[K’
   16 |         "topic", 10, std::bind(&MinimalSubscriber::topic_callback, this, _1)[01;31m[K)[m[K;
      |                                                                             [01;31m[K^[m[K
In file included from [01m[K/home/cimi/ros2_humble/install/rclcpp/include/rclcpp/rclcpp/executors/single_threaded_executor.hpp:28[m[K,
                 from [01m[K/home/cimi/ros2_humble/install/rclcpp/include/rclcpp/rclcpp/executors.hpp:22[m[K,
                 from [01m[K/home/cimi/ros2_humble/install/rclcpp/include/rclcpp/rclcpp/rclcpp.hpp:155[m[K,
                 from [01m[K/home/cimi/Documents/Workspace/humble/latihan_ws/src/custom_message/src/subscriber.cpp:4[m[K:
[01m[K/home/cimi/ros2_humble/install/rclcpp/include/rclcpp/rclcpp/node.hpp:219:3:[m[K [01;36m[Knote: [m[Kcandidate: ‘[01m[Ktemplate<class MessageT, class CallbackT, class AllocatorT, class SubscriptionT, class MessageMemoryStrategyT> std::shared_ptr<ROSMessageT> rclcpp::Node::create_subscription(const string&, const rclcpp::QoS&, CallbackT&&, const rclcpp::SubscriptionOptionsWithAllocator<AllocatorT>&, typename MessageMemoryStrategyT::SharedPtr)[m[K’
  219 |   [01;36m[Kcreate_subscription[m[K(
      |   [01;36m[K^~~~~~~~~~~~~~~~~~~[m[K
[01m[K/home/cimi/ros2_humble/install/rclcpp/include/rclcpp/rclcpp/node.hpp:219:3:[m[K [01;36m[Knote: [m[K  template argument deduction/substitution failed:
[01m[K/home/cimi/Documents/Workspace/humble/latihan_ws/src/custom_message/src/subscriber.cpp:16:77:[m[K [01;31m[Kerror: [m[Ktemplate argument 1 is invalid
   16 |         "topic", 10, std::bind(&MinimalSubscriber::topic_callback, this, _1)[01;31m[K)[m[K;
      |                                                                             [01;31m[K^[m[K
make[2]: *** [CMakeFiles/talker.dir/build.make:63: CMakeFiles/talker.dir/src/publisher.cpp.o] Error 1
make[1]: *** [CMakeFiles/Makefile2:497: CMakeFiles/talker.dir/all] Error 2
make[1]: *** Waiting for unfinished jobs....
make[2]: *** [CMakeFiles/listener.dir/build.make:63: CMakeFiles/listener.dir/src/subscriber.cpp.o] Error 1
make[1]: *** [CMakeFiles/Makefile2:270: CMakeFiles/listener.dir/all] Error 2
make: *** [Makefile:141: all] Error 2
