[0.151s] Invoking command in '/home/cimi/Documents/Workspace/humble/latihan_ws/build/custom_message': CMAKE_PREFIX_PATH=${CMAKE_PREFIX_PATH}:/home/cimi/Documents/Workspace/humble/latihan_ws/install/py_srvcli:/home/cimi/Documents/Workspace/humble/latihan_ws/install/pubsub_python:/home/cimi/ros2_humble/install/rqt_bag_plugins:/home/cimi/ros2_humble/install/rqt_bag:/home/cimi/ros2_humble/install/ros2bag:/home/cimi/ros2_humble/install/tracetools_test:/home/cimi/ros2_humble/install/tracetools_launch:/home/cimi/ros2_humble/install/topic_monitor:/home/cimi/ros2_humble/install/tf2_tools:/home/cimi/ros2_humble/install/examples_tf2_py:/home/cimi/ros2_humble/install/tf2_ros_py:/home/cimi/ros2_humble/install/sros2:/home/cimi/ros2_humble/install/rqt_topic:/home/cimi/ros2_humble/install/rqt_srv:/home/cimi/ros2_humble/install/rqt_shell:/home/cimi/ros2_humble/install/rqt_service_caller:/home/cimi/ros2_humble/install/rqt_reconfigure:/home/cimi/ros2_humble/install/rqt_py_console:/home/cimi/ros2_humble/install/rqt_publisher:/home/cimi/ros2_humble/install/rqt_plot:/home/cimi/ros2_humble/install/rqt_action:/home/cimi/ros2_humble/install/rqt_msg:/home/cimi/ros2_humble/install/rqt_console:/home/cimi/ros2_humble/install/rqt:/home/cimi/ros2_humble/install/rqt_graph:/home/cimi/ros2_humble/install/rqt_gui_py:/home/cimi/ros2_humble/install/rqt_gui:/home/cimi/ros2_humble/install/ros2trace:/home/cimi/ros2_humble/install/ros2topic:/home/cimi/ros2_humble/install/ros2test:/home/cimi/ros2_humble/install/ros2component:/home/cimi/ros2_humble/install/ros2param:/home/cimi/ros2_humble/install/ros2lifecycle:/home/cimi/ros2_humble/install/ros2service:/home/cimi/ros2_humble/install/ros2run:/home/cimi/ros2_humble/install/ros2launch:/home/cimi/ros2_humble/install/ros2pkg:/home/cimi/ros2_humble/install/ros2node:/home/cimi/ros2_humble/install/ros2multicast:/home/cimi/ros2_humble/install/ros2interface:/home/cimi/ros2_humble/install/ros2doctor:/home/cimi/ros2_humble/install/ros2action:/home/cimi/ros2_humble/install/ros2cli:/home/cimi/ros2_humble/install/quality_of_service_demo_py:/home/cimi/ros2_humble/install/lifecycle_py:/home/cimi/ros2_humble/install/launch_testing_ros:/home/cimi/ros2_humble/install/launch_ros:/home/cimi/ros2_humble/install/examples_rclpy_pointcloud_publisher:/home/cimi/ros2_humble/install/examples_rclpy_minimal_subscriber:/home/cimi/ros2_humble/install/examples_rclpy_minimal_service:/home/cimi/ros2_humble/install/examples_rclpy_minimal_publisher:/home/cimi/ros2_humble/install/examples_rclpy_minimal_client:/home/cimi/ros2_humble/install/examples_rclpy_minimal_action_server:/home/cimi/ros2_humble/install/examples_rclpy_minimal_action_client:/home/cimi/ros2_humble/install/examples_rclpy_guard_conditions:/home/cimi/ros2_humble/install/examples_rclpy_executors:/home/cimi/ros2_humble/install/demo_nodes_py:/home/cimi/ros2_humble/install/action_tutorials_py:/home/cimi/ros2_humble/install/ament_uncrustify:/home/cimi/ros2_humble/install/tracetools_trace:/home/cimi/ros2_humble/install/tracetools_read:/home/cimi/ros2_humble/install/test_tracetools_launch:/home/cimi/ros2_humble/install/test_launch_ros:/home/cimi/ros2_humble/install/sensor_msgs_py:/home/cimi/ros2_humble/install/rpyutils:/home/cimi/ros2_humble/install/rosidl_runtime_py:/home/cimi/ros2_humble/install/rosidl_cli:/home/cimi/ros2_humble/install/launch_pytest:/home/cimi/ros2_humble/install/launch_testing:/home/cimi/ros2_humble/install/launch_yaml:/home/cimi/ros2_humble/install/launch_xml:/home/cimi/ros2_humble/install/launch:/home/cimi/ros2_humble/install/osrf_pycommon:/home/cimi/ros2_humble/install/launch_testing_examples:/home/cimi/ros2_humble/install/domain_coordinator:/home/cimi/ros2_humble/install/ament_xmllint:/home/cimi/ros2_humble/install/ament_pyflakes:/home/cimi/ros2_humble/install/ament_pycodestyle:/home/cimi/ros2_humble/install/ament_pep257:/home/cimi/ros2_humble/install/ament_pclint:/home/cimi/ros2_humble/install/ament_package:/home/cimi/ros2_humble/install/ament_mypy:/home/cimi/ros2_humble/install/ament_lint_cmake:/home/cimi/ros2_humble/install/ament_flake8:/home/cimi/ros2_humble/install/ament_copyright:/home/cimi/ros2_humble/install/ament_lint:/home/cimi/ros2_humble/install/ament_index_python:/home/cimi/ros2_humble/install/ament_cpplint:/home/cimi/ros2_humble/install/ament_cppcheck:/home/cimi/ros2_humble/install/ament_clang_tidy:/home/cimi/ros2_humble/install/ament_clang_format /usr/bin/cmake --build /home/cimi/Documents/Workspace/humble/latihan_ws/build/custom_message -- -j8 -l8
[0.346s] [35m[1mScanning dependencies of target talker[0m
[0.361s] [35m[1mScanning dependencies of target listener[0m
[0.391s] [  1%] Built target custom_message__cpp
[0.407s] [ 11%] Built target custom_message__rosidl_generator_c
[0.455s] [ 11%] Built target ament_cmake_python_copy_custom_message
[0.558s] [ 13%] [32mBuilding CXX object CMakeFiles/talker.dir/src/publisher.cpp.o[0m
[0.604s] [ 15%] [32mBuilding CXX object CMakeFiles/listener.dir/src/subscriber.cpp.o[0m
[0.605s] [ 25%] Built target custom_message__rosidl_typesupport_cpp
[0.622s] [ 35%] Built target custom_message__rosidl_typesupport_introspection_cpp
[0.643s] [ 45%] Built target custom_message__rosidl_typesupport_fastrtps_cpp
[0.681s] [ 54%] Built target custom_message__rosidl_typesupport_c
[0.693s] [ 64%] Built target custom_message__rosidl_typesupport_introspection_c
[0.698s] [ 74%] Built target custom_message__rosidl_typesupport_fastrtps_c
[0.791s] [ 74%] Built target custom_message
[0.905s] [ 76%] Built target custom_message__py
[1.020s] [ 84%] Built target custom_message__rosidl_generator_py
[1.198s] [ 88%] Built target custom_message__rosidl_typesupport_c__pyext
[1.212s] [ 92%] Built target custom_message__rosidl_typesupport_fastrtps_c__pyext
[1.223s] [ 96%] Built target custom_message__rosidl_typesupport_introspection_c__pyext
[1.713s] running egg_info
[1.789s] writing custom_message.egg-info/PKG-INFO
[1.789s] writing dependency_links to custom_message.egg-info/dependency_links.txt
[1.789s] writing top-level names to custom_message.egg-info/top_level.txt
[2.278s] reading manifest file 'custom_message.egg-info/SOURCES.txt'
[2.292s] writing manifest file 'custom_message.egg-info/SOURCES.txt'
[2.399s] [ 96%] Built target ament_cmake_python_build_custom_message_egg
[14.474s] [ 98%] [32m[1mLinking CXX executable talker[0m
[16.562s] [ 98%] Built target talker
[25.119s] [100%] [32m[1mLinking CXX executable listener[0m
[26.093s] [100%] Built target listener
[26.123s] Invoked command in '/home/cimi/Documents/Workspace/humble/latihan_ws/build/custom_message' returned '0': CMAKE_PREFIX_PATH=${CMAKE_PREFIX_PATH}:/home/cimi/Documents/Workspace/humble/latihan_ws/install/py_srvcli:/home/cimi/Documents/Workspace/humble/latihan_ws/install/pubsub_python:/home/cimi/ros2_humble/install/rqt_bag_plugins:/home/cimi/ros2_humble/install/rqt_bag:/home/cimi/ros2_humble/install/ros2bag:/home/cimi/ros2_humble/install/tracetools_test:/home/cimi/ros2_humble/install/tracetools_launch:/home/cimi/ros2_humble/install/topic_monitor:/home/cimi/ros2_humble/install/tf2_tools:/home/cimi/ros2_humble/install/examples_tf2_py:/home/cimi/ros2_humble/install/tf2_ros_py:/home/cimi/ros2_humble/install/sros2:/home/cimi/ros2_humble/install/rqt_topic:/home/cimi/ros2_humble/install/rqt_srv:/home/cimi/ros2_humble/install/rqt_shell:/home/cimi/ros2_humble/install/rqt_service_caller:/home/cimi/ros2_humble/install/rqt_reconfigure:/home/cimi/ros2_humble/install/rqt_py_console:/home/cimi/ros2_humble/install/rqt_publisher:/home/cimi/ros2_humble/install/rqt_plot:/home/cimi/ros2_humble/install/rqt_action:/home/cimi/ros2_humble/install/rqt_msg:/home/cimi/ros2_humble/install/rqt_console:/home/cimi/ros2_humble/install/rqt:/home/cimi/ros2_humble/install/rqt_graph:/home/cimi/ros2_humble/install/rqt_gui_py:/home/cimi/ros2_humble/install/rqt_gui:/home/cimi/ros2_humble/install/ros2trace:/home/cimi/ros2_humble/install/ros2topic:/home/cimi/ros2_humble/install/ros2test:/home/cimi/ros2_humble/install/ros2component:/home/cimi/ros2_humble/install/ros2param:/home/cimi/ros2_humble/install/ros2lifecycle:/home/cimi/ros2_humble/install/ros2service:/home/cimi/ros2_humble/install/ros2run:/home/cimi/ros2_humble/install/ros2launch:/home/cimi/ros2_humble/install/ros2pkg:/home/cimi/ros2_humble/install/ros2node:/home/cimi/ros2_humble/install/ros2multicast:/home/cimi/ros2_humble/install/ros2interface:/home/cimi/ros2_humble/install/ros2doctor:/home/cimi/ros2_humble/install/ros2action:/home/cimi/ros2_humble/install/ros2cli:/home/cimi/ros2_humble/install/quality_of_service_demo_py:/home/cimi/ros2_humble/install/lifecycle_py:/home/cimi/ros2_humble/install/launch_testing_ros:/home/cimi/ros2_humble/install/launch_ros:/home/cimi/ros2_humble/install/examples_rclpy_pointcloud_publisher:/home/cimi/ros2_humble/install/examples_rclpy_minimal_subscriber:/home/cimi/ros2_humble/install/examples_rclpy_minimal_service:/home/cimi/ros2_humble/install/examples_rclpy_minimal_publisher:/home/cimi/ros2_humble/install/examples_rclpy_minimal_client:/home/cimi/ros2_humble/install/examples_rclpy_minimal_action_server:/home/cimi/ros2_humble/install/examples_rclpy_minimal_action_client:/home/cimi/ros2_humble/install/examples_rclpy_guard_conditions:/home/cimi/ros2_humble/install/examples_rclpy_executors:/home/cimi/ros2_humble/install/demo_nodes_py:/home/cimi/ros2_humble/install/action_tutorials_py:/home/cimi/ros2_humble/install/ament_uncrustify:/home/cimi/ros2_humble/install/tracetools_trace:/home/cimi/ros2_humble/install/tracetools_read:/home/cimi/ros2_humble/install/test_tracetools_launch:/home/cimi/ros2_humble/install/test_launch_ros:/home/cimi/ros2_humble/install/sensor_msgs_py:/home/cimi/ros2_humble/install/rpyutils:/home/cimi/ros2_humble/install/rosidl_runtime_py:/home/cimi/ros2_humble/install/rosidl_cli:/home/cimi/ros2_humble/install/launch_pytest:/home/cimi/ros2_humble/install/launch_testing:/home/cimi/ros2_humble/install/launch_yaml:/home/cimi/ros2_humble/install/launch_xml:/home/cimi/ros2_humble/install/launch:/home/cimi/ros2_humble/install/osrf_pycommon:/home/cimi/ros2_humble/install/launch_testing_examples:/home/cimi/ros2_humble/install/domain_coordinator:/home/cimi/ros2_humble/install/ament_xmllint:/home/cimi/ros2_humble/install/ament_pyflakes:/home/cimi/ros2_humble/install/ament_pycodestyle:/home/cimi/ros2_humble/install/ament_pep257:/home/cimi/ros2_humble/install/ament_pclint:/home/cimi/ros2_humble/install/ament_package:/home/cimi/ros2_humble/install/ament_mypy:/home/cimi/ros2_humble/install/ament_lint_cmake:/home/cimi/ros2_humble/install/ament_flake8:/home/cimi/ros2_humble/install/ament_copyright:/home/cimi/ros2_humble/install/ament_lint:/home/cimi/ros2_humble/install/ament_index_python:/home/cimi/ros2_humble/install/ament_cpplint:/home/cimi/ros2_humble/install/ament_cppcheck:/home/cimi/ros2_humble/install/ament_clang_tidy:/home/cimi/ros2_humble/install/ament_clang_format /usr/bin/cmake --build /home/cimi/Documents/Workspace/humble/latihan_ws/build/custom_message -- -j8 -l8
[26.571s] Invoking command in '/home/cimi/Documents/Workspace/humble/latihan_ws/build/custom_message': CMAKE_PREFIX_PATH=${CMAKE_PREFIX_PATH}:/home/cimi/Documents/Workspace/humble/latihan_ws/install/py_srvcli:/home/cimi/Documents/Workspace/humble/latihan_ws/install/pubsub_python:/home/cimi/ros2_humble/install/rqt_bag_plugins:/home/cimi/ros2_humble/install/rqt_bag:/home/cimi/ros2_humble/install/ros2bag:/home/cimi/ros2_humble/install/tracetools_test:/home/cimi/ros2_humble/install/tracetools_launch:/home/cimi/ros2_humble/install/topic_monitor:/home/cimi/ros2_humble/install/tf2_tools:/home/cimi/ros2_humble/install/examples_tf2_py:/home/cimi/ros2_humble/install/tf2_ros_py:/home/cimi/ros2_humble/install/sros2:/home/cimi/ros2_humble/install/rqt_topic:/home/cimi/ros2_humble/install/rqt_srv:/home/cimi/ros2_humble/install/rqt_shell:/home/cimi/ros2_humble/install/rqt_service_caller:/home/cimi/ros2_humble/install/rqt_reconfigure:/home/cimi/ros2_humble/install/rqt_py_console:/home/cimi/ros2_humble/install/rqt_publisher:/home/cimi/ros2_humble/install/rqt_plot:/home/cimi/ros2_humble/install/rqt_action:/home/cimi/ros2_humble/install/rqt_msg:/home/cimi/ros2_humble/install/rqt_console:/home/cimi/ros2_humble/install/rqt:/home/cimi/ros2_humble/install/rqt_graph:/home/cimi/ros2_humble/install/rqt_gui_py:/home/cimi/ros2_humble/install/rqt_gui:/home/cimi/ros2_humble/install/ros2trace:/home/cimi/ros2_humble/install/ros2topic:/home/cimi/ros2_humble/install/ros2test:/home/cimi/ros2_humble/install/ros2component:/home/cimi/ros2_humble/install/ros2param:/home/cimi/ros2_humble/install/ros2lifecycle:/home/cimi/ros2_humble/install/ros2service:/home/cimi/ros2_humble/install/ros2run:/home/cimi/ros2_humble/install/ros2launch:/home/cimi/ros2_humble/install/ros2pkg:/home/cimi/ros2_humble/install/ros2node:/home/cimi/ros2_humble/install/ros2multicast:/home/cimi/ros2_humble/install/ros2interface:/home/cimi/ros2_humble/install/ros2doctor:/home/cimi/ros2_humble/install/ros2action:/home/cimi/ros2_humble/install/ros2cli:/home/cimi/ros2_humble/install/quality_of_service_demo_py:/home/cimi/ros2_humble/install/lifecycle_py:/home/cimi/ros2_humble/install/launch_testing_ros:/home/cimi/ros2_humble/install/launch_ros:/home/cimi/ros2_humble/install/examples_rclpy_pointcloud_publisher:/home/cimi/ros2_humble/install/examples_rclpy_minimal_subscriber:/home/cimi/ros2_humble/install/examples_rclpy_minimal_service:/home/cimi/ros2_humble/install/examples_rclpy_minimal_publisher:/home/cimi/ros2_humble/install/examples_rclpy_minimal_client:/home/cimi/ros2_humble/install/examples_rclpy_minimal_action_server:/home/cimi/ros2_humble/install/examples_rclpy_minimal_action_client:/home/cimi/ros2_humble/install/examples_rclpy_guard_conditions:/home/cimi/ros2_humble/install/examples_rclpy_executors:/home/cimi/ros2_humble/install/demo_nodes_py:/home/cimi/ros2_humble/install/action_tutorials_py:/home/cimi/ros2_humble/install/ament_uncrustify:/home/cimi/ros2_humble/install/tracetools_trace:/home/cimi/ros2_humble/install/tracetools_read:/home/cimi/ros2_humble/install/test_tracetools_launch:/home/cimi/ros2_humble/install/test_launch_ros:/home/cimi/ros2_humble/install/sensor_msgs_py:/home/cimi/ros2_humble/install/rpyutils:/home/cimi/ros2_humble/install/rosidl_runtime_py:/home/cimi/ros2_humble/install/rosidl_cli:/home/cimi/ros2_humble/install/launch_pytest:/home/cimi/ros2_humble/install/launch_testing:/home/cimi/ros2_humble/install/launch_yaml:/home/cimi/ros2_humble/install/launch_xml:/home/cimi/ros2_humble/install/launch:/home/cimi/ros2_humble/install/osrf_pycommon:/home/cimi/ros2_humble/install/launch_testing_examples:/home/cimi/ros2_humble/install/domain_coordinator:/home/cimi/ros2_humble/install/ament_xmllint:/home/cimi/ros2_humble/install/ament_pyflakes:/home/cimi/ros2_humble/install/ament_pycodestyle:/home/cimi/ros2_humble/install/ament_pep257:/home/cimi/ros2_humble/install/ament_pclint:/home/cimi/ros2_humble/install/ament_package:/home/cimi/ros2_humble/install/ament_mypy:/home/cimi/ros2_humble/install/ament_lint_cmake:/home/cimi/ros2_humble/install/ament_flake8:/home/cimi/ros2_humble/install/ament_copyright:/home/cimi/ros2_humble/install/ament_lint:/home/cimi/ros2_humble/install/ament_index_python:/home/cimi/ros2_humble/install/ament_cpplint:/home/cimi/ros2_humble/install/ament_cppcheck:/home/cimi/ros2_humble/install/ament_clang_tidy:/home/cimi/ros2_humble/install/ament_clang_format /usr/bin/cmake --install /home/cimi/Documents/Workspace/humble/latihan_ws/build/custom_message
[26.594s] -- Install configuration: ""
[26.595s] -- Up-to-date: /home/cimi/Documents/Workspace/humble/latihan_ws/install/custom_message/share/ament_index/resource_index/rosidl_interfaces/custom_message
[26.595s] -- Up-to-date: /home/cimi/Documents/Workspace/humble/latihan_ws/install/custom_message/include/custom_message/custom_message
[26.595s] -- Up-to-date: /home/cimi/Documents/Workspace/humble/latihan_ws/install/custom_message/include/custom_message/custom_message/srv
[26.595s] -- Up-to-date: /home/cimi/Documents/Workspace/humble/latihan_ws/install/custom_message/include/custom_message/custom_message/srv/detail
[26.596s] -- Up-to-date: /home/cimi/Documents/Workspace/humble/latihan_ws/install/custom_message/include/custom_message/custom_message/srv/detail/add_three_ints__struct.h
[26.596s] -- Up-to-date: /home/cimi/Documents/Workspace/humble/latihan_ws/install/custom_message/include/custom_message/custom_message/srv/detail/add_three_ints__type_support.h
[26.596s] -- Up-to-date: /home/cimi/Documents/Workspace/humble/latihan_ws/install/custom_message/include/custom_message/custom_message/srv/detail/add_three_ints__functions.c
[26.596s] -- Up-to-date: /home/cimi/Documents/Workspace/humble/latihan_ws/install/custom_message/include/custom_message/custom_message/srv/detail/add_three_ints__functions.h
[26.596s] -- Up-to-date: /home/cimi/Documents/Workspace/humble/latihan_ws/install/custom_message/include/custom_message/custom_message/srv/add_three_ints.h
[26.596s] -- Up-to-date: /home/cimi/Documents/Workspace/humble/latihan_ws/install/custom_message/include/custom_message/custom_message/msg
[26.597s] -- Up-to-date: /home/cimi/Documents/Workspace/humble/latihan_ws/install/custom_message/include/custom_message/custom_message/msg/sphere.h
[26.597s] -- Up-to-date: /home/cimi/Documents/Workspace/humble/latihan_ws/install/custom_message/include/custom_message/custom_message/msg/rosidl_generator_c__visibility_control.h
[26.597s] -- Up-to-date: /home/cimi/Documents/Workspace/humble/latihan_ws/install/custom_message/include/custom_message/custom_message/msg/num.h
[26.597s] -- Up-to-date: /home/cimi/Documents/Workspace/humble/latihan_ws/install/custom_message/include/custom_message/custom_message/msg/detail
[26.597s] -- Up-to-date: /home/cimi/Documents/Workspace/humble/latihan_ws/install/custom_message/include/custom_message/custom_message/msg/detail/sphere__type_support.h
[26.597s] -- Up-to-date: /home/cimi/Documents/Workspace/humble/latihan_ws/install/custom_message/include/custom_message/custom_message/msg/detail/sphere__functions.c
[26.597s] -- Up-to-date: /home/cimi/Documents/Workspace/humble/latihan_ws/install/custom_message/include/custom_message/custom_message/msg/detail/sphere__struct.h
[26.598s] -- Up-to-date: /home/cimi/Documents/Workspace/humble/latihan_ws/install/custom_message/include/custom_message/custom_message/msg/detail/num__struct.h
[26.598s] -- Up-to-date: /home/cimi/Documents/Workspace/humble/latihan_ws/install/custom_message/include/custom_message/custom_message/msg/detail/num__functions.h
[26.598s] -- Up-to-date: /home/cimi/Documents/Workspace/humble/latihan_ws/install/custom_message/include/custom_message/custom_message/msg/detail/num__functions.c
[26.598s] -- Up-to-date: /home/cimi/Documents/Workspace/humble/latihan_ws/install/custom_message/include/custom_message/custom_message/msg/detail/num__type_support.h
[26.598s] -- Up-to-date: /home/cimi/Documents/Workspace/humble/latihan_ws/install/custom_message/include/custom_message/custom_message/msg/detail/sphere__functions.h
[26.598s] -- Up-to-date: /home/cimi/Documents/Workspace/humble/latihan_ws/install/custom_message/share/custom_message/environment/library_path.sh
[26.598s] -- Installing: /home/cimi/Documents/Workspace/humble/latihan_ws/install/custom_message/share/custom_message/environment/library_path.dsv
[26.605s] -- Up-to-date: /home/cimi/Documents/Workspace/humble/latihan_ws/install/custom_message/lib/libcustom_message__rosidl_generator_c.so
[26.606s] -- Up-to-date: /home/cimi/Documents/Workspace/humble/latihan_ws/install/custom_message/include/custom_message/custom_message
[26.606s] -- Up-to-date: /home/cimi/Documents/Workspace/humble/latihan_ws/install/custom_message/include/custom_message/custom_message/srv
[26.606s] -- Up-to-date: /home/cimi/Documents/Workspace/humble/latihan_ws/install/custom_message/include/custom_message/custom_message/srv/detail
[26.607s] -- Up-to-date: /home/cimi/Documents/Workspace/humble/latihan_ws/install/custom_message/include/custom_message/custom_message/srv/detail/add_three_ints__rosidl_typesupport_fastrtps_c.h
[26.607s] -- Up-to-date: /home/cimi/Documents/Workspace/humble/latihan_ws/install/custom_message/include/custom_message/custom_message/msg
[26.607s] -- Up-to-date: /home/cimi/Documents/Workspace/humble/latihan_ws/install/custom_message/include/custom_message/custom_message/msg/rosidl_typesupport_fastrtps_c__visibility_control.h
[26.607s] -- Up-to-date: /home/cimi/Documents/Workspace/humble/latihan_ws/install/custom_message/include/custom_message/custom_message/msg/detail
[26.607s] -- Up-to-date: /home/cimi/Documents/Workspace/humble/latihan_ws/install/custom_message/include/custom_message/custom_message/msg/detail/num__rosidl_typesupport_fastrtps_c.h
[26.608s] -- Up-to-date: /home/cimi/Documents/Workspace/humble/latihan_ws/install/custom_message/include/custom_message/custom_message/msg/detail/sphere__rosidl_typesupport_fastrtps_c.h
[26.608s] -- Up-to-date: /home/cimi/Documents/Workspace/humble/latihan_ws/install/custom_message/lib/libcustom_message__rosidl_typesupport_fastrtps_c.so
[26.608s] -- Up-to-date: /home/cimi/Documents/Workspace/humble/latihan_ws/install/custom_message/include/custom_message/custom_message
[26.608s] -- Up-to-date: /home/cimi/Documents/Workspace/humble/latihan_ws/install/custom_message/include/custom_message/custom_message/srv
[26.608s] -- Up-to-date: /home/cimi/Documents/Workspace/humble/latihan_ws/install/custom_message/include/custom_message/custom_message/srv/add_three_ints.hpp
[26.608s] -- Up-to-date: /home/cimi/Documents/Workspace/humble/latihan_ws/install/custom_message/include/custom_message/custom_message/srv/detail
[26.609s] -- Up-to-date: /home/cimi/Documents/Workspace/humble/latihan_ws/install/custom_message/include/custom_message/custom_message/srv/detail/add_three_ints__struct.hpp
[26.609s] -- Up-to-date: /home/cimi/Documents/Workspace/humble/latihan_ws/install/custom_message/include/custom_message/custom_message/srv/detail/add_three_ints__traits.hpp
[26.609s] -- Up-to-date: /home/cimi/Documents/Workspace/humble/latihan_ws/install/custom_message/include/custom_message/custom_message/srv/detail/add_three_ints__builder.hpp
[26.609s] -- Up-to-date: /home/cimi/Documents/Workspace/humble/latihan_ws/install/custom_message/include/custom_message/custom_message/msg
[26.609s] -- Up-to-date: /home/cimi/Documents/Workspace/humble/latihan_ws/install/custom_message/include/custom_message/custom_message/msg/sphere.hpp
[26.609s] -- Up-to-date: /home/cimi/Documents/Workspace/humble/latihan_ws/install/custom_message/include/custom_message/custom_message/msg/num.hpp
[26.609s] -- Up-to-date: /home/cimi/Documents/Workspace/humble/latihan_ws/install/custom_message/include/custom_message/custom_message/msg/detail
[26.610s] -- Up-to-date: /home/cimi/Documents/Workspace/humble/latihan_ws/install/custom_message/include/custom_message/custom_message/msg/detail/num__traits.hpp
[26.610s] -- Up-to-date: /home/cimi/Documents/Workspace/humble/latihan_ws/install/custom_message/include/custom_message/custom_message/msg/detail/sphere__traits.hpp
[26.610s] -- Up-to-date: /home/cimi/Documents/Workspace/humble/latihan_ws/install/custom_message/include/custom_message/custom_message/msg/detail/num__struct.hpp
[26.610s] -- Up-to-date: /home/cimi/Documents/Workspace/humble/latihan_ws/install/custom_message/include/custom_message/custom_message/msg/detail/sphere__builder.hpp
[26.610s] -- Up-to-date: /home/cimi/Documents/Workspace/humble/latihan_ws/install/custom_message/include/custom_message/custom_message/msg/detail/num__builder.hpp
[26.610s] -- Up-to-date: /home/cimi/Documents/Workspace/humble/latihan_ws/install/custom_message/include/custom_message/custom_message/msg/detail/sphere__struct.hpp
[26.611s] -- Up-to-date: /home/cimi/Documents/Workspace/humble/latihan_ws/install/custom_message/include/custom_message/custom_message
[26.611s] -- Up-to-date: /home/cimi/Documents/Workspace/humble/latihan_ws/install/custom_message/include/custom_message/custom_message/srv
[26.611s] -- Up-to-date: /home/cimi/Documents/Workspace/humble/latihan_ws/install/custom_message/include/custom_message/custom_message/srv/detail
[26.611s] -- Up-to-date: /home/cimi/Documents/Workspace/humble/latihan_ws/install/custom_message/include/custom_message/custom_message/srv/detail/dds_fastrtps
[26.611s] -- Up-to-date: /home/cimi/Documents/Workspace/humble/latihan_ws/install/custom_message/include/custom_message/custom_message/srv/detail/add_three_ints__rosidl_typesupport_fastrtps_cpp.hpp
[26.612s] -- Up-to-date: /home/cimi/Documents/Workspace/humble/latihan_ws/install/custom_message/include/custom_message/custom_message/msg
[26.612s] -- Up-to-date: /home/cimi/Documents/Workspace/humble/latihan_ws/install/custom_message/include/custom_message/custom_message/msg/detail
[26.612s] -- Up-to-date: /home/cimi/Documents/Workspace/humble/latihan_ws/install/custom_message/include/custom_message/custom_message/msg/detail/sphere__rosidl_typesupport_fastrtps_cpp.hpp
[26.612s] -- Up-to-date: /home/cimi/Documents/Workspace/humble/latihan_ws/install/custom_message/include/custom_message/custom_message/msg/detail/num__rosidl_typesupport_fastrtps_cpp.hpp
[26.612s] -- Up-to-date: /home/cimi/Documents/Workspace/humble/latihan_ws/install/custom_message/include/custom_message/custom_message/msg/detail/dds_fastrtps
[26.613s] -- Up-to-date: /home/cimi/Documents/Workspace/humble/latihan_ws/install/custom_message/include/custom_message/custom_message/msg/rosidl_typesupport_fastrtps_cpp__visibility_control.h
[26.613s] -- Up-to-date: /home/cimi/Documents/Workspace/humble/latihan_ws/install/custom_message/lib/libcustom_message__rosidl_typesupport_fastrtps_cpp.so
[26.613s] -- Up-to-date: /home/cimi/Documents/Workspace/humble/latihan_ws/install/custom_message/include/custom_message/custom_message
[26.613s] -- Up-to-date: /home/cimi/Documents/Workspace/humble/latihan_ws/install/custom_message/include/custom_message/custom_message/srv
[26.613s] -- Up-to-date: /home/cimi/Documents/Workspace/humble/latihan_ws/install/custom_message/include/custom_message/custom_message/srv/detail
[26.614s] -- Up-to-date: /home/cimi/Documents/Workspace/humble/latihan_ws/install/custom_message/include/custom_message/custom_message/srv/detail/add_three_ints__type_support.c
[26.614s] -- Up-to-date: /home/cimi/Documents/Workspace/humble/latihan_ws/install/custom_message/include/custom_message/custom_message/srv/detail/add_three_ints__rosidl_typesupport_introspection_c.h
[26.614s] -- Up-to-date: /home/cimi/Documents/Workspace/humble/latihan_ws/install/custom_message/include/custom_message/custom_message/msg
[26.614s] -- Up-to-date: /home/cimi/Documents/Workspace/humble/latihan_ws/install/custom_message/include/custom_message/custom_message/msg/detail
[26.615s] -- Up-to-date: /home/cimi/Documents/Workspace/humble/latihan_ws/install/custom_message/include/custom_message/custom_message/msg/detail/num__rosidl_typesupport_introspection_c.h
[26.615s] -- Up-to-date: /home/cimi/Documents/Workspace/humble/latihan_ws/install/custom_message/include/custom_message/custom_message/msg/detail/num__type_support.c
[26.615s] -- Up-to-date: /home/cimi/Documents/Workspace/humble/latihan_ws/install/custom_message/include/custom_message/custom_message/msg/detail/sphere__type_support.c
[26.615s] -- Up-to-date: /home/cimi/Documents/Workspace/humble/latihan_ws/install/custom_message/include/custom_message/custom_message/msg/detail/sphere__rosidl_typesupport_introspection_c.h
[26.615s] -- Up-to-date: /home/cimi/Documents/Workspace/humble/latihan_ws/install/custom_message/include/custom_message/custom_message/msg/rosidl_typesupport_introspection_c__visibility_control.h
[26.616s] -- Up-to-date: /home/cimi/Documents/Workspace/humble/latihan_ws/install/custom_message/lib/libcustom_message__rosidl_typesupport_introspection_c.so
[26.616s] -- Up-to-date: /home/cimi/Documents/Workspace/humble/latihan_ws/install/custom_message/lib/libcustom_message__rosidl_typesupport_c.so
[26.616s] -- Up-to-date: /home/cimi/Documents/Workspace/humble/latihan_ws/install/custom_message/include/custom_message/custom_message
[26.616s] -- Up-to-date: /home/cimi/Documents/Workspace/humble/latihan_ws/install/custom_message/include/custom_message/custom_message/srv
[26.616s] -- Up-to-date: /home/cimi/Documents/Workspace/humble/latihan_ws/install/custom_message/include/custom_message/custom_message/srv/detail
[26.616s] -- Up-to-date: /home/cimi/Documents/Workspace/humble/latihan_ws/install/custom_message/include/custom_message/custom_message/srv/detail/add_three_ints__rosidl_typesupport_introspection_cpp.hpp
[26.616s] -- Up-to-date: /home/cimi/Documents/Workspace/humble/latihan_ws/install/custom_message/include/custom_message/custom_message/srv/detail/add_three_ints__type_support.cpp
[26.616s] -- Up-to-date: /home/cimi/Documents/Workspace/humble/latihan_ws/install/custom_message/include/custom_message/custom_message/msg
[26.617s] -- Up-to-date: /home/cimi/Documents/Workspace/humble/latihan_ws/install/custom_message/include/custom_message/custom_message/msg/detail
[26.617s] -- Up-to-date: /home/cimi/Documents/Workspace/humble/latihan_ws/install/custom_message/include/custom_message/custom_message/msg/detail/num__type_support.cpp
[26.617s] -- Up-to-date: /home/cimi/Documents/Workspace/humble/latihan_ws/install/custom_message/include/custom_message/custom_message/msg/detail/num__rosidl_typesupport_introspection_cpp.hpp
[26.617s] -- Up-to-date: /home/cimi/Documents/Workspace/humble/latihan_ws/install/custom_message/include/custom_message/custom_message/msg/detail/sphere__rosidl_typesupport_introspection_cpp.hpp
[26.617s] -- Up-to-date: /home/cimi/Documents/Workspace/humble/latihan_ws/install/custom_message/include/custom_message/custom_message/msg/detail/sphere__type_support.cpp
[26.617s] -- Up-to-date: /home/cimi/Documents/Workspace/humble/latihan_ws/install/custom_message/lib/libcustom_message__rosidl_typesupport_introspection_cpp.so
[26.617s] -- Up-to-date: /home/cimi/Documents/Workspace/humble/latihan_ws/install/custom_message/lib/libcustom_message__rosidl_typesupport_cpp.so
[26.617s] -- Up-to-date: /home/cimi/Documents/Workspace/humble/latihan_ws/install/custom_message/share/custom_message/environment/pythonpath.sh
[26.617s] -- Installing: /home/cimi/Documents/Workspace/humble/latihan_ws/install/custom_message/share/custom_message/environment/pythonpath.dsv
[26.620s] -- Up-to-date: /home/cimi/Documents/Workspace/humble/latihan_ws/install/custom_message/lib/python3.8/site-packages/custom_message-0.0.0-py3.8.egg-info
[26.621s] -- Installing: /home/cimi/Documents/Workspace/humble/latihan_ws/install/custom_message/lib/python3.8/site-packages/custom_message-0.0.0-py3.8.egg-info/SOURCES.txt
[26.621s] -- Installing: /home/cimi/Documents/Workspace/humble/latihan_ws/install/custom_message/lib/python3.8/site-packages/custom_message-0.0.0-py3.8.egg-info/top_level.txt
[26.621s] -- Installing: /home/cimi/Documents/Workspace/humble/latihan_ws/install/custom_message/lib/python3.8/site-packages/custom_message-0.0.0-py3.8.egg-info/dependency_links.txt
[26.621s] -- Installing: /home/cimi/Documents/Workspace/humble/latihan_ws/install/custom_message/lib/python3.8/site-packages/custom_message-0.0.0-py3.8.egg-info/PKG-INFO
[26.622s] -- Up-to-date: /home/cimi/Documents/Workspace/humble/latihan_ws/install/custom_message/lib/python3.8/site-packages/custom_message
[26.622s] -- Up-to-date: /home/cimi/Documents/Workspace/humble/latihan_ws/install/custom_message/lib/python3.8/site-packages/custom_message/custom_message_s__rosidl_typesupport_c.cpython-38-x86_64-linux-gnu.so
[26.622s] -- Up-to-date: /home/cimi/Documents/Workspace/humble/latihan_ws/install/custom_message/lib/python3.8/site-packages/custom_message/_custom_message_s.ep.rosidl_typesupport_introspection_c.c
[26.622s] -- Up-to-date: /home/cimi/Documents/Workspace/humble/latihan_ws/install/custom_message/lib/python3.8/site-packages/custom_message/srv
[26.623s] -- Up-to-date: /home/cimi/Documents/Workspace/humble/latihan_ws/install/custom_message/lib/python3.8/site-packages/custom_message/srv/__init__.py
[26.623s] -- Up-to-date: /home/cimi/Documents/Workspace/humble/latihan_ws/install/custom_message/lib/python3.8/site-packages/custom_message/srv/_add_three_ints_s.c
[26.623s] -- Up-to-date: /home/cimi/Documents/Workspace/humble/latihan_ws/install/custom_message/lib/python3.8/site-packages/custom_message/srv/_add_three_ints.py
[26.623s] -- Up-to-date: /home/cimi/Documents/Workspace/humble/latihan_ws/install/custom_message/lib/python3.8/site-packages/custom_message/_custom_message_s.ep.rosidl_typesupport_fastrtps_c.c
[26.623s] -- Up-to-date: /home/cimi/Documents/Workspace/humble/latihan_ws/install/custom_message/lib/python3.8/site-packages/custom_message/libcustom_message__rosidl_generator_py.so
[26.623s] -- Installing: /home/cimi/Documents/Workspace/humble/latihan_ws/install/custom_message/lib/python3.8/site-packages/custom_message/__init__.py
[26.623s] -- Up-to-date: /home/cimi/Documents/Workspace/humble/latihan_ws/install/custom_message/lib/python3.8/site-packages/custom_message/_custom_message_s.ep.rosidl_typesupport_c.c
[26.624s] -- Up-to-date: /home/cimi/Documents/Workspace/humble/latihan_ws/install/custom_message/lib/python3.8/site-packages/custom_message/msg
[26.624s] -- Up-to-date: /home/cimi/Documents/Workspace/humble/latihan_ws/install/custom_message/lib/python3.8/site-packages/custom_message/msg/_num_s.c
[26.624s] -- Up-to-date: /home/cimi/Documents/Workspace/humble/latihan_ws/install/custom_message/lib/python3.8/site-packages/custom_message/msg/__init__.py
[26.624s] -- Up-to-date: /home/cimi/Documents/Workspace/humble/latihan_ws/install/custom_message/lib/python3.8/site-packages/custom_message/msg/_sphere.py
[26.624s] -- Up-to-date: /home/cimi/Documents/Workspace/humble/latihan_ws/install/custom_message/lib/python3.8/site-packages/custom_message/msg/_sphere_s.c
[26.624s] -- Up-to-date: /home/cimi/Documents/Workspace/humble/latihan_ws/install/custom_message/lib/python3.8/site-packages/custom_message/msg/_num.py
[26.624s] -- Up-to-date: /home/cimi/Documents/Workspace/humble/latihan_ws/install/custom_message/lib/python3.8/site-packages/custom_message/custom_message_s__rosidl_typesupport_introspection_c.cpython-38-x86_64-linux-gnu.so
[26.625s] -- Up-to-date: /home/cimi/Documents/Workspace/humble/latihan_ws/install/custom_message/lib/python3.8/site-packages/custom_message/custom_message_s__rosidl_typesupport_fastrtps_c.cpython-38-x86_64-linux-gnu.so
[26.736s] Listing '/home/cimi/Documents/Workspace/humble/latihan_ws/install/custom_message/lib/python3.8/site-packages/custom_message'...
[26.736s] Compiling '/home/cimi/Documents/Workspace/humble/latihan_ws/install/custom_message/lib/python3.8/site-packages/custom_message/__init__.py'...
[26.736s] Listing '/home/cimi/Documents/Workspace/humble/latihan_ws/install/custom_message/lib/python3.8/site-packages/custom_message/msg'...
[26.736s] Listing '/home/cimi/Documents/Workspace/humble/latihan_ws/install/custom_message/lib/python3.8/site-packages/custom_message/srv'...
[26.742s] -- Up-to-date: /home/cimi/Documents/Workspace/humble/latihan_ws/install/custom_message/lib/python3.8/site-packages/custom_message/custom_message_s__rosidl_typesupport_introspection_c.cpython-38-x86_64-linux-gnu.so
[26.743s] -- Up-to-date: /home/cimi/Documents/Workspace/humble/latihan_ws/install/custom_message/lib/python3.8/site-packages/custom_message/custom_message_s__rosidl_typesupport_fastrtps_c.cpython-38-x86_64-linux-gnu.so
[26.744s] -- Up-to-date: /home/cimi/Documents/Workspace/humble/latihan_ws/install/custom_message/lib/python3.8/site-packages/custom_message/custom_message_s__rosidl_typesupport_c.cpython-38-x86_64-linux-gnu.so
[26.744s] -- Up-to-date: /home/cimi/Documents/Workspace/humble/latihan_ws/install/custom_message/lib/libcustom_message__rosidl_generator_py.so
[26.745s] -- Up-to-date: /home/cimi/Documents/Workspace/humble/latihan_ws/install/custom_message/share/custom_message/msg/Num.idl
[26.745s] -- Up-to-date: /home/cimi/Documents/Workspace/humble/latihan_ws/install/custom_message/share/custom_message/msg/Sphere.idl
[26.745s] -- Up-to-date: /home/cimi/Documents/Workspace/humble/latihan_ws/install/custom_message/share/custom_message/srv/AddThreeInts.idl
[26.745s] -- Up-to-date: /home/cimi/Documents/Workspace/humble/latihan_ws/install/custom_message/share/custom_message/msg/Num.msg
[26.745s] -- Up-to-date: /home/cimi/Documents/Workspace/humble/latihan_ws/install/custom_message/share/custom_message/msg/Sphere.msg
[26.746s] -- Up-to-date: /home/cimi/Documents/Workspace/humble/latihan_ws/install/custom_message/share/custom_message/srv/AddThreeInts.srv
[26.746s] -- Up-to-date: /home/cimi/Documents/Workspace/humble/latihan_ws/install/custom_message/share/custom_message/srv/AddThreeInts_Request.msg
[26.746s] -- Up-to-date: /home/cimi/Documents/Workspace/humble/latihan_ws/install/custom_message/share/custom_message/srv/AddThreeInts_Response.msg
[26.746s] -- Installing: /home/cimi/Documents/Workspace/humble/latihan_ws/install/custom_message/lib/custom_message/talker
[26.748s] -- Set runtime path of "/home/cimi/Documents/Workspace/humble/latihan_ws/install/custom_message/lib/custom_message/talker" to ""
[26.748s] -- Installing: /home/cimi/Documents/Workspace/humble/latihan_ws/install/custom_message/lib/custom_message/listener
[26.754s] -- Set runtime path of "/home/cimi/Documents/Workspace/humble/latihan_ws/install/custom_message/lib/custom_message/listener" to ""
[26.754s] -- Up-to-date: /home/cimi/Documents/Workspace/humble/latihan_ws/install/custom_message/share/ament_index/resource_index/package_run_dependencies/custom_message
[26.755s] -- Up-to-date: /home/cimi/Documents/Workspace/humble/latihan_ws/install/custom_message/share/ament_index/resource_index/parent_prefix_path/custom_message
[26.755s] -- Up-to-date: /home/cimi/Documents/Workspace/humble/latihan_ws/install/custom_message/share/custom_message/environment/ament_prefix_path.sh
[26.755s] -- Installing: /home/cimi/Documents/Workspace/humble/latihan_ws/install/custom_message/share/custom_message/environment/ament_prefix_path.dsv
[26.756s] -- Up-to-date: /home/cimi/Documents/Workspace/humble/latihan_ws/install/custom_message/share/custom_message/environment/path.sh
[26.756s] -- Installing: /home/cimi/Documents/Workspace/humble/latihan_ws/install/custom_message/share/custom_message/environment/path.dsv
[26.756s] -- Up-to-date: /home/cimi/Documents/Workspace/humble/latihan_ws/install/custom_message/share/custom_message/local_setup.bash
[26.756s] -- Up-to-date: /home/cimi/Documents/Workspace/humble/latihan_ws/install/custom_message/share/custom_message/local_setup.sh
[26.756s] -- Up-to-date: /home/cimi/Documents/Workspace/humble/latihan_ws/install/custom_message/share/custom_message/local_setup.zsh
[26.757s] -- Installing: /home/cimi/Documents/Workspace/humble/latihan_ws/install/custom_message/share/custom_message/local_setup.dsv
[26.757s] -- Installing: /home/cimi/Documents/Workspace/humble/latihan_ws/install/custom_message/share/custom_message/package.dsv
[26.757s] -- Up-to-date: /home/cimi/Documents/Workspace/humble/latihan_ws/install/custom_message/share/ament_index/resource_index/packages/custom_message
[26.757s] -- Up-to-date: /home/cimi/Documents/Workspace/humble/latihan_ws/install/custom_message/share/custom_message/cmake/export_custom_message__rosidl_generator_cExport.cmake
[26.757s] -- Installing: /home/cimi/Documents/Workspace/humble/latihan_ws/install/custom_message/share/custom_message/cmake/export_custom_message__rosidl_generator_cExport-noconfig.cmake
[26.758s] -- Up-to-date: /home/cimi/Documents/Workspace/humble/latihan_ws/install/custom_message/share/custom_message/cmake/export_custom_message__rosidl_typesupport_fastrtps_cExport.cmake
[26.758s] -- Installing: /home/cimi/Documents/Workspace/humble/latihan_ws/install/custom_message/share/custom_message/cmake/export_custom_message__rosidl_typesupport_fastrtps_cExport-noconfig.cmake
[26.758s] -- Up-to-date: /home/cimi/Documents/Workspace/humble/latihan_ws/install/custom_message/share/custom_message/cmake/export_custom_message__rosidl_generator_cppExport.cmake
[26.758s] -- Up-to-date: /home/cimi/Documents/Workspace/humble/latihan_ws/install/custom_message/share/custom_message/cmake/export_custom_message__rosidl_typesupport_fastrtps_cppExport.cmake
[26.759s] -- Installing: /home/cimi/Documents/Workspace/humble/latihan_ws/install/custom_message/share/custom_message/cmake/export_custom_message__rosidl_typesupport_fastrtps_cppExport-noconfig.cmake
[26.759s] -- Up-to-date: /home/cimi/Documents/Workspace/humble/latihan_ws/install/custom_message/share/custom_message/cmake/custom_message__rosidl_typesupport_introspection_cExport.cmake
[26.759s] -- Installing: /home/cimi/Documents/Workspace/humble/latihan_ws/install/custom_message/share/custom_message/cmake/custom_message__rosidl_typesupport_introspection_cExport-noconfig.cmake
[26.760s] -- Up-to-date: /home/cimi/Documents/Workspace/humble/latihan_ws/install/custom_message/share/custom_message/cmake/custom_message__rosidl_typesupport_cExport.cmake
[26.760s] -- Installing: /home/cimi/Documents/Workspace/humble/latihan_ws/install/custom_message/share/custom_message/cmake/custom_message__rosidl_typesupport_cExport-noconfig.cmake
[26.760s] -- Up-to-date: /home/cimi/Documents/Workspace/humble/latihan_ws/install/custom_message/share/custom_message/cmake/custom_message__rosidl_typesupport_introspection_cppExport.cmake
[26.761s] -- Installing: /home/cimi/Documents/Workspace/humble/latihan_ws/install/custom_message/share/custom_message/cmake/custom_message__rosidl_typesupport_introspection_cppExport-noconfig.cmake
[26.761s] -- Up-to-date: /home/cimi/Documents/Workspace/humble/latihan_ws/install/custom_message/share/custom_message/cmake/custom_message__rosidl_typesupport_cppExport.cmake
[26.761s] -- Installing: /home/cimi/Documents/Workspace/humble/latihan_ws/install/custom_message/share/custom_message/cmake/custom_message__rosidl_typesupport_cppExport-noconfig.cmake
[26.762s] -- Up-to-date: /home/cimi/Documents/Workspace/humble/latihan_ws/install/custom_message/share/custom_message/cmake/export_custom_message__rosidl_generator_pyExport.cmake
[26.762s] -- Installing: /home/cimi/Documents/Workspace/humble/latihan_ws/install/custom_message/share/custom_message/cmake/export_custom_message__rosidl_generator_pyExport-noconfig.cmake
[26.762s] -- Up-to-date: /home/cimi/Documents/Workspace/humble/latihan_ws/install/custom_message/share/custom_message/cmake/rosidl_cmake-extras.cmake
[26.762s] -- Up-to-date: /home/cimi/Documents/Workspace/humble/latihan_ws/install/custom_message/share/custom_message/cmake/ament_cmake_export_dependencies-extras.cmake
[26.762s] -- Up-to-date: /home/cimi/Documents/Workspace/humble/latihan_ws/install/custom_message/share/custom_message/cmake/ament_cmake_export_include_directories-extras.cmake
[26.763s] -- Up-to-date: /home/cimi/Documents/Workspace/humble/latihan_ws/install/custom_message/share/custom_message/cmake/ament_cmake_export_libraries-extras.cmake
[26.763s] -- Up-to-date: /home/cimi/Documents/Workspace/humble/latihan_ws/install/custom_message/share/custom_message/cmake/ament_cmake_export_targets-extras.cmake
[26.763s] -- Up-to-date: /home/cimi/Documents/Workspace/humble/latihan_ws/install/custom_message/share/custom_message/cmake/rosidl_cmake_export_typesupport_targets-extras.cmake
[26.763s] -- Up-to-date: /home/cimi/Documents/Workspace/humble/latihan_ws/install/custom_message/share/custom_message/cmake/rosidl_cmake_export_typesupport_libraries-extras.cmake
[26.763s] -- Up-to-date: /home/cimi/Documents/Workspace/humble/latihan_ws/install/custom_message/share/custom_message/cmake/custom_messageConfig.cmake
[26.763s] -- Up-to-date: /home/cimi/Documents/Workspace/humble/latihan_ws/install/custom_message/share/custom_message/cmake/custom_messageConfig-version.cmake
[26.763s] -- Installing: /home/cimi/Documents/Workspace/humble/latihan_ws/install/custom_message/share/custom_message/package.xml
[26.766s] Invoked command in '/home/cimi/Documents/Workspace/humble/latihan_ws/build/custom_message' returned '0': CMAKE_PREFIX_PATH=${CMAKE_PREFIX_PATH}:/home/cimi/Documents/Workspace/humble/latihan_ws/install/py_srvcli:/home/cimi/Documents/Workspace/humble/latihan_ws/install/pubsub_python:/home/cimi/ros2_humble/install/rqt_bag_plugins:/home/cimi/ros2_humble/install/rqt_bag:/home/cimi/ros2_humble/install/ros2bag:/home/cimi/ros2_humble/install/tracetools_test:/home/cimi/ros2_humble/install/tracetools_launch:/home/cimi/ros2_humble/install/topic_monitor:/home/cimi/ros2_humble/install/tf2_tools:/home/cimi/ros2_humble/install/examples_tf2_py:/home/cimi/ros2_humble/install/tf2_ros_py:/home/cimi/ros2_humble/install/sros2:/home/cimi/ros2_humble/install/rqt_topic:/home/cimi/ros2_humble/install/rqt_srv:/home/cimi/ros2_humble/install/rqt_shell:/home/cimi/ros2_humble/install/rqt_service_caller:/home/cimi/ros2_humble/install/rqt_reconfigure:/home/cimi/ros2_humble/install/rqt_py_console:/home/cimi/ros2_humble/install/rqt_publisher:/home/cimi/ros2_humble/install/rqt_plot:/home/cimi/ros2_humble/install/rqt_action:/home/cimi/ros2_humble/install/rqt_msg:/home/cimi/ros2_humble/install/rqt_console:/home/cimi/ros2_humble/install/rqt:/home/cimi/ros2_humble/install/rqt_graph:/home/cimi/ros2_humble/install/rqt_gui_py:/home/cimi/ros2_humble/install/rqt_gui:/home/cimi/ros2_humble/install/ros2trace:/home/cimi/ros2_humble/install/ros2topic:/home/cimi/ros2_humble/install/ros2test:/home/cimi/ros2_humble/install/ros2component:/home/cimi/ros2_humble/install/ros2param:/home/cimi/ros2_humble/install/ros2lifecycle:/home/cimi/ros2_humble/install/ros2service:/home/cimi/ros2_humble/install/ros2run:/home/cimi/ros2_humble/install/ros2launch:/home/cimi/ros2_humble/install/ros2pkg:/home/cimi/ros2_humble/install/ros2node:/home/cimi/ros2_humble/install/ros2multicast:/home/cimi/ros2_humble/install/ros2interface:/home/cimi/ros2_humble/install/ros2doctor:/home/cimi/ros2_humble/install/ros2action:/home/cimi/ros2_humble/install/ros2cli:/home/cimi/ros2_humble/install/quality_of_service_demo_py:/home/cimi/ros2_humble/install/lifecycle_py:/home/cimi/ros2_humble/install/launch_testing_ros:/home/cimi/ros2_humble/install/launch_ros:/home/cimi/ros2_humble/install/examples_rclpy_pointcloud_publisher:/home/cimi/ros2_humble/install/examples_rclpy_minimal_subscriber:/home/cimi/ros2_humble/install/examples_rclpy_minimal_service:/home/cimi/ros2_humble/install/examples_rclpy_minimal_publisher:/home/cimi/ros2_humble/install/examples_rclpy_minimal_client:/home/cimi/ros2_humble/install/examples_rclpy_minimal_action_server:/home/cimi/ros2_humble/install/examples_rclpy_minimal_action_client:/home/cimi/ros2_humble/install/examples_rclpy_guard_conditions:/home/cimi/ros2_humble/install/examples_rclpy_executors:/home/cimi/ros2_humble/install/demo_nodes_py:/home/cimi/ros2_humble/install/action_tutorials_py:/home/cimi/ros2_humble/install/ament_uncrustify:/home/cimi/ros2_humble/install/tracetools_trace:/home/cimi/ros2_humble/install/tracetools_read:/home/cimi/ros2_humble/install/test_tracetools_launch:/home/cimi/ros2_humble/install/test_launch_ros:/home/cimi/ros2_humble/install/sensor_msgs_py:/home/cimi/ros2_humble/install/rpyutils:/home/cimi/ros2_humble/install/rosidl_runtime_py:/home/cimi/ros2_humble/install/rosidl_cli:/home/cimi/ros2_humble/install/launch_pytest:/home/cimi/ros2_humble/install/launch_testing:/home/cimi/ros2_humble/install/launch_yaml:/home/cimi/ros2_humble/install/launch_xml:/home/cimi/ros2_humble/install/launch:/home/cimi/ros2_humble/install/osrf_pycommon:/home/cimi/ros2_humble/install/launch_testing_examples:/home/cimi/ros2_humble/install/domain_coordinator:/home/cimi/ros2_humble/install/ament_xmllint:/home/cimi/ros2_humble/install/ament_pyflakes:/home/cimi/ros2_humble/install/ament_pycodestyle:/home/cimi/ros2_humble/install/ament_pep257:/home/cimi/ros2_humble/install/ament_pclint:/home/cimi/ros2_humble/install/ament_package:/home/cimi/ros2_humble/install/ament_mypy:/home/cimi/ros2_humble/install/ament_lint_cmake:/home/cimi/ros2_humble/install/ament_flake8:/home/cimi/ros2_humble/install/ament_copyright:/home/cimi/ros2_humble/install/ament_lint:/home/cimi/ros2_humble/install/ament_index_python:/home/cimi/ros2_humble/install/ament_cpplint:/home/cimi/ros2_humble/install/ament_cppcheck:/home/cimi/ros2_humble/install/ament_clang_tidy:/home/cimi/ros2_humble/install/ament_clang_format /usr/bin/cmake --install /home/cimi/Documents/Workspace/humble/latihan_ws/build/custom_message
